Removed Member From Class: ClassName=Designator Member=C7
Removed Member From Class: ClassName=U_MOSFETs and Driver Member=C13
Removed Member From Class: ClassName=Designator Member=C16
Removed Member From Class: ClassName=U_MOSFETs and Driver Member=C23
Removed Member From Class: ClassName=Designator Member=C24
Removed Member From Class: ClassName=Designator Member=C26
Removed Member From Class: ClassName=Designator Member=C29
Removed Member From Class: ClassName=USB Member=C29
Removed Member From Class: ClassName=U_MOSFETs and Driver Member=C32
Removed Member From Class: ClassName=USB Member=C37
Removed Member From Class: ClassName=USB Member=C43
Removed Member From Class: ClassName=USB Member=C47
Removed Member From Class: ClassName=Designator Member=C48
Removed Member From Class: ClassName=USB Member=C53
Removed Member From Class: ClassName=Designator Member=C61
Removed Member From Class: ClassName=ES3 Member=C61
Removed Member From Class: ClassName=Designator Member=C63
Removed Member From Class: ClassName=ES2 Member=C64
Removed Member From Class: ClassName=ES3 Member=C65
Removed Member From Class: ClassName=Designator Member=C66
Removed Member From Class: ClassName=Microcontroller Member=C66
Removed Member From Class: ClassName=Designator Member=C71
Removed Member From Class: ClassName=Microcontroller Member=C71
Removed Member From Class: ClassName=TR4 Member=C75
Removed Member From Class: ClassName=USB Member=C76
Removed Member From Class: ClassName=TR1 Member=C78
Removed Member From Class: ClassName=Designator Member=C80
Removed Member From Class: ClassName=Designator Member=C82
Removed Member From Class: ClassName=Microcontroller Member=C82
Removed Member From Class: ClassName=M3 Member=C85
Removed Member From Class: ClassName=U_MZ Member=C85
Removed Member From Class: ClassName=M3 Member=C87
Removed Member From Class: ClassName=M4 Member=C87
Removed Member From Class: ClassName=M1 Member=C88
Removed Member From Class: ClassName=M2 Member=C89
Removed Member From Class: ClassName=U_MZ Member=C90
Removed Member From Class: ClassName=Designator Member=C93
Removed Member From Class: ClassName=M4 Member=C93
Removed Member From Class: ClassName=M1 Member=C96
Removed Member From Class: ClassName=U_MZ Member=C96
Removed Member From Class: ClassName=M4 Member=C102
Removed Member From Class: ClassName=M3 Member=C105
Removed Member From Class: ClassName=M3 Member=C106
Removed Member From Class: ClassName=M4 Member=C106
Removed Member From Class: ClassName=U_MZ Member=C106
Removed Member From Class: ClassName=M2 Member=C108
Removed Member From Class: ClassName=M1 Member=C110
Removed Member From Class: ClassName=M2 Member=C110
Removed Member From Class: ClassName=M1 Member=C111
Removed Member From Class: ClassName=M2 Member=C111
Removed Member From Class: ClassName=U_MZ Member=C111
Removed Member From Class: ClassName=M4 Member=C113
Removed Member From Class: ClassName=Designator Member=C114
Removed Member From Class: ClassName=M1 Member=C114
Removed Member From Class: ClassName=M4 Member=C117
Removed Member From Class: ClassName=M1 Member=C118
Removed Member From Class: ClassName=M2 Member=C119
Removed Member From Class: ClassName=M3 Member=C121
Removed Member From Class: ClassName=U_MZ Member=C122
Removed Member From Class: ClassName=M3 Member=C124
Removed Member From Class: ClassName=M4 Member=C125
Removed Member From Class: ClassName=M2 Member=C128
Removed Member From Class: ClassName=M4 Member=C128
Removed Member From Class: ClassName=M1 Member=C129
Removed Member From Class: ClassName=U_MZ Member=C129
Removed Member From Class: ClassName=M2 Member=C134
Removed Member From Class: ClassName=M3 Member=C134
Removed Member From Class: ClassName=U_MZ Member=C139
Removed Member From Class: ClassName=M1 Member=C140
Removed Member From Class: ClassName=U_MZ Member=C140
Removed Member From Class: ClassName=M3 Member=C141
Removed Member From Class: ClassName=M2 Member=C144
Removed Member From Class: ClassName=M3 Member=C145
Removed Member From Class: ClassName=Designator Member=D8
Removed Member From Class: ClassName=Designator Member=D9
Removed Member From Class: ClassName=U_MOSFETs and Driver Member=D15
Removed Member From Class: ClassName=U_MOSFETs and Driver Member=D16
Removed Member From Class: ClassName=Designator Member=D23
Removed Member From Class: ClassName=ES2 Member=D30
Removed Member From Class: ClassName=ES2 Member=D31
Removed Member From Class: ClassName=ES3 Member=D32
Removed Member From Class: ClassName=ES3 Member=D33
Removed Member From Class: ClassName=Designator Member=D37
Removed Member From Class: ClassName=TR1 Member=D37
Removed Member From Class: ClassName=TR2 Member=D37
Removed Member From Class: ClassName=TR3 Member=D37
Removed Member From Class: ClassName=TR2 Member=D38
Removed Member From Class: ClassName=TR4 Member=D40
Removed Member From Class: ClassName=M3 Member=D50
Removed Member From Class: ClassName=M1 Member=D59
Removed Member From Class: ClassName=M3 Member=D59
Removed Member From Class: ClassName=M4 Member=D59
Removed Member From Class: ClassName=M1 Member=D61
Removed Member From Class: ClassName=M2 Member=D61
Removed Member From Class: ClassName=M4 Member=D61
Removed Member From Class: ClassName=U_MZ Member=D62
Removed Member From Class: ClassName=USB Member=J7
Removed Member From Class: ClassName=ES2 Member=J10
Removed Member From Class: ClassName=ES3 Member=J11
Removed Member From Class: ClassName=TR1 Member=J13
Removed Member From Class: ClassName=TR2 Member=J15
Removed Member From Class: ClassName=TR3 Member=J15
Removed Member From Class: ClassName=Microcontroller Member=J17
Removed Member From Class: ClassName=TR4 Member=J17
Removed Member From Class: ClassName=Designator Member=R6
Removed Member From Class: ClassName=U_MOSFETs and Driver Member=R11
Removed Member From Class: ClassName=U_MOSFETs and Driver Member=R12
Removed Member From Class: ClassName=U_MOSFETs and Driver Member=R14
Removed Member From Class: ClassName=Microcontroller Member=R27
Removed Member From Class: ClassName=Microcontroller Member=R31
Removed Member From Class: ClassName=Designator Member=R33
Removed Member From Class: ClassName=U_MOSFETs and Driver Member=R35
Removed Member From Class: ClassName=U_MOSFETs and Driver Member=R39
Removed Member From Class: ClassName=Microcontroller Member=R44
Removed Member From Class: ClassName=USB Member=R46
Removed Member From Class: ClassName=USB Member=R47
Removed Member From Class: ClassName=Microcontroller Member=R48
Removed Member From Class: ClassName=ES2 Member=R58
Removed Member From Class: ClassName=ES3 Member=R62
Removed Member From Class: ClassName=Microcontroller Member=R62
Removed Member From Class: ClassName=Designator Member=R66
Removed Member From Class: ClassName=TR4 Member=R66
Removed Member From Class: ClassName=Microcontroller Member=R69
Removed Member From Class: ClassName=TR4 Member=R73
Removed Member From Class: ClassName=TR1 Member=R74
Removed Member From Class: ClassName=TR2 Member=R78
Removed Member From Class: ClassName=Designator Member=R80
Removed Member From Class: ClassName=TR3 Member=R80
Removed Member From Class: ClassName=Microcontroller Member=R82
Removed Member From Class: ClassName=Microcontroller Member=R83
Removed Member From Class: ClassName=M4 Member=R84
Removed Member From Class: ClassName=M1 Member=R87
Removed Member From Class: ClassName=USB Member=R89
Removed Member From Class: ClassName=M1 Member=R90
Removed Member From Class: ClassName=M3 Member=R90
Removed Member From Class: ClassName=U_MZ Member=R92
Removed Member From Class: ClassName=M2 Member=R99
Removed Member From Class: ClassName=M4 Member=R99
Removed Member From Class: ClassName=Designator Member=R100
Removed Member From Class: ClassName=M3 Member=R103
Removed Member From Class: ClassName=M2 Member=R107
Removed Member From Class: ClassName=M4 Member=R107
Removed Member From Class: ClassName=M4 Member=R108
Removed Member From Class: ClassName=U_MZ Member=R108
Removed Member From Class: ClassName=M1 Member=R109
Removed Member From Class: ClassName=U_MZ Member=R109
Removed Member From Class: ClassName=U_MZ Member=R111
Removed Member From Class: ClassName=M3 Member=R113
Removed Member From Class: ClassName=M1 Member=R114
Removed Member From Class: ClassName=M3 Member=R114
Removed Member From Class: ClassName=M4 Member=R116
Removed Member From Class: ClassName=U_MZ Member=R117
Removed Member From Class: ClassName=M3 Member=R118
Removed Member From Class: ClassName=M1 Member=R119
Removed Member From Class: ClassName=M1 Member=R125
Removed Member From Class: ClassName=U_MZ Member=R125
Removed Member From Class: ClassName=M2 Member=R127
Removed Member From Class: ClassName=M3 Member=R127
Removed Member From Class: ClassName=M2 Member=R128
Removed Member From Class: ClassName=M3 Member=R128
Removed Member From Class: ClassName=M2 Member=TP4
Removed Member From Class: ClassName=M2 Member=TP5
Removed Member From Class: ClassName=M4 Member=TP5
Removed Member From Class: ClassName=M4 Member=TP7
Removed Member From Class: ClassName=U_MZ Member=TP7
Removed Member From Class: ClassName=M1 Member=TP10
Removed Member From Class: ClassName=U_MZ Member=TP10
Removed Member From Class: ClassName=M3 Member=TP12
Removed Member From Class: ClassName=M4 Member=TP16
Removed Member From Class: ClassName=M2 Member=TP18
Removed Member From Class: ClassName=U_MZ Member=TP18
Removed Member From Class: ClassName=M1 Member=TP21
Removed Member From Class: ClassName=M2 Member=TP23
Removed Member From Class: ClassName=U_MZ Member=TP24
Removed Member From Class: ClassName=U_MZ Member=TP25
Removed Member From Class: ClassName=M2 Member=TP27
Removed Member From Class: ClassName=M3 Member=TP27
Removed Member From Class: ClassName=M4 Member=TP34
Removed Member From Class: ClassName=M3 Member=TP35
Removed Member From Class: ClassName=U_MZ Member=TP35
Removed Member From Class: ClassName=U_MOSFETs and Driver Member=TP41
Removed Member From Class: ClassName=U_MOSFETs and Driver Member=TP42
Removed Member From Class: ClassName=M1 Member=TP45
Removed Member From Class: ClassName=Designator Member=TP48
Removed Member From Class: ClassName=Designator Member=TP49
Removed Member From Class: ClassName=M1 Member=TP49
Removed Member From Class: ClassName=Microcontroller Member=TP53
Removed Member From Class: ClassName=Microcontroller Member=TP54
Removed Member From Class: ClassName=Microcontroller Member=TP56
Removed Member From Class: ClassName=Designator Member=TP57
Removed Member From Class: ClassName=USB Member=TP61
Removed Member From Class: ClassName=USB Member=TP62
Removed Member From Class: ClassName=ES2 Member=TP66
Removed Member From Class: ClassName=ES2 Member=TP67
Removed Member From Class: ClassName=TR1 Member=TP70
Removed Member From Class: ClassName=Designator Member=TP73
Removed Member From Class: ClassName=TR3 Member=TP73
Removed Member From Class: ClassName=TR4 Member=TP74
Removed Member From Class: ClassName=Designator Member=TP79
Removed Member From Class: ClassName=Microcontroller Member=TP79
Removed Member From Class: ClassName=M1 Member=TP84
Removed Member From Class: ClassName=M3 Member=TP84
Removed Member From Class: ClassName=U_MZ Member=TP84
Removed Member From Class: ClassName=M2 Member=TP86
Removed Member From Class: ClassName=Microcontroller Member=TP86
Removed Member From Class: ClassName=M4 Member=TP87
Removed Member From Class: ClassName=M4 Member=TP88
Removed Member From Class: ClassName=M3 Member=TP92
Removed Member From Class: ClassName=M3 Member=TP95
Removed Member From Class: ClassName=U_MZ Member=TP95
Removed Member From Class: ClassName=U_MZ Member=TP97
Removed Member From Class: ClassName=M2 Member=TP101
Removed Member From Class: ClassName=M2 Member=TP102
Removed Member From Class: ClassName=Designator Member=U8
Removed Member From Class: ClassName=U_MOSFETs and Driver Member=U11
Removed Member From Class: ClassName=M1 Member=U14
Removed Member From Class: ClassName=M2 Member=U14
Removed Member From Class: ClassName=Microcontroller Member=U14
Removed Member From Class: ClassName=M3 Member=U17
Removed Member From Class: ClassName=M4 Member=U17
Removed Member From Class: ClassName=U_MZ Member=U17
Change Component Designator: OldDesignator=C60 NewDesignator=C6A
Change Component Designator: OldDesignator=C61 NewDesignator=C5A
Change Component Designator: OldDesignator=C62 NewDesignator=C6B
Change Component Designator: OldDesignator=C63 NewDesignator=C5B
Change Component Designator: OldDesignator=C65 NewDesignator=C6C
Change Component Designator: OldDesignator=C66 NewDesignator=C5C
Change Component Designator: OldDesignator=C74 NewDesignator=C54A
Change Component Designator: OldDesignator=C78 NewDesignator=C54B
Change Component Designator: OldDesignator=C79 NewDesignator=C54C
Change Component Designator: OldDesignator=C80 NewDesignator=C54D
Change Component Designator: OldDesignator=C82 NewDesignator=C16A
Change Component Designator: OldDesignator=C83 NewDesignator=C11A
Change Component Designator: OldDesignator=C84 NewDesignator=C16B
Change Component Designator: OldDesignator=C85 NewDesignator=C11B
Change Component Designator: OldDesignator=C88 NewDesignator=C16C
Change Component Designator: OldDesignator=C89 NewDesignator=C11C
Change Component Designator: OldDesignator=C90 NewDesignator=C16D
Change Component Designator: OldDesignator=C91 NewDesignator=C11D
Change Component Designator: OldDesignator=C93 NewDesignator=C17A
Change Component Designator: OldDesignator=C94 NewDesignator=C10A
Change Component Designator: OldDesignator=C97 NewDesignator=C9A
Change Component Designator: OldDesignator=C98 NewDesignator=C18A
Change Component Designator: OldDesignator=C99 NewDesignator=C8A
Change Component Designator: OldDesignator=C100 NewDesignator=C7A
Change Component Designator: OldDesignator=C101 NewDesignator=C17B
Change Component Designator: OldDesignator=C102 NewDesignator=C10B
Change Component Designator: OldDesignator=C103 NewDesignator=C9B
Change Component Designator: OldDesignator=C104 NewDesignator=C18B
Change Component Designator: OldDesignator=C105 NewDesignator=C7B
Change Component Designator: OldDesignator=C106 NewDesignator=C8B
Change Component Designator: OldDesignator=C111 NewDesignator=C17C
Change Component Designator: OldDesignator=C112 NewDesignator=C10C
Change Component Designator: OldDesignator=C113 NewDesignator=C18C
Change Component Designator: OldDesignator=C114 NewDesignator=C10D
Change Component Designator: OldDesignator=C117 NewDesignator=C9C
Change Component Designator: OldDesignator=C118 NewDesignator=C8C
Change Component Designator: OldDesignator=C119 NewDesignator=C7C
Change Component Designator: OldDesignator=C120 NewDesignator=C17D
Change Component Designator: OldDesignator=C121 NewDesignator=C9D
Change Component Designator: OldDesignator=C122 NewDesignator=C18D
Change Component Designator: OldDesignator=C123 NewDesignator=C8D
Change Component Designator: OldDesignator=C124 NewDesignator=C7D
Change Component Designator: OldDesignator=C125 NewDesignator=C13A
Change Component Designator: OldDesignator=C126 NewDesignator=C12A
Change Component Designator: OldDesignator=C127 NewDesignator=C15A
Change Component Designator: OldDesignator=C128 NewDesignator=C14A
Change Component Designator: OldDesignator=C129 NewDesignator=C13B
Change Component Designator: OldDesignator=C130 NewDesignator=C12B
Change Component Designator: OldDesignator=C131 NewDesignator=C15B
Change Component Designator: OldDesignator=C132 NewDesignator=C14B
Change Component Designator: OldDesignator=C135 NewDesignator=C12C
Change Component Designator: OldDesignator=C138 NewDesignator=C13C
Change Component Designator: OldDesignator=C139 NewDesignator=C15C
Change Component Designator: OldDesignator=C140 NewDesignator=C13D
Change Component Designator: OldDesignator=C141 NewDesignator=C12D
Change Component Designator: OldDesignator=C142 NewDesignator=C15D
Change Component Designator: OldDesignator=C143 NewDesignator=C14D
Change Component Designator: OldDesignator=C144 NewDesignator=C14C
Change Component Designator: OldDesignator=D28 NewDesignator=D4A
Change Component Designator: OldDesignator=D29 NewDesignator=D3A
Change Component Designator: OldDesignator=D30 NewDesignator=D4B
Change Component Designator: OldDesignator=D31 NewDesignator=D3B
Change Component Designator: OldDesignator=D32 NewDesignator=D4C
Change Component Designator: OldDesignator=D33 NewDesignator=D3C
Change Component Designator: OldDesignator=D34 NewDesignator=D13A
Change Component Designator: OldDesignator=D35 NewDesignator=D48C
Change Component Designator: OldDesignator=D36 NewDesignator=D48D
Change Component Designator: OldDesignator=D37 NewDesignator=D13D
Change Component Designator: OldDesignator=D38 NewDesignator=D48A
Change Component Designator: OldDesignator=D39 NewDesignator=D13B
Change Component Designator: OldDesignator=D40 NewDesignator=D48B
Change Component Designator: OldDesignator=D41 NewDesignator=D13C
Change Component Designator: OldDesignator=D44 NewDesignator=D5A
Change Component Designator: OldDesignator=D45 NewDesignator=D7A
Change Component Designator: OldDesignator=D46 NewDesignator=D5B
Change Component Designator: OldDesignator=D47 NewDesignator=D7B
Change Component Designator: OldDesignator=D49 NewDesignator=D5C
Change Component Designator: OldDesignator=D51 NewDesignator=D7C
Change Component Designator: OldDesignator=D52 NewDesignator=D5D
Change Component Designator: OldDesignator=D53 NewDesignator=D7D
Change Component Designator: OldDesignator=D54 NewDesignator=D6A
Change Component Designator: OldDesignator=D55 NewDesignator=D8A
Change Component Designator: OldDesignator=D56 NewDesignator=D6B
Change Component Designator: OldDesignator=D57 NewDesignator=D8B
Change Component Designator: OldDesignator=D60 NewDesignator=D6C
Change Component Designator: OldDesignator=D61 NewDesignator=D8C
Change Component Designator: OldDesignator=D62 NewDesignator=D6D
Change Component Designator: OldDesignator=D63 NewDesignator=D8D
Change Component Designator: OldDesignator=J6 NewDesignator=J7A
Change Component Designator: OldDesignator=J7 NewDesignator=J7B
Change Component Designator: OldDesignator=J8 NewDesignator=J7C
Change Component Designator: OldDesignator=J9 NewDesignator=J8A
Change Component Designator: OldDesignator=J10 NewDesignator=J8B
Change Component Designator: OldDesignator=J11 NewDesignator=J8C
Change Component Designator: OldDesignator=J15 NewDesignator=J5A
Change Component Designator: OldDesignator=J16 NewDesignator=J5B
Change Component Designator: OldDesignator=J17 NewDesignator=J5C
Change Component Designator: OldDesignator=J18 NewDesignator=J5D
Change Component Designator: OldDesignator=J22 NewDesignator=J9A
Change Component Designator: OldDesignator=J23 NewDesignator=J9B
Change Component Designator: OldDesignator=J26 NewDesignator=J9C
Change Component Designator: OldDesignator=J27 NewDesignator=J9D
Change Component Designator: OldDesignator=R53 NewDesignator=R23A
Change Component Designator: OldDesignator=R55 NewDesignator=R22A
Change Component Designator: OldDesignator=R56 NewDesignator=R21A
Change Component Designator: OldDesignator=R57 NewDesignator=R20A
Change Component Designator: OldDesignator=R58 NewDesignator=R23B
Change Component Designator: OldDesignator=R59 NewDesignator=R22B
Change Component Designator: OldDesignator=R60 NewDesignator=R21B
Change Component Designator: OldDesignator=R61 NewDesignator=R20B
Change Component Designator: OldDesignator=R62 NewDesignator=R22C
Change Component Designator: OldDesignator=R63 NewDesignator=R20C
Change Component Designator: OldDesignator=R69 NewDesignator=R23C
Change Component Designator: OldDesignator=R70 NewDesignator=R21C
Change Component Designator: OldDesignator=R74 NewDesignator=R6B
Change Component Designator: OldDesignator=R75 NewDesignator=R6C
Change Component Designator: OldDesignator=R76 NewDesignator=R188C
Change Component Designator: OldDesignator=R77 NewDesignator=R6D
Change Component Designator: OldDesignator=R78 NewDesignator=R188D
Change Component Designator: OldDesignator=R80 NewDesignator=R6A
Change Component Designator: OldDesignator=R81 NewDesignator=R188A
Change Component Designator: OldDesignator=R82 NewDesignator=R188B
Change Component Designator: OldDesignator=R86 NewDesignator=R30A
Change Component Designator: OldDesignator=R87 NewDesignator=R30B
Change Component Designator: OldDesignator=R88 NewDesignator=R31B
Change Component Designator: OldDesignator=R91 NewDesignator=R31A
Change Component Designator: OldDesignator=R92 NewDesignator=R31C
Change Component Designator: OldDesignator=R93 NewDesignator=R30C
Change Component Designator: OldDesignator=R94 NewDesignator=R30D
Change Component Designator: OldDesignator=R95 NewDesignator=R31D
Change Component Designator: OldDesignator=R97 NewDesignator=R27A
Change Component Designator: OldDesignator=R98 NewDesignator=R24A
Change Component Designator: OldDesignator=R99 NewDesignator=R25A
Change Component Designator: OldDesignator=R100 NewDesignator=R27B
Change Component Designator: OldDesignator=R101 NewDesignator=R26A
Change Component Designator: OldDesignator=R102 NewDesignator=R24B
Change Component Designator: OldDesignator=R103 NewDesignator=R25B
Change Component Designator: OldDesignator=R108 NewDesignator=R27C
Change Component Designator: OldDesignator=R109 NewDesignator=R24C
Change Component Designator: OldDesignator=R110 NewDesignator=R26C
Change Component Designator: OldDesignator=R111 NewDesignator=R25C
Change Component Designator: OldDesignator=R112 NewDesignator=R27D
Change Component Designator: OldDesignator=R113 NewDesignator=R26D
Change Component Designator: OldDesignator=R114 NewDesignator=R24D
Change Component Designator: OldDesignator=R115 NewDesignator=R25D
Change Component Designator: OldDesignator=R116 NewDesignator=R29A
Change Component Designator: OldDesignator=R117 NewDesignator=R28A
Change Component Designator: OldDesignator=R118 NewDesignator=R29B
Change Component Designator: OldDesignator=R119 NewDesignator=R28B
Change Component Designator: OldDesignator=R120 NewDesignator=R26B
Change Component Designator: OldDesignator=R123 NewDesignator=R29C
Change Component Designator: OldDesignator=R124 NewDesignator=R28C
Change Component Designator: OldDesignator=R125 NewDesignator=R29D
Change Component Designator: OldDesignator=R126 NewDesignator=R28D
Change Component Designator: OldDesignator=TP1 NewDesignator=TP24A
Change Component Designator: OldDesignator=TP2 NewDesignator=TP23A
Change Component Designator: OldDesignator=TP3 NewDesignator=TP15A
Change Component Designator: OldDesignator=TP4 NewDesignator=TP21A
Change Component Designator: OldDesignator=TP5 NewDesignator=TP20A
Change Component Designator: OldDesignator=TP6 NewDesignator=TP22A
Change Component Designator: OldDesignator=TP7 NewDesignator=TP24B
Change Component Designator: OldDesignator=TP8 NewDesignator=TP21B
Change Component Designator: OldDesignator=TP9 NewDesignator=TP20B
Change Component Designator: OldDesignator=TP10 NewDesignator=TP22B
Change Component Designator: OldDesignator=TP11 NewDesignator=TP23B
Change Component Designator: OldDesignator=TP17 NewDesignator=TP24D
Change Component Designator: OldDesignator=TP18 NewDesignator=TP23D
Change Component Designator: OldDesignator=TP19 NewDesignator=TP15B
Change Component Designator: OldDesignator=TP21 NewDesignator=TP24C
Change Component Designator: OldDesignator=TP22 NewDesignator=TP22C
Change Component Designator: OldDesignator=TP23 NewDesignator=TP21C
Change Component Designator: OldDesignator=TP24 NewDesignator=TP20C
Change Component Designator: OldDesignator=TP25 NewDesignator=TP23C
Change Component Designator: OldDesignator=TP26 NewDesignator=TP15C
Change Component Designator: OldDesignator=TP27 NewDesignator=TP22D
Change Component Designator: OldDesignator=TP28 NewDesignator=TP21D
Change Component Designator: OldDesignator=TP29 NewDesignator=TP20D
Change Component Designator: OldDesignator=TP30 NewDesignator=TP15D
Change Component Designator: OldDesignator=TP31 NewDesignator=TP14A
Change Component Designator: OldDesignator=TP32 NewDesignator=TP14B
Change Component Designator: OldDesignator=TP34 NewDesignator=TP14C
Change Component Designator: OldDesignator=TP35 NewDesignator=TP14D
Change Component Designator: OldDesignator=TP60 NewDesignator=TP11C
Change Component Designator: OldDesignator=TP61 NewDesignator=TP12C
Change Component Designator: OldDesignator=TP62 NewDesignator=TP11B
Change Component Designator: OldDesignator=TP63 NewDesignator=TP12B
Change Component Designator: OldDesignator=TP64 NewDesignator=TP11A
Change Component Designator: OldDesignator=TP65 NewDesignator=TP12A
Change Component Designator: OldDesignator=TP67 NewDesignator=TP101D
Change Component Designator: OldDesignator=TP68 NewDesignator=TP101C
Change Component Designator: OldDesignator=TP70 NewDesignator=TP101B
Change Component Designator: OldDesignator=TP71 NewDesignator=TP101A
Change Component Designator: OldDesignator=TP78 NewDesignator=TP13D
Change Component Designator: OldDesignator=TP79 NewDesignator=TP13C
Change Component Designator: OldDesignator=TP81 NewDesignator=TP13B
Change Component Designator: OldDesignator=TP82 NewDesignator=TP13A
Change Component Designator: OldDesignator=TP83 NewDesignator=TP19D
Change Component Designator: OldDesignator=TP84 NewDesignator=TP18D
Change Component Designator: OldDesignator=TP85 NewDesignator=TP17D
Change Component Designator: OldDesignator=TP86 NewDesignator=TP16D
Change Component Designator: OldDesignator=TP87 NewDesignator=TP19C
Change Component Designator: OldDesignator=TP88 NewDesignator=TP18C
Change Component Designator: OldDesignator=TP89 NewDesignator=TP17C
Change Component Designator: OldDesignator=TP90 NewDesignator=TP16C
Change Component Designator: OldDesignator=TP95 NewDesignator=TP19B
Change Component Designator: OldDesignator=TP96 NewDesignator=TP18B
Change Component Designator: OldDesignator=TP97 NewDesignator=TP17B
Change Component Designator: OldDesignator=TP98 NewDesignator=TP16B
Change Component Designator: OldDesignator=TP99 NewDesignator=TP19A
Change Component Designator: OldDesignator=TP100 NewDesignator=TP18A
Change Component Designator: OldDesignator=TP101 NewDesignator=TP17A
Change Component Designator: OldDesignator=TP102 NewDesignator=TP16A
Change Component Designator: OldDesignator=U12 NewDesignator=U3A
Change Component Designator: OldDesignator=U13 NewDesignator=U3B
Change Component Designator: OldDesignator=U15 NewDesignator=U3C
Change Component Designator: OldDesignator=U16 NewDesignator=U3D
Change Net Name : Old Net Name=NetC83_2 New Net Name=NetC11A_2
Change Net Name : Old Net Name=NetC85_2 New Net Name=NetC11B_2
Change Net Name : Old Net Name=NetC89_2 New Net Name=NetC11C_2
Change Net Name : Old Net Name=NetC91_2 New Net Name=NetC11D_2
Change Net Name : Old Net Name=NetC94_1 New Net Name=NetC10A_1
Change Net Name : Old Net Name=NetC94_2 New Net Name=NetC10A_2
Change Net Name : Old Net Name=NetC97_1 New Net Name=NetC9A_1
Change Net Name : Old Net Name=NetC99_2 New Net Name=NetC8A_2
Change Net Name : Old Net Name=NetC100_2 New Net Name=NetC7A_2
Change Net Name : Old Net Name=NetC102_1 New Net Name=NetC10B_1
Change Net Name : Old Net Name=NetC102_2 New Net Name=NetC10B_2
Change Net Name : Old Net Name=NetC103_1 New Net Name=NetC9B_1
Change Net Name : Old Net Name=NetC105_2 New Net Name=NetC7B_2
Change Net Name : Old Net Name=NetC106_2 New Net Name=NetC8B_2
Change Net Name : Old Net Name=NetC112_1 New Net Name=NetC10C_1
Change Net Name : Old Net Name=NetC112_2 New Net Name=NetC10C_2
Change Net Name : Old Net Name=NetC114_1 New Net Name=NetC10D_1
Change Net Name : Old Net Name=NetC114_2 New Net Name=NetC10D_2
Change Net Name : Old Net Name=NetC117_1 New Net Name=NetC9C_1
Change Net Name : Old Net Name=NetC118_2 New Net Name=NetC8C_2
Change Net Name : Old Net Name=NetC119_2 New Net Name=NetC7C_2
Change Net Name : Old Net Name=NetC121_1 New Net Name=NetC9D_1
Change Net Name : Old Net Name=NetC123_2 New Net Name=NetC8D_2
Change Net Name : Old Net Name=NetC124_2 New Net Name=NetC7D_2
Change Net Name : Old Net Name=NetC125_1 New Net Name=NetC13A_1
Change Net Name : Old Net Name=NetC126_1 New Net Name=NetC12A_1
Change Net Name : Old Net Name=NetC127_2 New Net Name=NetC15A_2
Change Net Name : Old Net Name=NetC128_1 New Net Name=NetC14A_1
Change Net Name : Old Net Name=NetC129_1 New Net Name=NetC13B_1
Change Net Name : Old Net Name=NetC130_1 New Net Name=NetC12B_1
Change Net Name : Old Net Name=NetC131_2 New Net Name=NetC15B_2
Change Net Name : Old Net Name=NetC132_1 New Net Name=NetC14B_1
Change Net Name : Old Net Name=NetC135_1 New Net Name=NetC12C_1
Change Net Name : Old Net Name=NetC138_1 New Net Name=NetC13C_1
Change Net Name : Old Net Name=NetC139_2 New Net Name=NetC15C_2
Change Net Name : Old Net Name=NetC140_1 New Net Name=NetC13D_1
Change Net Name : Old Net Name=NetC141_1 New Net Name=NetC12D_1
Change Net Name : Old Net Name=NetC142_2 New Net Name=NetC15D_2
Change Net Name : Old Net Name=NetC143_1 New Net Name=NetC14D_1
Change Net Name : Old Net Name=NetC144_1 New Net Name=NetC14C_1
Change Net Name : Old Net Name=NetD28_A New Net Name=NetD4A_A
Change Net Name : Old Net Name=NetD29_A New Net Name=NetD3A_A
Change Net Name : Old Net Name=NetD30_A New Net Name=NetD4B_A
Change Net Name : Old Net Name=NetD31_A New Net Name=NetD3B_A
Change Net Name : Old Net Name=NetD32_A New Net Name=NetD4C_A
Change Net Name : Old Net Name=NetD33_A New Net Name=NetD3C_A
Change Net Name : Old Net Name=NetD34_C New Net Name=NetD13A_C
Change Net Name : Old Net Name=NetJ15_1 New Net Name=NetJ5A_1
Change Net Name : Old Net Name=NetJ16_1 New Net Name=NetJ5B_1
Change Net Name : Old Net Name=NetJ17_1 New Net Name=NetJ5C_1
Change Net Name : Old Net Name=NetJ18_1 New Net Name=NetJ5D_1
Change Net Name : Old Net Name=NetR116_2 New Net Name=NetR29A_2
Change Net Name : Old Net Name=NetR117_2 New Net Name=NetR28A_2
Change Net Name : Old Net Name=NetR118_2 New Net Name=NetR29B_2
Change Net Name : Old Net Name=NetR119_2 New Net Name=NetR28B_2
Change Net Name : Old Net Name=NetR123_2 New Net Name=NetR29C_2
Change Net Name : Old Net Name=NetR124_2 New Net Name=NetR28C_2
Change Net Name : Old Net Name=NetR125_2 New Net Name=NetR29D_2
Change Net Name : Old Net Name=NetR126_2 New Net Name=NetR28D_2
Change Class Name : Old Net Name=ES2 New Net Name=ES1
Change Class Name : Old Net Name=ES3 New Net Name=ES2
Added Class: Name=ES3
Added Member To Class: ClassName=ES2 Member=Component C5B (C5) 10nF
Added Member To Class: ClassName=ES1 Member=Component C6A (C6) 10nF
Added Member To Class: ClassName=ES2 Member=Component C6B (C6) 10nF
Added Member To Class: ClassName=M1 Member=Component C7A (C7) 10nF
Added Member To Class: ClassName=M2 Member=Component C7B (C7) 10nF
Added Member To Class: ClassName=M4 Member=Component C7D (C7) 10nF
Added Member To Class: ClassName=U_MOSFETs and Driver Member=Component C7 C0603TBD
Added Member To Class: ClassName=M1 Member=Component C8A (C8) 10nF
Added Member To Class: ClassName=M2 Member=Component C8B (C8) 10nF
Added Member To Class: ClassName=M3 Member=Component C8C (C8) 10nF
Added Member To Class: ClassName=M4 Member=Component C8D (C8) 10nF
Added Member To Class: ClassName=M1 Member=Component C9A (C9) 100nF
Added Member To Class: ClassName=M3 Member=Component C9C (C9) 100nF
Added Member To Class: ClassName=M1 Member=Component C10A (C10) 10nF
Added Member To Class: ClassName=M2 Member=Component C10B (C10) 10nF
Added Member To Class: ClassName=M4 Member=Component C10D (C10) 10nF
Added Member To Class: ClassName=M2 Member=Component C11B (C11) 0402
Added Member To Class: ClassName=M3 Member=Component C11C (C11) 0402
Added Member To Class: ClassName=M4 Member=Component C11D (C11) 0402
Added Member To Class: ClassName=M2 Member=Component C12B (C12) 1nF
Added Member To Class: ClassName=M3 Member=Component C12C (C12) 1nF
Added Member To Class: ClassName=M1 Member=Component C13A (C13) 1nF
Added Member To Class: ClassName=M2 Member=Component C13B (C13) 1nF
Added Member To Class: ClassName=M3 Member=Component C13C (C13) 1nF
Added Member To Class: ClassName=M4 Member=Component C13D (C13) 1nF
Added Member To Class: ClassName=M1 Member=Component C14A (C14) 1nF
Added Member To Class: ClassName=Designator Member=Component C14 1nF
Added Member To Class: ClassName=M2 Member=Component C15B (C15) 1nF
Added Member To Class: ClassName=M3 Member=Component C15C (C15) 1nF
Added Member To Class: ClassName=M1 Member=Component C16A (C16) UWT1V101MCL1GS
Added Member To Class: ClassName=M3 Member=Component C16C (C16) UWT1V101MCL1GS
Added Member To Class: ClassName=M4 Member=Component C16D (C16) UWT1V101MCL1GS
Added Member To Class: ClassName=M1 Member=Component C17A (C17) 100nF
Added Member To Class: ClassName=M2 Member=Component C17B (C17) 100nF
Added Member To Class: ClassName=M3 Member=Component C17C (C17) 100nF
Added Member To Class: ClassName=M4 Member=Component C17D (C17) 100nF
Added Member To Class: ClassName=Designator Member=Component C17 TBD
Added Member To Class: ClassName=M3 Member=Component C18C (C18) 100nF
Added Member To Class: ClassName=M4 Member=Component C18D (C18) 100nF
Added Member To Class: ClassName=Designator Member=Component C23 UWT1V101MCL1GS
Added Member To Class: ClassName=USB Member=Component C24 100nF
Added Member To Class: ClassName=USB Member=Component C25 C0603TBD
Added Member To Class: ClassName=Designator Member=Component C28 100nF
Added Member To Class: ClassName=U_MOSFETs and Driver Member=Component C29 100nF
Added Member To Class: ClassName=USB Member=Component C31 1uF
Added Member To Class: ClassName=Designator Member=Component C33 0603
Added Member To Class: ClassName=USB Member=Component C38 4.7nF
Added Member To Class: ClassName=USB Member=Component C40 10nF
Added Member To Class: ClassName=Designator Member=Component C47 100nF
Added Member To Class: ClassName=Designator Member=Component C50 0603
Added Member To Class: ClassName=TR1 Member=Component C54A (C54) 100nF
Added Member To Class: ClassName=TR4 Member=Component C54D (C54) 100nF
Added Member To Class: ClassName=Designator Member=Component C58 C0402TBD
Added Member To Class: ClassName=Designator Member=Component C59 100nF
Added Member To Class: ClassName=Microcontroller Member=Component C64 47uF
Added Member To Class: ClassName=Microcontroller Member=Component C67 0603
Added Member To Class: ClassName=Designator Member=Component C70 100nF
Added Member To Class: ClassName=USB Member=Component C71 100nF
Added Member To Class: ClassName=Designator Member=Component C75 0603
Added Member To Class: ClassName=Designator Member=Component C76 100nF
Added Member To Class: ClassName=Microcontroller Member=Component C81 100nF
Added Member To Class: ClassName=U_MZ Member=Component C86 0402
Added Member To Class: ClassName=U_MZ Member=Component C87 UWT1V101MCL1GS
Added Member To Class: ClassName=Designator Member=Component C92 TBD
Added Member To Class: ClassName=Designator Member=Component C96 100nF
Added Member To Class: ClassName=U_MZ Member=Component C108 0402
Added Member To Class: ClassName=U_MZ Member=Component C110 0402
Added Member To Class: ClassName=U_MZ Member=Component C115 100nF
Added Member To Class: ClassName=U_MZ Member=Component C116 0402
Added Member To Class: ClassName=U_MZ Member=Component C134 1nF
Added Member To Class: ClassName=U_MZ Member=Component C136 1nF
Added Member To Class: ClassName=U_MZ Member=Component C137 1nF
Added Member To Class: ClassName=U_MOSFETs and Driver Member=Component C145 100nF
Added Member To Class: ClassName=U_MOSFETs and Driver Member=Component D2 B240A-13-F
Added Member To Class: ClassName=ES1 Member=Component D3A (D3) ESD9B3.3ST5G
Added Member To Class: ClassName=ES2 Member=Component D3B (D3) ESD9B3.3ST5G
Added Member To Class: ClassName=ES1 Member=Component D4A (D4) ESD9B3.3ST5G
Added Member To Class: ClassName=ES2 Member=Component D4B (D4) ESD9B3.3ST5G
Added Member To Class: ClassName=M3 Member=Component D5C (D5) SMAJ30A
Added Member To Class: ClassName=U_MOSFETs and Driver Member=Component D5 RSB39VTE-17
Added Member To Class: ClassName=M1 Member=Component D6A (D6) SMAJ30A
Added Member To Class: ClassName=M2 Member=Component D6B (D6) SMAJ30A
Added Member To Class: ClassName=M4 Member=Component D6D (D6) SMAJ30A
Added Member To Class: ClassName=M1 Member=Component D8A (D8) SMAJ30A
Added Member To Class: ClassName=M3 Member=Component D8C (D8) SMAJ30A
Added Member To Class: ClassName=M4 Member=Component D8D (D8) SMAJ30A
Added Member To Class: ClassName=TR2 Member=Component D13B (D13) 1N4148WT
Added Member To Class: ClassName=TR3 Member=Component D13C (D13) 1N4148WT
Added Member To Class: ClassName=TR4 Member=Component D13D (D13) 1N4148WT
Added Member To Class: ClassName=Designator Member=Component D15 SK310A-TP
Added Member To Class: ClassName=Designator Member=Component D16 RSB39VTE-17
Added Member To Class: ClassName=Designator Member=Component D24 5988170107F
Added Member To Class: ClassName=Designator Member=Component D42 MM3Z2V7T1G
Added Member To Class: ClassName=TR1 Member=Component D48A (D48) 1N4148WT
Added Member To Class: ClassName=TR2 Member=Component D48B (D48) 1N4148WT
Added Member To Class: ClassName=U_MZ Member=Component D59 SMAJ30A
Added Member To Class: ClassName=TR1 Member=Component J5A (J5A) C-GRID-02-70543
Added Member To Class: ClassName=TR2 Member=Component J5B (J5A) C-GRID-02-70543
Added Member To Class: ClassName=TR3 Member=Component J5C (J5A) C-GRID-02-70543
Added Member To Class: ClassName=TR4 Member=Component J5D (J5A) C-GRID-02-70543
Added Member To Class: ClassName=USB Member=Component J5 USB-B
Added Member To Class: ClassName=ES1 Member=Component J8A (J8A) Molex 70543-03
Added Member To Class: ClassName=ES2 Member=Component J8B (J8A) Molex 70543-03
Added Member To Class: ClassName=Microcontroller Member=Component J14 Header 5X2
Added Member To Class: ClassName=U_MOSFETs and Driver Member=Component R4 1.8K
Added Member To Class: ClassName=U_MOSFETs and Driver Member=Component R5 1.8K
Added Member To Class: ClassName=TR2 Member=Component R6B (R6) 4.7K
Added Member To Class: ClassName=TR4 Member=Component R6D (R6) 4.7K
Added Member To Class: ClassName=Designator Member=Component R9 10K
Added Member To Class: ClassName=U_MOSFETs and Driver Member=Component R13 1.8K
Added Member To Class: ClassName=ES1 Member=Component R23A (R23) 1k
Added Member To Class: ClassName=ES2 Member=Component R23B (R23) 1k
Added Member To Class: ClassName=M1 Member=Component R24A (R24) 10K
Added Member To Class: ClassName=M3 Member=Component R24C (R24) 10K
Added Member To Class: ClassName=M4 Member=Component R24D (R24) 10K
Added Member To Class: ClassName=M4 Member=Component R25D (R25) 10K
Added Member To Class: ClassName=M2 Member=Component R26B (R26) 100K
Added Member To Class: ClassName=M3 Member=Component R26C (R26) 100K
Added Member To Class: ClassName=M1 Member=Component R27A (R27) 1M
Added Member To Class: ClassName=M3 Member=Component R27C (R27) 1M
Added Member To Class: ClassName=M4 Member=Component R27D (R27) 1M
Added Member To Class: ClassName=M1 Member=Component R28A (R28) 2512
Added Member To Class: ClassName=M3 Member=Component R28C (R28) 2512
Added Member To Class: ClassName=M4 Member=Component R28D (R28) 2512
Added Member To Class: ClassName=M1 Member=Component R29A (R29) 2512
Added Member To Class: ClassName=M2 Member=Component R29B (R29) 2512
Added Member To Class: ClassName=M3 Member=Component R29C (R29) 2512
Added Member To Class: ClassName=M4 Member=Component R29D (R29) 2512
Added Member To Class: ClassName=M1 Member=Component R30A (R30) NP
Added Member To Class: ClassName=M2 Member=Component R30B (R30) NP
Added Member To Class: ClassName=M1 Member=Component R31A (R31) NP
Added Member To Class: ClassName=M3 Member=Component R31C (R31) NP
Added Member To Class: ClassName=M4 Member=Component R31D (R31) NP
Added Member To Class: ClassName=U_MOSFETs and Driver Member=Component R31 10R
Added Member To Class: ClassName=Designator Member=Component R34 1k
Added Member To Class: ClassName=Microcontroller Member=Component R35 100K
Added Member To Class: ClassName=U_MOSFETs and Driver Member=Component R36 10K
Added Member To Class: ClassName=Microcontroller Member=Component R39 100K
Added Member To Class: ClassName=USB Member=Component R40 1M
Added Member To Class: ClassName=USB Member=Component R41 24r
Added Member To Class: ClassName=U_MZ Member=Component R42 10K
Added Member To Class: ClassName=Microcontroller Member=Component R47 4.7K
Added Member To Class: ClassName=Microcontroller Member=Component R51 1k
Added Member To Class: ClassName=USB Member=Component R52 100K
Added Member To Class: ClassName=Microcontroller Member=Component R54 10K
Added Member To Class: ClassName=Designator Member=Component R64 R0402TBD
Added Member To Class: ClassName=Microcontroller Member=Component R72 24r
Added Member To Class: ClassName=Microcontroller Member=Component R79 10K
Added Member To Class: ClassName=Designator Member=Component R83 430r
Added Member To Class: ClassName=Microcontroller Member=Component R84 24r
Added Member To Class: ClassName=U_MZ Member=Component R90 NP
Added Member To Class: ClassName=Designator Member=Component R96 R0402TBD
Added Member To Class: ClassName=U_MZ Member=Component R104 1M
Added Member To Class: ClassName=U_MZ Member=Component R105 10K
Added Member To Class: ClassName=U_MZ Member=Component R106 100K
Added Member To Class: ClassName=U_MZ Member=Component R121 2512
Added Member To Class: ClassName=U_MZ Member=Component R122 2512
Added Member To Class: ClassName=Designator Member=Component R127 R0402TBD
Added Member To Class: ClassName=Designator Member=Component R128 R0402TBD
Added Member To Class: ClassName=M1 Member=Component R129A (R129) 10K
Added Member To Class: ClassName=M2 Member=Component R129B (R129) 10K
Added Member To Class: ClassName=M3 Member=Component R129C (R129) 10K
Added Member To Class: ClassName=M4 Member=Component R129D (R129) 10K
Added Member To Class: ClassName=TR1 Member=Component R188A (R188) 4.7K
Added Member To Class: ClassName=TR3 Member=Component R188C (R188) 4.7K
Added Member To Class: ClassName=TR4 Member=Component R188D (R188) 4.7K
Added Member To Class: ClassName=ES1 Member=Component TP11A (TP11) TP4
Added Member To Class: ClassName=ES1 Member=Component TP12A (TP12) TP4
Added Member To Class: ClassName=U_MZ Member=Component TP12 TP4
Added Member To Class: ClassName=M1 Member=Component TP13A (TP13) TP4
Added Member To Class: ClassName=M2 Member=Component TP13B (TP13) TP4
Added Member To Class: ClassName=M3 Member=Component TP13C (TP13) TP4
Added Member To Class: ClassName=M4 Member=Component TP13D (TP13) TP4
Added Member To Class: ClassName=U_MZ Member=Component TP13 TP4
Added Member To Class: ClassName=M3 Member=Component TP14C (TP14) TP4
Added Member To Class: ClassName=M4 Member=Component TP14D (TP14) TP4
Added Member To Class: ClassName=U_MZ Member=Component TP14 TP4
Added Member To Class: ClassName=M2 Member=Component TP15B (TP15) TP4
Added Member To Class: ClassName=U_MZ Member=Component TP16 TP4
Added Member To Class: ClassName=M1 Member=Component TP18A (TP18) TP4
Added Member To Class: ClassName=M2 Member=Component TP18B (TP18) TP4
Added Member To Class: ClassName=M3 Member=Component TP18C (TP18) TP4
Added Member To Class: ClassName=M4 Member=Component TP18D (TP18) TP4
Added Member To Class: ClassName=M1 Member=Component TP19A (TP19) TP4
Added Member To Class: ClassName=M2 Member=Component TP19B (TP19) TP4
Added Member To Class: ClassName=M3 Member=Component TP19C (TP19) TP4
Added Member To Class: ClassName=M1 Member=Component TP20A (TP20) TP4
Added Member To Class: ClassName=U_MZ Member=Component TP20 TP4
Added Member To Class: ClassName=M2 Member=Component TP21B (TP21) TP4
Added Member To Class: ClassName=M1 Member=Component TP22A (TP22) TP4
Added Member To Class: ClassName=M2 Member=Component TP22B (TP22) TP4
Added Member To Class: ClassName=M3 Member=Component TP22C (TP22) TP4
Added Member To Class: ClassName=M4 Member=Component TP22D (TP22) TP4
Added Member To Class: ClassName=M2 Member=Component TP23B (TP23) TP4
Added Member To Class: ClassName=M4 Member=Component TP23D (TP23) TP4
Added Member To Class: ClassName=M2 Member=Component TP24B (TP24) TP4
Added Member To Class: ClassName=M3 Member=Component TP24C (TP24) TP4
Added Member To Class: ClassName=M4 Member=Component TP24D (TP24) TP4
Added Member To Class: ClassName=U_MZ Member=Component TP33 TP4
Added Member To Class: ClassName=U_MOSFETs and Driver Member=Component TP43 TP4
Added Member To Class: ClassName=U_MOSFETs and Driver Member=Component TP44 TP4
Added Member To Class: ClassName=Microcontroller Member=Component TP48 TP4
Added Member To Class: ClassName=Microcontroller Member=Component TP51 TP4
Added Member To Class: ClassName=Designator Member=Component TP53 TP4
Added Member To Class: ClassName=USB Member=Component TP54 TP4
Added Member To Class: ClassName=Microcontroller Member=Component TP55 TP4
Added Member To Class: ClassName=USB Member=Component TP57 TP4
Added Member To Class: ClassName=Designator Member=Component TP66 TP4
Added Member To Class: ClassName=Microcontroller Member=Component TP72 TP4
Added Member To Class: ClassName=Microcontroller Member=Component TP73 TP4
Added Member To Class: ClassName=Designator Member=Component TP75 TP4
Added Member To Class: ClassName=U_MZ Member=Component TP80 TP4
Added Member To Class: ClassName=U_MZ Member=Component TP91 TP4
Added Member To Class: ClassName=U_MZ Member=Component TP92 TP4
Added Member To Class: ClassName=TR1 Member=Component TP101A (TP101) TP4
Added Member To Class: ClassName=TR3 Member=Component TP101C (TP101) TP4
Added Member To Class: ClassName=TR4 Member=Component TP101D (TP101) TP4
Added Member To Class: ClassName=Designator Member=Component TP103 TP4
Added Member To Class: ClassName=Designator Member=Component TP104 TP4
Added Member To Class: ClassName=M1 Member=Component U3A (U3) DRV8825
Added Member To Class: ClassName=M2 Member=Component U3B (U3) DRV8825
Added Member To Class: ClassName=M3 Member=Component U3C (U3) DRV8825
Added Member To Class: ClassName=M4 Member=Component U3D (U3) DRV8825
Added Member To Class: ClassName=Designator Member=Component U9 MIC5353-3.3YMT-TR
Added Member To Class: ClassName=Microcontroller Member=Component U10 ATSAM3X8EA-AU
Added Member To Class: ClassName=U_MZ Member=Component U14 DRV8825
Added Member To Class: ClassName=U_MOSFETs and Driver Member=Component U17 SN74AHCT125RGYR
