Reset Component Physical Designator: Old Designator=C1 New Designator=C1
Reset Component Physical Designator: Old Designator=C2 New Designator=C2
Reset Component Physical Designator: Old Designator=C3 New Designator=C6
Reset Component Physical Designator: Old Designator=C4 New Designator=C5
Reset Component Physical Designator: Old Designator=C5 New Designator=C4
Reset Component Physical Designator: Old Designator=C6 New Designator=C3
Reset Component Physical Designator: Old Designator=C7 New Designator=C15
Reset Component Physical Designator: Old Designator=C12 New Designator=C13
Reset Component Physical Designator: Old Designator=C13 New Designator=C7
Reset Component Physical Designator: Old Designator=C14 New Designator=C12
Reset Component Physical Designator: Old Designator=C15 New Designator=C14
Reset Component Physical Designator: Old Designator=C16 New Designator=C16
Reset Component Physical Designator: Old Designator=C17 New Designator=C17
Reset Component Physical Designator: Old Designator=C21 New Designator=C29
Reset Component Physical Designator: Old Designator=C22 New Designator=C27
Reset Component Physical Designator: Old Designator=C23 New Designator=C22
Reset Component Physical Designator: Old Designator=C24 New Designator=C44
Reset Component Physical Designator: Old Designator=C25 New Designator=C21
Reset Component Physical Designator: Old Designator=C26 New Designator=C24
Reset Component Physical Designator: Old Designator=C27 New Designator=C23
Reset Component Physical Designator: Old Designator=C28 New Designator=C30
Reset Component Physical Designator: Old Designator=C29 New Designator=C25
Reset Component Physical Designator: Old Designator=C30 New Designator=C47
Reset Component Physical Designator: Old Designator=C32 New Designator=C145
Reset Component Physical Designator: Old Designator=C33 New Designator=C31
Reset Component Physical Designator: Old Designator=C34 New Designator=C33
Reset Component Physical Designator: Old Designator=C35 New Designator=C37
Reset Component Physical Designator: Old Designator=C36 New Designator=C34
Reset Component Physical Designator: Old Designator=C37 New Designator=C32
Reset Component Physical Designator: Old Designator=C38 New Designator=C35
Reset Component Physical Designator: Old Designator=C39 New Designator=C28
Reset Component Physical Designator: Old Designator=C40 New Designator=C40
Reset Component Physical Designator: Old Designator=C41 New Designator=C41
Reset Component Physical Designator: Old Designator=C42 New Designator=C42
Reset Component Physical Designator: Old Designator=C43 New Designator=C43
Reset Component Physical Designator: Old Designator=C44 New Designator=C39
Reset Component Physical Designator: Old Designator=C45 New Designator=C45
Reset Component Physical Designator: Old Designator=C46 New Designator=C46
Reset Component Physical Designator: Old Designator=C47 New Designator=C26
Reset Component Physical Designator: Old Designator=C48 New Designator=C36
Reset Component Physical Designator: Old Designator=C50 New Designator=C38
Reset Component Physical Designator: Old Designator=C52 New Designator=C50
Reset Component Physical Designator: Old Designator=C53 New Designator=C48
Reset Component Physical Designator: Old Designator=C54 New Designator=C53
Reset Component Physical Designator: Old Designator=C55 New Designator=C52
Reset Component Physical Designator: Old Designator=C56 New Designator=C55
Reset Component Physical Designator: Old Designator=C57 New Designator=C54
Reset Component Physical Designator: Old Designator=C60 New Designator=C56
Reset Component Physical Designator: Old Designator=C61 New Designator=C59
Reset Component Physical Designator: Old Designator=C62 New Designator=C67
Reset Component Physical Designator: Old Designator=C63 New Designator=C57
Reset Component Physical Designator: Old Designator=C66 New Designator=C58
Reset Component Physical Designator: Old Designator=C68 New Designator=C64
Reset Component Physical Designator: Old Designator=C71 New Designator=C70
Reset Component Physical Designator: Old Designator=C73 New Designator=C71
Reset Component Physical Designator: Old Designator=C75 New Designator=C73
Reset Component Physical Designator: Old Designator=C76 New Designator=C68
Reset Component Physical Designator: Old Designator=C80 New Designator=C76
Reset Component Physical Designator: Old Designator=C81 New Designator=C75
Reset Component Physical Designator: Old Designator=C82 New Designator=C72
Reset Component Physical Designator: Old Designator=C84 New Designator=C86
Reset Component Physical Designator: Old Designator=C88 New Designator=C81
Reset Component Physical Designator: Old Designator=C92 New Designator=C87
Reset Component Physical Designator: Old Designator=C94 New Designator=C96
Reset Component Physical Designator: Old Designator=C96 New Designator=C108
Reset Component Physical Designator: Old Designator=C98 New Designator=C95
Reset Component Physical Designator: Old Designator=C106 New Designator=C116
Reset Component Physical Designator: Old Designator=C117 New Designator=C107
Reset Component Physical Designator: Old Designator=C118 New Designator=C92
Reset Component Physical Designator: Old Designator=C120 New Designator=C115
Reset Component Physical Designator: Old Designator=C122 New Designator=C110
Reset Component Physical Designator: Old Designator=C130 New Designator=C133
Reset Component Physical Designator: Old Designator=C132 New Designator=C137
Reset Component Physical Designator: Old Designator=C135 New Designator=C136
Reset Component Physical Designator: Old Designator=C139 New Designator=C134
Reset Component Physical Designator: Old Designator=D2 New Designator=D19
Reset Component Physical Designator: Old Designator=D4 New Designator=D4
Reset Component Physical Designator: Old Designator=D5 New Designator=D6
Reset Component Physical Designator: Old Designator=D6 New Designator=D10
Reset Component Physical Designator: Old Designator=D7 New Designator=D8
Reset Component Physical Designator: Old Designator=D8 New Designator=D2
Reset Component Physical Designator: Old Designator=D9 New Designator=D5
Reset Component Physical Designator: Old Designator=D10 New Designator=D12
Reset Component Physical Designator: Old Designator=D12 New Designator=D15
Reset Component Physical Designator: Old Designator=D13 New Designator=D13
Reset Component Physical Designator: Old Designator=D14 New Designator=D16
Reset Component Physical Designator: Old Designator=D15 New Designator=D17
Reset Component Physical Designator: Old Designator=D16 New Designator=D7
Reset Component Physical Designator: Old Designator=D17 New Designator=D14
Reset Component Physical Designator: Old Designator=D19 New Designator=D9
Reset Component Physical Designator: Old Designator=D23 New Designator=D23
Reset Component Physical Designator: Old Designator=D24 New Designator=D24
Reset Component Physical Designator: Old Designator=D37 New Designator=D42
Reset Component Physical Designator: Old Designator=D50 New Designator=D50
Reset Component Physical Designator: Old Designator=D54 New Designator=D59
Reset Component Physical Designator: Old Designator=FD1 New Designator=FD1
Reset Component Physical Designator: Old Designator=FD2 New Designator=FD2
Reset Component Physical Designator: Old Designator=J7 New Designator=J5
Reset Component Physical Designator: Old Designator=J17 New Designator=J13
Reset Component Physical Designator: Old Designator=J18 New Designator=J14
Reset Component Physical Designator: Old Designator=J19 New Designator=J19
Reset Component Physical Designator: Old Designator=J20 New Designator=J20
Reset Component Physical Designator: Old Designator=J20 New Designator=J20
Reset Component Physical Designator: Old Designator=J20 New Designator=J20
Reset Component Physical Designator: Old Designator=J20 New Designator=J20
Reset Component Physical Designator: Old Designator=J20 New Designator=J20
Reset Component Physical Designator: Old Designator=Q1 New Designator=Q3
Reset Component Physical Designator: Old Designator=Q2 New Designator=Q4
Reset Component Physical Designator: Old Designator=Q3 New Designator=Q5
Reset Component Physical Designator: Old Designator=Q4 New Designator=Q1
Reset Component Physical Designator: Old Designator=Q5 New Designator=Q2
Reset Component Physical Designator: Old Designator=R4 New Designator=R4
Reset Component Physical Designator: Old Designator=R5 New Designator=R11
Reset Component Physical Designator: Old Designator=R6 New Designator=R10
Reset Component Physical Designator: Old Designator=R7 New Designator=R5
Reset Component Physical Designator: Old Designator=R8 New Designator=R6
Reset Component Physical Designator: Old Designator=R9 New Designator=R7
Reset Component Physical Designator: Old Designator=R10 New Designator=R9
Reset Component Physical Designator: Old Designator=R11 New Designator=R8
Reset Component Physical Designator: Old Designator=R12 New Designator=R12
Reset Component Physical Designator: Old Designator=R13 New Designator=R13
Reset Component Physical Designator: Old Designator=R14 New Designator=R14
Reset Component Physical Designator: Old Designator=R16 New Designator=R16
Reset Component Physical Designator: Old Designator=R18 New Designator=R18
Reset Component Physical Designator: Old Designator=R19 New Designator=R27
Reset Component Physical Designator: Old Designator=R20 New Designator=R26
Reset Component Physical Designator: Old Designator=R21 New Designator=R30
Reset Component Physical Designator: Old Designator=R22 New Designator=R24
Reset Component Physical Designator: Old Designator=R24 New Designator=R19
Reset Component Physical Designator: Old Designator=R25 New Designator=R35
Reset Component Physical Designator: Old Designator=R26 New Designator=R21
Reset Component Physical Designator: Old Designator=R27 New Designator=R36
Reset Component Physical Designator: Old Designator=R28 New Designator=R28
Reset Component Physical Designator: Old Designator=R29 New Designator=R29
Reset Component Physical Designator: Old Designator=R30 New Designator=R37
Reset Component Physical Designator: Old Designator=R31 New Designator=R22
Reset Component Physical Designator: Old Designator=R33 New Designator=R33
Reset Component Physical Designator: Old Designator=R34 New Designator=R34
Reset Component Physical Designator: Old Designator=R35 New Designator=R20
Reset Component Physical Designator: Old Designator=R36 New Designator=R39
Reset Component Physical Designator: Old Designator=R37 New Designator=R25
Reset Component Physical Designator: Old Designator=R39 New Designator=R31
Reset Component Physical Designator: Old Designator=R40 New Designator=R48
Reset Component Physical Designator: Old Designator=R41 New Designator=R43
Reset Component Physical Designator: Old Designator=R42 New Designator=R40
Reset Component Physical Designator: Old Designator=R43 New Designator=R46
Reset Component Physical Designator: Old Designator=R44 New Designator=R47
Reset Component Physical Designator: Old Designator=R46 New Designator=R41
Reset Component Physical Designator: Old Designator=R47 New Designator=R50
Reset Component Physical Designator: Old Designator=R48 New Designator=R51
Reset Component Physical Designator: Old Designator=R50 New Designator=R52
Reset Component Physical Designator: Old Designator=R60 New Designator=R65
Reset Component Physical Designator: Old Designator=R62 New Designator=R54
Reset Component Physical Designator: Old Designator=R65 New Designator=R64
Reset Component Physical Designator: Old Designator=R66 New Designator=R79
Reset Component Physical Designator: Old Designator=R67 New Designator=R67
Reset Component Physical Designator: Old Designator=R68 New Designator=R68
Reset Component Physical Designator: Old Designator=R69 New Designator=R66
Reset Component Physical Designator: Old Designator=R73 New Designator=R73
Reset Component Physical Designator: Old Designator=R76 New Designator=R84
Reset Component Physical Designator: Old Designator=R78 New Designator=R72
Reset Component Physical Designator: Old Designator=R81 New Designator=R83
Reset Component Physical Designator: Old Designator=R84 New Designator=R129D
Reset Component Physical Designator: Old Designator=R86 New Designator=R129C
Reset Component Physical Designator: Old Designator=R87 New Designator=R129A
Reset Component Physical Designator: Old Designator=R88 New Designator=R129B
Reset Component Physical Designator: Old Designator=R89 New Designator=R44
Reset Component Physical Designator: Old Designator=R92 New Designator=R42
Reset Component Physical Designator: Old Designator=R98 New Designator=R89
Reset Component Physical Designator: Old Designator=R104 New Designator=R104
Reset Component Physical Designator: Old Designator=R109 New Designator=R90
Reset Component Physical Designator: Old Designator=R110 New Designator=R96
Reset Component Physical Designator: Old Designator=R112 New Designator=R105
Reset Component Physical Designator: Old Designator=R117 New Designator=R106
Reset Component Physical Designator: Old Designator=R122 New Designator=R107
Reset Component Physical Designator: Old Designator=R129 New Designator=R121
Reset Component Physical Designator: Old Designator=R130 New Designator=R122
Reset Component Physical Designator: Old Designator=S1 New Designator=S1
Reset Component Physical Designator: Old Designator=TP7 New Designator=TP12
Reset Component Physical Designator: Old Designator=TP9 New Designator=TP16
Reset Component Physical Designator: Old Designator=TP13 New Designator=TP13
Reset Component Physical Designator: Old Designator=TP19 New Designator=TP20
Reset Component Physical Designator: Old Designator=TP22 New Designator=TP14
Reset Component Physical Designator: Old Designator=TP34 New Designator=TP33
Reset Component Physical Designator: Old Designator=TP41 New Designator=TP42
Reset Component Physical Designator: Old Designator=TP42 New Designator=TP41
Reset Component Physical Designator: Old Designator=TP43 New Designator=TP44
Reset Component Physical Designator: Old Designator=TP44 New Designator=TP43
Reset Component Physical Designator: Old Designator=TP48 New Designator=TP103
Reset Component Physical Designator: Old Designator=TP49 New Designator=TP104
Reset Component Physical Designator: Old Designator=TP50 New Designator=TP51
Reset Component Physical Designator: Old Designator=TP52 New Designator=TP49
Reset Component Physical Designator: Old Designator=TP53 New Designator=TP45
Reset Component Physical Designator: Old Designator=TP54 New Designator=TP50
Reset Component Physical Designator: Old Designator=TP55 New Designator=TP52
Reset Component Physical Designator: Old Designator=TP56 New Designator=TP54
Reset Component Physical Designator: Old Designator=TP57 New Designator=TP48
Reset Component Physical Designator: Old Designator=TP58 New Designator=TP53
Reset Component Physical Designator: Old Designator=TP59 New Designator=TP55
Reset Component Physical Designator: Old Designator=TP60 New Designator=TP56
Reset Component Physical Designator: Old Designator=TP61 New Designator=TP57
Reset Component Physical Designator: Old Designator=TP62 New Designator=TP59
Reset Component Physical Designator: Old Designator=TP63 New Designator=TP58
Reset Component Physical Designator: Old Designator=TP73 New Designator=TP66
Reset Component Physical Designator: Old Designator=TP75 New Designator=TP72
Reset Component Physical Designator: Old Designator=TP78 New Designator=TP73
Reset Component Physical Designator: Old Designator=TP79 New Designator=TP74
Reset Component Physical Designator: Old Designator=TP81 New Designator=TP77
Reset Component Physical Designator: Old Designator=TP82 New Designator=TP75
Reset Component Physical Designator: Old Designator=TP85 New Designator=TP80
Reset Component Physical Designator: Old Designator=TP95 New Designator=TP91
Reset Component Physical Designator: Old Designator=TP96 New Designator=TP92
Reset Component Physical Designator: Old Designator=TP97 New Designator=TP93
Reset Component Physical Designator: Old Designator=TP98 New Designator=TP94
Reset Component Physical Designator: Old Designator=U2 New Designator=U4
Reset Component Physical Designator: Old Designator=U3 New Designator=U5
Reset Component Physical Designator: Old Designator=U4 New Designator=U6
Reset Component Physical Designator: Old Designator=U5 New Designator=U2
Reset Component Physical Designator: Old Designator=U6 New Designator=U3
Reset Component Physical Designator: Old Designator=U8 New Designator=U8
Reset Component Physical Designator: Old Designator=U9 New Designator=U9
Reset Component Physical Designator: Old Designator=U11 New Designator=U17
Reset Component Physical Designator: Old Designator=U11 New Designator=U17
Reset Component Physical Designator: Old Designator=U11 New Designator=U17
Reset Component Physical Designator: Old Designator=U11 New Designator=U17
Reset Component Physical Designator: Old Designator=U11 New Designator=U17
Reset Component Physical Designator: Old Designator=U12 New Designator=U10
Reset Component Physical Designator: Old Designator=U12 New Designator=U10
Reset Component Physical Designator: Old Designator=U12 New Designator=U10
Reset Component Physical Designator: Old Designator=U13 New Designator=U11
Reset Component Physical Designator: Old Designator=U16 New Designator=U14
