Added Component: Designator=D64(SOD923-100X40-2N)
Added Component: Designator=D65(SOD923-100X40-2N)
Added Component: Designator=D66(SOD923-100X40-2N)
Added Component: Designator=D67(SOD923-100X40-2N)
Added Component: Designator=D68(SOD923-100X40-2N)
Added Component: Designator=D69(SOD923-100X40-2N)
Added Pin To Net: NetName=MCDA0 Pin=D64-A
Added Pin To Net: NetName=FGND Pin=D64-C
Added Pin To Net: NetName=MCDA0 Pin=D65-A
Added Pin To Net: NetName=FGND Pin=D65-C
Added Pin To Net: NetName=MCCDA Pin=D66-A
Added Pin To Net: NetName=FGND Pin=D66-C
Added Pin To Net: NetName=MCCK Pin=D67-A
Added Pin To Net: NetName=FGND Pin=D67-C
Added Pin To Net: NetName=MCDA3 Pin=D68-A
Added Pin To Net: NetName=FGND Pin=D68-C
Added Pin To Net: NetName=MCDA2 Pin=D69-A
Added Pin To Net: NetName=FGND Pin=D69-C
Added Member To Class: ClassName=Microcontroller Member=Component D64 ESD9B3.3ST5G
Added Member To Class: ClassName=Microcontroller Member=Component D65 ESD9B3.3ST5G
Added Member To Class: ClassName=Microcontroller Member=Component D66 ESD9B3.3ST5G
Added Member To Class: ClassName=Microcontroller Member=Component D67 ESD9B3.3ST5G
Added Member To Class: ClassName=Microcontroller Member=Component D68 ESD9B3.3ST5G
Added Member To Class: ClassName=Microcontroller Member=Component D69 ESD9B3.3ST5G
