Change Component Designator: Old Designator=C43 New Designator=C40
Change Component Designator: Old Designator=C64 New Designator=C70
Change Component Designator: Old Designator=C67 New Designator=C66
Change Component Designator: Old Designator=C68 New Designator=C71
Change Component Designator: Old Designator=C81 New Designator=C82
Change Component Designator: Old Designator=D23 New Designator=D24
Change Component Designator: Old Designator=FD1 New Designator=FD2
Change Component Designator: Old Designator=FD2 New Designator=FD1
Change Component Designator: Old Designator=J13 New Designator=J18
Change Component Designator: Old Designator=J14 New Designator=J13
Change Component Designator: Old Designator=J19 New Designator=J20
Change Component Designator: Old Designator=J20 New Designator=J19
Change Component Designator: Old Designator=J20 New Designator=J19
Change Component Designator: Old Designator=J20 New Designator=J19
Change Component Designator: Old Designator=J20 New Designator=J19
Change Component Designator: Old Designator=J20 New Designator=J19
Change Component Designator: Old Designator=R33 New Designator=R34
Change Component Designator: Old Designator=R35 New Designator=R31
Change Component Designator: Old Designator=R37 New Designator=R36
Change Component Designator: Old Designator=R39 New Designator=R37
Change Component Designator: Old Designator=R46 New Designator=R41
Change Component Designator: Old Designator=R47 New Designator=R40
Change Component Designator: Old Designator=R51 New Designator=R50
Change Component Designator: Old Designator=R54 New Designator=R70
Change Component Designator: Old Designator=R65 New Designator=R69
Change Component Designator: Old Designator=R66 New Designator=R65
Change Component Designator: Old Designator=R67 New Designator=R68
Change Component Designator: Old Designator=R68 New Designator=R67
Change Component Designator: Old Designator=R72 New Designator=R82
Change Component Designator: Old Designator=R73 New Designator=R77
Change Component Designator: Old Designator=R79 New Designator=R64
Change Component Designator: Old Designator=R84 New Designator=R83
Change Component Designator: Old Designator=TP48 New Designator=TP53
Change Component Designator: Old Designator=TP49 New Designator=TP50
Change Component Designator: Old Designator=TP50 New Designator=TP52
Change Component Designator: Old Designator=TP51 New Designator=TP49
Change Component Designator: Old Designator=TP52 New Designator=TP54
Change Component Designator: Old Designator=TP55 New Designator=TP56
Change Component Designator: Old Designator=TP72 New Designator=TP74
Change Component Designator: Old Designator=TP73 New Designator=TP77
Change Component Designator: Old Designator=TP74 New Designator=TP75
Change Component Designator: Old Designator=TP77 New Designator=TP78
Change Component Designator: Old Designator=U10 New Designator=U11
Change Component Designator: Old Designator=U11 New Designator=U12
