Change Component Designator: Old Designator=C7 New Designator=C14
Change Component Designator: Old Designator=C16 New Designator=C17
Change Component Designator: Old Designator=C21 New Designator=C23
Change Component Designator: Old Designator=C22 New Designator=C21
Change Component Designator: Old Designator=C29 New Designator=C22
Change Component Designator: Old Designator=C145 New Designator=C31
Change Component Designator: Old Designator=D2 New Designator=D12
Change Component Designator: Old Designator=D4 New Designator=D13
Change Component Designator: Old Designator=D5 New Designator=D14
Change Component Designator: Old Designator=D6 New Designator=D16
Change Component Designator: Old Designator=D7 New Designator=D6
Change Component Designator: Old Designator=D8 New Designator=D10
Change Component Designator: Old Designator=D9 New Designator=D17
Change Component Designator: Old Designator=D10 New Designator=D7
Change Component Designator: Old Designator=D12 New Designator=D8
Change Component Designator: Old Designator=D13 New Designator=D4
Change Component Designator: Old Designator=D14 New Designator=D9
Change Component Designator: Old Designator=D17 New Designator=D19
Change Component Designator: Old Designator=D19 New Designator=D15
Change Component Designator: Old Designator=Q1 New Designator=Q5
Change Component Designator: Old Designator=Q2 New Designator=Q1
Change Component Designator: Old Designator=Q3 New Designator=Q2
Change Component Designator: Old Designator=Q4 New Designator=Q3
Change Component Designator: Old Designator=Q5 New Designator=Q4
Change Component Designator: Old Designator=R4 New Designator=R12
Change Component Designator: Old Designator=R5 New Designator=R6
Change Component Designator: Old Designator=R6 New Designator=R7
Change Component Designator: Old Designator=R7 New Designator=R8
Change Component Designator: Old Designator=R8 New Designator=R9
Change Component Designator: Old Designator=R13 New Designator=R14
Change Component Designator: Old Designator=R16 New Designator=R18
Change Component Designator: Old Designator=R18 New Designator=R16
Change Component Designator: Old Designator=R19 New Designator=R26
Change Component Designator: Old Designator=R20 New Designator=R22
Change Component Designator: Old Designator=R21 New Designator=R19
Change Component Designator: Old Designator=R22 New Designator=R35
Change Component Designator: Old Designator=R24 New Designator=R20
Change Component Designator: Old Designator=R25 New Designator=R39
Change Component Designator: Old Designator=R26 New Designator=R24
Change Component Designator: Old Designator=R27 New Designator=R21
Change Component Designator: Old Designator=R28 New Designator=R29
Change Component Designator: Old Designator=R29 New Designator=R28
Change Component Designator: Old Designator=R30 New Designator=R27
Change Component Designator: Old Designator=R31 New Designator=R25
Change Component Designator: Old Designator=R36 New Designator=R30
Change Component Designator: Old Designator=TP43 New Designator=TP41
Change Component Designator: Old Designator=TP44 New Designator=TP42
Change Component Designator: Old Designator=U2 New Designator=U6
Change Component Designator: Old Designator=U3 New Designator=U2
Change Component Designator: Old Designator=U4 New Designator=U3
Change Component Designator: Old Designator=U5 New Designator=U4
Change Component Designator: Old Designator=U6 New Designator=U5
Change Component Designator: Old Designator=U17 New Designator=U10
Change Component Designator: Old Designator=U17 New Designator=U10
Change Component Designator: Old Designator=U17 New Designator=U10
Change Component Designator: Old Designator=U17 New Designator=U10
Change Component Designator: Old Designator=U17 New Designator=U10
