Change Component Designator: Old Designator=C7 New Designator=C14
Change Component Designator: Old Designator=C12 New Designator=C7
Change Component Designator: Old Designator=C13 New Designator=C15
Change Component Designator: Old Designator=C14 New Designator=C13
Change Component Designator: Old Designator=C15 New Designator=C12
Change Component Designator: Old Designator=C16 New Designator=C17
Change Component Designator: Old Designator=C17 New Designator=C16
Change Component Designator: Old Designator=D5 New Designator=D14
Change Component Designator: Old Designator=D6 New Designator=D16
Change Component Designator: Old Designator=D7 New Designator=D6
Change Component Designator: Old Designator=D8 New Designator=D10
Change Component Designator: Old Designator=R24 New Designator=R20
Change Component Designator: Old Designator=R25 New Designator=R39
Change Component Designator: Old Designator=R26 New Designator=R24
Change Component Designator: Old Designator=R27 New Designator=R21
Change Component Designator: Old Designator=R28 New Designator=R29
Change Component Designator: Old Designator=R29 New Designator=R28
Change Component Designator: Old Designator=R30 New Designator=R27
Change Component Designator: Old Designator=R31 New Designator=R25
Change Component Designator: Old Designator=TP13 New Designator=TP25
Change Component Designator: Old Designator=TP14 New Designator=TP10
Change Component Designator: Old Designator=TP16 New Designator=TP11
Change Component Designator: Old Designator=TP17 New Designator=TP7
Change Component Designator: Old Designator=TP18 New Designator=TP8
Change Component Designator: Old Designator=TP19 New Designator=TP23
Change Component Designator: Old Designator=TP20 New Designator=TP24
Change Component Designator: Old Designator=TP21 New Designator=TP12
Change Component Designator: Old Designator=TP22 New Designator=TP26
Change Component Designator: Old Designator=TP23 New Designator=TP20
Change Component Designator: Old Designator=TP24 New Designator=TP19
Change Component Designator: Old Designator=U3 New Designator=U2
