Change Component Designator: Old Designator=C86 New Designator=C85
Change Component Designator: Old Designator=C87 New Designator=C90
Change Component Designator: Old Designator=C107 New Designator=C122
Change Component Designator: Old Designator=C108 New Designator=C100
Change Component Designator: Old Designator=C110 New Designator=C107
Change Component Designator: Old Designator=C115 New Designator=C111
Change Component Designator: Old Designator=C116 New Designator=C123
Change Component Designator: Old Designator=C133 New Designator=C139
Change Component Designator: Old Designator=C134 New Designator=C133
Change Component Designator: Old Designator=C136 New Designator=C140
Change Component Designator: Old Designator=C137 New Designator=C129
Change Component Designator: Old Designator=D50 New Designator=D49
Change Component Designator: Old Designator=D59 New Designator=D62
Change Component Designator: Old Designator=R42 New Designator=R89
Change Component Designator: Old Designator=R89 New Designator=R92
Change Component Designator: Old Designator=R90 New Designator=R97
Change Component Designator: Old Designator=R104 New Designator=R111
Change Component Designator: Old Designator=R105 New Designator=R108
Change Component Designator: Old Designator=R106 New Designator=R107
Change Component Designator: Old Designator=R107 New Designator=R117
Change Component Designator: Old Designator=R121 New Designator=R125
Change Component Designator: Old Designator=R122 New Designator=R126
Change Component Designator: Old Designator=TP12 New Designator=TP17
Change Component Designator: Old Designator=TP13 New Designator=TP25
Change Component Designator: Old Designator=TP14 New Designator=TP10
Change Component Designator: Old Designator=TP16 New Designator=TP11
Change Component Designator: Old Designator=TP20 New Designator=TP24
Change Component Designator: Old Designator=TP33 New Designator=TP35
Change Component Designator: Old Designator=TP80 New Designator=TP84
Change Component Designator: Old Designator=TP91 New Designator=TP94
Change Component Designator: Old Designator=TP92 New Designator=TP93
Change Component Designator: Old Designator=TP93 New Designator=TP96
Change Component Designator: Old Designator=TP94 New Designator=TP95
Change Component Designator: Old Designator=U14 New Designator=U15
