Change Component Designator: Old Designator=C1 New Designator=C2
Change Component Designator: Old Designator=C2 New Designator=C1
Change Component Designator: Old Designator=C3 New Designator=C4
Change Component Designator: Old Designator=C4 New Designator=C6
Change Component Designator: Old Designator=C5 New Designator=C3
Change Component Designator: Old Designator=C6 New Designator=C5
Change Component Designator: Old Designator=C12 New Designator=C7
Change Component Designator: Old Designator=C13 New Designator=C15
Change Component Designator: Old Designator=C14 New Designator=C13
Change Component Designator: Old Designator=C15 New Designator=C12
Change Component Designator: Old Designator=C17 New Designator=C16
Change Component Designator: Old Designator=C23 New Designator=C25
Change Component Designator: Old Designator=C28 New Designator=C26
Change Component Designator: Old Designator=C30 New Designator=C24
Change Component Designator: Old Designator=C33 New Designator=C37
Change Component Designator: Old Designator=C34 New Designator=C35
Change Component Designator: Old Designator=C35 New Designator=C36
Change Component Designator: Old Designator=C36 New Designator=C38
Change Component Designator: Old Designator=C37 New Designator=C34
Change Component Designator: Old Designator=C44 New Designator=C30
Change Component Designator: Old Designator=C45 New Designator=C46
Change Component Designator: Old Designator=C46 New Designator=C45
Change Component Designator: Old Designator=C47 New Designator=C44
Change Component Designator: Old Designator=C50 New Designator=C53
Change Component Designator: Old Designator=C52 New Designator=C54
Change Component Designator: Old Designator=C53 New Designator=C52
Change Component Designator: Old Designator=C54 New Designator=C55
Change Component Designator: Old Designator=C55 New Designator=C57
Change Component Designator: Old Designator=C56 New Designator=C63
Change Component Designator: Old Designator=C57 New Designator=C56
Change Component Designator: Old Designator=C58 New Designator=C67
Change Component Designator: Old Designator=C59 New Designator=C65
Change Component Designator: Old Designator=C70 New Designator=C68
Change Component Designator: Old Designator=C72 New Designator=C81
Change Component Designator: Old Designator=C73 New Designator=C80
Change Component Designator: Old Designator=C75 New Designator=C72
Change Component Designator: Old Designator=C76 New Designator=C73
Change Component Designator: Old Designator=C92 New Designator=C93
Change Component Designator: Old Designator=C95 New Designator=C94
Change Component Designator: Old Designator=C96 New Designator=C95
Change Component Designator: Old Designator=D15 New Designator=D2
Change Component Designator: Old Designator=D16 New Designator=D5
Change Component Designator: Old Designator=D24 New Designator=D23
Change Component Designator: Old Designator=D42 New Designator=D34
Change Component Designator: Old Designator=R9 New Designator=R11
Change Component Designator: Old Designator=R10 New Designator=R5
Change Component Designator: Old Designator=R11 New Designator=R10
Change Component Designator: Old Designator=R12 New Designator=R4
Change Component Designator: Old Designator=R14 New Designator=R13
Change Component Designator: Old Designator=R34 New Designator=R33
Change Component Designator: Old Designator=R64 New Designator=R66
Change Component Designator: Old Designator=R83 New Designator=R76
Change Component Designator: Old Designator=R96 New Designator=R100
Change Component Designator: Old Designator=R127 New Designator=R131
Change Component Designator: Old Designator=R128 New Designator=R132
Change Component Designator: Old Designator=TP41 New Designator=TP44
Change Component Designator: Old Designator=TP42 New Designator=TP43
Change Component Designator: Old Designator=TP45 New Designator=TP48
Change Component Designator: Old Designator=TP53 New Designator=TP57
Change Component Designator: Old Designator=TP66 New Designator=TP68
Change Component Designator: Old Designator=TP75 New Designator=TP79
Change Component Designator: Old Designator=TP103 New Designator=TP45
Change Component Designator: Old Designator=TP104 New Designator=TP51
Change Component Designator: Old Designator=U9 New Designator=U8
Change Component Designator: Old Designator=U10 New Designator=U11
