Change Component Designator: Old Designator=C24 New Designator=C28
Change Component Designator: Old Designator=C25 New Designator=C27
Change Component Designator: Old Designator=C26 New Designator=C39
Change Component Designator: Old Designator=C27 New Designator=C29
Change Component Designator: Old Designator=C31 New Designator=C32
Change Component Designator: Old Designator=C32 New Designator=C33
Change Component Designator: Old Designator=C38 New Designator=C48
Change Component Designator: Old Designator=C39 New Designator=C47
Change Component Designator: Old Designator=C40 New Designator=C43
Change Component Designator: Old Designator=C41 New Designator=C42
Change Component Designator: Old Designator=C42 New Designator=C41
Change Component Designator: Old Designator=C48 New Designator=C50
Change Component Designator: Old Designator=C71 New Designator=C76
Change Component Designator: Old Designator=J5 New Designator=J8
Change Component Designator: Old Designator=R40 New Designator=R44
Change Component Designator: Old Designator=R41 New Designator=R43
Change Component Designator: Old Designator=R43 New Designator=R46
Change Component Designator: Old Designator=R44 New Designator=R42
Change Component Designator: Old Designator=R48 New Designator=R47
Change Component Designator: Old Designator=R50 New Designator=R48
Change Component Designator: Old Designator=R52 New Designator=R51
Change Component Designator: Old Designator=TP54 New Designator=TP55
Change Component Designator: Old Designator=TP56 New Designator=TP59
Change Component Designator: Old Designator=TP57 New Designator=TP58
Change Component Designator: Old Designator=TP58 New Designator=TP61
Change Component Designator: Old Designator=TP59 New Designator=TP60
Change Component Designator: Old Designator=U8 New Designator=U9
Change Component Designator: Old Designator=U10 New Designator=U11
