Removed Pin From Net: NetName=3.3VCC Pin=R90-2
Removed Pin From Net: NetName=3.3VCC Pin=R91-2
Removed Pin From Net: NetName=3.3VCC Pin=R92-2
Removed Pin From Net: NetName=3.3VCC Pin=R93-2
Removed Pin From Net: NetName=3.3VCC Pin=R94-2
Removed Pin From Net: NetName=GND Pin=R95-1
Removed Pin From Net: NetName=GND Pin=R96-1
Removed Pin From Net: NetName=GND Pin=R97-1
Removed Pin From Net: NetName=GND Pin=R98-1
Removed Pin From Net: NetName=GND Pin=R99-1
Removed Member From Class: ClassName=M1 Member=R90
Removed Member From Class: ClassName=M2 Member=R91
Removed Member From Class: ClassName=U_MZ Member=R92
Removed Member From Class: ClassName=M3 Member=R93
Removed Member From Class: ClassName=M4 Member=R94
Removed Member From Class: ClassName=M1 Member=R95
Removed Member From Class: ClassName=M2 Member=R96
Removed Member From Class: ClassName=U_MZ Member=R97
Removed Member From Class: ClassName=M3 Member=R98
Removed Member From Class: ClassName=M4 Member=R99
Added Pin To Net: NetName=DECAY Pin=U13-19
Added Pin To Net: NetName=DECAY Pin=U14-19
Added Pin To Net: NetName=DECAY Pin=U15-19
Added Pin To Net: NetName=DECAY Pin=U16-19
Added Pin To Net: NetName=DECAY Pin=U17-19
