Removed Parameter Height:0.5 ±0.05mm from Part C84
Removed Parameter Height:0.5 ±0.05mm from Part C86
Removed Parameter Height:0.5 ±0.05mm from Part C157
Removed Parameter Height:0.5 ±0.05mm from Part C158
Removed Parameter Height:0.5 ±0.05mm from Part C159
Removed Parameter Height:0.5 ±0.05mm from Part C160
Removed Parameter LatestRevisionDate:10 - Dec - 2014 from Part C84
Removed Parameter LatestRevisionDate:10 - Dec - 2014 from Part C86
Removed Parameter LatestRevisionDate:10 - Dec - 2014 from Part C157
Removed Parameter LatestRevisionDate:10 - Dec - 2014 from Part C158
Removed Parameter LatestRevisionDate:10 - Dec - 2014 from Part C159
Removed Parameter LatestRevisionDate:10 - Dec - 2014 from Part C160
Removed Parameter LatestRevisionDate:17-Jul-2002 from Part TP5
Removed Parameter LatestRevisionDate:17-Jul-2002 from Part TP6
Removed Parameter LatestRevisionDate:17-Jul-2002 from Part TP7
Removed Parameter LatestRevisionDate:17-Jul-2002 from Part TP8
Removed Parameter LatestRevisionDate:17-Jul-2002 from Part TP11
Removed Parameter LatestRevisionDate:17-Jul-2002 from Part TP17
Removed Parameter LatestRevisionNote:Re-released for DXP Platform. from Part TP5
Removed Parameter LatestRevisionNote:Re-released for DXP Platform. from Part TP6
Removed Parameter LatestRevisionNote:Re-released for DXP Platform. from Part TP7
Removed Parameter LatestRevisionNote:Re-released for DXP Platform. from Part TP8
Removed Parameter LatestRevisionNote:Re-released for DXP Platform. from Part TP11
Removed Parameter LatestRevisionNote:Re-released for DXP Platform. from Part TP17
Removed Parameter LatestRevisionNote:Ultimachine Footprint Added from Part C84
Removed Parameter LatestRevisionNote:Ultimachine Footprint Added from Part C86
Removed Parameter LatestRevisionNote:Ultimachine Footprint Added from Part C157
Removed Parameter LatestRevisionNote:Ultimachine Footprint Added from Part C158
Removed Parameter LatestRevisionNote:Ultimachine Footprint Added from Part C159
Removed Parameter LatestRevisionNote:Ultimachine Footprint Added from Part C160
