Change Value of Parameter DISTRIBUTOR # in Part D3 Old= New=ESD9B3.3ST5GOSTR-ND
Change Value of Parameter DISTRIBUTOR in Part D3 Old= New=Digikey
Change Value of Parameter MANUFACTURER # in Part D3 Old= New=ESD9B3.3ST5G
Change Value of Parameter Manufacturer in Part D3 Old= New=On Semi
Change Value of Parameter PART in Part D3 Old= New=TVS DIODE 3.3VWM SOD923
Change Value of Parameter Part Description in Part D3 Old= New=TVS DIODE 3.3VWM SOD923
Change Value of Parameter Tolerance in Part D3 Old= New=-NA-
Change Value of Parameter Value in Part D3 Old= New=3.3V
Change Value of Parameter Voltage in Part D3 Old= New=3.3Vso 15pF
Change Value of Parameter DISTRIBUTOR # in Part D13 Old= New=ESD9B3.3ST5GOSTR-ND
Change Value of Parameter DISTRIBUTOR in Part D13 Old= New=Digikey
Change Value of Parameter MANUFACTURER # in Part D13 Old= New=ESD9B3.3ST5G
Change Value of Parameter Manufacturer in Part D13 Old= New=On Semi
Change Value of Parameter PART in Part D13 Old= New=TVS DIODE 3.3VWM SOD923
Change Value of Parameter Part Description in Part D13 Old= New=TVS DIODE 3.3VWM SOD923
Change Value of Parameter Tolerance in Part D13 Old= New=-NA-
Change Value of Parameter Value in Part D13 Old= New=3.3V
Change Value of Parameter Voltage in Part D13 Old= New=3.3Vso 15pF
Change Value of Parameter DISTRIBUTOR # in Part D32 Old= New=ESD9B3.3ST5GOSTR-ND
Change Value of Parameter DISTRIBUTOR in Part D32 Old= New=Digikey
Change Value of Parameter MANUFACTURER # in Part D32 Old= New=ESD9B3.3ST5G
Change Value of Parameter Manufacturer in Part D32 Old= New=On Semi
Change Value of Parameter PART in Part D32 Old= New=TVS DIODE 3.3VWM SOD923
Change Value of Parameter Part Description in Part D32 Old= New=TVS DIODE 3.3VWM SOD923
Change Value of Parameter Tolerance in Part D32 Old= New=-NA-
Change Value of Parameter Value in Part D32 Old= New=3.3V
Change Value of Parameter Voltage in Part D32 Old= New=3.3Vso 15pF
Change Value of Parameter DISTRIBUTOR # in Part D33 Old= New=ESD9B3.3ST5GOSTR-ND
Change Value of Parameter DISTRIBUTOR in Part D33 Old= New=Digikey
Change Value of Parameter MANUFACTURER # in Part D33 Old= New=ESD9B3.3ST5G
Change Value of Parameter Manufacturer in Part D33 Old= New=On Semi
Change Value of Parameter PART in Part D33 Old= New=TVS DIODE 3.3VWM SOD923
Change Value of Parameter Part Description in Part D33 Old= New=TVS DIODE 3.3VWM SOD923
Change Value of Parameter Tolerance in Part D33 Old= New=-NA-
Change Value of Parameter Value in Part D33 Old= New=3.3V
Change Value of Parameter Voltage in Part D33 Old= New=3.3Vso 15pF
Change Value of Parameter DISTRIBUTOR # in Part D34 Old= New=ESD9B3.3ST5GOSTR-ND
Change Value of Parameter DISTRIBUTOR in Part D34 Old= New=Digikey
Change Value of Parameter MANUFACTURER # in Part D34 Old= New=ESD9B3.3ST5G
Change Value of Parameter Manufacturer in Part D34 Old= New=On Semi
Change Value of Parameter PART in Part D34 Old= New=TVS DIODE 3.3VWM SOD923
Change Value of Parameter Part Description in Part D34 Old= New=TVS DIODE 3.3VWM SOD923
Change Value of Parameter Tolerance in Part D34 Old= New=-NA-
Change Value of Parameter Value in Part D34 Old= New=3.3V
Change Value of Parameter Voltage in Part D34 Old= New=3.3Vso 15pF
Change Value of Parameter DISTRIBUTOR # in Part D35 Old= New=ESD9B3.3ST5GOSTR-ND
Change Value of Parameter DISTRIBUTOR in Part D35 Old= New=Digikey
Change Value of Parameter MANUFACTURER # in Part D35 Old= New=ESD9B3.3ST5G
Change Value of Parameter Manufacturer in Part D35 Old= New=On Semi
Change Value of Parameter PART in Part D35 Old= New=TVS DIODE 3.3VWM SOD923
Change Value of Parameter Part Description in Part D35 Old= New=TVS DIODE 3.3VWM SOD923
Change Value of Parameter Tolerance in Part D35 Old= New=-NA-
Change Value of Parameter Value in Part D35 Old= New=3.3V
Change Value of Parameter Voltage in Part D35 Old= New=3.3Vso 15pF
