Added Parameter DISTRIBUTOR #= to Part D3
Added Parameter DISTRIBUTOR #= to Part D13
Added Parameter DISTRIBUTOR #= to Part D32
Added Parameter DISTRIBUTOR #= to Part D33
Added Parameter DISTRIBUTOR #= to Part D34
Added Parameter DISTRIBUTOR #= to Part D35
Added Parameter DISTRIBUTOR #= to Part J5
Added Parameter DISTRIBUTOR #= to Part J5
Added Parameter DISTRIBUTOR #= to Part J5
Added Parameter DISTRIBUTOR #= to Part J6
Added Parameter DISTRIBUTOR #= to Part J6
Added Parameter DISTRIBUTOR #= to Part J6
Added Parameter DISTRIBUTOR #= to Part J7
Added Parameter DISTRIBUTOR #= to Part J7
Added Parameter DISTRIBUTOR #= to Part J7
Added Parameter DISTRIBUTOR #= to Part J9
Added Parameter DISTRIBUTOR #= to Part J9
Added Parameter DISTRIBUTOR #= to Part J9
Added Parameter DISTRIBUTOR #= to Part J10
Added Parameter DISTRIBUTOR #= to Part J10
Added Parameter DISTRIBUTOR #= to Part J10
Added Parameter DISTRIBUTOR #= to Part J11
Added Parameter DISTRIBUTOR #= to Part J11
Added Parameter DISTRIBUTOR #= to Part J11
Added Parameter DISTRIBUTOR #= to Part R19
Added Parameter DISTRIBUTOR #= to Part R23
Added Parameter DISTRIBUTOR #= to Part R72
Added Parameter DISTRIBUTOR #= to Part R74
Added Parameter DISTRIBUTOR #= to Part R76
Added Parameter DISTRIBUTOR #= to Part R79
Added Parameter DISTRIBUTOR #= to Part TP5
Added Parameter DISTRIBUTOR #= to Part TP6
Added Parameter DISTRIBUTOR #= to Part TP7
Added Parameter DISTRIBUTOR #= to Part TP8
Added Parameter DISTRIBUTOR #= to Part TP11
Added Parameter DISTRIBUTOR #= to Part TP17
Added Parameter DISTRIBUTOR= to Part D3
Added Parameter DISTRIBUTOR= to Part D13
Added Parameter DISTRIBUTOR= to Part D32
Added Parameter DISTRIBUTOR= to Part D33
Added Parameter DISTRIBUTOR= to Part D34
Added Parameter DISTRIBUTOR= to Part D35
Added Parameter DISTRIBUTOR= to Part J5
Added Parameter DISTRIBUTOR= to Part J5
Added Parameter DISTRIBUTOR= to Part J5
Added Parameter DISTRIBUTOR= to Part J6
Added Parameter DISTRIBUTOR= to Part J6
Added Parameter DISTRIBUTOR= to Part J6
Added Parameter DISTRIBUTOR= to Part J7
Added Parameter DISTRIBUTOR= to Part J7
Added Parameter DISTRIBUTOR= to Part J7
Added Parameter DISTRIBUTOR= to Part J9
Added Parameter DISTRIBUTOR= to Part J9
Added Parameter DISTRIBUTOR= to Part J9
Added Parameter DISTRIBUTOR= to Part J10
Added Parameter DISTRIBUTOR= to Part J10
Added Parameter DISTRIBUTOR= to Part J10
Added Parameter DISTRIBUTOR= to Part J11
Added Parameter DISTRIBUTOR= to Part J11
Added Parameter DISTRIBUTOR= to Part J11
Added Parameter DISTRIBUTOR= to Part R19
Added Parameter DISTRIBUTOR= to Part R23
Added Parameter DISTRIBUTOR= to Part R72
Added Parameter DISTRIBUTOR= to Part R74
Added Parameter DISTRIBUTOR= to Part R76
Added Parameter DISTRIBUTOR= to Part R79
Added Parameter DISTRIBUTOR= to Part TP5
Added Parameter DISTRIBUTOR= to Part TP6
Added Parameter DISTRIBUTOR= to Part TP7
Added Parameter DISTRIBUTOR= to Part TP8
Added Parameter DISTRIBUTOR= to Part TP11
Added Parameter DISTRIBUTOR= to Part TP17
Added Parameter PART= to Part C84
Added Parameter PART= to Part C86
Added Parameter PART= to Part C157
Added Parameter PART= to Part C158
Added Parameter PART= to Part C159
Added Parameter PART= to Part C160
Added Parameter PART= to Part D3
Added Parameter PART= to Part D13
Added Parameter PART= to Part D32
Added Parameter PART= to Part D33
Added Parameter PART= to Part D34
Added Parameter PART= to Part D35
Added Parameter PART= to Part J5
Added Parameter PART= to Part J5
Added Parameter PART= to Part J5
Added Parameter PART= to Part J6
Added Parameter PART= to Part J6
Added Parameter PART= to Part J6
Added Parameter PART= to Part J7
Added Parameter PART= to Part J7
Added Parameter PART= to Part J7
Added Parameter PART= to Part J9
Added Parameter PART= to Part J9
Added Parameter PART= to Part J9
Added Parameter PART= to Part J10
Added Parameter PART= to Part J10
Added Parameter PART= to Part J10
Added Parameter PART= to Part J11
Added Parameter PART= to Part J11
Added Parameter PART= to Part J11
Added Parameter PART= to Part R19
Added Parameter PART= to Part R22
Added Parameter PART= to Part R23
Added Parameter PART= to Part R35
Added Parameter PART= to Part R63
Added Parameter PART= to Part R72
Added Parameter PART= to Part R73
Added Parameter PART= to Part R74
Added Parameter PART= to Part R75
Added Parameter PART= to Part R76
Added Parameter PART= to Part R78
Added Parameter PART= to Part R79
Added Parameter PART= to Part TP5
Added Parameter PART= to Part TP6
Added Parameter PART= to Part TP7
Added Parameter PART= to Part TP8
Added Parameter PART= to Part TP11
Added Parameter PART= to Part TP17
Added Parameter Part Description= to Part D3
Added Parameter Part Description= to Part D13
Added Parameter Part Description= to Part D32
Added Parameter Part Description= to Part D33
Added Parameter Part Description= to Part D34
Added Parameter Part Description= to Part D35
Added Parameter Part Description= to Part J5
Added Parameter Part Description= to Part J5
Added Parameter Part Description= to Part J5
Added Parameter Part Description= to Part J6
Added Parameter Part Description= to Part J6
Added Parameter Part Description= to Part J6
Added Parameter Part Description= to Part J7
Added Parameter Part Description= to Part J7
Added Parameter Part Description= to Part J7
Added Parameter Part Description= to Part J9
Added Parameter Part Description= to Part J9
Added Parameter Part Description= to Part J9
Added Parameter Part Description= to Part J10
Added Parameter Part Description= to Part J10
Added Parameter Part Description= to Part J10
Added Parameter Part Description= to Part J11
Added Parameter Part Description= to Part J11
Added Parameter Part Description= to Part J11
Added Parameter Part Description= to Part R19
Added Parameter Part Description= to Part R22
Added Parameter Part Description= to Part R23
Added Parameter Part Description= to Part R35
Added Parameter Part Description= to Part R63
Added Parameter Part Description= to Part R72
Added Parameter Part Description= to Part R73
Added Parameter Part Description= to Part R74
Added Parameter Part Description= to Part R75
Added Parameter Part Description= to Part R76
Added Parameter Part Description= to Part R78
Added Parameter Part Description= to Part R79
Added Parameter Part Description= to Part TP5
Added Parameter Part Description= to Part TP6
Added Parameter Part Description= to Part TP7
Added Parameter Part Description= to Part TP8
Added Parameter Part Description= to Part TP11
Added Parameter Part Description= to Part TP17
Added Parameter Tolerance= to Part D3
Added Parameter Tolerance= to Part D13
Added Parameter Tolerance= to Part D32
Added Parameter Tolerance= to Part D33
Added Parameter Tolerance= to Part D34
Added Parameter Tolerance= to Part D35
Added Parameter Tolerance= to Part J5
Added Parameter Tolerance= to Part J5
Added Parameter Tolerance= to Part J5
Added Parameter Tolerance= to Part J6
Added Parameter Tolerance= to Part J6
Added Parameter Tolerance= to Part J6
Added Parameter Tolerance= to Part J7
Added Parameter Tolerance= to Part J7
Added Parameter Tolerance= to Part J7
Added Parameter Tolerance= to Part J9
Added Parameter Tolerance= to Part J9
Added Parameter Tolerance= to Part J9
Added Parameter Tolerance= to Part J10
Added Parameter Tolerance= to Part J10
Added Parameter Tolerance= to Part J10
Added Parameter Tolerance= to Part J11
Added Parameter Tolerance= to Part J11
Added Parameter Tolerance= to Part J11
Added Parameter Tolerance= to Part R19
Added Parameter Tolerance= to Part R22
Added Parameter Tolerance= to Part R23
Added Parameter Tolerance= to Part R35
Added Parameter Tolerance= to Part R63
Added Parameter Tolerance= to Part R72
Added Parameter Tolerance= to Part R73
Added Parameter Tolerance= to Part R74
Added Parameter Tolerance= to Part R75
Added Parameter Tolerance= to Part R76
Added Parameter Tolerance= to Part R78
Added Parameter Tolerance= to Part R79
Added Parameter Tolerance= to Part TP5
Added Parameter Tolerance= to Part TP6
Added Parameter Tolerance= to Part TP7
Added Parameter Tolerance= to Part TP8
Added Parameter Tolerance= to Part TP11
Added Parameter Tolerance= to Part TP17
Added Parameter Value= to Part D3
Added Parameter Value= to Part D13
Added Parameter Value= to Part D32
Added Parameter Value= to Part D33
Added Parameter Value= to Part D34
Added Parameter Value= to Part D35
Added Parameter Value= to Part J5
Added Parameter Value= to Part J5
Added Parameter Value= to Part J5
Added Parameter Value= to Part J6
Added Parameter Value= to Part J6
Added Parameter Value= to Part J6
Added Parameter Value= to Part J7
Added Parameter Value= to Part J7
Added Parameter Value= to Part J7
Added Parameter Value= to Part J9
Added Parameter Value= to Part J9
Added Parameter Value= to Part J9
Added Parameter Value= to Part J10
Added Parameter Value= to Part J10
Added Parameter Value= to Part J10
Added Parameter Value= to Part J11
Added Parameter Value= to Part J11
Added Parameter Value= to Part J11
Added Parameter Value= to Part TP5
Added Parameter Value= to Part TP6
Added Parameter Value= to Part TP7
Added Parameter Value= to Part TP8
Added Parameter Value= to Part TP11
Added Parameter Value= to Part TP17
Added Parameter Voltage= to Part D3
Added Parameter Voltage= to Part D13
Added Parameter Voltage= to Part D32
Added Parameter Voltage= to Part D33
Added Parameter Voltage= to Part D34
Added Parameter Voltage= to Part D35
Added Parameter Voltage= to Part J5
Added Parameter Voltage= to Part J5
Added Parameter Voltage= to Part J5
Added Parameter Voltage= to Part J6
Added Parameter Voltage= to Part J6
Added Parameter Voltage= to Part J6
Added Parameter Voltage= to Part J7
Added Parameter Voltage= to Part J7
Added Parameter Voltage= to Part J7
Added Parameter Voltage= to Part J9
Added Parameter Voltage= to Part J9
Added Parameter Voltage= to Part J9
Added Parameter Voltage= to Part J10
Added Parameter Voltage= to Part J10
Added Parameter Voltage= to Part J10
Added Parameter Voltage= to Part J11
Added Parameter Voltage= to Part J11
Added Parameter Voltage= to Part J11
Added Parameter Voltage= to Part R19
Added Parameter Voltage= to Part R22
Added Parameter Voltage= to Part R23
Added Parameter Voltage= to Part R35
Added Parameter Voltage= to Part R63
Added Parameter Voltage= to Part R72
Added Parameter Voltage= to Part R73
Added Parameter Voltage= to Part R74
Added Parameter Voltage= to Part R75
Added Parameter Voltage= to Part R76
Added Parameter Voltage= to Part R78
Added Parameter Voltage= to Part R79
Added Parameter Voltage= to Part TP5
Added Parameter Voltage= to Part TP6
Added Parameter Voltage= to Part TP7
Added Parameter Voltage= to Part TP8
Added Parameter Voltage= to Part TP11
Added Parameter Voltage= to Part TP17
