Change Value of Parameter PART in Part C84 Old= New=10nF 50V X7R 0402
Change Value of Parameter Part Description in Part C84 Old=CAP CER 10000PF 50V X7R 0402 New=10000pF ±5% 50V Ceramic Capacitor X7R 0402 (1005 Metric)
Change Value of Parameter Tolerance in Part C84 Old=10% New=5%
Change Value of Parameter Value in Part C84 Old=0.01uF 50V New=10nF
Change Value of Parameter Voltage in Part C84 Old=6.3VDC New=50V
Change Value of Parameter PART in Part C86 Old= New=10nF 50V X7R 0402
Change Value of Parameter Part Description in Part C86 Old=CAP CER 10000PF 50V X7R 0402 New=10000pF ±5% 50V Ceramic Capacitor X7R 0402 (1005 Metric)
Change Value of Parameter Tolerance in Part C86 Old=10% New=5%
Change Value of Parameter Value in Part C86 Old=0.01uF 50V New=10nF
Change Value of Parameter Voltage in Part C86 Old=6.3VDC New=50V
Change Value of Parameter PART in Part C157 Old= New=10nF 50V X7R 0402
Change Value of Parameter Part Description in Part C157 Old=CAP CER 10000PF 50V X7R 0402 New=10000pF ±5% 50V Ceramic Capacitor X7R 0402 (1005 Metric)
Change Value of Parameter Tolerance in Part C157 Old=10% New=5%
Change Value of Parameter Value in Part C157 Old=0.01uF 50V New=10nF
Change Value of Parameter Voltage in Part C157 Old=6.3VDC New=50V
Change Value of Parameter PART in Part C158 Old= New=10nF 50V X7R 0402
Change Value of Parameter Part Description in Part C158 Old=CAP CER 10000PF 50V X7R 0402 New=10000pF ±5% 50V Ceramic Capacitor X7R 0402 (1005 Metric)
Change Value of Parameter Tolerance in Part C158 Old=10% New=5%
Change Value of Parameter Value in Part C158 Old=0.01uF 50V New=10nF
Change Value of Parameter Voltage in Part C158 Old=6.3VDC New=50V
Change Value of Parameter PART in Part C159 Old= New=10nF 50V X7R 0402
Change Value of Parameter Part Description in Part C159 Old=CAP CER 10000PF 50V X7R 0402 New=10000pF ±5% 50V Ceramic Capacitor X7R 0402 (1005 Metric)
Change Value of Parameter Tolerance in Part C159 Old=10% New=5%
Change Value of Parameter Value in Part C159 Old=0.01uF 50V New=10nF
Change Value of Parameter Voltage in Part C159 Old=6.3VDC New=50V
Change Value of Parameter PART in Part C160 Old= New=10nF 50V X7R 0402
Change Value of Parameter Part Description in Part C160 Old=CAP CER 10000PF 50V X7R 0402 New=10000pF ±5% 50V Ceramic Capacitor X7R 0402 (1005 Metric)
Change Value of Parameter Tolerance in Part C160 Old=10% New=5%
Change Value of Parameter Value in Part C160 Old=0.01uF 50V New=10nF
Change Value of Parameter Voltage in Part C160 Old=6.3VDC New=50V
