Removed Parameter Digikey #:490-7763-1-ND from Part C84
Removed Parameter Digikey #:490-7763-1-ND from Part C86
Removed Parameter Digikey #:490-7763-1-ND from Part C157
Removed Parameter Digikey #:490-7763-1-ND from Part C158
Removed Parameter Digikey #:490-7763-1-ND from Part C159
Removed Parameter Digikey #:490-7763-1-ND from Part C160
Removed Parameter Digikey #:1276-3432-1-ND from Part R22
Removed Parameter Digikey #:1276-3432-1-ND from Part R35
Removed Parameter Digikey #:1276-3432-1-ND from Part R63
Removed Parameter Digikey #:1276-3432-1-ND from Part R73
Removed Parameter Digikey #:1276-3432-1-ND from Part R75
Removed Parameter Digikey #:1276-3432-1-ND from Part R78
Added Parameter DISTRIBUTOR #=490-7763-1-ND to Part C84
Added Parameter DISTRIBUTOR #=490-7763-1-ND to Part C86
Added Parameter DISTRIBUTOR #=490-7763-1-ND to Part C157
Added Parameter DISTRIBUTOR #=490-7763-1-ND to Part C158
Added Parameter DISTRIBUTOR #=490-7763-1-ND to Part C159
Added Parameter DISTRIBUTOR #=490-7763-1-ND to Part C160
Added Parameter DISTRIBUTOR #=1276-3432-1-ND to Part R22
Added Parameter DISTRIBUTOR #=1276-3432-1-ND to Part R35
Added Parameter DISTRIBUTOR #=1276-3432-1-ND to Part R63
Added Parameter DISTRIBUTOR #=1276-3432-1-ND to Part R73
Added Parameter DISTRIBUTOR #=1276-3432-1-ND to Part R75
Added Parameter DISTRIBUTOR #=1276-3432-1-ND to Part R78
Added Parameter DISTRIBUTOR=Digikey to Part C84
Added Parameter DISTRIBUTOR=Digikey to Part C86
Added Parameter DISTRIBUTOR=Digikey to Part C157
Added Parameter DISTRIBUTOR=Digikey to Part C158
Added Parameter DISTRIBUTOR=Digikey to Part C159
Added Parameter DISTRIBUTOR=Digikey to Part C160
Added Parameter DISTRIBUTOR=Digikey to Part R22
Added Parameter DISTRIBUTOR=Digikey to Part R35
Added Parameter DISTRIBUTOR=Digikey to Part R63
Added Parameter DISTRIBUTOR=Digikey to Part R73
Added Parameter DISTRIBUTOR=Digikey to Part R75
Added Parameter DISTRIBUTOR=Digikey to Part R78
