Added Parameter DNI= to Part C84
Added Parameter DNI= to Part C86
Added Parameter DNI= to Part C157
Added Parameter DNI= to Part C158
Added Parameter DNI= to Part C159
Added Parameter DNI= to Part C160
Added Parameter DNI= to Part D3
Added Parameter DNI= to Part D13
Added Parameter DNI= to Part D32
Added Parameter DNI= to Part D33
Added Parameter DNI= to Part D34
Added Parameter DNI= to Part D35
Added Parameter DNI= to Part J5
Added Parameter DNI= to Part J5
Added Parameter DNI= to Part J5
Added Parameter DNI= to Part J6
Added Parameter DNI= to Part J6
Added Parameter DNI= to Part J6
Added Parameter DNI= to Part J7
Added Parameter DNI= to Part J7
Added Parameter DNI= to Part J7
Added Parameter DNI= to Part J9
Added Parameter DNI= to Part J9
Added Parameter DNI= to Part J9
Added Parameter DNI= to Part J10
Added Parameter DNI= to Part J10
Added Parameter DNI= to Part J10
Added Parameter DNI= to Part J11
Added Parameter DNI= to Part J11
Added Parameter DNI= to Part J11
Added Parameter DNI= to Part R19
Added Parameter DNI= to Part R22
Added Parameter DNI= to Part R23
Added Parameter DNI= to Part R35
Added Parameter DNI= to Part R63
Added Parameter DNI= to Part R72
Added Parameter DNI= to Part R73
Added Parameter DNI= to Part R74
Added Parameter DNI= to Part R75
Added Parameter DNI= to Part R76
Added Parameter DNI= to Part R78
Added Parameter DNI= to Part R79
Added Parameter DNI= to Part TP5
Added Parameter DNI= to Part TP6
Added Parameter DNI= to Part TP7
Added Parameter DNI= to Part TP8
Added Parameter DNI= to Part TP11
Added Parameter DNI= to Part TP17
