Change Value of Parameter EE_SPEC in Part C84 Old=EE Spec New=EE_SPEC
Change Value of Parameter MANUFACTURER in Part C84 Old=Manufacturer New=MANUFACTURER
Change Value of Parameter PART DESCRIPTION in Part C84 Old=Part Description New=PART DESCRIPTION
Change Value of Parameter TOLERANCE in Part C84 Old=Tolerance New=TOLERANCE
Change Value of Parameter VALUE in Part C84 Old=Value New=VALUE
Change Value of Parameter EE_SPEC in Part C86 Old=EE Spec New=EE_SPEC
Change Value of Parameter MANUFACTURER in Part C86 Old=Manufacturer New=MANUFACTURER
Change Value of Parameter PART DESCRIPTION in Part C86 Old=Part Description New=PART DESCRIPTION
Change Value of Parameter TOLERANCE in Part C86 Old=Tolerance New=TOLERANCE
Change Value of Parameter VALUE in Part C86 Old=Value New=VALUE
Change Value of Parameter EE_SPEC in Part C157 Old=EE Spec New=EE_SPEC
Change Value of Parameter MANUFACTURER in Part C157 Old=Manufacturer New=MANUFACTURER
Change Value of Parameter PART DESCRIPTION in Part C157 Old=Part Description New=PART DESCRIPTION
Change Value of Parameter TOLERANCE in Part C157 Old=Tolerance New=TOLERANCE
Change Value of Parameter VALUE in Part C157 Old=Value New=VALUE
Change Value of Parameter EE_SPEC in Part C158 Old=EE Spec New=EE_SPEC
Change Value of Parameter MANUFACTURER in Part C158 Old=Manufacturer New=MANUFACTURER
Change Value of Parameter PART DESCRIPTION in Part C158 Old=Part Description New=PART DESCRIPTION
Change Value of Parameter TOLERANCE in Part C158 Old=Tolerance New=TOLERANCE
Change Value of Parameter VALUE in Part C158 Old=Value New=VALUE
Change Value of Parameter EE_SPEC in Part C159 Old=EE Spec New=EE_SPEC
Change Value of Parameter MANUFACTURER in Part C159 Old=Manufacturer New=MANUFACTURER
Change Value of Parameter PART DESCRIPTION in Part C159 Old=Part Description New=PART DESCRIPTION
Change Value of Parameter TOLERANCE in Part C159 Old=Tolerance New=TOLERANCE
Change Value of Parameter VALUE in Part C159 Old=Value New=VALUE
Change Value of Parameter EE_SPEC in Part C160 Old=EE Spec New=EE_SPEC
Change Value of Parameter MANUFACTURER in Part C160 Old=Manufacturer New=MANUFACTURER
Change Value of Parameter PART DESCRIPTION in Part C160 Old=Part Description New=PART DESCRIPTION
Change Value of Parameter TOLERANCE in Part C160 Old=Tolerance New=TOLERANCE
Change Value of Parameter VALUE in Part C160 Old=Value New=VALUE
Change Value of Parameter EE_SPEC in Part D3 Old=EE Spec New=EE_SPEC
Change Value of Parameter MANUFACTURER in Part D3 Old=Manufacturer New=MANUFACTURER
Change Value of Parameter PART DESCRIPTION in Part D3 Old=Part Description New=PART DESCRIPTION
Change Value of Parameter TOLERANCE in Part D3 Old=Tolerance New=TOLERANCE
Change Value of Parameter VALUE in Part D3 Old=Value New=VALUE
Change Value of Parameter EE_SPEC in Part D13 Old=EE Spec New=EE_SPEC
Change Value of Parameter MANUFACTURER in Part D13 Old=Manufacturer New=MANUFACTURER
Change Value of Parameter PART DESCRIPTION in Part D13 Old=Part Description New=PART DESCRIPTION
Change Value of Parameter TOLERANCE in Part D13 Old=Tolerance New=TOLERANCE
Change Value of Parameter VALUE in Part D13 Old=Value New=VALUE
Change Value of Parameter EE_SPEC in Part D32 Old=EE Spec New=EE_SPEC
Change Value of Parameter MANUFACTURER in Part D32 Old=Manufacturer New=MANUFACTURER
Change Value of Parameter PART DESCRIPTION in Part D32 Old=Part Description New=PART DESCRIPTION
Change Value of Parameter TOLERANCE in Part D32 Old=Tolerance New=TOLERANCE
Change Value of Parameter VALUE in Part D32 Old=Value New=VALUE
Change Value of Parameter EE_SPEC in Part D33 Old=EE Spec New=EE_SPEC
Change Value of Parameter MANUFACTURER in Part D33 Old=Manufacturer New=MANUFACTURER
Change Value of Parameter PART DESCRIPTION in Part D33 Old=Part Description New=PART DESCRIPTION
Change Value of Parameter TOLERANCE in Part D33 Old=Tolerance New=TOLERANCE
Change Value of Parameter VALUE in Part D33 Old=Value New=VALUE
Change Value of Parameter EE_SPEC in Part D34 Old=EE Spec New=EE_SPEC
Change Value of Parameter MANUFACTURER in Part D34 Old=Manufacturer New=MANUFACTURER
Change Value of Parameter PART DESCRIPTION in Part D34 Old=Part Description New=PART DESCRIPTION
Change Value of Parameter TOLERANCE in Part D34 Old=Tolerance New=TOLERANCE
Change Value of Parameter VALUE in Part D34 Old=Value New=VALUE
Change Value of Parameter EE_SPEC in Part D35 Old=EE Spec New=EE_SPEC
Change Value of Parameter MANUFACTURER in Part D35 Old=Manufacturer New=MANUFACTURER
Change Value of Parameter PART DESCRIPTION in Part D35 Old=Part Description New=PART DESCRIPTION
Change Value of Parameter TOLERANCE in Part D35 Old=Tolerance New=TOLERANCE
Change Value of Parameter VALUE in Part D35 Old=Value New=VALUE
Change Value of Parameter EE_SPEC in Part J5 Old=EE Spec New=EE_SPEC
Change Value of Parameter MANUFACTURER in Part J5 Old=Manufacturer New=MANUFACTURER
Change Value of Parameter PART DESCRIPTION in Part J5 Old=Part Description New=PART DESCRIPTION
Change Value of Parameter TOLERANCE in Part J5 Old=Tolerance New=TOLERANCE
Change Value of Parameter VALUE in Part J5 Old=Value New=VALUE
Change Value of Parameter EE_SPEC in Part J5 Old=EE Spec New=EE_SPEC
Change Value of Parameter MANUFACTURER in Part J5 Old=Manufacturer New=MANUFACTURER
Change Value of Parameter PART DESCRIPTION in Part J5 Old=Part Description New=PART DESCRIPTION
Change Value of Parameter TOLERANCE in Part J5 Old=Tolerance New=TOLERANCE
Change Value of Parameter VALUE in Part J5 Old=Value New=VALUE
Change Value of Parameter EE_SPEC in Part J5 Old=EE Spec New=EE_SPEC
Change Value of Parameter MANUFACTURER in Part J5 Old=Manufacturer New=MANUFACTURER
Change Value of Parameter PART DESCRIPTION in Part J5 Old=Part Description New=PART DESCRIPTION
Change Value of Parameter TOLERANCE in Part J5 Old=Tolerance New=TOLERANCE
Change Value of Parameter VALUE in Part J5 Old=Value New=VALUE
Change Value of Parameter EE_SPEC in Part J6 Old=EE Spec New=EE_SPEC
Change Value of Parameter MANUFACTURER in Part J6 Old=Manufacturer New=MANUFACTURER
Change Value of Parameter PART DESCRIPTION in Part J6 Old=Part Description New=PART DESCRIPTION
Change Value of Parameter TOLERANCE in Part J6 Old=Tolerance New=TOLERANCE
Change Value of Parameter VALUE in Part J6 Old=Value New=VALUE
Change Value of Parameter EE_SPEC in Part J6 Old=EE Spec New=EE_SPEC
Change Value of Parameter MANUFACTURER in Part J6 Old=Manufacturer New=MANUFACTURER
Change Value of Parameter PART DESCRIPTION in Part J6 Old=Part Description New=PART DESCRIPTION
Change Value of Parameter TOLERANCE in Part J6 Old=Tolerance New=TOLERANCE
Change Value of Parameter VALUE in Part J6 Old=Value New=VALUE
Change Value of Parameter EE_SPEC in Part J6 Old=EE Spec New=EE_SPEC
Change Value of Parameter MANUFACTURER in Part J6 Old=Manufacturer New=MANUFACTURER
Change Value of Parameter PART DESCRIPTION in Part J6 Old=Part Description New=PART DESCRIPTION
Change Value of Parameter TOLERANCE in Part J6 Old=Tolerance New=TOLERANCE
Change Value of Parameter VALUE in Part J6 Old=Value New=VALUE
Change Value of Parameter EE_SPEC in Part J7 Old=EE Spec New=EE_SPEC
Change Value of Parameter MANUFACTURER in Part J7 Old=Manufacturer New=MANUFACTURER
Change Value of Parameter PART DESCRIPTION in Part J7 Old=Part Description New=PART DESCRIPTION
Change Value of Parameter TOLERANCE in Part J7 Old=Tolerance New=TOLERANCE
Change Value of Parameter VALUE in Part J7 Old=Value New=VALUE
Change Value of Parameter EE_SPEC in Part J7 Old=EE Spec New=EE_SPEC
Change Value of Parameter MANUFACTURER in Part J7 Old=Manufacturer New=MANUFACTURER
Change Value of Parameter PART DESCRIPTION in Part J7 Old=Part Description New=PART DESCRIPTION
Change Value of Parameter TOLERANCE in Part J7 Old=Tolerance New=TOLERANCE
Change Value of Parameter VALUE in Part J7 Old=Value New=VALUE
Change Value of Parameter EE_SPEC in Part J7 Old=EE Spec New=EE_SPEC
Change Value of Parameter MANUFACTURER in Part J7 Old=Manufacturer New=MANUFACTURER
Change Value of Parameter PART DESCRIPTION in Part J7 Old=Part Description New=PART DESCRIPTION
Change Value of Parameter TOLERANCE in Part J7 Old=Tolerance New=TOLERANCE
Change Value of Parameter VALUE in Part J7 Old=Value New=VALUE
Change Value of Parameter EE_SPEC in Part J9 Old=EE Spec New=EE_SPEC
Change Value of Parameter MANUFACTURER in Part J9 Old=Manufacturer New=MANUFACTURER
Change Value of Parameter PART DESCRIPTION in Part J9 Old=Part Description New=PART DESCRIPTION
Change Value of Parameter TOLERANCE in Part J9 Old=Tolerance New=TOLERANCE
Change Value of Parameter VALUE in Part J9 Old=Value New=VALUE
Change Value of Parameter EE_SPEC in Part J9 Old=EE Spec New=EE_SPEC
Change Value of Parameter MANUFACTURER in Part J9 Old=Manufacturer New=MANUFACTURER
Change Value of Parameter PART DESCRIPTION in Part J9 Old=Part Description New=PART DESCRIPTION
Change Value of Parameter TOLERANCE in Part J9 Old=Tolerance New=TOLERANCE
Change Value of Parameter VALUE in Part J9 Old=Value New=VALUE
Change Value of Parameter EE_SPEC in Part J9 Old=EE Spec New=EE_SPEC
Change Value of Parameter MANUFACTURER in Part J9 Old=Manufacturer New=MANUFACTURER
Change Value of Parameter PART DESCRIPTION in Part J9 Old=Part Description New=PART DESCRIPTION
Change Value of Parameter TOLERANCE in Part J9 Old=Tolerance New=TOLERANCE
Change Value of Parameter VALUE in Part J9 Old=Value New=VALUE
Change Value of Parameter EE_SPEC in Part J10 Old=EE Spec New=EE_SPEC
Change Value of Parameter MANUFACTURER in Part J10 Old=Manufacturer New=MANUFACTURER
Change Value of Parameter PART DESCRIPTION in Part J10 Old=Part Description New=PART DESCRIPTION
Change Value of Parameter TOLERANCE in Part J10 Old=Tolerance New=TOLERANCE
Change Value of Parameter VALUE in Part J10 Old=Value New=VALUE
Change Value of Parameter EE_SPEC in Part J10 Old=EE Spec New=EE_SPEC
Change Value of Parameter MANUFACTURER in Part J10 Old=Manufacturer New=MANUFACTURER
Change Value of Parameter PART DESCRIPTION in Part J10 Old=Part Description New=PART DESCRIPTION
Change Value of Parameter TOLERANCE in Part J10 Old=Tolerance New=TOLERANCE
Change Value of Parameter VALUE in Part J10 Old=Value New=VALUE
Change Value of Parameter EE_SPEC in Part J10 Old=EE Spec New=EE_SPEC
Change Value of Parameter MANUFACTURER in Part J10 Old=Manufacturer New=MANUFACTURER
Change Value of Parameter PART DESCRIPTION in Part J10 Old=Part Description New=PART DESCRIPTION
Change Value of Parameter TOLERANCE in Part J10 Old=Tolerance New=TOLERANCE
Change Value of Parameter VALUE in Part J10 Old=Value New=VALUE
Change Value of Parameter EE_SPEC in Part J11 Old=EE Spec New=EE_SPEC
Change Value of Parameter MANUFACTURER in Part J11 Old=Manufacturer New=MANUFACTURER
Change Value of Parameter PART DESCRIPTION in Part J11 Old=Part Description New=PART DESCRIPTION
Change Value of Parameter TOLERANCE in Part J11 Old=Tolerance New=TOLERANCE
Change Value of Parameter VALUE in Part J11 Old=Value New=VALUE
Change Value of Parameter EE_SPEC in Part J11 Old=EE Spec New=EE_SPEC
Change Value of Parameter MANUFACTURER in Part J11 Old=Manufacturer New=MANUFACTURER
Change Value of Parameter PART DESCRIPTION in Part J11 Old=Part Description New=PART DESCRIPTION
Change Value of Parameter TOLERANCE in Part J11 Old=Tolerance New=TOLERANCE
Change Value of Parameter VALUE in Part J11 Old=Value New=VALUE
Change Value of Parameter EE_SPEC in Part J11 Old=EE Spec New=EE_SPEC
Change Value of Parameter MANUFACTURER in Part J11 Old=Manufacturer New=MANUFACTURER
Change Value of Parameter PART DESCRIPTION in Part J11 Old=Part Description New=PART DESCRIPTION
Change Value of Parameter TOLERANCE in Part J11 Old=Tolerance New=TOLERANCE
Change Value of Parameter VALUE in Part J11 Old=Value New=VALUE
Change Value of Parameter EE_SPEC in Part R19 Old=EE Spec New=EE_SPEC
Change Value of Parameter MANUFACTURER in Part R19 Old=Manufacturer New=MANUFACTURER
Change Value of Parameter PART DESCRIPTION in Part R19 Old=Part Description New=PART DESCRIPTION
Change Value of Parameter TOLERANCE in Part R19 Old=Tolerance New=TOLERANCE
Change Value of Parameter EE_SPEC in Part R22 Old=EE Spec New=EE_SPEC
Change Value of Parameter MANUFACTURER in Part R22 Old=Manufacturer New=MANUFACTURER
Change Value of Parameter PART DESCRIPTION in Part R22 Old=Part Description New=PART DESCRIPTION
Change Value of Parameter TOLERANCE in Part R22 Old=Tolerance New=TOLERANCE
Change Value of Parameter EE_SPEC in Part R23 Old=EE Spec New=EE_SPEC
Change Value of Parameter MANUFACTURER in Part R23 Old=Manufacturer New=MANUFACTURER
Change Value of Parameter PART DESCRIPTION in Part R23 Old=Part Description New=PART DESCRIPTION
Change Value of Parameter TOLERANCE in Part R23 Old=Tolerance New=TOLERANCE
Change Value of Parameter EE_SPEC in Part R35 Old=EE Spec New=EE_SPEC
Change Value of Parameter MANUFACTURER in Part R35 Old=Manufacturer New=MANUFACTURER
Change Value of Parameter PART DESCRIPTION in Part R35 Old=Part Description New=PART DESCRIPTION
Change Value of Parameter TOLERANCE in Part R35 Old=Tolerance New=TOLERANCE
Change Value of Parameter EE_SPEC in Part R63 Old=EE Spec New=EE_SPEC
Change Value of Parameter MANUFACTURER in Part R63 Old=Manufacturer New=MANUFACTURER
Change Value of Parameter PART DESCRIPTION in Part R63 Old=Part Description New=PART DESCRIPTION
Change Value of Parameter TOLERANCE in Part R63 Old=Tolerance New=TOLERANCE
Change Value of Parameter EE_SPEC in Part R72 Old=EE Spec New=EE_SPEC
Change Value of Parameter MANUFACTURER in Part R72 Old=Manufacturer New=MANUFACTURER
Change Value of Parameter PART DESCRIPTION in Part R72 Old=Part Description New=PART DESCRIPTION
Change Value of Parameter TOLERANCE in Part R72 Old=Tolerance New=TOLERANCE
Change Value of Parameter EE_SPEC in Part R73 Old=EE Spec New=EE_SPEC
Change Value of Parameter MANUFACTURER in Part R73 Old=Manufacturer New=MANUFACTURER
Change Value of Parameter PART DESCRIPTION in Part R73 Old=Part Description New=PART DESCRIPTION
Change Value of Parameter TOLERANCE in Part R73 Old=Tolerance New=TOLERANCE
Change Value of Parameter EE_SPEC in Part R74 Old=EE Spec New=EE_SPEC
Change Value of Parameter MANUFACTURER in Part R74 Old=Manufacturer New=MANUFACTURER
Change Value of Parameter PART DESCRIPTION in Part R74 Old=Part Description New=PART DESCRIPTION
Change Value of Parameter TOLERANCE in Part R74 Old=Tolerance New=TOLERANCE
Change Value of Parameter EE_SPEC in Part R75 Old=EE Spec New=EE_SPEC
Change Value of Parameter MANUFACTURER in Part R75 Old=Manufacturer New=MANUFACTURER
Change Value of Parameter PART DESCRIPTION in Part R75 Old=Part Description New=PART DESCRIPTION
Change Value of Parameter TOLERANCE in Part R75 Old=Tolerance New=TOLERANCE
Change Value of Parameter EE_SPEC in Part R76 Old=EE Spec New=EE_SPEC
Change Value of Parameter MANUFACTURER in Part R76 Old=Manufacturer New=MANUFACTURER
Change Value of Parameter PART DESCRIPTION in Part R76 Old=Part Description New=PART DESCRIPTION
Change Value of Parameter TOLERANCE in Part R76 Old=Tolerance New=TOLERANCE
Change Value of Parameter EE_SPEC in Part R78 Old=EE Spec New=EE_SPEC
Change Value of Parameter MANUFACTURER in Part R78 Old=Manufacturer New=MANUFACTURER
Change Value of Parameter PART DESCRIPTION in Part R78 Old=Part Description New=PART DESCRIPTION
Change Value of Parameter TOLERANCE in Part R78 Old=Tolerance New=TOLERANCE
Change Value of Parameter EE_SPEC in Part R79 Old=EE Spec New=EE_SPEC
Change Value of Parameter MANUFACTURER in Part R79 Old=Manufacturer New=MANUFACTURER
Change Value of Parameter PART DESCRIPTION in Part R79 Old=Part Description New=PART DESCRIPTION
Change Value of Parameter TOLERANCE in Part R79 Old=Tolerance New=TOLERANCE
Change Value of Parameter EE_SPEC in Part TP5 Old=EE Spec New=EE_SPEC
Change Value of Parameter MANUFACTURER in Part TP5 Old=Manufacturer New=MANUFACTURER
Change Value of Parameter PART DESCRIPTION in Part TP5 Old=Part Description New=PART DESCRIPTION
Change Value of Parameter TOLERANCE in Part TP5 Old=Tolerance New=TOLERANCE
Change Value of Parameter VALUE in Part TP5 Old=Value New=VALUE
Change Value of Parameter EE_SPEC in Part TP6 Old=EE Spec New=EE_SPEC
Change Value of Parameter MANUFACTURER in Part TP6 Old=Manufacturer New=MANUFACTURER
Change Value of Parameter PART DESCRIPTION in Part TP6 Old=Part Description New=PART DESCRIPTION
Change Value of Parameter TOLERANCE in Part TP6 Old=Tolerance New=TOLERANCE
Change Value of Parameter VALUE in Part TP6 Old=Value New=VALUE
Change Value of Parameter EE_SPEC in Part TP7 Old=EE Spec New=EE_SPEC
Change Value of Parameter MANUFACTURER in Part TP7 Old=Manufacturer New=MANUFACTURER
Change Value of Parameter PART DESCRIPTION in Part TP7 Old=Part Description New=PART DESCRIPTION
Change Value of Parameter TOLERANCE in Part TP7 Old=Tolerance New=TOLERANCE
Change Value of Parameter VALUE in Part TP7 Old=Value New=VALUE
Change Value of Parameter EE_SPEC in Part TP8 Old=EE Spec New=EE_SPEC
Change Value of Parameter MANUFACTURER in Part TP8 Old=Manufacturer New=MANUFACTURER
Change Value of Parameter PART DESCRIPTION in Part TP8 Old=Part Description New=PART DESCRIPTION
Change Value of Parameter TOLERANCE in Part TP8 Old=Tolerance New=TOLERANCE
Change Value of Parameter VALUE in Part TP8 Old=Value New=VALUE
Change Value of Parameter EE_SPEC in Part TP11 Old=EE Spec New=EE_SPEC
Change Value of Parameter MANUFACTURER in Part TP11 Old=Manufacturer New=MANUFACTURER
Change Value of Parameter PART DESCRIPTION in Part TP11 Old=Part Description New=PART DESCRIPTION
Change Value of Parameter TOLERANCE in Part TP11 Old=Tolerance New=TOLERANCE
Change Value of Parameter VALUE in Part TP11 Old=Value New=VALUE
Change Value of Parameter EE_SPEC in Part TP17 Old=EE Spec New=EE_SPEC
Change Value of Parameter MANUFACTURER in Part TP17 Old=Manufacturer New=MANUFACTURER
Change Value of Parameter PART DESCRIPTION in Part TP17 Old=Part Description New=PART DESCRIPTION
Change Value of Parameter TOLERANCE in Part TP17 Old=Tolerance New=TOLERANCE
Change Value of Parameter VALUE in Part TP17 Old=Value New=VALUE
