Change Value of Parameter DISTRIBUTOR # in Part J5 Old= New=WM4801-ND
Change Value of Parameter DISTRIBUTOR in Part J5 Old= New=Digikey
Change Value of Parameter MANUFACTURER # in Part J5 Old= New=0705430002
Change Value of Parameter Manufacturer in Part J5 Old= New=Molex
Change Value of Parameter PART in Part J5 Old= New=3 Pin Conn VERT
Change Value of Parameter Part Description in Part J5 Old= New=3 Positions Header, Shrouded Connector 0.100" (2.54mm) Through Hole Gold
Change Value of Parameter Tolerance in Part J5 Old= New=-NA-
Change Value of Parameter Value in Part J5 Old= New=HDR3
Change Value of Parameter Voltage in Part J5 Old= New=-NA-
Change Value of Parameter DISTRIBUTOR # in Part J5 Old= New=WM4801-ND
Change Value of Parameter DISTRIBUTOR in Part J5 Old= New=Digikey
Change Value of Parameter MANUFACTURER # in Part J5 Old= New=0705430002
Change Value of Parameter Manufacturer in Part J5 Old= New=Molex
Change Value of Parameter PART in Part J5 Old= New=3 Pin Conn VERT
Change Value of Parameter Part Description in Part J5 Old= New=3 Positions Header, Shrouded Connector 0.100" (2.54mm) Through Hole Gold
Change Value of Parameter Tolerance in Part J5 Old= New=-NA-
Change Value of Parameter Value in Part J5 Old= New=HDR3
Change Value of Parameter Voltage in Part J5 Old= New=-NA-
Change Value of Parameter DISTRIBUTOR # in Part J5 Old= New=WM4801-ND
Change Value of Parameter DISTRIBUTOR in Part J5 Old= New=Digikey
Change Value of Parameter MANUFACTURER # in Part J5 Old= New=0705430002
Change Value of Parameter Manufacturer in Part J5 Old= New=Molex
Change Value of Parameter PART in Part J5 Old= New=3 Pin Conn VERT
Change Value of Parameter Part Description in Part J5 Old= New=3 Positions Header, Shrouded Connector 0.100" (2.54mm) Through Hole Gold
Change Value of Parameter Tolerance in Part J5 Old= New=-NA-
Change Value of Parameter Value in Part J5 Old= New=HDR3
Change Value of Parameter Voltage in Part J5 Old= New=-NA-
Change Value of Parameter DISTRIBUTOR # in Part J6 Old= New=WM4801-ND
Change Value of Parameter DISTRIBUTOR in Part J6 Old= New=Digikey
Change Value of Parameter MANUFACTURER # in Part J6 Old= New=0705430002
Change Value of Parameter Manufacturer in Part J6 Old= New=Molex
Change Value of Parameter PART in Part J6 Old= New=3 Pin Conn VERT
Change Value of Parameter Part Description in Part J6 Old= New=3 Positions Header, Shrouded Connector 0.100" (2.54mm) Through Hole Gold
Change Value of Parameter Tolerance in Part J6 Old= New=-NA-
Change Value of Parameter Value in Part J6 Old= New=HDR3
Change Value of Parameter Voltage in Part J6 Old= New=-NA-
Change Value of Parameter DISTRIBUTOR # in Part J6 Old= New=WM4801-ND
Change Value of Parameter DISTRIBUTOR in Part J6 Old= New=Digikey
Change Value of Parameter MANUFACTURER # in Part J6 Old= New=0705430002
Change Value of Parameter Manufacturer in Part J6 Old= New=Molex
Change Value of Parameter PART in Part J6 Old= New=3 Pin Conn VERT
Change Value of Parameter Part Description in Part J6 Old= New=3 Positions Header, Shrouded Connector 0.100" (2.54mm) Through Hole Gold
Change Value of Parameter Tolerance in Part J6 Old= New=-NA-
Change Value of Parameter Value in Part J6 Old= New=HDR3
Change Value of Parameter Voltage in Part J6 Old= New=-NA-
Change Value of Parameter DISTRIBUTOR # in Part J6 Old= New=WM4801-ND
Change Value of Parameter DISTRIBUTOR in Part J6 Old= New=Digikey
Change Value of Parameter MANUFACTURER # in Part J6 Old= New=0705430002
Change Value of Parameter Manufacturer in Part J6 Old= New=Molex
Change Value of Parameter PART in Part J6 Old= New=3 Pin Conn VERT
Change Value of Parameter Part Description in Part J6 Old= New=3 Positions Header, Shrouded Connector 0.100" (2.54mm) Through Hole Gold
Change Value of Parameter Tolerance in Part J6 Old= New=-NA-
Change Value of Parameter Value in Part J6 Old= New=HDR3
Change Value of Parameter Voltage in Part J6 Old= New=-NA-
Change Value of Parameter DISTRIBUTOR # in Part J7 Old= New=WM4801-ND
Change Value of Parameter DISTRIBUTOR in Part J7 Old= New=Digikey
Change Value of Parameter MANUFACTURER # in Part J7 Old= New=0705430002
Change Value of Parameter Manufacturer in Part J7 Old= New=Molex
Change Value of Parameter PART in Part J7 Old= New=3 Pin Conn VERT
Change Value of Parameter Part Description in Part J7 Old= New=3 Positions Header, Shrouded Connector 0.100" (2.54mm) Through Hole Gold
Change Value of Parameter Tolerance in Part J7 Old= New=-NA-
Change Value of Parameter Value in Part J7 Old= New=HDR3
Change Value of Parameter Voltage in Part J7 Old= New=-NA-
Change Value of Parameter DISTRIBUTOR # in Part J7 Old= New=WM4801-ND
Change Value of Parameter DISTRIBUTOR in Part J7 Old= New=Digikey
Change Value of Parameter MANUFACTURER # in Part J7 Old= New=0705430002
Change Value of Parameter Manufacturer in Part J7 Old= New=Molex
Change Value of Parameter PART in Part J7 Old= New=3 Pin Conn VERT
Change Value of Parameter Part Description in Part J7 Old= New=3 Positions Header, Shrouded Connector 0.100" (2.54mm) Through Hole Gold
Change Value of Parameter Tolerance in Part J7 Old= New=-NA-
Change Value of Parameter Value in Part J7 Old= New=HDR3
Change Value of Parameter Voltage in Part J7 Old= New=-NA-
Change Value of Parameter DISTRIBUTOR # in Part J7 Old= New=WM4801-ND
Change Value of Parameter DISTRIBUTOR in Part J7 Old= New=Digikey
Change Value of Parameter MANUFACTURER # in Part J7 Old= New=0705430002
Change Value of Parameter Manufacturer in Part J7 Old= New=Molex
Change Value of Parameter PART in Part J7 Old= New=3 Pin Conn VERT
Change Value of Parameter Part Description in Part J7 Old= New=3 Positions Header, Shrouded Connector 0.100" (2.54mm) Through Hole Gold
Change Value of Parameter Tolerance in Part J7 Old= New=-NA-
Change Value of Parameter Value in Part J7 Old= New=HDR3
Change Value of Parameter Voltage in Part J7 Old= New=-NA-
Change Value of Parameter DISTRIBUTOR # in Part J9 Old= New=WM4801-ND
Change Value of Parameter DISTRIBUTOR in Part J9 Old= New=Digikey
Change Value of Parameter MANUFACTURER # in Part J9 Old= New=0705430002
Change Value of Parameter Manufacturer in Part J9 Old= New=Molex
Change Value of Parameter PART in Part J9 Old= New=3 Pin Conn VERT
Change Value of Parameter Part Description in Part J9 Old= New=3 Positions Header, Shrouded Connector 0.100" (2.54mm) Through Hole Gold
Change Value of Parameter Tolerance in Part J9 Old= New=-NA-
Change Value of Parameter Value in Part J9 Old= New=HDR3
Change Value of Parameter Voltage in Part J9 Old= New=-NA-
Change Value of Parameter DISTRIBUTOR # in Part J9 Old= New=WM4801-ND
Change Value of Parameter DISTRIBUTOR in Part J9 Old= New=Digikey
Change Value of Parameter MANUFACTURER # in Part J9 Old= New=0705430002
Change Value of Parameter Manufacturer in Part J9 Old= New=Molex
Change Value of Parameter PART in Part J9 Old= New=3 Pin Conn VERT
Change Value of Parameter Part Description in Part J9 Old= New=3 Positions Header, Shrouded Connector 0.100" (2.54mm) Through Hole Gold
Change Value of Parameter Tolerance in Part J9 Old= New=-NA-
Change Value of Parameter Value in Part J9 Old= New=HDR3
Change Value of Parameter Voltage in Part J9 Old= New=-NA-
Change Value of Parameter DISTRIBUTOR # in Part J9 Old= New=WM4801-ND
Change Value of Parameter DISTRIBUTOR in Part J9 Old= New=Digikey
Change Value of Parameter MANUFACTURER # in Part J9 Old= New=0705430002
Change Value of Parameter Manufacturer in Part J9 Old= New=Molex
Change Value of Parameter PART in Part J9 Old= New=3 Pin Conn VERT
Change Value of Parameter Part Description in Part J9 Old= New=3 Positions Header, Shrouded Connector 0.100" (2.54mm) Through Hole Gold
Change Value of Parameter Tolerance in Part J9 Old= New=-NA-
Change Value of Parameter Value in Part J9 Old= New=HDR3
Change Value of Parameter Voltage in Part J9 Old= New=-NA-
Change Value of Parameter DISTRIBUTOR # in Part J10 Old= New=WM4801-ND
Change Value of Parameter DISTRIBUTOR in Part J10 Old= New=Digikey
Change Value of Parameter MANUFACTURER # in Part J10 Old= New=0705430002
Change Value of Parameter Manufacturer in Part J10 Old= New=Molex
Change Value of Parameter PART in Part J10 Old= New=3 Pin Conn VERT
Change Value of Parameter Part Description in Part J10 Old= New=3 Positions Header, Shrouded Connector 0.100" (2.54mm) Through Hole Gold
Change Value of Parameter Tolerance in Part J10 Old= New=-NA-
Change Value of Parameter Value in Part J10 Old= New=HDR3
Change Value of Parameter Voltage in Part J10 Old= New=-NA-
Change Value of Parameter DISTRIBUTOR # in Part J10 Old= New=WM4801-ND
Change Value of Parameter DISTRIBUTOR in Part J10 Old= New=Digikey
Change Value of Parameter MANUFACTURER # in Part J10 Old= New=0705430002
Change Value of Parameter Manufacturer in Part J10 Old= New=Molex
Change Value of Parameter PART in Part J10 Old= New=3 Pin Conn VERT
Change Value of Parameter Part Description in Part J10 Old= New=3 Positions Header, Shrouded Connector 0.100" (2.54mm) Through Hole Gold
Change Value of Parameter Tolerance in Part J10 Old= New=-NA-
Change Value of Parameter Value in Part J10 Old= New=HDR3
Change Value of Parameter Voltage in Part J10 Old= New=-NA-
Change Value of Parameter DISTRIBUTOR # in Part J10 Old= New=WM4801-ND
Change Value of Parameter DISTRIBUTOR in Part J10 Old= New=Digikey
Change Value of Parameter MANUFACTURER # in Part J10 Old= New=0705430002
Change Value of Parameter Manufacturer in Part J10 Old= New=Molex
Change Value of Parameter PART in Part J10 Old= New=3 Pin Conn VERT
Change Value of Parameter Part Description in Part J10 Old= New=3 Positions Header, Shrouded Connector 0.100" (2.54mm) Through Hole Gold
Change Value of Parameter Tolerance in Part J10 Old= New=-NA-
Change Value of Parameter Value in Part J10 Old= New=HDR3
Change Value of Parameter Voltage in Part J10 Old= New=-NA-
Change Value of Parameter DISTRIBUTOR # in Part J11 Old= New=WM4801-ND
Change Value of Parameter DISTRIBUTOR in Part J11 Old= New=Digikey
Change Value of Parameter MANUFACTURER # in Part J11 Old= New=0705430002
Change Value of Parameter Manufacturer in Part J11 Old= New=Molex
Change Value of Parameter PART in Part J11 Old= New=3 Pin Conn VERT
Change Value of Parameter Part Description in Part J11 Old= New=3 Positions Header, Shrouded Connector 0.100" (2.54mm) Through Hole Gold
Change Value of Parameter Tolerance in Part J11 Old= New=-NA-
Change Value of Parameter Value in Part J11 Old= New=HDR3
Change Value of Parameter Voltage in Part J11 Old= New=-NA-
Change Value of Parameter DISTRIBUTOR # in Part J11 Old= New=WM4801-ND
Change Value of Parameter DISTRIBUTOR in Part J11 Old= New=Digikey
Change Value of Parameter MANUFACTURER # in Part J11 Old= New=0705430002
Change Value of Parameter Manufacturer in Part J11 Old= New=Molex
Change Value of Parameter PART in Part J11 Old= New=3 Pin Conn VERT
Change Value of Parameter Part Description in Part J11 Old= New=3 Positions Header, Shrouded Connector 0.100" (2.54mm) Through Hole Gold
Change Value of Parameter Tolerance in Part J11 Old= New=-NA-
Change Value of Parameter Value in Part J11 Old= New=HDR3
Change Value of Parameter Voltage in Part J11 Old= New=-NA-
Change Value of Parameter DISTRIBUTOR # in Part J11 Old= New=WM4801-ND
Change Value of Parameter DISTRIBUTOR in Part J11 Old= New=Digikey
Change Value of Parameter MANUFACTURER # in Part J11 Old= New=0705430002
Change Value of Parameter Manufacturer in Part J11 Old= New=Molex
Change Value of Parameter PART in Part J11 Old= New=3 Pin Conn VERT
Change Value of Parameter Part Description in Part J11 Old= New=3 Positions Header, Shrouded Connector 0.100" (2.54mm) Through Hole Gold
Change Value of Parameter Tolerance in Part J11 Old= New=-NA-
Change Value of Parameter Value in Part J11 Old= New=HDR3
Change Value of Parameter Voltage in Part J11 Old= New=-NA-
