Change Value of Parameter EE Spec in Part C84 Old=Voltage New=EE Spec
Change Value of Parameter EE Spec in Part C86 Old=Voltage New=EE Spec
Change Value of Parameter EE Spec in Part C157 Old=Voltage New=EE Spec
Change Value of Parameter EE Spec in Part C158 Old=Voltage New=EE Spec
Change Value of Parameter EE Spec in Part C159 Old=Voltage New=EE Spec
Change Value of Parameter EE Spec in Part C160 Old=Voltage New=EE Spec
Change Value of Parameter EE Spec in Part D3 Old=Voltage New=EE Spec
Change Value of Parameter EE Spec in Part D13 Old=Voltage New=EE Spec
Change Value of Parameter EE Spec in Part D32 Old=Voltage New=EE Spec
Change Value of Parameter EE Spec in Part D33 Old=Voltage New=EE Spec
Change Value of Parameter EE Spec in Part D34 Old=Voltage New=EE Spec
Change Value of Parameter EE Spec in Part D35 Old=Voltage New=EE Spec
Change Value of Parameter EE Spec in Part J5 Old=Voltage New=EE Spec
Change Value of Parameter EE Spec in Part J5 Old=Voltage New=EE Spec
Change Value of Parameter EE Spec in Part J5 Old=Voltage New=EE Spec
Change Value of Parameter EE Spec in Part J6 Old=Voltage New=EE Spec
Change Value of Parameter EE Spec in Part J6 Old=Voltage New=EE Spec
Change Value of Parameter EE Spec in Part J6 Old=Voltage New=EE Spec
Change Value of Parameter EE Spec in Part J7 Old=Voltage New=EE Spec
Change Value of Parameter EE Spec in Part J7 Old=Voltage New=EE Spec
Change Value of Parameter EE Spec in Part J7 Old=Voltage New=EE Spec
Change Value of Parameter EE Spec in Part J9 Old=Voltage New=EE Spec
Change Value of Parameter EE Spec in Part J9 Old=Voltage New=EE Spec
Change Value of Parameter EE Spec in Part J9 Old=Voltage New=EE Spec
Change Value of Parameter EE Spec in Part J10 Old=Voltage New=EE Spec
Change Value of Parameter EE Spec in Part J10 Old=Voltage New=EE Spec
Change Value of Parameter EE Spec in Part J10 Old=Voltage New=EE Spec
Change Value of Parameter EE Spec in Part J11 Old=Voltage New=EE Spec
Change Value of Parameter EE Spec in Part J11 Old=Voltage New=EE Spec
Change Value of Parameter EE Spec in Part J11 Old=Voltage New=EE Spec
Change Value of Parameter EE Spec in Part R19 Old=Voltage New=EE Spec
Change Value of Parameter EE Spec in Part R22 Old=Voltage New=EE Spec
Change Value of Parameter EE Spec in Part R23 Old=Voltage New=EE Spec
Change Value of Parameter EE Spec in Part R35 Old=Voltage New=EE Spec
Change Value of Parameter EE Spec in Part R63 Old=Voltage New=EE Spec
Change Value of Parameter EE Spec in Part R72 Old=Voltage New=EE Spec
Change Value of Parameter EE Spec in Part R73 Old=Voltage New=EE Spec
Change Value of Parameter EE Spec in Part R74 Old=Voltage New=EE Spec
Change Value of Parameter EE Spec in Part R75 Old=Voltage New=EE Spec
Change Value of Parameter EE Spec in Part R76 Old=Voltage New=EE Spec
Change Value of Parameter EE Spec in Part R78 Old=Voltage New=EE Spec
Change Value of Parameter EE Spec in Part R79 Old=Voltage New=EE Spec
Change Value of Parameter EE Spec in Part TP5 Old=Voltage New=EE Spec
Change Value of Parameter EE Spec in Part TP6 Old=Voltage New=EE Spec
Change Value of Parameter EE Spec in Part TP7 Old=Voltage New=EE Spec
Change Value of Parameter EE Spec in Part TP8 Old=Voltage New=EE Spec
Change Value of Parameter EE Spec in Part TP11 Old=Voltage New=EE Spec
Change Value of Parameter EE Spec in Part TP17 Old=Voltage New=EE Spec
