Removed Parameter ComponentLink1Description: from Part J5
Removed Parameter ComponentLink1Description: from Part J5
Removed Parameter ComponentLink1Description: from Part J5
Removed Parameter ComponentLink1Description: from Part J6
Removed Parameter ComponentLink1Description: from Part J6
Removed Parameter ComponentLink1Description: from Part J6
Removed Parameter ComponentLink1Description: from Part J7
Removed Parameter ComponentLink1Description: from Part J7
Removed Parameter ComponentLink1Description: from Part J7
Removed Parameter ComponentLink1Description: from Part J9
Removed Parameter ComponentLink1Description: from Part J9
Removed Parameter ComponentLink1Description: from Part J9
Removed Parameter ComponentLink1Description: from Part J10
Removed Parameter ComponentLink1Description: from Part J10
Removed Parameter ComponentLink1Description: from Part J10
Removed Parameter ComponentLink1Description: from Part J11
Removed Parameter ComponentLink1Description: from Part J11
Removed Parameter ComponentLink1Description: from Part J11
Removed Parameter ComponentLink1Description: from Part R19
Removed Parameter ComponentLink1Description: from Part R22
Removed Parameter ComponentLink1Description: from Part R23
Removed Parameter ComponentLink1Description: from Part R35
Removed Parameter ComponentLink1Description: from Part R63
Removed Parameter ComponentLink1Description: from Part R72
Removed Parameter ComponentLink1Description: from Part R73
Removed Parameter ComponentLink1Description: from Part R74
Removed Parameter ComponentLink1Description: from Part R75
Removed Parameter ComponentLink1Description: from Part R76
Removed Parameter ComponentLink1Description: from Part R78
Removed Parameter ComponentLink1Description: from Part R79
Removed Parameter ComponentLink1URL: from Part J5
Removed Parameter ComponentLink1URL: from Part J5
Removed Parameter ComponentLink1URL: from Part J5
Removed Parameter ComponentLink1URL: from Part J6
Removed Parameter ComponentLink1URL: from Part J6
Removed Parameter ComponentLink1URL: from Part J6
Removed Parameter ComponentLink1URL: from Part J7
Removed Parameter ComponentLink1URL: from Part J7
Removed Parameter ComponentLink1URL: from Part J7
Removed Parameter ComponentLink1URL: from Part J9
Removed Parameter ComponentLink1URL: from Part J9
Removed Parameter ComponentLink1URL: from Part J9
Removed Parameter ComponentLink1URL: from Part J10
Removed Parameter ComponentLink1URL: from Part J10
Removed Parameter ComponentLink1URL: from Part J10
Removed Parameter ComponentLink1URL: from Part J11
Removed Parameter ComponentLink1URL: from Part J11
Removed Parameter ComponentLink1URL: from Part J11
Removed Parameter ComponentLink1URL: from Part R19
Removed Parameter ComponentLink1URL: from Part R22
Removed Parameter ComponentLink1URL: from Part R23
Removed Parameter ComponentLink1URL: from Part R35
Removed Parameter ComponentLink1URL: from Part R63
Removed Parameter ComponentLink1URL: from Part R72
Removed Parameter ComponentLink1URL: from Part R73
Removed Parameter ComponentLink1URL: from Part R74
Removed Parameter ComponentLink1URL: from Part R75
Removed Parameter ComponentLink1URL: from Part R76
Removed Parameter ComponentLink1URL: from Part R78
Removed Parameter ComponentLink1URL: from Part R79
Removed Parameter LastRevisionDate:23-Apr-2014 from Part J5
Removed Parameter LastRevisionDate:23-Apr-2014 from Part J5
Removed Parameter LastRevisionDate:23-Apr-2014 from Part J5
Removed Parameter LastRevisionDate:23-Apr-2014 from Part J6
Removed Parameter LastRevisionDate:23-Apr-2014 from Part J6
Removed Parameter LastRevisionDate:23-Apr-2014 from Part J6
Removed Parameter LastRevisionDate:23-Apr-2014 from Part J7
Removed Parameter LastRevisionDate:23-Apr-2014 from Part J7
Removed Parameter LastRevisionDate:23-Apr-2014 from Part J7
Removed Parameter LastRevisionDate:23-Apr-2014 from Part J9
Removed Parameter LastRevisionDate:23-Apr-2014 from Part J9
Removed Parameter LastRevisionDate:23-Apr-2014 from Part J9
Removed Parameter LastRevisionDate:23-Apr-2014 from Part J10
Removed Parameter LastRevisionDate:23-Apr-2014 from Part J10
Removed Parameter LastRevisionDate:23-Apr-2014 from Part J10
Removed Parameter LastRevisionDate:23-Apr-2014 from Part J11
Removed Parameter LastRevisionDate:23-Apr-2014 from Part J11
Removed Parameter LastRevisionDate:23-Apr-2014 from Part J11
Removed Parameter LastRevisionDate:23-Apr-2014 from Part R19
Removed Parameter LastRevisionDate:23-Apr-2014 from Part R22
Removed Parameter LastRevisionDate:23-Apr-2014 from Part R23
Removed Parameter LastRevisionDate:23-Apr-2014 from Part R35
Removed Parameter LastRevisionDate:23-Apr-2014 from Part R63
Removed Parameter LastRevisionDate:23-Apr-2014 from Part R72
Removed Parameter LastRevisionDate:23-Apr-2014 from Part R73
Removed Parameter LastRevisionDate:23-Apr-2014 from Part R74
Removed Parameter LastRevisionDate:23-Apr-2014 from Part R75
Removed Parameter LastRevisionDate:23-Apr-2014 from Part R76
Removed Parameter LastRevisionDate:23-Apr-2014 from Part R78
Removed Parameter LastRevisionDate:23-Apr-2014 from Part R79
Removed Parameter LastRevisionNote:ImportComponents from Part J5
Removed Parameter LastRevisionNote:ImportComponents from Part J5
Removed Parameter LastRevisionNote:ImportComponents from Part J5
Removed Parameter LastRevisionNote:ImportComponents from Part J6
Removed Parameter LastRevisionNote:ImportComponents from Part J6
Removed Parameter LastRevisionNote:ImportComponents from Part J6
Removed Parameter LastRevisionNote:ImportComponents from Part J7
Removed Parameter LastRevisionNote:ImportComponents from Part J7
Removed Parameter LastRevisionNote:ImportComponents from Part J7
Removed Parameter LastRevisionNote:ImportComponents from Part J9
Removed Parameter LastRevisionNote:ImportComponents from Part J9
Removed Parameter LastRevisionNote:ImportComponents from Part J9
Removed Parameter LastRevisionNote:ImportComponents from Part J10
Removed Parameter LastRevisionNote:ImportComponents from Part J10
Removed Parameter LastRevisionNote:ImportComponents from Part J10
Removed Parameter LastRevisionNote:ImportComponents from Part J11
Removed Parameter LastRevisionNote:ImportComponents from Part J11
Removed Parameter LastRevisionNote:ImportComponents from Part J11
Removed Parameter LastRevisionNote:ImportComponents from Part R19
Removed Parameter LastRevisionNote:ImportComponents from Part R22
Removed Parameter LastRevisionNote:ImportComponents from Part R23
Removed Parameter LastRevisionNote:ImportComponents from Part R35
Removed Parameter LastRevisionNote:ImportComponents from Part R63
Removed Parameter LastRevisionNote:ImportComponents from Part R72
Removed Parameter LastRevisionNote:ImportComponents from Part R73
Removed Parameter LastRevisionNote:ImportComponents from Part R74
Removed Parameter LastRevisionNote:ImportComponents from Part R75
Removed Parameter LastRevisionNote:ImportComponents from Part R76
Removed Parameter LastRevisionNote:ImportComponents from Part R78
Removed Parameter LastRevisionNote:ImportComponents from Part R79
Removed Parameter Published:10 - Dec - 2014 from Part C84
Removed Parameter Published:10 - Dec - 2014 from Part C86
Removed Parameter Published:10 - Dec - 2014 from Part C157
Removed Parameter Published:10 - Dec - 2014 from Part C158
Removed Parameter Published:10 - Dec - 2014 from Part C159
Removed Parameter Published:10 - Dec - 2014 from Part C160
Removed Parameter Published:23-Apr-2014 from Part J5
Removed Parameter Published:23-Apr-2014 from Part J5
Removed Parameter Published:23-Apr-2014 from Part J5
Removed Parameter Published:23-Apr-2014 from Part J6
Removed Parameter Published:23-Apr-2014 from Part J6
Removed Parameter Published:23-Apr-2014 from Part J6
Removed Parameter Published:23-Apr-2014 from Part J7
Removed Parameter Published:23-Apr-2014 from Part J7
Removed Parameter Published:23-Apr-2014 from Part J7
Removed Parameter Published:23-Apr-2014 from Part J9
Removed Parameter Published:23-Apr-2014 from Part J9
Removed Parameter Published:23-Apr-2014 from Part J9
Removed Parameter Published:23-Apr-2014 from Part J10
Removed Parameter Published:23-Apr-2014 from Part J10
Removed Parameter Published:23-Apr-2014 from Part J10
Removed Parameter Published:23-Apr-2014 from Part J11
Removed Parameter Published:23-Apr-2014 from Part J11
Removed Parameter Published:23-Apr-2014 from Part J11
Removed Parameter Published:23-Apr-2014 from Part R19
Removed Parameter Published:23-Apr-2014 from Part R22
Removed Parameter Published:23-Apr-2014 from Part R23
Removed Parameter Published:23-Apr-2014 from Part R35
Removed Parameter Published:23-Apr-2014 from Part R63
Removed Parameter Published:23-Apr-2014 from Part R72
Removed Parameter Published:23-Apr-2014 from Part R73
Removed Parameter Published:23-Apr-2014 from Part R74
Removed Parameter Published:23-Apr-2014 from Part R75
Removed Parameter Published:23-Apr-2014 from Part R76
Removed Parameter Published:23-Apr-2014 from Part R78
Removed Parameter Published:23-Apr-2014 from Part R79
Removed Parameter Publisher:Altium Limited from Part TP5
Removed Parameter Publisher:Altium Limited from Part TP6
Removed Parameter Publisher:Altium Limited from Part TP7
Removed Parameter Publisher:Altium Limited from Part TP8
Removed Parameter Publisher:Altium Limited from Part TP11
Removed Parameter Publisher:Altium Limited from Part TP17
Removed Parameter Publisher:Ultimachine from Part C84
Removed Parameter Publisher:Ultimachine from Part C86
Removed Parameter Publisher:Ultimachine from Part C157
Removed Parameter Publisher:Ultimachine from Part C158
Removed Parameter Publisher:Ultimachine from Part C159
Removed Parameter Publisher:Ultimachine from Part C160
Removed Parameter Publisher:UltiMachine from Part J5
Removed Parameter Publisher:UltiMachine from Part J5
Removed Parameter Publisher:UltiMachine from Part J5
Removed Parameter Publisher:UltiMachine from Part J6
Removed Parameter Publisher:UltiMachine from Part J6
Removed Parameter Publisher:UltiMachine from Part J6
Removed Parameter Publisher:UltiMachine from Part J7
Removed Parameter Publisher:UltiMachine from Part J7
Removed Parameter Publisher:UltiMachine from Part J7
Removed Parameter Publisher:UltiMachine from Part J9
Removed Parameter Publisher:UltiMachine from Part J9
Removed Parameter Publisher:UltiMachine from Part J9
Removed Parameter Publisher:UltiMachine from Part J10
Removed Parameter Publisher:UltiMachine from Part J10
Removed Parameter Publisher:UltiMachine from Part J10
Removed Parameter Publisher:UltiMachine from Part J11
Removed Parameter Publisher:UltiMachine from Part J11
Removed Parameter Publisher:UltiMachine from Part J11
Removed Parameter Publisher:UltiMachine from Part R19
Removed Parameter Publisher:UltiMachine from Part R22
Removed Parameter Publisher:UltiMachine from Part R23
Removed Parameter Publisher:UltiMachine from Part R35
Removed Parameter Publisher:UltiMachine from Part R63
Removed Parameter Publisher:UltiMachine from Part R72
Removed Parameter Publisher:UltiMachine from Part R73
Removed Parameter Publisher:UltiMachine from Part R74
Removed Parameter Publisher:UltiMachine from Part R75
Removed Parameter Publisher:UltiMachine from Part R76
Removed Parameter Publisher:UltiMachine from Part R78
Removed Parameter Publisher:UltiMachine from Part R79
