Change Value of Parameter DISTRIBUTOR # in Part R19 Old= New=311-1.00KLRTR-ND
Change Value of Parameter DISTRIBUTOR in Part R19 Old= New=Digikey
Change Value of Parameter MANUFACTURER # in Part R19 Old= New=RC0402FR-071KL
Change Value of Parameter Manufacturer in Part R19 Old= New=Yageo
Change Value of Parameter PART in Part R19 Old= New=1k 1% 0402
Change Value of Parameter Part Description in Part R19 Old= New=1k Ohm ±1% 0.063W, 1/16W Chip Resistor 0402 (1005 Metric) Moisture Resistant Thick Film
Change Value of Parameter Tolerance in Part R19 Old= New=1%
Change Value of Parameter Voltage in Part R19 Old= New=1/16W
Change Value of Parameter DISTRIBUTOR # in Part R23 Old= New=311-1.00KLRTR-ND
Change Value of Parameter DISTRIBUTOR in Part R23 Old= New=Digikey
Change Value of Parameter MANUFACTURER # in Part R23 Old= New=RC0402FR-071KL
Change Value of Parameter Manufacturer in Part R23 Old= New=Yageo
Change Value of Parameter PART in Part R23 Old= New=1k 1% 0402
Change Value of Parameter Part Description in Part R23 Old= New=1k Ohm ±1% 0.063W, 1/16W Chip Resistor 0402 (1005 Metric) Moisture Resistant Thick Film
Change Value of Parameter Tolerance in Part R23 Old= New=1%
Change Value of Parameter Voltage in Part R23 Old= New=1/16W
Change Value of Parameter DISTRIBUTOR # in Part R72 Old= New=311-1.00KLRTR-ND
Change Value of Parameter DISTRIBUTOR in Part R72 Old= New=Digikey
Change Value of Parameter MANUFACTURER # in Part R72 Old= New=RC0402FR-071KL
Change Value of Parameter Manufacturer in Part R72 Old= New=Yageo
Change Value of Parameter PART in Part R72 Old= New=1k 1% 0402
Change Value of Parameter Part Description in Part R72 Old= New=1k Ohm ±1% 0.063W, 1/16W Chip Resistor 0402 (1005 Metric) Moisture Resistant Thick Film
Change Value of Parameter Tolerance in Part R72 Old= New=1%
Change Value of Parameter Voltage in Part R72 Old= New=1/16W
Change Value of Parameter DISTRIBUTOR # in Part R74 Old= New=311-1.00KLRTR-ND
Change Value of Parameter DISTRIBUTOR in Part R74 Old= New=Digikey
Change Value of Parameter MANUFACTURER # in Part R74 Old= New=RC0402FR-071KL
Change Value of Parameter Manufacturer in Part R74 Old= New=Yageo
Change Value of Parameter PART in Part R74 Old= New=1k 1% 0402
Change Value of Parameter Part Description in Part R74 Old= New=1k Ohm ±1% 0.063W, 1/16W Chip Resistor 0402 (1005 Metric) Moisture Resistant Thick Film
Change Value of Parameter Tolerance in Part R74 Old= New=1%
Change Value of Parameter Voltage in Part R74 Old= New=1/16W
Change Value of Parameter DISTRIBUTOR # in Part R76 Old= New=311-1.00KLRTR-ND
Change Value of Parameter DISTRIBUTOR in Part R76 Old= New=Digikey
Change Value of Parameter MANUFACTURER # in Part R76 Old= New=RC0402FR-071KL
Change Value of Parameter Manufacturer in Part R76 Old= New=Yageo
Change Value of Parameter PART in Part R76 Old= New=1k 1% 0402
Change Value of Parameter Part Description in Part R76 Old= New=1k Ohm ±1% 0.063W, 1/16W Chip Resistor 0402 (1005 Metric) Moisture Resistant Thick Film
Change Value of Parameter Tolerance in Part R76 Old= New=1%
Change Value of Parameter Voltage in Part R76 Old= New=1/16W
Change Value of Parameter DISTRIBUTOR # in Part R79 Old= New=311-1.00KLRTR-ND
Change Value of Parameter DISTRIBUTOR in Part R79 Old= New=Digikey
Change Value of Parameter MANUFACTURER # in Part R79 Old= New=RC0402FR-071KL
Change Value of Parameter Manufacturer in Part R79 Old= New=Yageo
Change Value of Parameter PART in Part R79 Old= New=1k 1% 0402
Change Value of Parameter Part Description in Part R79 Old= New=1k Ohm ±1% 0.063W, 1/16W Chip Resistor 0402 (1005 Metric) Moisture Resistant Thick Film
Change Value of Parameter Tolerance in Part R79 Old= New=1%
Change Value of Parameter Voltage in Part R79 Old= New=1/16W
