Change Value of Parameter DISTRIBUTOR # in Part C66 Old= New=490-3261-2-ND
Change Value of Parameter DISTRIBUTOR in Part C66 Old= New=Digikey
Change Value of Parameter Manufacturer in Part C66 Old= New=Murata
Change Value of Parameter PART in Part C66 Old= New=0.1uF 16V X7R 0402
Change Value of Parameter Part Description in Part C66 Old= New=0.10µF ±10% 16V Ceramic Capacitor X7R 0402 (1005 Metric)
Change Value of Parameter Tolerance in Part C66 Old= New=10%
Change Value of Parameter Voltage in Part C66 Old= New=16V
Change Value of Parameter DISTRIBUTOR # in Part C71 Old= New=490-3261-2-ND
Change Value of Parameter DISTRIBUTOR in Part C71 Old= New=Digikey
Change Value of Parameter Manufacturer in Part C71 Old= New=Murata
Change Value of Parameter PART in Part C71 Old= New=0.1uF 16V X7R 0402
Change Value of Parameter Part Description in Part C71 Old= New=0.10µF ±10% 16V Ceramic Capacitor X7R 0402 (1005 Metric)
Change Value of Parameter Tolerance in Part C71 Old= New=10%
Change Value of Parameter Voltage in Part C71 Old= New=16V
Change Value of Parameter DISTRIBUTOR # in Part C82 Old= New=490-3261-2-ND
Change Value of Parameter DISTRIBUTOR in Part C82 Old= New=Digikey
Change Value of Parameter Manufacturer in Part C82 Old= New=Murata
Change Value of Parameter PART in Part C82 Old= New=0.1uF 16V X7R 0402
Change Value of Parameter Part Description in Part C82 Old= New=0.10µF ±10% 16V Ceramic Capacitor X7R 0402 (1005 Metric)
Change Value of Parameter Tolerance in Part C82 Old= New=10%
Change Value of Parameter Voltage in Part C82 Old= New=16V
Change Value of Parameter DISTRIBUTOR # in Part C164 Old= New=490-3261-2-ND
Change Value of Parameter DISTRIBUTOR in Part C164 Old= New=Digikey
Change Value of Parameter Manufacturer in Part C164 Old= New=Murata
Change Value of Parameter PART in Part C164 Old= New=0.1uF 16V X7R 0402
Change Value of Parameter Part Description in Part C164 Old= New=0.10µF ±10% 16V Ceramic Capacitor X7R 0402 (1005 Metric)
Change Value of Parameter Tolerance in Part C164 Old= New=10%
Change Value of Parameter Voltage in Part C164 Old= New=16V
Change Value of Parameter DISTRIBUTOR # in Part C165 Old= New=490-3261-2-ND
Change Value of Parameter DISTRIBUTOR in Part C165 Old= New=Digikey
Change Value of Parameter Manufacturer in Part C165 Old= New=Murata
Change Value of Parameter PART in Part C165 Old= New=0.1uF 16V X7R 0402
Change Value of Parameter Part Description in Part C165 Old= New=0.10µF ±10% 16V Ceramic Capacitor X7R 0402 (1005 Metric)
Change Value of Parameter Tolerance in Part C165 Old= New=10%
Change Value of Parameter Voltage in Part C165 Old= New=16V
Change Value of Parameter DISTRIBUTOR # in Part C166 Old= New=490-3261-2-ND
Change Value of Parameter DISTRIBUTOR in Part C166 Old= New=Digikey
Change Value of Parameter Manufacturer in Part C166 Old= New=Murata
Change Value of Parameter PART in Part C166 Old= New=0.1uF 16V X7R 0402
Change Value of Parameter Part Description in Part C166 Old= New=0.10µF ±10% 16V Ceramic Capacitor X7R 0402 (1005 Metric)
Change Value of Parameter Tolerance in Part C166 Old= New=10%
Change Value of Parameter Voltage in Part C166 Old= New=16V
Change Value of Parameter DISTRIBUTOR # in Part C167 Old= New=490-3261-2-ND
Change Value of Parameter DISTRIBUTOR in Part C167 Old= New=Digikey
Change Value of Parameter Manufacturer in Part C167 Old= New=Murata
Change Value of Parameter PART in Part C167 Old= New=0.1uF 16V X7R 0402
Change Value of Parameter Part Description in Part C167 Old= New=0.10µF ±10% 16V Ceramic Capacitor X7R 0402 (1005 Metric)
Change Value of Parameter Tolerance in Part C167 Old= New=10%
Change Value of Parameter Voltage in Part C167 Old= New=16V
