Removed Parameter ComponentLink1Description:Datasheet for B3F-31XX from Part S1
Removed Parameter ComponentLink1Description: from Part C66
Removed Parameter ComponentLink1Description: from Part C71
Removed Parameter ComponentLink1Description: from Part C82
Removed Parameter ComponentLink1Description: from Part C164
Removed Parameter ComponentLink1Description: from Part C165
Removed Parameter ComponentLink1Description: from Part C166
Removed Parameter ComponentLink1Description: from Part C167
Removed Parameter ComponentLink1Description: from Part D24
Removed Parameter ComponentLink1Description: from Part D25
Removed Parameter ComponentLink1Description: from Part J19
Removed Parameter ComponentLink1Description: from Part J19
Removed Parameter ComponentLink1Description: from Part J19
Removed Parameter ComponentLink1Description: from Part J19
Removed Parameter ComponentLink1Description: from Part J19
Removed Parameter ComponentLink1Description: from Part R31
Removed Parameter ComponentLink1Description: from Part R34
Removed Parameter ComponentLink1Description: from Part R36
Removed Parameter ComponentLink1Description: from Part R37
Removed Parameter ComponentLink1Description: from Part R38
Removed Parameter ComponentLink1Description: from Part R40
Removed Parameter ComponentLink1Description: from Part R41
Removed Parameter ComponentLink1Description: from Part R64
Removed Parameter ComponentLink1Description: from Part R65
Removed Parameter ComponentLink1Description: from Part R67
Removed Parameter ComponentLink1Description: from Part R68
Removed Parameter ComponentLink1Description: from Part R69
Removed Parameter ComponentLink1Description: from Part R70
Removed Parameter ComponentLink1Description: from Part R71
Removed Parameter ComponentLink1Description: from Part R77
Removed Parameter ComponentLink1Description: from Part R82
Removed Parameter ComponentLink1Description: from Part R83
Removed Parameter ComponentLink1Description: from Part R85
Removed Parameter ComponentLink1Description: from Part R96
Removed Parameter ComponentLink1Description: from Part R97
Removed Parameter ComponentLink1Description: from Part R98
Removed Parameter ComponentLink1Description: from Part R99
Removed Parameter ComponentLink1Description: from Part R101
Removed Parameter ComponentLink1Description: from Part R109
Removed Parameter ComponentLink1Description: from Part R114
Removed Parameter ComponentLink1Description: from Part R120
Removed Parameter ComponentLink1Description: from Part R133
Removed Parameter ComponentLink1Description: from Part R134
Removed Parameter ComponentLink1Description: from Part R135
Removed Parameter ComponentLink1Description: from Part R136
Removed Parameter ComponentLink1Description: from Part R137
Removed Parameter ComponentLink1Description: from Part R138
Removed Parameter ComponentLink1Description: from Part R139
Removed Parameter ComponentLink1Description: from Part R140
Removed Parameter ComponentLink1Description: from Part R141
Removed Parameter ComponentLink1Description: from Part R142
Removed Parameter ComponentLink1Description: from Part R143
Removed Parameter ComponentLink1Description: from Part R144
Removed Parameter ComponentLink1Description: from Part R145
Removed Parameter ComponentLink1URL: from Part C66
Removed Parameter ComponentLink1URL: from Part C71
Removed Parameter ComponentLink1URL: from Part C82
Removed Parameter ComponentLink1URL: from Part C164
Removed Parameter ComponentLink1URL: from Part C165
Removed Parameter ComponentLink1URL: from Part C166
Removed Parameter ComponentLink1URL: from Part C167
Removed Parameter ComponentLink1URL: from Part D24
Removed Parameter ComponentLink1URL: from Part D25
Removed Parameter ComponentLink1URL: from Part J19
Removed Parameter ComponentLink1URL: from Part J19
Removed Parameter ComponentLink1URL: from Part J19
Removed Parameter ComponentLink1URL: from Part J19
Removed Parameter ComponentLink1URL: from Part J19
Removed Parameter ComponentLink1URL: from Part R31
Removed Parameter ComponentLink1URL: from Part R34
Removed Parameter ComponentLink1URL: from Part R36
Removed Parameter ComponentLink1URL: from Part R37
Removed Parameter ComponentLink1URL: from Part R38
Removed Parameter ComponentLink1URL: from Part R40
Removed Parameter ComponentLink1URL: from Part R41
Removed Parameter ComponentLink1URL: from Part R64
Removed Parameter ComponentLink1URL: from Part R65
Removed Parameter ComponentLink1URL: from Part R67
Removed Parameter ComponentLink1URL: from Part R68
Removed Parameter ComponentLink1URL: from Part R69
Removed Parameter ComponentLink1URL: from Part R70
Removed Parameter ComponentLink1URL: from Part R71
Removed Parameter ComponentLink1URL: from Part R77
Removed Parameter ComponentLink1URL: from Part R82
Removed Parameter ComponentLink1URL: from Part R83
Removed Parameter ComponentLink1URL: from Part R85
Removed Parameter ComponentLink1URL: from Part R96
Removed Parameter ComponentLink1URL: from Part R97
Removed Parameter ComponentLink1URL: from Part R98
Removed Parameter ComponentLink1URL: from Part R99
Removed Parameter ComponentLink1URL: from Part R101
Removed Parameter ComponentLink1URL: from Part R109
Removed Parameter ComponentLink1URL: from Part R114
Removed Parameter ComponentLink1URL: from Part R120
Removed Parameter ComponentLink1URL: from Part R133
Removed Parameter ComponentLink1URL: from Part R134
Removed Parameter ComponentLink1URL: from Part R135
Removed Parameter ComponentLink1URL: from Part R136
Removed Parameter ComponentLink1URL: from Part R137
Removed Parameter ComponentLink1URL: from Part R138
Removed Parameter ComponentLink1URL: from Part R139
Removed Parameter ComponentLink1URL: from Part R140
Removed Parameter ComponentLink1URL: from Part R141
Removed Parameter ComponentLink1URL: from Part R142
Removed Parameter ComponentLink1URL: from Part R143
Removed Parameter ComponentLink1URL: from Part R144
Removed Parameter ComponentLink1URL: from Part R145
Removed Parameter ComponentLink1URL:http://www.te.com/commerce/DocumentDelivery/DDEController?Action=srchrtrv&DocNm=1571610&DocType=Customer+Drawing&DocLang=English from Part S1
Removed Parameter LastRevisionDate:23-Apr-2014 from Part C66
Removed Parameter LastRevisionDate:23-Apr-2014 from Part C71
Removed Parameter LastRevisionDate:23-Apr-2014 from Part C82
Removed Parameter LastRevisionDate:23-Apr-2014 from Part C164
Removed Parameter LastRevisionDate:23-Apr-2014 from Part C165
Removed Parameter LastRevisionDate:23-Apr-2014 from Part C166
Removed Parameter LastRevisionDate:23-Apr-2014 from Part C167
Removed Parameter LastRevisionDate:23-Apr-2014 from Part D24
Removed Parameter LastRevisionDate:23-Apr-2014 from Part D25
Removed Parameter LastRevisionDate:23-Apr-2014 from Part J19
Removed Parameter LastRevisionDate:23-Apr-2014 from Part J19
Removed Parameter LastRevisionDate:23-Apr-2014 from Part J19
Removed Parameter LastRevisionDate:23-Apr-2014 from Part J19
Removed Parameter LastRevisionDate:23-Apr-2014 from Part J19
Removed Parameter LastRevisionDate:23-Apr-2014 from Part R31
Removed Parameter LastRevisionDate:23-Apr-2014 from Part R34
Removed Parameter LastRevisionDate:23-Apr-2014 from Part R36
Removed Parameter LastRevisionDate:23-Apr-2014 from Part R37
Removed Parameter LastRevisionDate:23-Apr-2014 from Part R38
Removed Parameter LastRevisionDate:23-Apr-2014 from Part R40
Removed Parameter LastRevisionDate:23-Apr-2014 from Part R41
Removed Parameter LastRevisionDate:23-Apr-2014 from Part R64
Removed Parameter LastRevisionDate:23-Apr-2014 from Part R65
Removed Parameter LastRevisionDate:23-Apr-2014 from Part R67
Removed Parameter LastRevisionDate:23-Apr-2014 from Part R68
Removed Parameter LastRevisionDate:23-Apr-2014 from Part R69
Removed Parameter LastRevisionDate:23-Apr-2014 from Part R70
Removed Parameter LastRevisionDate:23-Apr-2014 from Part R71
Removed Parameter LastRevisionDate:23-Apr-2014 from Part R77
Removed Parameter LastRevisionDate:23-Apr-2014 from Part R82
Removed Parameter LastRevisionDate:23-Apr-2014 from Part R83
Removed Parameter LastRevisionDate:23-Apr-2014 from Part R85
Removed Parameter LastRevisionDate:23-Apr-2014 from Part R96
Removed Parameter LastRevisionDate:23-Apr-2014 from Part R97
Removed Parameter LastRevisionDate:23-Apr-2014 from Part R98
Removed Parameter LastRevisionDate:23-Apr-2014 from Part R99
Removed Parameter LastRevisionDate:23-Apr-2014 from Part R101
Removed Parameter LastRevisionDate:23-Apr-2014 from Part R109
Removed Parameter LastRevisionDate:23-Apr-2014 from Part R114
Removed Parameter LastRevisionDate:23-Apr-2014 from Part R120
Removed Parameter LastRevisionDate:23-Apr-2014 from Part R133
Removed Parameter LastRevisionDate:23-Apr-2014 from Part R134
Removed Parameter LastRevisionDate:23-Apr-2014 from Part R135
Removed Parameter LastRevisionDate:23-Apr-2014 from Part R136
Removed Parameter LastRevisionDate:23-Apr-2014 from Part R137
Removed Parameter LastRevisionDate:23-Apr-2014 from Part R138
Removed Parameter LastRevisionDate:23-Apr-2014 from Part R139
Removed Parameter LastRevisionDate:23-Apr-2014 from Part R140
Removed Parameter LastRevisionDate:23-Apr-2014 from Part R141
Removed Parameter LastRevisionDate:23-Apr-2014 from Part R142
Removed Parameter LastRevisionDate:23-Apr-2014 from Part R143
Removed Parameter LastRevisionDate:23-Apr-2014 from Part R144
Removed Parameter LastRevisionDate:23-Apr-2014 from Part R145
Removed Parameter LastRevisionDate:23-Apr-2014 from Part S1
Removed Parameter LastRevisionNote:ImportComponents from Part C66
Removed Parameter LastRevisionNote:ImportComponents from Part C71
Removed Parameter LastRevisionNote:ImportComponents from Part C82
Removed Parameter LastRevisionNote:ImportComponents from Part C164
Removed Parameter LastRevisionNote:ImportComponents from Part C165
Removed Parameter LastRevisionNote:ImportComponents from Part C166
Removed Parameter LastRevisionNote:ImportComponents from Part C167
Removed Parameter LastRevisionNote:ImportComponents from Part D24
Removed Parameter LastRevisionNote:ImportComponents from Part D25
Removed Parameter LastRevisionNote:ImportComponents from Part J19
Removed Parameter LastRevisionNote:ImportComponents from Part J19
Removed Parameter LastRevisionNote:ImportComponents from Part J19
Removed Parameter LastRevisionNote:ImportComponents from Part J19
Removed Parameter LastRevisionNote:ImportComponents from Part J19
Removed Parameter LastRevisionNote:ImportComponents from Part R31
Removed Parameter LastRevisionNote:ImportComponents from Part R34
Removed Parameter LastRevisionNote:ImportComponents from Part R36
Removed Parameter LastRevisionNote:ImportComponents from Part R37
Removed Parameter LastRevisionNote:ImportComponents from Part R38
Removed Parameter LastRevisionNote:ImportComponents from Part R40
Removed Parameter LastRevisionNote:ImportComponents from Part R41
Removed Parameter LastRevisionNote:ImportComponents from Part R64
Removed Parameter LastRevisionNote:ImportComponents from Part R65
Removed Parameter LastRevisionNote:ImportComponents from Part R67
Removed Parameter LastRevisionNote:ImportComponents from Part R68
Removed Parameter LastRevisionNote:ImportComponents from Part R69
Removed Parameter LastRevisionNote:ImportComponents from Part R70
Removed Parameter LastRevisionNote:ImportComponents from Part R71
Removed Parameter LastRevisionNote:ImportComponents from Part R77
Removed Parameter LastRevisionNote:ImportComponents from Part R82
Removed Parameter LastRevisionNote:ImportComponents from Part R83
Removed Parameter LastRevisionNote:ImportComponents from Part R85
Removed Parameter LastRevisionNote:ImportComponents from Part R96
Removed Parameter LastRevisionNote:ImportComponents from Part R97
Removed Parameter LastRevisionNote:ImportComponents from Part R98
Removed Parameter LastRevisionNote:ImportComponents from Part R99
Removed Parameter LastRevisionNote:ImportComponents from Part R101
Removed Parameter LastRevisionNote:ImportComponents from Part R109
Removed Parameter LastRevisionNote:ImportComponents from Part R114
Removed Parameter LastRevisionNote:ImportComponents from Part R120
Removed Parameter LastRevisionNote:ImportComponents from Part R133
Removed Parameter LastRevisionNote:ImportComponents from Part R134
Removed Parameter LastRevisionNote:ImportComponents from Part R135
Removed Parameter LastRevisionNote:ImportComponents from Part R136
Removed Parameter LastRevisionNote:ImportComponents from Part R137
Removed Parameter LastRevisionNote:ImportComponents from Part R138
Removed Parameter LastRevisionNote:ImportComponents from Part R139
Removed Parameter LastRevisionNote:ImportComponents from Part R140
Removed Parameter LastRevisionNote:ImportComponents from Part R141
Removed Parameter LastRevisionNote:ImportComponents from Part R142
Removed Parameter LastRevisionNote:ImportComponents from Part R143
Removed Parameter LastRevisionNote:ImportComponents from Part R144
Removed Parameter LastRevisionNote:ImportComponents from Part R145
Removed Parameter LastRevisionNote:Import from Part S1
Removed Parameter Published:10 - Dec - 2014 from Part C40
Removed Parameter Published:10 - Dec - 2014 from Part C70
Removed Parameter Published:10 - Dec - 2014 from Part C171
Removed Parameter Published:23-Apr-2014 from Part C66
Removed Parameter Published:23-Apr-2014 from Part C71
Removed Parameter Published:23-Apr-2014 from Part C82
Removed Parameter Published:23-Apr-2014 from Part C164
Removed Parameter Published:23-Apr-2014 from Part C165
Removed Parameter Published:23-Apr-2014 from Part C166
Removed Parameter Published:23-Apr-2014 from Part C167
Removed Parameter Published:23-Apr-2014 from Part D24
Removed Parameter Published:23-Apr-2014 from Part D25
Removed Parameter Published:23-Apr-2014 from Part J19
Removed Parameter Published:23-Apr-2014 from Part J19
Removed Parameter Published:23-Apr-2014 from Part J19
Removed Parameter Published:23-Apr-2014 from Part J19
Removed Parameter Published:23-Apr-2014 from Part J19
Removed Parameter Published:23-Apr-2014 from Part R31
Removed Parameter Published:23-Apr-2014 from Part R34
Removed Parameter Published:23-Apr-2014 from Part R36
Removed Parameter Published:23-Apr-2014 from Part R37
Removed Parameter Published:23-Apr-2014 from Part R38
Removed Parameter Published:23-Apr-2014 from Part R40
Removed Parameter Published:23-Apr-2014 from Part R41
Removed Parameter Published:23-Apr-2014 from Part R64
Removed Parameter Published:23-Apr-2014 from Part R65
Removed Parameter Published:23-Apr-2014 from Part R67
Removed Parameter Published:23-Apr-2014 from Part R68
Removed Parameter Published:23-Apr-2014 from Part R69
Removed Parameter Published:23-Apr-2014 from Part R70
Removed Parameter Published:23-Apr-2014 from Part R71
Removed Parameter Published:23-Apr-2014 from Part R77
Removed Parameter Published:23-Apr-2014 from Part R82
Removed Parameter Published:23-Apr-2014 from Part R83
Removed Parameter Published:23-Apr-2014 from Part R85
Removed Parameter Published:23-Apr-2014 from Part R96
Removed Parameter Published:23-Apr-2014 from Part R97
Removed Parameter Published:23-Apr-2014 from Part R98
Removed Parameter Published:23-Apr-2014 from Part R99
Removed Parameter Published:23-Apr-2014 from Part R101
Removed Parameter Published:23-Apr-2014 from Part R109
Removed Parameter Published:23-Apr-2014 from Part R114
Removed Parameter Published:23-Apr-2014 from Part R120
Removed Parameter Published:23-Apr-2014 from Part R133
Removed Parameter Published:23-Apr-2014 from Part R134
Removed Parameter Published:23-Apr-2014 from Part R135
Removed Parameter Published:23-Apr-2014 from Part R136
Removed Parameter Published:23-Apr-2014 from Part R137
Removed Parameter Published:23-Apr-2014 from Part R138
Removed Parameter Published:23-Apr-2014 from Part R139
Removed Parameter Published:23-Apr-2014 from Part R140
Removed Parameter Published:23-Apr-2014 from Part R141
Removed Parameter Published:23-Apr-2014 from Part R142
Removed Parameter Published:23-Apr-2014 from Part R143
Removed Parameter Published:23-Apr-2014 from Part R144
Removed Parameter Published:23-Apr-2014 from Part R145
Removed Parameter Published:23-Apr-2014 from Part S1
Removed Parameter Publisher:Altium Limited from Part J12
Removed Parameter Publisher:Altium Limited from Part J13
Removed Parameter Publisher:Altium Limited from Part J20
Removed Parameter Publisher:Altium Limited from Part TP13
Removed Parameter Publisher:Altium Limited from Part TP14
Removed Parameter Publisher:Altium Limited from Part TP15
Removed Parameter Publisher:Altium Limited from Part TP16
Removed Parameter Publisher:Altium Limited from Part TP20
Removed Parameter Publisher:Altium Limited from Part TP21
Removed Parameter Publisher:Altium Limited from Part TP22
Removed Parameter Publisher:Altium Limited from Part TP49
Removed Parameter Publisher:Altium Limited from Part TP50
Removed Parameter Publisher:Altium Limited from Part TP52
Removed Parameter Publisher:Altium Limited from Part TP53
Removed Parameter Publisher:Altium Limited from Part TP54
Removed Parameter Publisher:Altium Limited from Part TP56
Removed Parameter Publisher:Altium Limited from Part TP74
Removed Parameter Publisher:Altium Limited from Part TP75
Removed Parameter Publisher:Altium Limited from Part TP76
Removed Parameter Publisher:Altium Limited from Part TP77
Removed Parameter Publisher:Altium Limited from Part TP78
Removed Parameter Publisher:Altium Limited from Part TP105
Removed Parameter Publisher:Ultimachine from Part C40
Removed Parameter Publisher:UltiMachine from Part C66
Removed Parameter Publisher:UltiMachine from Part C71
Removed Parameter Publisher:UltiMachine from Part C82
Removed Parameter Publisher:UltiMachine from Part C164
Removed Parameter Publisher:UltiMachine from Part C165
Removed Parameter Publisher:UltiMachine from Part C166
Removed Parameter Publisher:UltiMachine from Part C167
Removed Parameter Publisher:UltiMachine from Part D24
Removed Parameter Publisher:UltiMachine from Part D25
Removed Parameter Publisher:UltiMachine from Part J19
Removed Parameter Publisher:UltiMachine from Part J19
Removed Parameter Publisher:UltiMachine from Part J19
Removed Parameter Publisher:UltiMachine from Part J19
Removed Parameter Publisher:UltiMachine from Part J19
Removed Parameter Publisher:UltiMachine from Part R31
Removed Parameter Publisher:UltiMachine from Part R34
Removed Parameter Publisher:UltiMachine from Part R36
Removed Parameter Publisher:UltiMachine from Part R37
Removed Parameter Publisher:UltiMachine from Part R38
Removed Parameter Publisher:UltiMachine from Part R40
Removed Parameter Publisher:UltiMachine from Part R41
Removed Parameter Publisher:UltiMachine from Part R64
Removed Parameter Publisher:UltiMachine from Part R65
Removed Parameter Publisher:UltiMachine from Part R67
Removed Parameter Publisher:UltiMachine from Part R68
Removed Parameter Publisher:UltiMachine from Part R69
Removed Parameter Publisher:UltiMachine from Part R70
Removed Parameter Publisher:UltiMachine from Part R71
Removed Parameter Publisher:UltiMachine from Part R77
Removed Parameter Publisher:UltiMachine from Part R82
Removed Parameter Publisher:UltiMachine from Part R83
Removed Parameter Publisher:UltiMachine from Part R85
Removed Parameter Publisher:UltiMachine from Part R96
Removed Parameter Publisher:UltiMachine from Part R97
Removed Parameter Publisher:UltiMachine from Part R98
Removed Parameter Publisher:UltiMachine from Part R99
Removed Parameter Publisher:UltiMachine from Part R101
Removed Parameter Publisher:UltiMachine from Part R109
Removed Parameter Publisher:UltiMachine from Part R114
Removed Parameter Publisher:UltiMachine from Part R120
Removed Parameter Publisher:UltiMachine from Part R133
Removed Parameter Publisher:UltiMachine from Part R134
Removed Parameter Publisher:UltiMachine from Part R135
Removed Parameter Publisher:UltiMachine from Part R136
Removed Parameter Publisher:UltiMachine from Part R137
Removed Parameter Publisher:UltiMachine from Part R138
Removed Parameter Publisher:UltiMachine from Part R139
Removed Parameter Publisher:UltiMachine from Part R140
Removed Parameter Publisher:UltiMachine from Part R141
Removed Parameter Publisher:UltiMachine from Part R142
Removed Parameter Publisher:UltiMachine from Part R143
Removed Parameter Publisher:UltiMachine from Part R144
Removed Parameter Publisher:UltiMachine from Part R145
Removed Parameter Publisher:UltiMachine from Part S1
