Change Value of Parameter DISTRIBUTOR # in Part R40 Old= New=311-4.7KLRTR-ND
Change Value of Parameter DISTRIBUTOR in Part R40 Old= New=Digikey
Change Value of Parameter PART in Part R40 Old= New=4.7k 1% 0402
Change Value of Parameter Part Description in Part R40 Old= New=4.7k Ohm ±1% 0.063W, 1/16W Chip Resistor 0402 (1005 Metric) Moisture Resistant Thick Film
Change Value of Parameter Tolerance in Part R40 Old= New=1%
Change Value of Parameter Voltage in Part R40 Old= New=1/16W
Change Value of Parameter DISTRIBUTOR # in Part R64 Old= New=YAG1249TR-ND
Change Value of Parameter DISTRIBUTOR in Part R64 Old= New=Digikey
Change Value of Parameter Manufacturer in Part R64 Old= New=Yageo
Change Value of Parameter PART in Part R64 Old= New=10k 1% 0402
Change Value of Parameter Part Description in Part R64 Old= New=10k Ohm ±1% 0.063W, 1/16W Chip Resistor 0402 (1005 Metric) Moisture Resistant Thick Film
Change Value of Parameter Tolerance in Part R64 Old= New=1%
Change Value of Parameter Voltage in Part R64 Old= New=1/16W
Change Value of Parameter DISTRIBUTOR # in Part R65 Old= New=YAG1249TR-ND
Change Value of Parameter DISTRIBUTOR in Part R65 Old= New=Digikey
Change Value of Parameter Manufacturer in Part R65 Old= New=Yageo
Change Value of Parameter PART in Part R65 Old= New=10k 1% 0402
Change Value of Parameter Part Description in Part R65 Old= New=10k Ohm ±1% 0.063W, 1/16W Chip Resistor 0402 (1005 Metric) Moisture Resistant Thick Film
Change Value of Parameter Tolerance in Part R65 Old= New=1%
Change Value of Parameter Voltage in Part R65 Old= New=1/16W
Change Value of Parameter DISTRIBUTOR # in Part R67 Old= New=YAG1249TR-ND
Change Value of Parameter DISTRIBUTOR in Part R67 Old= New=Digikey
Change Value of Parameter Manufacturer in Part R67 Old= New=Yageo
Change Value of Parameter PART in Part R67 Old= New=10k 1% 0402
Change Value of Parameter Part Description in Part R67 Old= New=10k Ohm ±1% 0.063W, 1/16W Chip Resistor 0402 (1005 Metric) Moisture Resistant Thick Film
Change Value of Parameter Tolerance in Part R67 Old= New=1%
Change Value of Parameter Voltage in Part R67 Old= New=1/16W
Change Value of Parameter DISTRIBUTOR # in Part R68 Old= New=YAG1249TR-ND
Change Value of Parameter DISTRIBUTOR in Part R68 Old= New=Digikey
Change Value of Parameter Manufacturer in Part R68 Old= New=Yageo
Change Value of Parameter PART in Part R68 Old= New=10k 1% 0402
Change Value of Parameter Part Description in Part R68 Old= New=10k Ohm ±1% 0.063W, 1/16W Chip Resistor 0402 (1005 Metric) Moisture Resistant Thick Film
Change Value of Parameter Tolerance in Part R68 Old= New=1%
Change Value of Parameter Voltage in Part R68 Old= New=1/16W
Change Value of Parameter DISTRIBUTOR # in Part R69 Old= New=YAG1249TR-ND
Change Value of Parameter DISTRIBUTOR in Part R69 Old= New=Digikey
Change Value of Parameter Manufacturer in Part R69 Old= New=Yageo
Change Value of Parameter PART in Part R69 Old= New=10k 1% 0402
Change Value of Parameter Part Description in Part R69 Old= New=10k Ohm ±1% 0.063W, 1/16W Chip Resistor 0402 (1005 Metric) Moisture Resistant Thick Film
Change Value of Parameter Tolerance in Part R69 Old= New=1%
Change Value of Parameter Voltage in Part R69 Old= New=1/16W
Change Value of Parameter DISTRIBUTOR # in Part R70 Old= New=YAG1249TR-ND
Change Value of Parameter DISTRIBUTOR in Part R70 Old= New=Digikey
Change Value of Parameter Manufacturer in Part R70 Old= New=Yageo
Change Value of Parameter PART in Part R70 Old= New=10k 1% 0402
Change Value of Parameter Part Description in Part R70 Old= New=10k Ohm ±1% 0.063W, 1/16W Chip Resistor 0402 (1005 Metric) Moisture Resistant Thick Film
Change Value of Parameter Tolerance in Part R70 Old= New=1%
Change Value of Parameter Voltage in Part R70 Old= New=1/16W
Change Value of Parameter DISTRIBUTOR # in Part R71 Old= New=311-4.7KLRTR-ND
Change Value of Parameter DISTRIBUTOR in Part R71 Old= New=Digikey
Change Value of Parameter PART in Part R71 Old= New=4.7k 1% 0402
Change Value of Parameter Part Description in Part R71 Old= New=4.7k Ohm ±1% 0.063W, 1/16W Chip Resistor 0402 (1005 Metric) Moisture Resistant Thick Film
Change Value of Parameter Tolerance in Part R71 Old= New=1%
Change Value of Parameter Voltage in Part R71 Old= New=1/16W
Change Value of Parameter DISTRIBUTOR # in Part R85 Old= New=YAG1249TR-ND
Change Value of Parameter DISTRIBUTOR in Part R85 Old= New=Digikey
Change Value of Parameter Manufacturer in Part R85 Old= New=Yageo
Change Value of Parameter PART in Part R85 Old= New=10k 1% 0402
Change Value of Parameter Part Description in Part R85 Old= New=10k Ohm ±1% 0.063W, 1/16W Chip Resistor 0402 (1005 Metric) Moisture Resistant Thick Film
Change Value of Parameter Tolerance in Part R85 Old= New=1%
Change Value of Parameter Voltage in Part R85 Old= New=1/16W
