Removed Parameter Digikey #:445-11185-1-ND from Part C70
Removed Parameter Digikey #:445-11185-1-ND from Part C171
Removed Parameter Digikey #:490-7763-1-ND from Part C40
Removed Parameter Digikey #:1274-1052-ND from Part U12
Removed Parameter Digikey #:1276-3432-1-ND from Part R31
Removed Parameter Digikey #:1276-3432-1-ND from Part R37
Removed Parameter Digikey #:1276-3432-1-ND from Part R38
Removed Parameter Manufacture Part #:S25FL216K0PMFI041 from Part U12
Removed Parameter Supplier 1:Mouser from Part S1
Removed Parameter Supplier Part Number 1:506-1571610-2 from Part S1
Change Value of Parameter MANUFACTURER # in Part U12 Old= New=S25FL216K0PMFI041
Added Parameter DISTRIBUTOR #=445-11185-1-ND to Part C70
Added Parameter DISTRIBUTOR #=445-11185-1-ND to Part C171
Added Parameter DISTRIBUTOR #=490-7763-1-ND to Part C40
Added Parameter DISTRIBUTOR #=506-1571610-2 to Part S1
Added Parameter DISTRIBUTOR #=1274-1052-ND to Part U12
Added Parameter DISTRIBUTOR #=1276-3432-1-ND to Part R31
Added Parameter DISTRIBUTOR #=1276-3432-1-ND to Part R37
Added Parameter DISTRIBUTOR #=1276-3432-1-ND to Part R38
Added Parameter DISTRIBUTOR=Digikey to Part C40
Added Parameter DISTRIBUTOR=Digikey to Part C70
Added Parameter DISTRIBUTOR=Digikey to Part C171
Added Parameter DISTRIBUTOR=Digikey to Part R31
Added Parameter DISTRIBUTOR=Digikey to Part R37
Added Parameter DISTRIBUTOR=Digikey to Part R38
Added Parameter DISTRIBUTOR=Digikey to Part U12
Added Parameter DISTRIBUTOR=Mouser to Part S1
