Change Value of Parameter DISTRIBUTOR # in Part J19 Old= New=WM4803-ND
Change Value of Parameter DISTRIBUTOR in Part J19 Old= New=Digikey
Change Value of Parameter Manufacturer in Part J19 Old= New=Molex
Change Value of Parameter PART in Part J19 Old= New=5 Pin Conn
Change Value of Parameter Part Description in Part J19 Old= New=5 Positions Header, Shrouded Connector 0.100" (2.54mm) Through Hole Gold
Change Value of Parameter Tolerance in Part J19 Old= New=-NA-
Change Value of Parameter Value in Part J19 Old= New=-NA-
Change Value of Parameter Voltage in Part J19 Old= New=-NA-
Change Value of Parameter DISTRIBUTOR # in Part J19 Old= New=WM4803-ND
Change Value of Parameter DISTRIBUTOR in Part J19 Old= New=Digikey
Change Value of Parameter Manufacturer in Part J19 Old= New=Molex
Change Value of Parameter PART in Part J19 Old= New=5 Pin Conn
Change Value of Parameter Part Description in Part J19 Old= New=5 Positions Header, Shrouded Connector 0.100" (2.54mm) Through Hole Gold
Change Value of Parameter Tolerance in Part J19 Old= New=-NA-
Change Value of Parameter Value in Part J19 Old= New=-NA-
Change Value of Parameter Voltage in Part J19 Old= New=-NA-
Change Value of Parameter DISTRIBUTOR # in Part J19 Old= New=WM4803-ND
Change Value of Parameter DISTRIBUTOR in Part J19 Old= New=Digikey
Change Value of Parameter Manufacturer in Part J19 Old= New=Molex
Change Value of Parameter PART in Part J19 Old= New=5 Pin Conn
Change Value of Parameter Part Description in Part J19 Old= New=5 Positions Header, Shrouded Connector 0.100" (2.54mm) Through Hole Gold
Change Value of Parameter Tolerance in Part J19 Old= New=-NA-
Change Value of Parameter Value in Part J19 Old= New=-NA-
Change Value of Parameter Voltage in Part J19 Old= New=-NA-
Change Value of Parameter DISTRIBUTOR # in Part J19 Old= New=WM4803-ND
Change Value of Parameter DISTRIBUTOR in Part J19 Old= New=Digikey
Change Value of Parameter Manufacturer in Part J19 Old= New=Molex
Change Value of Parameter PART in Part J19 Old= New=5 Pin Conn
Change Value of Parameter Part Description in Part J19 Old= New=5 Positions Header, Shrouded Connector 0.100" (2.54mm) Through Hole Gold
Change Value of Parameter Tolerance in Part J19 Old= New=-NA-
Change Value of Parameter Value in Part J19 Old= New=-NA-
Change Value of Parameter Voltage in Part J19 Old= New=-NA-
Change Value of Parameter DISTRIBUTOR # in Part J19 Old= New=WM4803-ND
Change Value of Parameter DISTRIBUTOR in Part J19 Old= New=Digikey
Change Value of Parameter Manufacturer in Part J19 Old= New=Molex
Change Value of Parameter PART in Part J19 Old= New=5 Pin Conn
Change Value of Parameter Part Description in Part J19 Old= New=5 Positions Header, Shrouded Connector 0.100" (2.54mm) Through Hole Gold
Change Value of Parameter Tolerance in Part J19 Old= New=-NA-
Change Value of Parameter Value in Part J19 Old= New=-NA-
Change Value of Parameter Voltage in Part J19 Old= New=-NA-
Change Value of Parameter PART in Part S1 Old= New=Tactile Pushbutton
Change Value of Parameter Part Description in Part S1 Old= New=Tactile Switches R/A SEALED TACT SWITCH
Change Value of Parameter Tolerance in Part S1 Old= New=-NA-
Change Value of Parameter Value in Part S1 Old= New=-NA-
Change Value of Parameter Voltage in Part S1 Old= New=24V
