Change Value of Parameter DISTRIBUTOR # in Part R34 Old= New=311-1.00KLRTR-ND
Change Value of Parameter DISTRIBUTOR in Part R34 Old= New=Digikey
Change Value of Parameter MANUFACTURER # in Part R34 Old= New=RC0402FR-071KL
Change Value of Parameter Manufacturer in Part R34 Old= New=Yageo
Change Value of Parameter PART in Part R34 Old= New=1k 1% 0402
Change Value of Parameter Part Description in Part R34 Old= New=1k Ohm ±1% 0.063W, 1/16W Chip Resistor 0402 (1005 Metric) Moisture Resistant Thick Film
Change Value of Parameter Tolerance in Part R34 Old= New=1%
Change Value of Parameter Voltage in Part R34 Old= New=1/16W
Change Value of Parameter DISTRIBUTOR # in Part R36 Old= New=311-1.00KLRTR-ND
Change Value of Parameter DISTRIBUTOR in Part R36 Old= New=Digikey
Change Value of Parameter MANUFACTURER # in Part R36 Old= New=RC0402FR-071KL
Change Value of Parameter Manufacturer in Part R36 Old= New=Yageo
Change Value of Parameter PART in Part R36 Old= New=1k 1% 0402
Change Value of Parameter Part Description in Part R36 Old= New=1k Ohm ±1% 0.063W, 1/16W Chip Resistor 0402 (1005 Metric) Moisture Resistant Thick Film
Change Value of Parameter Tolerance in Part R36 Old= New=1%
Change Value of Parameter Voltage in Part R36 Old= New=1/16W
Change Value of Parameter DISTRIBUTOR # in Part R41 Old= New=311-1.00KLRTR-ND
Change Value of Parameter DISTRIBUTOR in Part R41 Old= New=Digikey
Change Value of Parameter MANUFACTURER # in Part R41 Old= New=RC0402FR-071KL
Change Value of Parameter Manufacturer in Part R41 Old= New=Yageo
Change Value of Parameter PART in Part R41 Old= New=1k 1% 0402
Change Value of Parameter Part Description in Part R41 Old= New=1k Ohm ±1% 0.063W, 1/16W Chip Resistor 0402 (1005 Metric) Moisture Resistant Thick Film
Change Value of Parameter Tolerance in Part R41 Old= New=1%
Change Value of Parameter Voltage in Part R41 Old= New=1/16W
Change Value of Parameter DISTRIBUTOR # in Part R96 Old= New=311-100LRTR-ND
Change Value of Parameter DISTRIBUTOR in Part R96 Old= New=Digikey
Change Value of Parameter MANUFACTURER # in Part R96 Old= New=RC0402FR-07100RL
Change Value of Parameter Manufacturer in Part R96 Old= New=Yageo
Change Value of Parameter PART in Part R96 Old= New=100R 1% 0402
Change Value of Parameter Part Description in Part R96 Old= New=100 Ohm ±1% 0.063W, 1/16W Chip Resistor 0402 (1005 Metric) Moisture Resistant Thick Film
Change Value of Parameter Tolerance in Part R96 Old= New=1%
Change Value of Parameter Voltage in Part R96 Old= New=1/16W
Change Value of Parameter DISTRIBUTOR # in Part R97 Old= New=311-100LRTR-ND
Change Value of Parameter DISTRIBUTOR in Part R97 Old= New=Digikey
Change Value of Parameter MANUFACTURER # in Part R97 Old= New=RC0402FR-07100RL
Change Value of Parameter Manufacturer in Part R97 Old= New=Yageo
Change Value of Parameter PART in Part R97 Old= New=100R 1% 0402
Change Value of Parameter Part Description in Part R97 Old= New=100 Ohm ±1% 0.063W, 1/16W Chip Resistor 0402 (1005 Metric) Moisture Resistant Thick Film
Change Value of Parameter Tolerance in Part R97 Old= New=1%
Change Value of Parameter Voltage in Part R97 Old= New=1/16W
Change Value of Parameter DISTRIBUTOR # in Part R98 Old= New=311-100LRTR-ND
Change Value of Parameter DISTRIBUTOR in Part R98 Old= New=Digikey
Change Value of Parameter MANUFACTURER # in Part R98 Old= New=RC0402FR-07100RL
Change Value of Parameter Manufacturer in Part R98 Old= New=Yageo
Change Value of Parameter PART in Part R98 Old= New=100R 1% 0402
Change Value of Parameter Part Description in Part R98 Old= New=100 Ohm ±1% 0.063W, 1/16W Chip Resistor 0402 (1005 Metric) Moisture Resistant Thick Film
Change Value of Parameter Tolerance in Part R98 Old= New=1%
Change Value of Parameter Voltage in Part R98 Old= New=1/16W
Change Value of Parameter DISTRIBUTOR # in Part R99 Old= New=311-100LRTR-ND
Change Value of Parameter DISTRIBUTOR in Part R99 Old= New=Digikey
Change Value of Parameter MANUFACTURER # in Part R99 Old= New=RC0402FR-07100RL
Change Value of Parameter Manufacturer in Part R99 Old= New=Yageo
Change Value of Parameter PART in Part R99 Old= New=100R 1% 0402
Change Value of Parameter Part Description in Part R99 Old= New=100 Ohm ±1% 0.063W, 1/16W Chip Resistor 0402 (1005 Metric) Moisture Resistant Thick Film
Change Value of Parameter Tolerance in Part R99 Old= New=1%
Change Value of Parameter Voltage in Part R99 Old= New=1/16W
Change Value of Parameter DISTRIBUTOR # in Part R101 Old= New=311-100LRTR-ND
Change Value of Parameter DISTRIBUTOR in Part R101 Old= New=Digikey
Change Value of Parameter MANUFACTURER # in Part R101 Old= New=RC0402FR-07100RL
Change Value of Parameter Manufacturer in Part R101 Old= New=Yageo
Change Value of Parameter PART in Part R101 Old= New=100R 1% 0402
Change Value of Parameter Part Description in Part R101 Old= New=100 Ohm ±1% 0.063W, 1/16W Chip Resistor 0402 (1005 Metric) Moisture Resistant Thick Film
Change Value of Parameter Tolerance in Part R101 Old= New=1%
Change Value of Parameter Voltage in Part R101 Old= New=1/16W
Change Value of Parameter DISTRIBUTOR # in Part R109 Old= New=311-100LRTR-ND
Change Value of Parameter DISTRIBUTOR in Part R109 Old= New=Digikey
Change Value of Parameter MANUFACTURER # in Part R109 Old= New=RC0402FR-07100RL
Change Value of Parameter Manufacturer in Part R109 Old= New=Yageo
Change Value of Parameter PART in Part R109 Old= New=100R 1% 0402
Change Value of Parameter Part Description in Part R109 Old= New=100 Ohm ±1% 0.063W, 1/16W Chip Resistor 0402 (1005 Metric) Moisture Resistant Thick Film
Change Value of Parameter Tolerance in Part R109 Old= New=1%
Change Value of Parameter Voltage in Part R109 Old= New=1/16W
Change Value of Parameter DISTRIBUTOR # in Part R114 Old= New=311-100LRTR-ND
Change Value of Parameter DISTRIBUTOR in Part R114 Old= New=Digikey
Change Value of Parameter MANUFACTURER # in Part R114 Old= New=RC0402FR-07100RL
Change Value of Parameter Manufacturer in Part R114 Old= New=Yageo
Change Value of Parameter PART in Part R114 Old= New=100R 1% 0402
Change Value of Parameter Part Description in Part R114 Old= New=100 Ohm ±1% 0.063W, 1/16W Chip Resistor 0402 (1005 Metric) Moisture Resistant Thick Film
Change Value of Parameter Tolerance in Part R114 Old= New=1%
Change Value of Parameter Voltage in Part R114 Old= New=1/16W
Change Value of Parameter DISTRIBUTOR # in Part R120 Old= New=311-100LRTR-ND
Change Value of Parameter DISTRIBUTOR in Part R120 Old= New=Digikey
Change Value of Parameter MANUFACTURER # in Part R120 Old= New=RC0402FR-07100RL
Change Value of Parameter Manufacturer in Part R120 Old= New=Yageo
Change Value of Parameter PART in Part R120 Old= New=100R 1% 0402
Change Value of Parameter Part Description in Part R120 Old= New=100 Ohm ±1% 0.063W, 1/16W Chip Resistor 0402 (1005 Metric) Moisture Resistant Thick Film
Change Value of Parameter Tolerance in Part R120 Old= New=1%
Change Value of Parameter Voltage in Part R120 Old= New=1/16W
Change Value of Parameter DISTRIBUTOR # in Part R133 Old= New=311-100LRTR-ND
Change Value of Parameter DISTRIBUTOR in Part R133 Old= New=Digikey
Change Value of Parameter MANUFACTURER # in Part R133 Old= New=RC0402FR-07100RL
Change Value of Parameter Manufacturer in Part R133 Old= New=Yageo
Change Value of Parameter PART in Part R133 Old= New=100R 1% 0402
Change Value of Parameter Part Description in Part R133 Old= New=100 Ohm ±1% 0.063W, 1/16W Chip Resistor 0402 (1005 Metric) Moisture Resistant Thick Film
Change Value of Parameter Tolerance in Part R133 Old= New=1%
Change Value of Parameter Voltage in Part R133 Old= New=1/16W
Change Value of Parameter DISTRIBUTOR # in Part R134 Old= New=311-100LRTR-ND
Change Value of Parameter DISTRIBUTOR in Part R134 Old= New=Digikey
Change Value of Parameter MANUFACTURER # in Part R134 Old= New=RC0402FR-07100RL
Change Value of Parameter Manufacturer in Part R134 Old= New=Yageo
Change Value of Parameter PART in Part R134 Old= New=100R 1% 0402
Change Value of Parameter Part Description in Part R134 Old= New=100 Ohm ±1% 0.063W, 1/16W Chip Resistor 0402 (1005 Metric) Moisture Resistant Thick Film
Change Value of Parameter Tolerance in Part R134 Old= New=1%
Change Value of Parameter Voltage in Part R134 Old= New=1/16W
Change Value of Parameter DISTRIBUTOR # in Part R135 Old= New=311-100LRTR-ND
Change Value of Parameter DISTRIBUTOR in Part R135 Old= New=Digikey
Change Value of Parameter MANUFACTURER # in Part R135 Old= New=RC0402FR-07100RL
Change Value of Parameter Manufacturer in Part R135 Old= New=Yageo
Change Value of Parameter PART in Part R135 Old= New=100R 1% 0402
Change Value of Parameter Part Description in Part R135 Old= New=100 Ohm ±1% 0.063W, 1/16W Chip Resistor 0402 (1005 Metric) Moisture Resistant Thick Film
Change Value of Parameter Tolerance in Part R135 Old= New=1%
Change Value of Parameter Voltage in Part R135 Old= New=1/16W
Change Value of Parameter DISTRIBUTOR # in Part R136 Old= New=311-100LRTR-ND
Change Value of Parameter DISTRIBUTOR in Part R136 Old= New=Digikey
Change Value of Parameter MANUFACTURER # in Part R136 Old= New=RC0402FR-07100RL
Change Value of Parameter Manufacturer in Part R136 Old= New=Yageo
Change Value of Parameter PART in Part R136 Old= New=100R 1% 0402
Change Value of Parameter Part Description in Part R136 Old= New=100 Ohm ±1% 0.063W, 1/16W Chip Resistor 0402 (1005 Metric) Moisture Resistant Thick Film
Change Value of Parameter Tolerance in Part R136 Old= New=1%
Change Value of Parameter Voltage in Part R136 Old= New=1/16W
Change Value of Parameter DISTRIBUTOR # in Part R137 Old= New=311-100LRTR-ND
Change Value of Parameter DISTRIBUTOR in Part R137 Old= New=Digikey
Change Value of Parameter MANUFACTURER # in Part R137 Old= New=RC0402FR-07100RL
Change Value of Parameter Manufacturer in Part R137 Old= New=Yageo
Change Value of Parameter PART in Part R137 Old= New=100R 1% 0402
Change Value of Parameter Part Description in Part R137 Old= New=100 Ohm ±1% 0.063W, 1/16W Chip Resistor 0402 (1005 Metric) Moisture Resistant Thick Film
Change Value of Parameter Tolerance in Part R137 Old= New=1%
Change Value of Parameter Voltage in Part R137 Old= New=1/16W
Change Value of Parameter DISTRIBUTOR # in Part R138 Old= New=311-100LRTR-ND
Change Value of Parameter DISTRIBUTOR in Part R138 Old= New=Digikey
Change Value of Parameter MANUFACTURER # in Part R138 Old= New=RC0402FR-07100RL
Change Value of Parameter Manufacturer in Part R138 Old= New=Yageo
Change Value of Parameter PART in Part R138 Old= New=100R 1% 0402
Change Value of Parameter Part Description in Part R138 Old= New=100 Ohm ±1% 0.063W, 1/16W Chip Resistor 0402 (1005 Metric) Moisture Resistant Thick Film
Change Value of Parameter Tolerance in Part R138 Old= New=1%
Change Value of Parameter Voltage in Part R138 Old= New=1/16W
Change Value of Parameter DISTRIBUTOR # in Part R139 Old= New=311-100LRTR-ND
Change Value of Parameter DISTRIBUTOR in Part R139 Old= New=Digikey
Change Value of Parameter MANUFACTURER # in Part R139 Old= New=RC0402FR-07100RL
Change Value of Parameter Manufacturer in Part R139 Old= New=Yageo
Change Value of Parameter PART in Part R139 Old= New=100R 1% 0402
Change Value of Parameter Part Description in Part R139 Old= New=100 Ohm ±1% 0.063W, 1/16W Chip Resistor 0402 (1005 Metric) Moisture Resistant Thick Film
Change Value of Parameter Tolerance in Part R139 Old= New=1%
Change Value of Parameter Voltage in Part R139 Old= New=1/16W
Change Value of Parameter DISTRIBUTOR # in Part R140 Old= New=311-100LRTR-ND
Change Value of Parameter DISTRIBUTOR in Part R140 Old= New=Digikey
Change Value of Parameter MANUFACTURER # in Part R140 Old= New=RC0402FR-07100RL
Change Value of Parameter Manufacturer in Part R140 Old= New=Yageo
Change Value of Parameter PART in Part R140 Old= New=100R 1% 0402
Change Value of Parameter Part Description in Part R140 Old= New=100 Ohm ±1% 0.063W, 1/16W Chip Resistor 0402 (1005 Metric) Moisture Resistant Thick Film
Change Value of Parameter Tolerance in Part R140 Old= New=1%
Change Value of Parameter Voltage in Part R140 Old= New=1/16W
Change Value of Parameter DISTRIBUTOR # in Part R141 Old= New=311-100LRTR-ND
Change Value of Parameter DISTRIBUTOR in Part R141 Old= New=Digikey
Change Value of Parameter MANUFACTURER # in Part R141 Old= New=RC0402FR-07100RL
Change Value of Parameter Manufacturer in Part R141 Old= New=Yageo
Change Value of Parameter PART in Part R141 Old= New=100R 1% 0402
Change Value of Parameter Part Description in Part R141 Old= New=100 Ohm ±1% 0.063W, 1/16W Chip Resistor 0402 (1005 Metric) Moisture Resistant Thick Film
Change Value of Parameter Tolerance in Part R141 Old= New=1%
Change Value of Parameter Voltage in Part R141 Old= New=1/16W
Change Value of Parameter DISTRIBUTOR # in Part R142 Old= New=311-100LRTR-ND
Change Value of Parameter DISTRIBUTOR in Part R142 Old= New=Digikey
Change Value of Parameter MANUFACTURER # in Part R142 Old= New=RC0402FR-07100RL
Change Value of Parameter Manufacturer in Part R142 Old= New=Yageo
Change Value of Parameter PART in Part R142 Old= New=100R 1% 0402
Change Value of Parameter Part Description in Part R142 Old= New=100 Ohm ±1% 0.063W, 1/16W Chip Resistor 0402 (1005 Metric) Moisture Resistant Thick Film
Change Value of Parameter Tolerance in Part R142 Old= New=1%
Change Value of Parameter Voltage in Part R142 Old= New=1/16W
Change Value of Parameter DISTRIBUTOR # in Part R143 Old= New=311-100LRTR-ND
Change Value of Parameter DISTRIBUTOR in Part R143 Old= New=Digikey
Change Value of Parameter MANUFACTURER # in Part R143 Old= New=RC0402FR-07100RL
Change Value of Parameter Manufacturer in Part R143 Old= New=Yageo
Change Value of Parameter PART in Part R143 Old= New=100R 1% 0402
Change Value of Parameter Part Description in Part R143 Old= New=100 Ohm ±1% 0.063W, 1/16W Chip Resistor 0402 (1005 Metric) Moisture Resistant Thick Film
Change Value of Parameter Tolerance in Part R143 Old= New=1%
Change Value of Parameter Voltage in Part R143 Old= New=1/16W
Change Value of Parameter DISTRIBUTOR # in Part R144 Old= New=311-100LRTR-ND
Change Value of Parameter DISTRIBUTOR in Part R144 Old= New=Digikey
Change Value of Parameter MANUFACTURER # in Part R144 Old= New=RC0402FR-07100RL
Change Value of Parameter Manufacturer in Part R144 Old= New=Yageo
Change Value of Parameter PART in Part R144 Old= New=100R 1% 0402
Change Value of Parameter Part Description in Part R144 Old= New=100 Ohm ±1% 0.063W, 1/16W Chip Resistor 0402 (1005 Metric) Moisture Resistant Thick Film
Change Value of Parameter Tolerance in Part R144 Old= New=1%
Change Value of Parameter Voltage in Part R144 Old= New=1/16W
Change Value of Parameter DISTRIBUTOR # in Part R145 Old= New=311-100LRTR-ND
Change Value of Parameter DISTRIBUTOR in Part R145 Old= New=Digikey
Change Value of Parameter MANUFACTURER # in Part R145 Old= New=RC0402FR-07100RL
Change Value of Parameter Manufacturer in Part R145 Old= New=Yageo
Change Value of Parameter PART in Part R145 Old= New=100R 1% 0402
Change Value of Parameter Part Description in Part R145 Old= New=100 Ohm ±1% 0.063W, 1/16W Chip Resistor 0402 (1005 Metric) Moisture Resistant Thick Film
Change Value of Parameter Tolerance in Part R145 Old= New=1%
Change Value of Parameter Voltage in Part R145 Old= New=1/16W
