Removed Parameter Height:0.5 ±0.05mm from Part C40
Removed Parameter Height:0.9mm from Part C70
Removed Parameter Height:0.9mm from Part C171
Removed Parameter LatestRevisionDate:10 - Dec - 2014 from Part C40
Removed Parameter LatestRevisionDate:10 - Dec - 2014 from Part C70
Removed Parameter LatestRevisionDate:10 - Dec - 2014 from Part C171
Removed Parameter LatestRevisionDate:17-Jul-2002 from Part J12
Removed Parameter LatestRevisionDate:17-Jul-2002 from Part J13
Removed Parameter LatestRevisionDate:17-Jul-2002 from Part J20
Removed Parameter LatestRevisionDate:17-Jul-2002 from Part TP13
Removed Parameter LatestRevisionDate:17-Jul-2002 from Part TP14
Removed Parameter LatestRevisionDate:17-Jul-2002 from Part TP15
Removed Parameter LatestRevisionDate:17-Jul-2002 from Part TP16
Removed Parameter LatestRevisionDate:17-Jul-2002 from Part TP20
Removed Parameter LatestRevisionDate:17-Jul-2002 from Part TP21
Removed Parameter LatestRevisionDate:17-Jul-2002 from Part TP22
Removed Parameter LatestRevisionDate:17-Jul-2002 from Part TP49
Removed Parameter LatestRevisionDate:17-Jul-2002 from Part TP50
Removed Parameter LatestRevisionDate:17-Jul-2002 from Part TP52
Removed Parameter LatestRevisionDate:17-Jul-2002 from Part TP53
Removed Parameter LatestRevisionDate:17-Jul-2002 from Part TP54
Removed Parameter LatestRevisionDate:17-Jul-2002 from Part TP56
Removed Parameter LatestRevisionDate:17-Jul-2002 from Part TP74
Removed Parameter LatestRevisionDate:17-Jul-2002 from Part TP75
Removed Parameter LatestRevisionDate:17-Jul-2002 from Part TP76
Removed Parameter LatestRevisionDate:17-Jul-2002 from Part TP77
Removed Parameter LatestRevisionDate:17-Jul-2002 from Part TP78
Removed Parameter LatestRevisionDate:17-Jul-2002 from Part TP105
Removed Parameter LatestRevisionNote:Re-released for DXP Platform. from Part J12
Removed Parameter LatestRevisionNote:Re-released for DXP Platform. from Part J13
Removed Parameter LatestRevisionNote:Re-released for DXP Platform. from Part J20
Removed Parameter LatestRevisionNote:Re-released for DXP Platform. from Part TP13
Removed Parameter LatestRevisionNote:Re-released for DXP Platform. from Part TP14
Removed Parameter LatestRevisionNote:Re-released for DXP Platform. from Part TP15
Removed Parameter LatestRevisionNote:Re-released for DXP Platform. from Part TP16
Removed Parameter LatestRevisionNote:Re-released for DXP Platform. from Part TP20
Removed Parameter LatestRevisionNote:Re-released for DXP Platform. from Part TP21
Removed Parameter LatestRevisionNote:Re-released for DXP Platform. from Part TP22
Removed Parameter LatestRevisionNote:Re-released for DXP Platform. from Part TP49
Removed Parameter LatestRevisionNote:Re-released for DXP Platform. from Part TP50
Removed Parameter LatestRevisionNote:Re-released for DXP Platform. from Part TP52
Removed Parameter LatestRevisionNote:Re-released for DXP Platform. from Part TP53
Removed Parameter LatestRevisionNote:Re-released for DXP Platform. from Part TP54
Removed Parameter LatestRevisionNote:Re-released for DXP Platform. from Part TP56
Removed Parameter LatestRevisionNote:Re-released for DXP Platform. from Part TP74
Removed Parameter LatestRevisionNote:Re-released for DXP Platform. from Part TP75
Removed Parameter LatestRevisionNote:Re-released for DXP Platform. from Part TP76
Removed Parameter LatestRevisionNote:Re-released for DXP Platform. from Part TP77
Removed Parameter LatestRevisionNote:Re-released for DXP Platform. from Part TP78
Removed Parameter LatestRevisionNote:Re-released for DXP Platform. from Part TP105
Removed Parameter LatestRevisionNote:Ultimachine Footprint Added from Part C40
