Change Value of Parameter EE Spec in Part C40 Old=Voltage New=EE Spec
Change Value of Parameter EE Spec in Part C66 Old=Voltage New=EE Spec
Change Value of Parameter EE Spec in Part C70 Old=Voltage New=EE Spec
Change Value of Parameter EE Spec in Part C71 Old=Voltage New=EE Spec
Change Value of Parameter EE Spec in Part C82 Old=Voltage New=EE Spec
Change Value of Parameter EE Spec in Part C164 Old=Voltage New=EE Spec
Change Value of Parameter EE Spec in Part C165 Old=Voltage New=EE Spec
Change Value of Parameter EE Spec in Part C166 Old=Voltage New=EE Spec
Change Value of Parameter EE Spec in Part C167 Old=Voltage New=EE Spec
Change Value of Parameter EE Spec in Part C171 Old=Voltage New=EE Spec
Change Value of Parameter EE Spec in Part D24 Old=Voltage New=EE Spec
Change Value of Parameter EE Spec in Part D25 Old=Voltage New=EE Spec
Change Value of Parameter EE Spec in Part D42 Old=Voltage New=EE Spec
Change Value of Parameter EE Spec in Part D64 Old=Voltage New=EE Spec
Change Value of Parameter EE Spec in Part D65 Old=Voltage New=EE Spec
Change Value of Parameter EE Spec in Part D66 Old=Voltage New=EE Spec
Change Value of Parameter EE Spec in Part D67 Old=Voltage New=EE Spec
Change Value of Parameter EE Spec in Part D68 Old=Voltage New=EE Spec
Change Value of Parameter EE Spec in Part D69 Old=Voltage New=EE Spec
Change Value of Parameter EE Spec in Part D71 Old=Voltage New=EE Spec
Change Value of Parameter EE Spec in Part D72 Old=Voltage New=EE Spec
Change Value of Parameter EE Spec in Part D73 Old=Voltage New=EE Spec
Change Value of Parameter EE Spec in Part FD1 Old=Voltage New=EE Spec
Change Value of Parameter EE Spec in Part FD2 Old=Voltage New=EE Spec
Change Value of Parameter EE Spec in Part FD3 Old=Voltage New=EE Spec
Change Value of Parameter EE Spec in Part J4 Old=Voltage New=EE Spec
Change Value of Parameter EE Spec in Part J12 Old=Voltage New=EE Spec
Change Value of Parameter EE Spec in Part J13 Old=Voltage New=EE Spec
Change Value of Parameter EE Spec in Part J18 Old=Voltage New=EE Spec
Change Value of Parameter EE Spec in Part J19 Old=Voltage New=EE Spec
Change Value of Parameter EE Spec in Part J19 Old=Voltage New=EE Spec
Change Value of Parameter EE Spec in Part J19 Old=Voltage New=EE Spec
Change Value of Parameter EE Spec in Part J19 Old=Voltage New=EE Spec
Change Value of Parameter EE Spec in Part J19 Old=Voltage New=EE Spec
Change Value of Parameter EE Spec in Part J20 Old=Voltage New=EE Spec
Change Value of Parameter EE Spec in Part R31 Old=Voltage New=EE Spec
Change Value of Parameter EE Spec in Part R34 Old=Voltage New=EE Spec
Change Value of Parameter EE Spec in Part R36 Old=Voltage New=EE Spec
Change Value of Parameter EE Spec in Part R37 Old=Voltage New=EE Spec
Change Value of Parameter EE Spec in Part R38 Old=Voltage New=EE Spec
Change Value of Parameter EE Spec in Part R40 Old=Voltage New=EE Spec
Change Value of Parameter EE Spec in Part R41 Old=Voltage New=EE Spec
Change Value of Parameter EE Spec in Part R64 Old=Voltage New=EE Spec
Change Value of Parameter EE Spec in Part R65 Old=Voltage New=EE Spec
Change Value of Parameter EE Spec in Part R67 Old=Voltage New=EE Spec
Change Value of Parameter EE Spec in Part R68 Old=Voltage New=EE Spec
Change Value of Parameter EE Spec in Part R69 Old=Voltage New=EE Spec
Change Value of Parameter EE Spec in Part R70 Old=Voltage New=EE Spec
Change Value of Parameter EE Spec in Part R71 Old=Voltage New=EE Spec
Change Value of Parameter EE Spec in Part R77 Old=Voltage New=EE Spec
Change Value of Parameter EE Spec in Part R82 Old=Voltage New=EE Spec
Change Value of Parameter EE Spec in Part R83 Old=Voltage New=EE Spec
Change Value of Parameter EE Spec in Part R85 Old=Voltage New=EE Spec
Change Value of Parameter EE Spec in Part R96 Old=Voltage New=EE Spec
Change Value of Parameter EE Spec in Part R97 Old=Voltage New=EE Spec
Change Value of Parameter EE Spec in Part R98 Old=Voltage New=EE Spec
Change Value of Parameter EE Spec in Part R99 Old=Voltage New=EE Spec
Change Value of Parameter EE Spec in Part R101 Old=Voltage New=EE Spec
Change Value of Parameter EE Spec in Part R109 Old=Voltage New=EE Spec
Change Value of Parameter EE Spec in Part R114 Old=Voltage New=EE Spec
Change Value of Parameter EE Spec in Part R120 Old=Voltage New=EE Spec
Change Value of Parameter EE Spec in Part R133 Old=Voltage New=EE Spec
Change Value of Parameter EE Spec in Part R134 Old=Voltage New=EE Spec
Change Value of Parameter EE Spec in Part R135 Old=Voltage New=EE Spec
Change Value of Parameter EE Spec in Part R136 Old=Voltage New=EE Spec
Change Value of Parameter EE Spec in Part R137 Old=Voltage New=EE Spec
Change Value of Parameter EE Spec in Part R138 Old=Voltage New=EE Spec
Change Value of Parameter EE Spec in Part R139 Old=Voltage New=EE Spec
Change Value of Parameter EE Spec in Part R140 Old=Voltage New=EE Spec
Change Value of Parameter EE Spec in Part R141 Old=Voltage New=EE Spec
Change Value of Parameter EE Spec in Part R142 Old=Voltage New=EE Spec
Change Value of Parameter EE Spec in Part R143 Old=Voltage New=EE Spec
Change Value of Parameter EE Spec in Part R144 Old=Voltage New=EE Spec
Change Value of Parameter EE Spec in Part R145 Old=Voltage New=EE Spec
Change Value of Parameter EE Spec in Part S1 Old=Voltage New=EE Spec
Change Value of Parameter EE Spec in Part S2 Old=Voltage New=EE Spec
Change Value of Parameter EE Spec in Part TP13 Old=Voltage New=EE Spec
Change Value of Parameter EE Spec in Part TP14 Old=Voltage New=EE Spec
Change Value of Parameter EE Spec in Part TP15 Old=Voltage New=EE Spec
Change Value of Parameter EE Spec in Part TP16 Old=Voltage New=EE Spec
Change Value of Parameter EE Spec in Part TP20 Old=Voltage New=EE Spec
Change Value of Parameter EE Spec in Part TP21 Old=Voltage New=EE Spec
Change Value of Parameter EE Spec in Part TP22 Old=Voltage New=EE Spec
Change Value of Parameter EE Spec in Part TP49 Old=Voltage New=EE Spec
Change Value of Parameter EE Spec in Part TP50 Old=Voltage New=EE Spec
Change Value of Parameter EE Spec in Part TP52 Old=Voltage New=EE Spec
Change Value of Parameter EE Spec in Part TP53 Old=Voltage New=EE Spec
Change Value of Parameter EE Spec in Part TP54 Old=Voltage New=EE Spec
Change Value of Parameter EE Spec in Part TP56 Old=Voltage New=EE Spec
Change Value of Parameter EE Spec in Part TP74 Old=Voltage New=EE Spec
Change Value of Parameter EE Spec in Part TP75 Old=Voltage New=EE Spec
Change Value of Parameter EE Spec in Part TP76 Old=Voltage New=EE Spec
Change Value of Parameter EE Spec in Part TP77 Old=Voltage New=EE Spec
Change Value of Parameter EE Spec in Part TP78 Old=Voltage New=EE Spec
Change Value of Parameter EE Spec in Part TP105 Old=Voltage New=EE Spec
Change Value of Parameter EE Spec in Part U11 Old=Voltage New=EE Spec
Change Value of Parameter EE Spec in Part U12 Old=Voltage New=EE Spec
