Added Parameter DNI= to Part C40
Added Parameter DNI= to Part C66
Added Parameter DNI= to Part C70
Added Parameter DNI= to Part C71
Added Parameter DNI= to Part C82
Added Parameter DNI= to Part C164
Added Parameter DNI= to Part C165
Added Parameter DNI= to Part C166
Added Parameter DNI= to Part C167
Added Parameter DNI= to Part C171
Added Parameter DNI= to Part D24
Added Parameter DNI= to Part D25
Added Parameter DNI= to Part D42
Added Parameter DNI= to Part D64
Added Parameter DNI= to Part D65
Added Parameter DNI= to Part D66
Added Parameter DNI= to Part D67
Added Parameter DNI= to Part D68
Added Parameter DNI= to Part D69
Added Parameter DNI= to Part D71
Added Parameter DNI= to Part D72
Added Parameter DNI= to Part D73
Added Parameter DNI= to Part FD1
Added Parameter DNI= to Part FD2
Added Parameter DNI= to Part FD3
Added Parameter DNI= to Part J4
Added Parameter DNI= to Part J12
Added Parameter DNI= to Part J13
Added Parameter DNI= to Part J18
Added Parameter DNI= to Part J19
Added Parameter DNI= to Part J19
Added Parameter DNI= to Part J19
Added Parameter DNI= to Part J19
Added Parameter DNI= to Part J19
Added Parameter DNI= to Part J20
Added Parameter DNI= to Part R31
Added Parameter DNI= to Part R34
Added Parameter DNI= to Part R36
Added Parameter DNI= to Part R37
Added Parameter DNI= to Part R38
Added Parameter DNI= to Part R40
Added Parameter DNI= to Part R41
Added Parameter DNI= to Part R64
Added Parameter DNI= to Part R65
Added Parameter DNI= to Part R67
Added Parameter DNI= to Part R68
Added Parameter DNI= to Part R69
Added Parameter DNI= to Part R70
Added Parameter DNI= to Part R71
Added Parameter DNI= to Part R77
Added Parameter DNI= to Part R82
Added Parameter DNI= to Part R83
Added Parameter DNI= to Part R85
Added Parameter DNI= to Part R96
Added Parameter DNI= to Part R97
Added Parameter DNI= to Part R98
Added Parameter DNI= to Part R99
Added Parameter DNI= to Part R101
Added Parameter DNI= to Part R109
Added Parameter DNI= to Part R114
Added Parameter DNI= to Part R120
Added Parameter DNI= to Part R133
Added Parameter DNI= to Part R134
Added Parameter DNI= to Part R135
Added Parameter DNI= to Part R136
Added Parameter DNI= to Part R137
Added Parameter DNI= to Part R138
Added Parameter DNI= to Part R139
Added Parameter DNI= to Part R140
Added Parameter DNI= to Part R141
Added Parameter DNI= to Part R142
Added Parameter DNI= to Part R143
Added Parameter DNI= to Part R144
Added Parameter DNI= to Part R145
Added Parameter DNI= to Part S1
Added Parameter DNI= to Part S2
Added Parameter DNI= to Part TP13
Added Parameter DNI= to Part TP14
Added Parameter DNI= to Part TP15
Added Parameter DNI= to Part TP16
Added Parameter DNI= to Part TP20
Added Parameter DNI= to Part TP21
Added Parameter DNI= to Part TP22
Added Parameter DNI= to Part TP49
Added Parameter DNI= to Part TP50
Added Parameter DNI= to Part TP52
Added Parameter DNI= to Part TP53
Added Parameter DNI= to Part TP54
Added Parameter DNI= to Part TP56
Added Parameter DNI= to Part TP74
Added Parameter DNI= to Part TP75
Added Parameter DNI= to Part TP76
Added Parameter DNI= to Part TP77
Added Parameter DNI= to Part TP78
Added Parameter DNI= to Part TP105
Added Parameter DNI= to Part U11
Added Parameter DNI= to Part U12
