Change Value of Parameter DISTRIBUTOR # in Part R77 Old= New=YAG3073TR-ND
Change Value of Parameter Manufacturer in Part R77 Old= New=Yageo
Change Value of Parameter PART in Part R77 Old= New=24R 1% 0402
Change Value of Parameter Part Description in Part R77 Old= New=24 Ohm ±1% 0.063W, 1/16W Chip Resistor 0402 (1005 Metric) Moisture Resistant Thick Film
Change Value of Parameter Tolerance in Part R77 Old= New=1%
Change Value of Parameter VALUE in Part R77 Old=24r New=24R
Change Value of Parameter Voltage in Part R77 Old= New=1/16W
Change Value of Parameter DISTRIBUTOR # in Part R82 Old= New=YAG3073TR-ND
Change Value of Parameter Manufacturer in Part R82 Old= New=Yageo
Change Value of Parameter PART in Part R82 Old= New=24R 1% 0402
Change Value of Parameter Part Description in Part R82 Old= New=24 Ohm ±1% 0.063W, 1/16W Chip Resistor 0402 (1005 Metric) Moisture Resistant Thick Film
Change Value of Parameter Tolerance in Part R82 Old= New=1%
Change Value of Parameter VALUE in Part R82 Old=24r New=24R
Change Value of Parameter Voltage in Part R82 Old= New=1/16W
Change Value of Parameter DISTRIBUTOR # in Part R83 Old= New=YAG3073TR-ND
Change Value of Parameter Manufacturer in Part R83 Old= New=Yageo
Change Value of Parameter PART in Part R83 Old= New=24R 1% 0402
Change Value of Parameter Part Description in Part R83 Old= New=24 Ohm ±1% 0.063W, 1/16W Chip Resistor 0402 (1005 Metric) Moisture Resistant Thick Film
Change Value of Parameter Tolerance in Part R83 Old= New=1%
Change Value of Parameter VALUE in Part R83 Old=24r New=24R
Change Value of Parameter Voltage in Part R83 Old= New=1/16W
