Change Value of Parameter DISTRIBUTOR # in Part J12 Old= New=08N6791
Change Value of Parameter DISTRIBUTOR in Part J12 Old= New=Future
Change Value of Parameter MANUFACTURER # in Part J12 Old= New=2213S-10G
Change Value of Parameter Manufacturer in Part J12 Old= New=Multicomp
Change Value of Parameter PART in Part J12 Old= New=CONN 10Pin 2Row 0.1"
Change Value of Parameter Part Description in Part J12 Old= New=Board-To-Board Connector, 2.54 mm, 10 Contacts, Header, 2213S Series, Through Hole, 2 Rows
Change Value of Parameter Tolerance in Part J12 Old= New=-NA-
Change Value of Parameter Value in Part J12 Old= New=HDR10
Change Value of Parameter Voltage in Part J12 Old= New=-NA-
Change Value of Parameter DISTRIBUTOR # in Part J13 Old= New=08N6791
Change Value of Parameter DISTRIBUTOR in Part J13 Old= New=Future
Change Value of Parameter MANUFACTURER # in Part J13 Old= New=2213S-10G
Change Value of Parameter Manufacturer in Part J13 Old= New=Multicomp
Change Value of Parameter PART in Part J13 Old= New=CONN 10Pin 2Row 0.1"
Change Value of Parameter Part Description in Part J13 Old= New=Board-To-Board Connector, 2.54 mm, 10 Contacts, Header, 2213S Series, Through Hole, 2 Rows
Change Value of Parameter Tolerance in Part J13 Old= New=-NA-
Change Value of Parameter Value in Part J13 Old= New=HDR10
Change Value of Parameter Voltage in Part J13 Old= New=-NA-
Change Value of Parameter DISTRIBUTOR in Part J18 Old=502570-0893 New=Digikey
Change Value of Parameter DISTRIBUTOR # in Part J20 Old= New=08N6796
Change Value of Parameter DISTRIBUTOR in Part J20 Old= New=Future
Change Value of Parameter MANUFACTURER # in Part J20 Old= New=2213S-24G
Change Value of Parameter Manufacturer in Part J20 Old= New=Multicomp
Change Value of Parameter PART in Part J20 Old= New=CONN 24Pin 2Row 0.1"
Change Value of Parameter Part Description in Part J20 Old= New=Board-To-Board Connector, 2.54 mm, 24 Contacts, Header, 2213S Series, Through Hole, 2 Rows
Change Value of Parameter Tolerance in Part J20 Old= New=-NA-
Change Value of Parameter Value in Part J20 Old= New=HDR24
Change Value of Parameter Voltage in Part J20 Old= New=-NA-
Change Value of Parameter DISTRIBUTOR # in Part S2 Old= New=CKN10688TR-ND
Change Value of Parameter DISTRIBUTOR in Part S2 Old= New=Digikey
Change Value of Parameter MANUFACTURER # in Part S2 Old= New=KMR741NG ULC LFS
Change Value of Parameter Manufacturer in Part S2 Old= New=C&K
Change Value of Parameter PART in Part S2 Old= New=Tactile Pushbutton SMT
Change Value of Parameter Part Description in Part S2 Old= New=Tactile Switch SPST-NO Top Actuated Surface Mount
Change Value of Parameter Tolerance in Part S2 Old= New=-NA-
Change Value of Parameter Value in Part S2 Old= New=-NA-
Change Value of Parameter Voltage in Part S2 Old= New=32V 50mA
