Change Value of Parameter DISTRIBUTOR # in Part D42 Old= New=ESD9B3.3ST5GOSTR-ND
Change Value of Parameter DISTRIBUTOR in Part D42 Old= New=Digikey
Change Value of Parameter MANUFACTURER # in Part D42 Old= New=ESD9B3.3ST5G
Change Value of Parameter Manufacturer in Part D42 Old= New=On Semi
Change Value of Parameter PART in Part D42 Old= New=TVS DIODE 3.3VWM SOD923
Change Value of Parameter Part Description in Part D42 Old= New=TVS DIODE 3.3VWM SOD923
Change Value of Parameter Tolerance in Part D42 Old= New=-NA-
Change Value of Parameter Value in Part D42 Old= New=3.3V
Change Value of Parameter Voltage in Part D42 Old= New=3.3Vso 15pF
Change Value of Parameter DISTRIBUTOR # in Part D64 Old= New=ESD9B3.3ST5GOSTR-ND
Change Value of Parameter DISTRIBUTOR in Part D64 Old= New=Digikey
Change Value of Parameter MANUFACTURER # in Part D64 Old= New=ESD9B3.3ST5G
Change Value of Parameter Manufacturer in Part D64 Old= New=On Semi
Change Value of Parameter PART in Part D64 Old= New=TVS DIODE 3.3VWM SOD923
Change Value of Parameter Part Description in Part D64 Old= New=TVS DIODE 3.3VWM SOD923
Change Value of Parameter Tolerance in Part D64 Old= New=-NA-
Change Value of Parameter Value in Part D64 Old= New=3.3V
Change Value of Parameter Voltage in Part D64 Old= New=3.3Vso 15pF
Change Value of Parameter DISTRIBUTOR # in Part D65 Old= New=ESD9B3.3ST5GOSTR-ND
Change Value of Parameter DISTRIBUTOR in Part D65 Old= New=Digikey
Change Value of Parameter MANUFACTURER # in Part D65 Old= New=ESD9B3.3ST5G
Change Value of Parameter Manufacturer in Part D65 Old= New=On Semi
Change Value of Parameter PART in Part D65 Old= New=TVS DIODE 3.3VWM SOD923
Change Value of Parameter Part Description in Part D65 Old= New=TVS DIODE 3.3VWM SOD923
Change Value of Parameter Tolerance in Part D65 Old= New=-NA-
Change Value of Parameter Value in Part D65 Old= New=3.3V
Change Value of Parameter Voltage in Part D65 Old= New=3.3Vso 15pF
Change Value of Parameter DISTRIBUTOR # in Part D66 Old= New=ESD9B3.3ST5GOSTR-ND
Change Value of Parameter DISTRIBUTOR in Part D66 Old= New=Digikey
Change Value of Parameter MANUFACTURER # in Part D66 Old= New=ESD9B3.3ST5G
Change Value of Parameter Manufacturer in Part D66 Old= New=On Semi
Change Value of Parameter PART in Part D66 Old= New=TVS DIODE 3.3VWM SOD923
Change Value of Parameter Part Description in Part D66 Old= New=TVS DIODE 3.3VWM SOD923
Change Value of Parameter Tolerance in Part D66 Old= New=-NA-
Change Value of Parameter Value in Part D66 Old= New=3.3V
Change Value of Parameter Voltage in Part D66 Old= New=3.3Vso 15pF
Change Value of Parameter DISTRIBUTOR # in Part D67 Old= New=ESD9B3.3ST5GOSTR-ND
Change Value of Parameter DISTRIBUTOR in Part D67 Old= New=Digikey
Change Value of Parameter MANUFACTURER # in Part D67 Old= New=ESD9B3.3ST5G
Change Value of Parameter Manufacturer in Part D67 Old= New=On Semi
Change Value of Parameter PART in Part D67 Old= New=TVS DIODE 3.3VWM SOD923
Change Value of Parameter Part Description in Part D67 Old= New=TVS DIODE 3.3VWM SOD923
Change Value of Parameter Tolerance in Part D67 Old= New=-NA-
Change Value of Parameter Value in Part D67 Old= New=3.3V
Change Value of Parameter Voltage in Part D67 Old= New=3.3Vso 15pF
Change Value of Parameter DISTRIBUTOR # in Part D68 Old= New=ESD9B3.3ST5GOSTR-ND
Change Value of Parameter DISTRIBUTOR in Part D68 Old= New=Digikey
Change Value of Parameter MANUFACTURER # in Part D68 Old= New=ESD9B3.3ST5G
Change Value of Parameter Manufacturer in Part D68 Old= New=On Semi
Change Value of Parameter PART in Part D68 Old= New=TVS DIODE 3.3VWM SOD923
Change Value of Parameter Part Description in Part D68 Old= New=TVS DIODE 3.3VWM SOD923
Change Value of Parameter Tolerance in Part D68 Old= New=-NA-
Change Value of Parameter Value in Part D68 Old= New=3.3V
Change Value of Parameter Voltage in Part D68 Old= New=3.3Vso 15pF
Change Value of Parameter DISTRIBUTOR # in Part D69 Old= New=ESD9B3.3ST5GOSTR-ND
Change Value of Parameter DISTRIBUTOR in Part D69 Old= New=Digikey
Change Value of Parameter MANUFACTURER # in Part D69 Old= New=ESD9B3.3ST5G
Change Value of Parameter Manufacturer in Part D69 Old= New=On Semi
Change Value of Parameter PART in Part D69 Old= New=TVS DIODE 3.3VWM SOD923
Change Value of Parameter Part Description in Part D69 Old= New=TVS DIODE 3.3VWM SOD923
Change Value of Parameter Tolerance in Part D69 Old= New=-NA-
Change Value of Parameter Value in Part D69 Old= New=3.3V
Change Value of Parameter Voltage in Part D69 Old= New=3.3Vso 15pF
Change Value of Parameter DISTRIBUTOR # in Part D71 Old= New=ESD9B3.3ST5GOSTR-ND
Change Value of Parameter DISTRIBUTOR in Part D71 Old= New=Digikey
Change Value of Parameter MANUFACTURER # in Part D71 Old= New=ESD9B3.3ST5G
Change Value of Parameter Manufacturer in Part D71 Old= New=On Semi
Change Value of Parameter PART in Part D71 Old= New=TVS DIODE 3.3VWM SOD923
Change Value of Parameter Part Description in Part D71 Old= New=TVS DIODE 3.3VWM SOD923
Change Value of Parameter Tolerance in Part D71 Old= New=-NA-
Change Value of Parameter Value in Part D71 Old= New=3.3V
Change Value of Parameter Voltage in Part D71 Old= New=3.3Vso 15pF
Change Value of Parameter DISTRIBUTOR # in Part D72 Old= New=ESD9B3.3ST5GOSTR-ND
Change Value of Parameter DISTRIBUTOR in Part D72 Old= New=Digikey
Change Value of Parameter MANUFACTURER # in Part D72 Old= New=ESD9B3.3ST5G
Change Value of Parameter Manufacturer in Part D72 Old= New=On Semi
Change Value of Parameter PART in Part D72 Old= New=TVS DIODE 3.3VWM SOD923
Change Value of Parameter Part Description in Part D72 Old= New=TVS DIODE 3.3VWM SOD923
Change Value of Parameter Tolerance in Part D72 Old= New=-NA-
Change Value of Parameter Value in Part D72 Old= New=3.3V
Change Value of Parameter Voltage in Part D72 Old= New=3.3Vso 15pF
Change Value of Parameter DISTRIBUTOR # in Part D73 Old= New=ESD9B3.3ST5GOSTR-ND
Change Value of Parameter DISTRIBUTOR in Part D73 Old= New=Digikey
Change Value of Parameter MANUFACTURER # in Part D73 Old= New=ESD9B3.3ST5G
Change Value of Parameter Manufacturer in Part D73 Old= New=On Semi
Change Value of Parameter PART in Part D73 Old= New=TVS DIODE 3.3VWM SOD923
Change Value of Parameter Part Description in Part D73 Old= New=TVS DIODE 3.3VWM SOD923
Change Value of Parameter Tolerance in Part D73 Old= New=-NA-
Change Value of Parameter Value in Part D73 Old= New=3.3V
Change Value of Parameter Voltage in Part D73 Old= New=3.3Vso 15pF
