Added Parameter DISTRIBUTOR #= to Part C66
Added Parameter DISTRIBUTOR #= to Part C71
Added Parameter DISTRIBUTOR #= to Part C82
Added Parameter DISTRIBUTOR #= to Part C164
Added Parameter DISTRIBUTOR #= to Part C165
Added Parameter DISTRIBUTOR #= to Part C166
Added Parameter DISTRIBUTOR #= to Part C167
Added Parameter DISTRIBUTOR #= to Part D24
Added Parameter DISTRIBUTOR #= to Part D25
Added Parameter DISTRIBUTOR #= to Part D42
Added Parameter DISTRIBUTOR #= to Part D64
Added Parameter DISTRIBUTOR #= to Part D65
Added Parameter DISTRIBUTOR #= to Part D66
Added Parameter DISTRIBUTOR #= to Part D67
Added Parameter DISTRIBUTOR #= to Part D68
Added Parameter DISTRIBUTOR #= to Part D69
Added Parameter DISTRIBUTOR #= to Part D71
Added Parameter DISTRIBUTOR #= to Part D72
Added Parameter DISTRIBUTOR #= to Part D73
Added Parameter DISTRIBUTOR #= to Part FD1
Added Parameter DISTRIBUTOR #= to Part FD2
Added Parameter DISTRIBUTOR #= to Part FD3
Added Parameter DISTRIBUTOR #= to Part J4
Added Parameter DISTRIBUTOR #= to Part J12
Added Parameter DISTRIBUTOR #= to Part J13
Added Parameter DISTRIBUTOR #= to Part J18
Added Parameter DISTRIBUTOR #= to Part J19
Added Parameter DISTRIBUTOR #= to Part J19
Added Parameter DISTRIBUTOR #= to Part J19
Added Parameter DISTRIBUTOR #= to Part J19
Added Parameter DISTRIBUTOR #= to Part J19
Added Parameter DISTRIBUTOR #= to Part J20
Added Parameter DISTRIBUTOR #= to Part R34
Added Parameter DISTRIBUTOR #= to Part R36
Added Parameter DISTRIBUTOR #= to Part R40
Added Parameter DISTRIBUTOR #= to Part R41
Added Parameter DISTRIBUTOR #= to Part R64
Added Parameter DISTRIBUTOR #= to Part R65
Added Parameter DISTRIBUTOR #= to Part R67
Added Parameter DISTRIBUTOR #= to Part R68
Added Parameter DISTRIBUTOR #= to Part R69
Added Parameter DISTRIBUTOR #= to Part R70
Added Parameter DISTRIBUTOR #= to Part R71
Added Parameter DISTRIBUTOR #= to Part R77
Added Parameter DISTRIBUTOR #= to Part R82
Added Parameter DISTRIBUTOR #= to Part R83
Added Parameter DISTRIBUTOR #= to Part R85
Added Parameter DISTRIBUTOR #= to Part R96
Added Parameter DISTRIBUTOR #= to Part R97
Added Parameter DISTRIBUTOR #= to Part R98
Added Parameter DISTRIBUTOR #= to Part R99
Added Parameter DISTRIBUTOR #= to Part R101
Added Parameter DISTRIBUTOR #= to Part R109
Added Parameter DISTRIBUTOR #= to Part R114
Added Parameter DISTRIBUTOR #= to Part R120
Added Parameter DISTRIBUTOR #= to Part R133
Added Parameter DISTRIBUTOR #= to Part R134
Added Parameter DISTRIBUTOR #= to Part R135
Added Parameter DISTRIBUTOR #= to Part R136
Added Parameter DISTRIBUTOR #= to Part R137
Added Parameter DISTRIBUTOR #= to Part R138
Added Parameter DISTRIBUTOR #= to Part R139
Added Parameter DISTRIBUTOR #= to Part R140
Added Parameter DISTRIBUTOR #= to Part R141
Added Parameter DISTRIBUTOR #= to Part R142
Added Parameter DISTRIBUTOR #= to Part R143
Added Parameter DISTRIBUTOR #= to Part R144
Added Parameter DISTRIBUTOR #= to Part R145
Added Parameter DISTRIBUTOR #= to Part S2
Added Parameter DISTRIBUTOR #= to Part TP13
Added Parameter DISTRIBUTOR #= to Part TP14
Added Parameter DISTRIBUTOR #= to Part TP15
Added Parameter DISTRIBUTOR #= to Part TP16
Added Parameter DISTRIBUTOR #= to Part TP20
Added Parameter DISTRIBUTOR #= to Part TP21
Added Parameter DISTRIBUTOR #= to Part TP22
Added Parameter DISTRIBUTOR #= to Part TP49
Added Parameter DISTRIBUTOR #= to Part TP50
Added Parameter DISTRIBUTOR #= to Part TP52
Added Parameter DISTRIBUTOR #= to Part TP53
Added Parameter DISTRIBUTOR #= to Part TP54
Added Parameter DISTRIBUTOR #= to Part TP56
Added Parameter DISTRIBUTOR #= to Part TP74
Added Parameter DISTRIBUTOR #= to Part TP75
Added Parameter DISTRIBUTOR #= to Part TP76
Added Parameter DISTRIBUTOR #= to Part TP77
Added Parameter DISTRIBUTOR #= to Part TP78
Added Parameter DISTRIBUTOR #= to Part TP105
Added Parameter DISTRIBUTOR #= to Part U11
Added Parameter DISTRIBUTOR= to Part C66
Added Parameter DISTRIBUTOR= to Part C71
Added Parameter DISTRIBUTOR= to Part C82
Added Parameter DISTRIBUTOR= to Part C164
Added Parameter DISTRIBUTOR= to Part C165
Added Parameter DISTRIBUTOR= to Part C166
Added Parameter DISTRIBUTOR= to Part C167
Added Parameter DISTRIBUTOR= to Part D24
Added Parameter DISTRIBUTOR= to Part D25
Added Parameter DISTRIBUTOR= to Part D42
Added Parameter DISTRIBUTOR= to Part D64
Added Parameter DISTRIBUTOR= to Part D65
Added Parameter DISTRIBUTOR= to Part D66
Added Parameter DISTRIBUTOR= to Part D67
Added Parameter DISTRIBUTOR= to Part D68
Added Parameter DISTRIBUTOR= to Part D69
Added Parameter DISTRIBUTOR= to Part D71
Added Parameter DISTRIBUTOR= to Part D72
Added Parameter DISTRIBUTOR= to Part D73
Added Parameter DISTRIBUTOR= to Part FD1
Added Parameter DISTRIBUTOR= to Part FD2
Added Parameter DISTRIBUTOR= to Part FD3
Added Parameter DISTRIBUTOR= to Part J4
Added Parameter DISTRIBUTOR= to Part J12
Added Parameter DISTRIBUTOR= to Part J13
Added Parameter DISTRIBUTOR= to Part J18
Added Parameter DISTRIBUTOR= to Part J19
Added Parameter DISTRIBUTOR= to Part J19
Added Parameter DISTRIBUTOR= to Part J19
Added Parameter DISTRIBUTOR= to Part J19
Added Parameter DISTRIBUTOR= to Part J19
Added Parameter DISTRIBUTOR= to Part J20
Added Parameter DISTRIBUTOR= to Part R34
Added Parameter DISTRIBUTOR= to Part R36
Added Parameter DISTRIBUTOR= to Part R40
Added Parameter DISTRIBUTOR= to Part R41
Added Parameter DISTRIBUTOR= to Part R64
Added Parameter DISTRIBUTOR= to Part R65
Added Parameter DISTRIBUTOR= to Part R67
Added Parameter DISTRIBUTOR= to Part R68
Added Parameter DISTRIBUTOR= to Part R69
Added Parameter DISTRIBUTOR= to Part R70
Added Parameter DISTRIBUTOR= to Part R71
Added Parameter DISTRIBUTOR= to Part R77
Added Parameter DISTRIBUTOR= to Part R82
Added Parameter DISTRIBUTOR= to Part R83
Added Parameter DISTRIBUTOR= to Part R85
Added Parameter DISTRIBUTOR= to Part R96
Added Parameter DISTRIBUTOR= to Part R97
Added Parameter DISTRIBUTOR= to Part R98
Added Parameter DISTRIBUTOR= to Part R99
Added Parameter DISTRIBUTOR= to Part R101
Added Parameter DISTRIBUTOR= to Part R109
Added Parameter DISTRIBUTOR= to Part R114
Added Parameter DISTRIBUTOR= to Part R120
Added Parameter DISTRIBUTOR= to Part R133
Added Parameter DISTRIBUTOR= to Part R134
Added Parameter DISTRIBUTOR= to Part R135
Added Parameter DISTRIBUTOR= to Part R136
Added Parameter DISTRIBUTOR= to Part R137
Added Parameter DISTRIBUTOR= to Part R138
Added Parameter DISTRIBUTOR= to Part R139
Added Parameter DISTRIBUTOR= to Part R140
Added Parameter DISTRIBUTOR= to Part R141
Added Parameter DISTRIBUTOR= to Part R142
Added Parameter DISTRIBUTOR= to Part R143
Added Parameter DISTRIBUTOR= to Part R144
Added Parameter DISTRIBUTOR= to Part R145
Added Parameter DISTRIBUTOR= to Part S2
Added Parameter DISTRIBUTOR= to Part TP13
Added Parameter DISTRIBUTOR= to Part TP14
Added Parameter DISTRIBUTOR= to Part TP15
Added Parameter DISTRIBUTOR= to Part TP16
Added Parameter DISTRIBUTOR= to Part TP20
Added Parameter DISTRIBUTOR= to Part TP21
Added Parameter DISTRIBUTOR= to Part TP22
Added Parameter DISTRIBUTOR= to Part TP49
Added Parameter DISTRIBUTOR= to Part TP50
Added Parameter DISTRIBUTOR= to Part TP52
Added Parameter DISTRIBUTOR= to Part TP53
Added Parameter DISTRIBUTOR= to Part TP54
Added Parameter DISTRIBUTOR= to Part TP56
Added Parameter DISTRIBUTOR= to Part TP74
Added Parameter DISTRIBUTOR= to Part TP75
Added Parameter DISTRIBUTOR= to Part TP76
Added Parameter DISTRIBUTOR= to Part TP77
Added Parameter DISTRIBUTOR= to Part TP78
Added Parameter DISTRIBUTOR= to Part TP105
Added Parameter DISTRIBUTOR= to Part U11
Added Parameter PART= to Part C40
Added Parameter PART= to Part C66
Added Parameter PART= to Part C70
Added Parameter PART= to Part C71
Added Parameter PART= to Part C82
Added Parameter PART= to Part C164
Added Parameter PART= to Part C165
Added Parameter PART= to Part C166
Added Parameter PART= to Part C167
Added Parameter PART= to Part C171
Added Parameter PART= to Part D24
Added Parameter PART= to Part D25
Added Parameter PART= to Part D42
Added Parameter PART= to Part D64
Added Parameter PART= to Part D65
Added Parameter PART= to Part D66
Added Parameter PART= to Part D67
Added Parameter PART= to Part D68
Added Parameter PART= to Part D69
Added Parameter PART= to Part D71
Added Parameter PART= to Part D72
Added Parameter PART= to Part D73
Added Parameter PART= to Part FD1
Added Parameter PART= to Part FD2
Added Parameter PART= to Part FD3
Added Parameter PART= to Part J4
Added Parameter PART= to Part J12
Added Parameter PART= to Part J13
Added Parameter PART= to Part J18
Added Parameter PART= to Part J19
Added Parameter PART= to Part J19
Added Parameter PART= to Part J19
Added Parameter PART= to Part J19
Added Parameter PART= to Part J19
Added Parameter PART= to Part J20
Added Parameter PART= to Part R31
Added Parameter PART= to Part R34
Added Parameter PART= to Part R36
Added Parameter PART= to Part R37
Added Parameter PART= to Part R38
Added Parameter PART= to Part R40
Added Parameter PART= to Part R41
Added Parameter PART= to Part R64
Added Parameter PART= to Part R65
Added Parameter PART= to Part R67
Added Parameter PART= to Part R68
Added Parameter PART= to Part R69
Added Parameter PART= to Part R70
Added Parameter PART= to Part R71
Added Parameter PART= to Part R77
Added Parameter PART= to Part R82
Added Parameter PART= to Part R83
Added Parameter PART= to Part R85
Added Parameter PART= to Part R96
Added Parameter PART= to Part R97
Added Parameter PART= to Part R98
Added Parameter PART= to Part R99
Added Parameter PART= to Part R101
Added Parameter PART= to Part R109
Added Parameter PART= to Part R114
Added Parameter PART= to Part R120
Added Parameter PART= to Part R133
Added Parameter PART= to Part R134
Added Parameter PART= to Part R135
Added Parameter PART= to Part R136
Added Parameter PART= to Part R137
Added Parameter PART= to Part R138
Added Parameter PART= to Part R139
Added Parameter PART= to Part R140
Added Parameter PART= to Part R141
Added Parameter PART= to Part R142
Added Parameter PART= to Part R143
Added Parameter PART= to Part R144
Added Parameter PART= to Part R145
Added Parameter PART= to Part S1
Added Parameter PART= to Part S2
Added Parameter PART= to Part TP13
Added Parameter PART= to Part TP14
Added Parameter PART= to Part TP15
Added Parameter PART= to Part TP16
Added Parameter PART= to Part TP20
Added Parameter PART= to Part TP21
Added Parameter PART= to Part TP22
Added Parameter PART= to Part TP49
Added Parameter PART= to Part TP50
Added Parameter PART= to Part TP52
Added Parameter PART= to Part TP53
Added Parameter PART= to Part TP54
Added Parameter PART= to Part TP56
Added Parameter PART= to Part TP74
Added Parameter PART= to Part TP75
Added Parameter PART= to Part TP76
Added Parameter PART= to Part TP77
Added Parameter PART= to Part TP78
Added Parameter PART= to Part TP105
Added Parameter PART= to Part U11
Added Parameter PART= to Part U12
Added Parameter Part Description= to Part C66
Added Parameter Part Description= to Part C71
Added Parameter Part Description= to Part C82
Added Parameter Part Description= to Part C164
Added Parameter Part Description= to Part C165
Added Parameter Part Description= to Part C166
Added Parameter Part Description= to Part C167
Added Parameter Part Description= to Part D24
Added Parameter Part Description= to Part D25
Added Parameter Part Description= to Part D42
Added Parameter Part Description= to Part D64
Added Parameter Part Description= to Part D65
Added Parameter Part Description= to Part D66
Added Parameter Part Description= to Part D67
Added Parameter Part Description= to Part D68
Added Parameter Part Description= to Part D69
Added Parameter Part Description= to Part D71
Added Parameter Part Description= to Part D72
Added Parameter Part Description= to Part D73
Added Parameter Part Description= to Part FD1
Added Parameter Part Description= to Part FD2
Added Parameter Part Description= to Part FD3
Added Parameter Part Description= to Part J4
Added Parameter Part Description= to Part J12
Added Parameter Part Description= to Part J13
Added Parameter Part Description= to Part J18
Added Parameter Part Description= to Part J19
Added Parameter Part Description= to Part J19
Added Parameter Part Description= to Part J19
Added Parameter Part Description= to Part J19
Added Parameter Part Description= to Part J19
Added Parameter Part Description= to Part J20
Added Parameter Part Description= to Part R31
Added Parameter Part Description= to Part R34
Added Parameter Part Description= to Part R36
Added Parameter Part Description= to Part R37
Added Parameter Part Description= to Part R38
Added Parameter Part Description= to Part R40
Added Parameter Part Description= to Part R41
Added Parameter Part Description= to Part R64
Added Parameter Part Description= to Part R65
Added Parameter Part Description= to Part R67
Added Parameter Part Description= to Part R68
Added Parameter Part Description= to Part R69
Added Parameter Part Description= to Part R70
Added Parameter Part Description= to Part R71
Added Parameter Part Description= to Part R77
Added Parameter Part Description= to Part R82
Added Parameter Part Description= to Part R83
Added Parameter Part Description= to Part R85
Added Parameter Part Description= to Part R96
Added Parameter Part Description= to Part R97
Added Parameter Part Description= to Part R98
Added Parameter Part Description= to Part R99
Added Parameter Part Description= to Part R101
Added Parameter Part Description= to Part R109
Added Parameter Part Description= to Part R114
Added Parameter Part Description= to Part R120
Added Parameter Part Description= to Part R133
Added Parameter Part Description= to Part R134
Added Parameter Part Description= to Part R135
Added Parameter Part Description= to Part R136
Added Parameter Part Description= to Part R137
Added Parameter Part Description= to Part R138
Added Parameter Part Description= to Part R139
Added Parameter Part Description= to Part R140
Added Parameter Part Description= to Part R141
Added Parameter Part Description= to Part R142
Added Parameter Part Description= to Part R143
Added Parameter Part Description= to Part R144
Added Parameter Part Description= to Part R145
Added Parameter Part Description= to Part S1
Added Parameter Part Description= to Part S2
Added Parameter Part Description= to Part TP13
Added Parameter Part Description= to Part TP14
Added Parameter Part Description= to Part TP15
Added Parameter Part Description= to Part TP16
Added Parameter Part Description= to Part TP20
Added Parameter Part Description= to Part TP21
Added Parameter Part Description= to Part TP22
Added Parameter Part Description= to Part TP49
Added Parameter Part Description= to Part TP50
Added Parameter Part Description= to Part TP52
Added Parameter Part Description= to Part TP53
Added Parameter Part Description= to Part TP54
Added Parameter Part Description= to Part TP56
Added Parameter Part Description= to Part TP74
Added Parameter Part Description= to Part TP75
Added Parameter Part Description= to Part TP76
Added Parameter Part Description= to Part TP77
Added Parameter Part Description= to Part TP78
Added Parameter Part Description= to Part TP105
Added Parameter Part Description= to Part U11
Added Parameter Part Description= to Part U12
Added Parameter Tolerance= to Part C66
Added Parameter Tolerance= to Part C71
Added Parameter Tolerance= to Part C82
Added Parameter Tolerance= to Part C164
Added Parameter Tolerance= to Part C165
Added Parameter Tolerance= to Part C166
Added Parameter Tolerance= to Part C167
Added Parameter Tolerance= to Part D24
Added Parameter Tolerance= to Part D25
Added Parameter Tolerance= to Part D42
Added Parameter Tolerance= to Part D64
Added Parameter Tolerance= to Part D65
Added Parameter Tolerance= to Part D66
Added Parameter Tolerance= to Part D67
Added Parameter Tolerance= to Part D68
Added Parameter Tolerance= to Part D69
Added Parameter Tolerance= to Part D71
Added Parameter Tolerance= to Part D72
Added Parameter Tolerance= to Part D73
Added Parameter Tolerance= to Part FD1
Added Parameter Tolerance= to Part FD2
Added Parameter Tolerance= to Part FD3
Added Parameter Tolerance= to Part J4
Added Parameter Tolerance= to Part J12
Added Parameter Tolerance= to Part J13
Added Parameter Tolerance= to Part J18
Added Parameter Tolerance= to Part J19
Added Parameter Tolerance= to Part J19
Added Parameter Tolerance= to Part J19
Added Parameter Tolerance= to Part J19
Added Parameter Tolerance= to Part J19
Added Parameter Tolerance= to Part J20
Added Parameter Tolerance= to Part R31
Added Parameter Tolerance= to Part R34
Added Parameter Tolerance= to Part R36
Added Parameter Tolerance= to Part R37
Added Parameter Tolerance= to Part R38
Added Parameter Tolerance= to Part R40
Added Parameter Tolerance= to Part R41
Added Parameter Tolerance= to Part R64
Added Parameter Tolerance= to Part R65
Added Parameter Tolerance= to Part R67
Added Parameter Tolerance= to Part R68
Added Parameter Tolerance= to Part R69
Added Parameter Tolerance= to Part R70
Added Parameter Tolerance= to Part R71
Added Parameter Tolerance= to Part R77
Added Parameter Tolerance= to Part R82
Added Parameter Tolerance= to Part R83
Added Parameter Tolerance= to Part R85
Added Parameter Tolerance= to Part R96
Added Parameter Tolerance= to Part R97
Added Parameter Tolerance= to Part R98
Added Parameter Tolerance= to Part R99
Added Parameter Tolerance= to Part R101
Added Parameter Tolerance= to Part R109
Added Parameter Tolerance= to Part R114
Added Parameter Tolerance= to Part R120
Added Parameter Tolerance= to Part R133
Added Parameter Tolerance= to Part R134
Added Parameter Tolerance= to Part R135
Added Parameter Tolerance= to Part R136
Added Parameter Tolerance= to Part R137
Added Parameter Tolerance= to Part R138
Added Parameter Tolerance= to Part R139
Added Parameter Tolerance= to Part R140
Added Parameter Tolerance= to Part R141
Added Parameter Tolerance= to Part R142
Added Parameter Tolerance= to Part R143
Added Parameter Tolerance= to Part R144
Added Parameter Tolerance= to Part R145
Added Parameter Tolerance= to Part S1
Added Parameter Tolerance= to Part S2
Added Parameter Tolerance= to Part TP13
Added Parameter Tolerance= to Part TP14
Added Parameter Tolerance= to Part TP15
Added Parameter Tolerance= to Part TP16
Added Parameter Tolerance= to Part TP20
Added Parameter Tolerance= to Part TP21
Added Parameter Tolerance= to Part TP22
Added Parameter Tolerance= to Part TP49
Added Parameter Tolerance= to Part TP50
Added Parameter Tolerance= to Part TP52
Added Parameter Tolerance= to Part TP53
Added Parameter Tolerance= to Part TP54
Added Parameter Tolerance= to Part TP56
Added Parameter Tolerance= to Part TP74
Added Parameter Tolerance= to Part TP75
Added Parameter Tolerance= to Part TP76
Added Parameter Tolerance= to Part TP77
Added Parameter Tolerance= to Part TP78
Added Parameter Tolerance= to Part TP105
Added Parameter Tolerance= to Part U11
Added Parameter Tolerance= to Part U12
Added Parameter Value= to Part D42
Added Parameter Value= to Part D64
Added Parameter Value= to Part D65
Added Parameter Value= to Part D66
Added Parameter Value= to Part D67
Added Parameter Value= to Part D68
Added Parameter Value= to Part D69
Added Parameter Value= to Part D71
Added Parameter Value= to Part D72
Added Parameter Value= to Part D73
Added Parameter Value= to Part FD1
Added Parameter Value= to Part FD2
Added Parameter Value= to Part FD3
Added Parameter Value= to Part J4
Added Parameter Value= to Part J12
Added Parameter Value= to Part J13
Added Parameter Value= to Part J18
Added Parameter Value= to Part J19
Added Parameter Value= to Part J19
Added Parameter Value= to Part J19
Added Parameter Value= to Part J19
Added Parameter Value= to Part J19
Added Parameter Value= to Part J20
Added Parameter Value= to Part S1
Added Parameter Value= to Part S2
Added Parameter Value= to Part TP13
Added Parameter Value= to Part TP14
Added Parameter Value= to Part TP15
Added Parameter Value= to Part TP16
Added Parameter Value= to Part TP20
Added Parameter Value= to Part TP21
Added Parameter Value= to Part TP22
Added Parameter Value= to Part TP49
Added Parameter Value= to Part TP50
Added Parameter Value= to Part TP52
Added Parameter Value= to Part TP53
Added Parameter Value= to Part TP54
Added Parameter Value= to Part TP56
Added Parameter Value= to Part TP74
Added Parameter Value= to Part TP75
Added Parameter Value= to Part TP76
Added Parameter Value= to Part TP77
Added Parameter Value= to Part TP78
Added Parameter Value= to Part TP105
Added Parameter Value= to Part U11
Added Parameter Value= to Part U12
Added Parameter Voltage= to Part C66
Added Parameter Voltage= to Part C71
Added Parameter Voltage= to Part C82
Added Parameter Voltage= to Part C164
Added Parameter Voltage= to Part C165
Added Parameter Voltage= to Part C166
Added Parameter Voltage= to Part C167
Added Parameter Voltage= to Part D24
Added Parameter Voltage= to Part D25
Added Parameter Voltage= to Part D42
Added Parameter Voltage= to Part D64
Added Parameter Voltage= to Part D65
Added Parameter Voltage= to Part D66
Added Parameter Voltage= to Part D67
Added Parameter Voltage= to Part D68
Added Parameter Voltage= to Part D69
Added Parameter Voltage= to Part D71
Added Parameter Voltage= to Part D72
Added Parameter Voltage= to Part D73
Added Parameter Voltage= to Part FD1
Added Parameter Voltage= to Part FD2
Added Parameter Voltage= to Part FD3
Added Parameter Voltage= to Part J4
Added Parameter Voltage= to Part J12
Added Parameter Voltage= to Part J13
Added Parameter Voltage= to Part J18
Added Parameter Voltage= to Part J19
Added Parameter Voltage= to Part J19
Added Parameter Voltage= to Part J19
Added Parameter Voltage= to Part J19
Added Parameter Voltage= to Part J19
Added Parameter Voltage= to Part J20
Added Parameter Voltage= to Part R31
Added Parameter Voltage= to Part R34
Added Parameter Voltage= to Part R36
Added Parameter Voltage= to Part R37
Added Parameter Voltage= to Part R38
Added Parameter Voltage= to Part R40
Added Parameter Voltage= to Part R41
Added Parameter Voltage= to Part R64
Added Parameter Voltage= to Part R65
Added Parameter Voltage= to Part R67
Added Parameter Voltage= to Part R68
Added Parameter Voltage= to Part R69
Added Parameter Voltage= to Part R70
Added Parameter Voltage= to Part R71
Added Parameter Voltage= to Part R77
Added Parameter Voltage= to Part R82
Added Parameter Voltage= to Part R83
Added Parameter Voltage= to Part R85
Added Parameter Voltage= to Part R96
Added Parameter Voltage= to Part R97
Added Parameter Voltage= to Part R98
Added Parameter Voltage= to Part R99
Added Parameter Voltage= to Part R101
Added Parameter Voltage= to Part R109
Added Parameter Voltage= to Part R114
Added Parameter Voltage= to Part R120
Added Parameter Voltage= to Part R133
Added Parameter Voltage= to Part R134
Added Parameter Voltage= to Part R135
Added Parameter Voltage= to Part R136
Added Parameter Voltage= to Part R137
Added Parameter Voltage= to Part R138
Added Parameter Voltage= to Part R139
Added Parameter Voltage= to Part R140
Added Parameter Voltage= to Part R141
Added Parameter Voltage= to Part R142
Added Parameter Voltage= to Part R143
Added Parameter Voltage= to Part R144
Added Parameter Voltage= to Part R145
Added Parameter Voltage= to Part S1
Added Parameter Voltage= to Part S2
Added Parameter Voltage= to Part TP13
Added Parameter Voltage= to Part TP14
Added Parameter Voltage= to Part TP15
Added Parameter Voltage= to Part TP16
Added Parameter Voltage= to Part TP20
Added Parameter Voltage= to Part TP21
Added Parameter Voltage= to Part TP22
Added Parameter Voltage= to Part TP49
Added Parameter Voltage= to Part TP50
Added Parameter Voltage= to Part TP52
Added Parameter Voltage= to Part TP53
Added Parameter Voltage= to Part TP54
Added Parameter Voltage= to Part TP56
Added Parameter Voltage= to Part TP74
Added Parameter Voltage= to Part TP75
Added Parameter Voltage= to Part TP76
Added Parameter Voltage= to Part TP77
Added Parameter Voltage= to Part TP78
Added Parameter Voltage= to Part TP105
Added Parameter Voltage= to Part U11
Added Parameter Voltage= to Part U12
