Change Value of Parameter EE_SPEC in Part C40 Old=EE Spec New=EE_SPEC
Change Value of Parameter MANUFACTURER in Part C40 Old=Manufacturer New=MANUFACTURER
Change Value of Parameter PART DESCRIPTION in Part C40 Old=Part Description New=PART DESCRIPTION
Change Value of Parameter TOLERANCE in Part C40 Old=Tolerance New=TOLERANCE
Change Value of Parameter VALUE in Part C40 Old=Value New=VALUE
Change Value of Parameter EE_SPEC in Part C66 Old=EE Spec New=EE_SPEC
Change Value of Parameter MANUFACTURER in Part C66 Old=Manufacturer New=MANUFACTURER
Change Value of Parameter PART DESCRIPTION in Part C66 Old=Part Description New=PART DESCRIPTION
Change Value of Parameter TOLERANCE in Part C66 Old=Tolerance New=TOLERANCE
Change Value of Parameter EE_SPEC in Part C70 Old=EE Spec New=EE_SPEC
Change Value of Parameter MANUFACTURER in Part C70 Old=Manufacturer New=MANUFACTURER
Change Value of Parameter PART DESCRIPTION in Part C70 Old=Part Description New=PART DESCRIPTION
Change Value of Parameter TOLERANCE in Part C70 Old=Tolerance New=TOLERANCE
Change Value of Parameter VALUE in Part C70 Old=Value New=VALUE
Change Value of Parameter EE_SPEC in Part C71 Old=EE Spec New=EE_SPEC
Change Value of Parameter MANUFACTURER in Part C71 Old=Manufacturer New=MANUFACTURER
Change Value of Parameter PART DESCRIPTION in Part C71 Old=Part Description New=PART DESCRIPTION
Change Value of Parameter TOLERANCE in Part C71 Old=Tolerance New=TOLERANCE
Change Value of Parameter EE_SPEC in Part C82 Old=EE Spec New=EE_SPEC
Change Value of Parameter MANUFACTURER in Part C82 Old=Manufacturer New=MANUFACTURER
Change Value of Parameter PART DESCRIPTION in Part C82 Old=Part Description New=PART DESCRIPTION
Change Value of Parameter TOLERANCE in Part C82 Old=Tolerance New=TOLERANCE
Change Value of Parameter EE_SPEC in Part C164 Old=EE Spec New=EE_SPEC
Change Value of Parameter MANUFACTURER in Part C164 Old=Manufacturer New=MANUFACTURER
Change Value of Parameter PART DESCRIPTION in Part C164 Old=Part Description New=PART DESCRIPTION
Change Value of Parameter TOLERANCE in Part C164 Old=Tolerance New=TOLERANCE
Change Value of Parameter EE_SPEC in Part C165 Old=EE Spec New=EE_SPEC
Change Value of Parameter MANUFACTURER in Part C165 Old=Manufacturer New=MANUFACTURER
Change Value of Parameter PART DESCRIPTION in Part C165 Old=Part Description New=PART DESCRIPTION
Change Value of Parameter TOLERANCE in Part C165 Old=Tolerance New=TOLERANCE
Change Value of Parameter EE_SPEC in Part C166 Old=EE Spec New=EE_SPEC
Change Value of Parameter MANUFACTURER in Part C166 Old=Manufacturer New=MANUFACTURER
Change Value of Parameter PART DESCRIPTION in Part C166 Old=Part Description New=PART DESCRIPTION
Change Value of Parameter TOLERANCE in Part C166 Old=Tolerance New=TOLERANCE
Change Value of Parameter EE_SPEC in Part C167 Old=EE Spec New=EE_SPEC
Change Value of Parameter MANUFACTURER in Part C167 Old=Manufacturer New=MANUFACTURER
Change Value of Parameter PART DESCRIPTION in Part C167 Old=Part Description New=PART DESCRIPTION
Change Value of Parameter TOLERANCE in Part C167 Old=Tolerance New=TOLERANCE
Change Value of Parameter EE_SPEC in Part C171 Old=EE Spec New=EE_SPEC
Change Value of Parameter MANUFACTURER in Part C171 Old=Manufacturer New=MANUFACTURER
Change Value of Parameter PART DESCRIPTION in Part C171 Old=Part Description New=PART DESCRIPTION
Change Value of Parameter TOLERANCE in Part C171 Old=Tolerance New=TOLERANCE
Change Value of Parameter VALUE in Part C171 Old=Value New=VALUE
Change Value of Parameter EE_SPEC in Part D24 Old=EE Spec New=EE_SPEC
Change Value of Parameter MANUFACTURER in Part D24 Old=Manufacturer New=MANUFACTURER
Change Value of Parameter PART DESCRIPTION in Part D24 Old=Part Description New=PART DESCRIPTION
Change Value of Parameter TOLERANCE in Part D24 Old=Tolerance New=TOLERANCE
Change Value of Parameter EE_SPEC in Part D25 Old=EE Spec New=EE_SPEC
Change Value of Parameter MANUFACTURER in Part D25 Old=Manufacturer New=MANUFACTURER
Change Value of Parameter PART DESCRIPTION in Part D25 Old=Part Description New=PART DESCRIPTION
Change Value of Parameter TOLERANCE in Part D25 Old=Tolerance New=TOLERANCE
Change Value of Parameter EE_SPEC in Part D42 Old=EE Spec New=EE_SPEC
Change Value of Parameter MANUFACTURER in Part D42 Old=Manufacturer New=MANUFACTURER
Change Value of Parameter PART DESCRIPTION in Part D42 Old=Part Description New=PART DESCRIPTION
Change Value of Parameter TOLERANCE in Part D42 Old=Tolerance New=TOLERANCE
Change Value of Parameter VALUE in Part D42 Old=Value New=VALUE
Change Value of Parameter EE_SPEC in Part D64 Old=EE Spec New=EE_SPEC
Change Value of Parameter MANUFACTURER in Part D64 Old=Manufacturer New=MANUFACTURER
Change Value of Parameter PART DESCRIPTION in Part D64 Old=Part Description New=PART DESCRIPTION
Change Value of Parameter TOLERANCE in Part D64 Old=Tolerance New=TOLERANCE
Change Value of Parameter VALUE in Part D64 Old=Value New=VALUE
Change Value of Parameter EE_SPEC in Part D65 Old=EE Spec New=EE_SPEC
Change Value of Parameter MANUFACTURER in Part D65 Old=Manufacturer New=MANUFACTURER
Change Value of Parameter PART DESCRIPTION in Part D65 Old=Part Description New=PART DESCRIPTION
Change Value of Parameter TOLERANCE in Part D65 Old=Tolerance New=TOLERANCE
Change Value of Parameter VALUE in Part D65 Old=Value New=VALUE
Change Value of Parameter EE_SPEC in Part D66 Old=EE Spec New=EE_SPEC
Change Value of Parameter MANUFACTURER in Part D66 Old=Manufacturer New=MANUFACTURER
Change Value of Parameter PART DESCRIPTION in Part D66 Old=Part Description New=PART DESCRIPTION
Change Value of Parameter TOLERANCE in Part D66 Old=Tolerance New=TOLERANCE
Change Value of Parameter VALUE in Part D66 Old=Value New=VALUE
Change Value of Parameter EE_SPEC in Part D67 Old=EE Spec New=EE_SPEC
Change Value of Parameter MANUFACTURER in Part D67 Old=Manufacturer New=MANUFACTURER
Change Value of Parameter PART DESCRIPTION in Part D67 Old=Part Description New=PART DESCRIPTION
Change Value of Parameter TOLERANCE in Part D67 Old=Tolerance New=TOLERANCE
Change Value of Parameter VALUE in Part D67 Old=Value New=VALUE
Change Value of Parameter EE_SPEC in Part D68 Old=EE Spec New=EE_SPEC
Change Value of Parameter MANUFACTURER in Part D68 Old=Manufacturer New=MANUFACTURER
Change Value of Parameter PART DESCRIPTION in Part D68 Old=Part Description New=PART DESCRIPTION
Change Value of Parameter TOLERANCE in Part D68 Old=Tolerance New=TOLERANCE
Change Value of Parameter VALUE in Part D68 Old=Value New=VALUE
Change Value of Parameter EE_SPEC in Part D69 Old=EE Spec New=EE_SPEC
Change Value of Parameter MANUFACTURER in Part D69 Old=Manufacturer New=MANUFACTURER
Change Value of Parameter PART DESCRIPTION in Part D69 Old=Part Description New=PART DESCRIPTION
Change Value of Parameter TOLERANCE in Part D69 Old=Tolerance New=TOLERANCE
Change Value of Parameter VALUE in Part D69 Old=Value New=VALUE
Change Value of Parameter EE_SPEC in Part D71 Old=EE Spec New=EE_SPEC
Change Value of Parameter MANUFACTURER in Part D71 Old=Manufacturer New=MANUFACTURER
Change Value of Parameter PART DESCRIPTION in Part D71 Old=Part Description New=PART DESCRIPTION
Change Value of Parameter TOLERANCE in Part D71 Old=Tolerance New=TOLERANCE
Change Value of Parameter VALUE in Part D71 Old=Value New=VALUE
Change Value of Parameter EE_SPEC in Part D72 Old=EE Spec New=EE_SPEC
Change Value of Parameter MANUFACTURER in Part D72 Old=Manufacturer New=MANUFACTURER
Change Value of Parameter PART DESCRIPTION in Part D72 Old=Part Description New=PART DESCRIPTION
Change Value of Parameter TOLERANCE in Part D72 Old=Tolerance New=TOLERANCE
Change Value of Parameter VALUE in Part D72 Old=Value New=VALUE
Change Value of Parameter EE_SPEC in Part D73 Old=EE Spec New=EE_SPEC
Change Value of Parameter MANUFACTURER in Part D73 Old=Manufacturer New=MANUFACTURER
Change Value of Parameter PART DESCRIPTION in Part D73 Old=Part Description New=PART DESCRIPTION
Change Value of Parameter TOLERANCE in Part D73 Old=Tolerance New=TOLERANCE
Change Value of Parameter VALUE in Part D73 Old=Value New=VALUE
Change Value of Parameter EE_SPEC in Part FD1 Old=EE Spec New=EE_SPEC
Change Value of Parameter MANUFACTURER in Part FD1 Old=Manufacturer New=MANUFACTURER
Change Value of Parameter PART DESCRIPTION in Part FD1 Old=Part Description New=PART DESCRIPTION
Change Value of Parameter TOLERANCE in Part FD1 Old=Tolerance New=TOLERANCE
Change Value of Parameter VALUE in Part FD1 Old=Value New=VALUE
Change Value of Parameter EE_SPEC in Part FD2 Old=EE Spec New=EE_SPEC
Change Value of Parameter MANUFACTURER in Part FD2 Old=Manufacturer New=MANUFACTURER
Change Value of Parameter PART DESCRIPTION in Part FD2 Old=Part Description New=PART DESCRIPTION
Change Value of Parameter TOLERANCE in Part FD2 Old=Tolerance New=TOLERANCE
Change Value of Parameter VALUE in Part FD2 Old=Value New=VALUE
Change Value of Parameter EE_SPEC in Part FD3 Old=EE Spec New=EE_SPEC
Change Value of Parameter MANUFACTURER in Part FD3 Old=Manufacturer New=MANUFACTURER
Change Value of Parameter PART DESCRIPTION in Part FD3 Old=Part Description New=PART DESCRIPTION
Change Value of Parameter TOLERANCE in Part FD3 Old=Tolerance New=TOLERANCE
Change Value of Parameter VALUE in Part FD3 Old=Value New=VALUE
Change Value of Parameter EE_SPEC in Part J4 Old=EE Spec New=EE_SPEC
Change Value of Parameter MANUFACTURER in Part J4 Old=Manufacturer New=MANUFACTURER
Change Value of Parameter PART DESCRIPTION in Part J4 Old=Part Description New=PART DESCRIPTION
Change Value of Parameter TOLERANCE in Part J4 Old=Tolerance New=TOLERANCE
Change Value of Parameter VALUE in Part J4 Old=Value New=VALUE
Change Value of Parameter EE_SPEC in Part J12 Old=EE Spec New=EE_SPEC
Change Value of Parameter MANUFACTURER in Part J12 Old=Manufacturer New=MANUFACTURER
Change Value of Parameter PART DESCRIPTION in Part J12 Old=Part Description New=PART DESCRIPTION
Change Value of Parameter TOLERANCE in Part J12 Old=Tolerance New=TOLERANCE
Change Value of Parameter VALUE in Part J12 Old=Value New=VALUE
Change Value of Parameter EE_SPEC in Part J13 Old=EE Spec New=EE_SPEC
Change Value of Parameter MANUFACTURER in Part J13 Old=Manufacturer New=MANUFACTURER
Change Value of Parameter PART DESCRIPTION in Part J13 Old=Part Description New=PART DESCRIPTION
Change Value of Parameter TOLERANCE in Part J13 Old=Tolerance New=TOLERANCE
Change Value of Parameter VALUE in Part J13 Old=Value New=VALUE
Change Value of Parameter EE_SPEC in Part J18 Old=EE Spec New=EE_SPEC
Change Value of Parameter MANUFACTURER in Part J18 Old=Manufacturer New=MANUFACTURER
Change Value of Parameter PART DESCRIPTION in Part J18 Old=Part Description New=PART DESCRIPTION
Change Value of Parameter TOLERANCE in Part J18 Old=Tolerance New=TOLERANCE
Change Value of Parameter VALUE in Part J18 Old=Value New=VALUE
Change Value of Parameter EE_SPEC in Part J19 Old=EE Spec New=EE_SPEC
Change Value of Parameter MANUFACTURER in Part J19 Old=Manufacturer New=MANUFACTURER
Change Value of Parameter PART DESCRIPTION in Part J19 Old=Part Description New=PART DESCRIPTION
Change Value of Parameter TOLERANCE in Part J19 Old=Tolerance New=TOLERANCE
Change Value of Parameter VALUE in Part J19 Old=Value New=VALUE
Change Value of Parameter EE_SPEC in Part J19 Old=EE Spec New=EE_SPEC
Change Value of Parameter MANUFACTURER in Part J19 Old=Manufacturer New=MANUFACTURER
Change Value of Parameter PART DESCRIPTION in Part J19 Old=Part Description New=PART DESCRIPTION
Change Value of Parameter TOLERANCE in Part J19 Old=Tolerance New=TOLERANCE
Change Value of Parameter VALUE in Part J19 Old=Value New=VALUE
Change Value of Parameter EE_SPEC in Part J19 Old=EE Spec New=EE_SPEC
Change Value of Parameter MANUFACTURER in Part J19 Old=Manufacturer New=MANUFACTURER
Change Value of Parameter PART DESCRIPTION in Part J19 Old=Part Description New=PART DESCRIPTION
Change Value of Parameter TOLERANCE in Part J19 Old=Tolerance New=TOLERANCE
Change Value of Parameter VALUE in Part J19 Old=Value New=VALUE
Change Value of Parameter EE_SPEC in Part J19 Old=EE Spec New=EE_SPEC
Change Value of Parameter MANUFACTURER in Part J19 Old=Manufacturer New=MANUFACTURER
Change Value of Parameter PART DESCRIPTION in Part J19 Old=Part Description New=PART DESCRIPTION
Change Value of Parameter TOLERANCE in Part J19 Old=Tolerance New=TOLERANCE
Change Value of Parameter VALUE in Part J19 Old=Value New=VALUE
Change Value of Parameter EE_SPEC in Part J19 Old=EE Spec New=EE_SPEC
Change Value of Parameter MANUFACTURER in Part J19 Old=Manufacturer New=MANUFACTURER
Change Value of Parameter PART DESCRIPTION in Part J19 Old=Part Description New=PART DESCRIPTION
Change Value of Parameter TOLERANCE in Part J19 Old=Tolerance New=TOLERANCE
Change Value of Parameter VALUE in Part J19 Old=Value New=VALUE
Change Value of Parameter EE_SPEC in Part J20 Old=EE Spec New=EE_SPEC
Change Value of Parameter MANUFACTURER in Part J20 Old=Manufacturer New=MANUFACTURER
Change Value of Parameter PART DESCRIPTION in Part J20 Old=Part Description New=PART DESCRIPTION
Change Value of Parameter TOLERANCE in Part J20 Old=Tolerance New=TOLERANCE
Change Value of Parameter VALUE in Part J20 Old=Value New=VALUE
Change Value of Parameter EE_SPEC in Part R31 Old=EE Spec New=EE_SPEC
Change Value of Parameter MANUFACTURER in Part R31 Old=Manufacturer New=MANUFACTURER
Change Value of Parameter PART DESCRIPTION in Part R31 Old=Part Description New=PART DESCRIPTION
Change Value of Parameter TOLERANCE in Part R31 Old=Tolerance New=TOLERANCE
Change Value of Parameter EE_SPEC in Part R34 Old=EE Spec New=EE_SPEC
Change Value of Parameter MANUFACTURER in Part R34 Old=Manufacturer New=MANUFACTURER
Change Value of Parameter PART DESCRIPTION in Part R34 Old=Part Description New=PART DESCRIPTION
Change Value of Parameter TOLERANCE in Part R34 Old=Tolerance New=TOLERANCE
Change Value of Parameter EE_SPEC in Part R36 Old=EE Spec New=EE_SPEC
Change Value of Parameter MANUFACTURER in Part R36 Old=Manufacturer New=MANUFACTURER
Change Value of Parameter PART DESCRIPTION in Part R36 Old=Part Description New=PART DESCRIPTION
Change Value of Parameter TOLERANCE in Part R36 Old=Tolerance New=TOLERANCE
Change Value of Parameter EE_SPEC in Part R37 Old=EE Spec New=EE_SPEC
Change Value of Parameter MANUFACTURER in Part R37 Old=Manufacturer New=MANUFACTURER
Change Value of Parameter PART DESCRIPTION in Part R37 Old=Part Description New=PART DESCRIPTION
Change Value of Parameter TOLERANCE in Part R37 Old=Tolerance New=TOLERANCE
Change Value of Parameter EE_SPEC in Part R38 Old=EE Spec New=EE_SPEC
Change Value of Parameter MANUFACTURER in Part R38 Old=Manufacturer New=MANUFACTURER
Change Value of Parameter PART DESCRIPTION in Part R38 Old=Part Description New=PART DESCRIPTION
Change Value of Parameter TOLERANCE in Part R38 Old=Tolerance New=TOLERANCE
Change Value of Parameter EE_SPEC in Part R40 Old=EE Spec New=EE_SPEC
Change Value of Parameter MANUFACTURER in Part R40 Old=Manufacturer New=MANUFACTURER
Change Value of Parameter PART DESCRIPTION in Part R40 Old=Part Description New=PART DESCRIPTION
Change Value of Parameter TOLERANCE in Part R40 Old=Tolerance New=TOLERANCE
Change Value of Parameter EE_SPEC in Part R41 Old=EE Spec New=EE_SPEC
Change Value of Parameter MANUFACTURER in Part R41 Old=Manufacturer New=MANUFACTURER
Change Value of Parameter PART DESCRIPTION in Part R41 Old=Part Description New=PART DESCRIPTION
Change Value of Parameter TOLERANCE in Part R41 Old=Tolerance New=TOLERANCE
Change Value of Parameter EE_SPEC in Part R64 Old=EE Spec New=EE_SPEC
Change Value of Parameter MANUFACTURER in Part R64 Old=Manufacturer New=MANUFACTURER
Change Value of Parameter PART DESCRIPTION in Part R64 Old=Part Description New=PART DESCRIPTION
Change Value of Parameter TOLERANCE in Part R64 Old=Tolerance New=TOLERANCE
Change Value of Parameter EE_SPEC in Part R65 Old=EE Spec New=EE_SPEC
Change Value of Parameter MANUFACTURER in Part R65 Old=Manufacturer New=MANUFACTURER
Change Value of Parameter PART DESCRIPTION in Part R65 Old=Part Description New=PART DESCRIPTION
Change Value of Parameter TOLERANCE in Part R65 Old=Tolerance New=TOLERANCE
Change Value of Parameter EE_SPEC in Part R67 Old=EE Spec New=EE_SPEC
Change Value of Parameter MANUFACTURER in Part R67 Old=Manufacturer New=MANUFACTURER
Change Value of Parameter PART DESCRIPTION in Part R67 Old=Part Description New=PART DESCRIPTION
Change Value of Parameter TOLERANCE in Part R67 Old=Tolerance New=TOLERANCE
Change Value of Parameter EE_SPEC in Part R68 Old=EE Spec New=EE_SPEC
Change Value of Parameter MANUFACTURER in Part R68 Old=Manufacturer New=MANUFACTURER
Change Value of Parameter PART DESCRIPTION in Part R68 Old=Part Description New=PART DESCRIPTION
Change Value of Parameter TOLERANCE in Part R68 Old=Tolerance New=TOLERANCE
Change Value of Parameter EE_SPEC in Part R69 Old=EE Spec New=EE_SPEC
Change Value of Parameter MANUFACTURER in Part R69 Old=Manufacturer New=MANUFACTURER
Change Value of Parameter PART DESCRIPTION in Part R69 Old=Part Description New=PART DESCRIPTION
Change Value of Parameter TOLERANCE in Part R69 Old=Tolerance New=TOLERANCE
Change Value of Parameter EE_SPEC in Part R70 Old=EE Spec New=EE_SPEC
Change Value of Parameter MANUFACTURER in Part R70 Old=Manufacturer New=MANUFACTURER
Change Value of Parameter PART DESCRIPTION in Part R70 Old=Part Description New=PART DESCRIPTION
Change Value of Parameter TOLERANCE in Part R70 Old=Tolerance New=TOLERANCE
Change Value of Parameter EE_SPEC in Part R71 Old=EE Spec New=EE_SPEC
Change Value of Parameter MANUFACTURER in Part R71 Old=Manufacturer New=MANUFACTURER
Change Value of Parameter PART DESCRIPTION in Part R71 Old=Part Description New=PART DESCRIPTION
Change Value of Parameter TOLERANCE in Part R71 Old=Tolerance New=TOLERANCE
Change Value of Parameter EE_SPEC in Part R77 Old=EE Spec New=EE_SPEC
Change Value of Parameter MANUFACTURER in Part R77 Old=Manufacturer New=MANUFACTURER
Change Value of Parameter PART DESCRIPTION in Part R77 Old=Part Description New=PART DESCRIPTION
Change Value of Parameter TOLERANCE in Part R77 Old=Tolerance New=TOLERANCE
Change Value of Parameter EE_SPEC in Part R82 Old=EE Spec New=EE_SPEC
Change Value of Parameter MANUFACTURER in Part R82 Old=Manufacturer New=MANUFACTURER
Change Value of Parameter PART DESCRIPTION in Part R82 Old=Part Description New=PART DESCRIPTION
Change Value of Parameter TOLERANCE in Part R82 Old=Tolerance New=TOLERANCE
Change Value of Parameter EE_SPEC in Part R83 Old=EE Spec New=EE_SPEC
Change Value of Parameter MANUFACTURER in Part R83 Old=Manufacturer New=MANUFACTURER
Change Value of Parameter PART DESCRIPTION in Part R83 Old=Part Description New=PART DESCRIPTION
Change Value of Parameter TOLERANCE in Part R83 Old=Tolerance New=TOLERANCE
Change Value of Parameter EE_SPEC in Part R85 Old=EE Spec New=EE_SPEC
Change Value of Parameter MANUFACTURER in Part R85 Old=Manufacturer New=MANUFACTURER
Change Value of Parameter PART DESCRIPTION in Part R85 Old=Part Description New=PART DESCRIPTION
Change Value of Parameter TOLERANCE in Part R85 Old=Tolerance New=TOLERANCE
Change Value of Parameter EE_SPEC in Part R96 Old=EE Spec New=EE_SPEC
Change Value of Parameter MANUFACTURER in Part R96 Old=Manufacturer New=MANUFACTURER
Change Value of Parameter PART DESCRIPTION in Part R96 Old=Part Description New=PART DESCRIPTION
Change Value of Parameter TOLERANCE in Part R96 Old=Tolerance New=TOLERANCE
Change Value of Parameter EE_SPEC in Part R97 Old=EE Spec New=EE_SPEC
Change Value of Parameter MANUFACTURER in Part R97 Old=Manufacturer New=MANUFACTURER
Change Value of Parameter PART DESCRIPTION in Part R97 Old=Part Description New=PART DESCRIPTION
Change Value of Parameter TOLERANCE in Part R97 Old=Tolerance New=TOLERANCE
Change Value of Parameter EE_SPEC in Part R98 Old=EE Spec New=EE_SPEC
Change Value of Parameter MANUFACTURER in Part R98 Old=Manufacturer New=MANUFACTURER
Change Value of Parameter PART DESCRIPTION in Part R98 Old=Part Description New=PART DESCRIPTION
Change Value of Parameter TOLERANCE in Part R98 Old=Tolerance New=TOLERANCE
Change Value of Parameter EE_SPEC in Part R99 Old=EE Spec New=EE_SPEC
Change Value of Parameter MANUFACTURER in Part R99 Old=Manufacturer New=MANUFACTURER
Change Value of Parameter PART DESCRIPTION in Part R99 Old=Part Description New=PART DESCRIPTION
Change Value of Parameter TOLERANCE in Part R99 Old=Tolerance New=TOLERANCE
Change Value of Parameter EE_SPEC in Part R101 Old=EE Spec New=EE_SPEC
Change Value of Parameter MANUFACTURER in Part R101 Old=Manufacturer New=MANUFACTURER
Change Value of Parameter PART DESCRIPTION in Part R101 Old=Part Description New=PART DESCRIPTION
Change Value of Parameter TOLERANCE in Part R101 Old=Tolerance New=TOLERANCE
Change Value of Parameter EE_SPEC in Part R109 Old=EE Spec New=EE_SPEC
Change Value of Parameter MANUFACTURER in Part R109 Old=Manufacturer New=MANUFACTURER
Change Value of Parameter PART DESCRIPTION in Part R109 Old=Part Description New=PART DESCRIPTION
Change Value of Parameter TOLERANCE in Part R109 Old=Tolerance New=TOLERANCE
Change Value of Parameter EE_SPEC in Part R114 Old=EE Spec New=EE_SPEC
Change Value of Parameter MANUFACTURER in Part R114 Old=Manufacturer New=MANUFACTURER
Change Value of Parameter PART DESCRIPTION in Part R114 Old=Part Description New=PART DESCRIPTION
Change Value of Parameter TOLERANCE in Part R114 Old=Tolerance New=TOLERANCE
Change Value of Parameter EE_SPEC in Part R120 Old=EE Spec New=EE_SPEC
Change Value of Parameter MANUFACTURER in Part R120 Old=Manufacturer New=MANUFACTURER
Change Value of Parameter PART DESCRIPTION in Part R120 Old=Part Description New=PART DESCRIPTION
Change Value of Parameter TOLERANCE in Part R120 Old=Tolerance New=TOLERANCE
Change Value of Parameter EE_SPEC in Part R133 Old=EE Spec New=EE_SPEC
Change Value of Parameter MANUFACTURER in Part R133 Old=Manufacturer New=MANUFACTURER
Change Value of Parameter PART DESCRIPTION in Part R133 Old=Part Description New=PART DESCRIPTION
Change Value of Parameter TOLERANCE in Part R133 Old=Tolerance New=TOLERANCE
Change Value of Parameter EE_SPEC in Part R134 Old=EE Spec New=EE_SPEC
Change Value of Parameter MANUFACTURER in Part R134 Old=Manufacturer New=MANUFACTURER
Change Value of Parameter PART DESCRIPTION in Part R134 Old=Part Description New=PART DESCRIPTION
Change Value of Parameter TOLERANCE in Part R134 Old=Tolerance New=TOLERANCE
Change Value of Parameter EE_SPEC in Part R135 Old=EE Spec New=EE_SPEC
Change Value of Parameter MANUFACTURER in Part R135 Old=Manufacturer New=MANUFACTURER
Change Value of Parameter PART DESCRIPTION in Part R135 Old=Part Description New=PART DESCRIPTION
Change Value of Parameter TOLERANCE in Part R135 Old=Tolerance New=TOLERANCE
Change Value of Parameter EE_SPEC in Part R136 Old=EE Spec New=EE_SPEC
Change Value of Parameter MANUFACTURER in Part R136 Old=Manufacturer New=MANUFACTURER
Change Value of Parameter PART DESCRIPTION in Part R136 Old=Part Description New=PART DESCRIPTION
Change Value of Parameter TOLERANCE in Part R136 Old=Tolerance New=TOLERANCE
Change Value of Parameter EE_SPEC in Part R137 Old=EE Spec New=EE_SPEC
Change Value of Parameter MANUFACTURER in Part R137 Old=Manufacturer New=MANUFACTURER
Change Value of Parameter PART DESCRIPTION in Part R137 Old=Part Description New=PART DESCRIPTION
Change Value of Parameter TOLERANCE in Part R137 Old=Tolerance New=TOLERANCE
Change Value of Parameter EE_SPEC in Part R138 Old=EE Spec New=EE_SPEC
Change Value of Parameter MANUFACTURER in Part R138 Old=Manufacturer New=MANUFACTURER
Change Value of Parameter PART DESCRIPTION in Part R138 Old=Part Description New=PART DESCRIPTION
Change Value of Parameter TOLERANCE in Part R138 Old=Tolerance New=TOLERANCE
Change Value of Parameter EE_SPEC in Part R139 Old=EE Spec New=EE_SPEC
Change Value of Parameter MANUFACTURER in Part R139 Old=Manufacturer New=MANUFACTURER
Change Value of Parameter PART DESCRIPTION in Part R139 Old=Part Description New=PART DESCRIPTION
Change Value of Parameter TOLERANCE in Part R139 Old=Tolerance New=TOLERANCE
Change Value of Parameter EE_SPEC in Part R140 Old=EE Spec New=EE_SPEC
Change Value of Parameter MANUFACTURER in Part R140 Old=Manufacturer New=MANUFACTURER
Change Value of Parameter PART DESCRIPTION in Part R140 Old=Part Description New=PART DESCRIPTION
Change Value of Parameter TOLERANCE in Part R140 Old=Tolerance New=TOLERANCE
Change Value of Parameter EE_SPEC in Part R141 Old=EE Spec New=EE_SPEC
Change Value of Parameter MANUFACTURER in Part R141 Old=Manufacturer New=MANUFACTURER
Change Value of Parameter PART DESCRIPTION in Part R141 Old=Part Description New=PART DESCRIPTION
Change Value of Parameter TOLERANCE in Part R141 Old=Tolerance New=TOLERANCE
Change Value of Parameter EE_SPEC in Part R142 Old=EE Spec New=EE_SPEC
Change Value of Parameter MANUFACTURER in Part R142 Old=Manufacturer New=MANUFACTURER
Change Value of Parameter PART DESCRIPTION in Part R142 Old=Part Description New=PART DESCRIPTION
Change Value of Parameter TOLERANCE in Part R142 Old=Tolerance New=TOLERANCE
Change Value of Parameter EE_SPEC in Part R143 Old=EE Spec New=EE_SPEC
Change Value of Parameter MANUFACTURER in Part R143 Old=Manufacturer New=MANUFACTURER
Change Value of Parameter PART DESCRIPTION in Part R143 Old=Part Description New=PART DESCRIPTION
Change Value of Parameter TOLERANCE in Part R143 Old=Tolerance New=TOLERANCE
Change Value of Parameter EE_SPEC in Part R144 Old=EE Spec New=EE_SPEC
Change Value of Parameter MANUFACTURER in Part R144 Old=Manufacturer New=MANUFACTURER
Change Value of Parameter PART DESCRIPTION in Part R144 Old=Part Description New=PART DESCRIPTION
Change Value of Parameter TOLERANCE in Part R144 Old=Tolerance New=TOLERANCE
Change Value of Parameter EE_SPEC in Part R145 Old=EE Spec New=EE_SPEC
Change Value of Parameter MANUFACTURER in Part R145 Old=Manufacturer New=MANUFACTURER
Change Value of Parameter PART DESCRIPTION in Part R145 Old=Part Description New=PART DESCRIPTION
Change Value of Parameter TOLERANCE in Part R145 Old=Tolerance New=TOLERANCE
Change Value of Parameter EE_SPEC in Part S1 Old=EE Spec New=EE_SPEC
Change Value of Parameter MANUFACTURER in Part S1 Old=Manufacturer New=MANUFACTURER
Change Value of Parameter PART DESCRIPTION in Part S1 Old=Part Description New=PART DESCRIPTION
Change Value of Parameter TOLERANCE in Part S1 Old=Tolerance New=TOLERANCE
Change Value of Parameter VALUE in Part S1 Old=Value New=VALUE
Change Value of Parameter EE_SPEC in Part S2 Old=EE Spec New=EE_SPEC
Change Value of Parameter MANUFACTURER in Part S2 Old=Manufacturer New=MANUFACTURER
Change Value of Parameter PART DESCRIPTION in Part S2 Old=Part Description New=PART DESCRIPTION
Change Value of Parameter TOLERANCE in Part S2 Old=Tolerance New=TOLERANCE
Change Value of Parameter VALUE in Part S2 Old=Value New=VALUE
Change Value of Parameter EE_SPEC in Part TP13 Old=EE Spec New=EE_SPEC
Change Value of Parameter MANUFACTURER in Part TP13 Old=Manufacturer New=MANUFACTURER
Change Value of Parameter PART DESCRIPTION in Part TP13 Old=Part Description New=PART DESCRIPTION
Change Value of Parameter TOLERANCE in Part TP13 Old=Tolerance New=TOLERANCE
Change Value of Parameter VALUE in Part TP13 Old=Value New=VALUE
Change Value of Parameter EE_SPEC in Part TP14 Old=EE Spec New=EE_SPEC
Change Value of Parameter MANUFACTURER in Part TP14 Old=Manufacturer New=MANUFACTURER
Change Value of Parameter PART DESCRIPTION in Part TP14 Old=Part Description New=PART DESCRIPTION
Change Value of Parameter TOLERANCE in Part TP14 Old=Tolerance New=TOLERANCE
Change Value of Parameter VALUE in Part TP14 Old=Value New=VALUE
Change Value of Parameter EE_SPEC in Part TP15 Old=EE Spec New=EE_SPEC
Change Value of Parameter MANUFACTURER in Part TP15 Old=Manufacturer New=MANUFACTURER
Change Value of Parameter PART DESCRIPTION in Part TP15 Old=Part Description New=PART DESCRIPTION
Change Value of Parameter TOLERANCE in Part TP15 Old=Tolerance New=TOLERANCE
Change Value of Parameter VALUE in Part TP15 Old=Value New=VALUE
Change Value of Parameter EE_SPEC in Part TP16 Old=EE Spec New=EE_SPEC
Change Value of Parameter MANUFACTURER in Part TP16 Old=Manufacturer New=MANUFACTURER
Change Value of Parameter PART DESCRIPTION in Part TP16 Old=Part Description New=PART DESCRIPTION
Change Value of Parameter TOLERANCE in Part TP16 Old=Tolerance New=TOLERANCE
Change Value of Parameter VALUE in Part TP16 Old=Value New=VALUE
Change Value of Parameter EE_SPEC in Part TP20 Old=EE Spec New=EE_SPEC
Change Value of Parameter MANUFACTURER in Part TP20 Old=Manufacturer New=MANUFACTURER
Change Value of Parameter PART DESCRIPTION in Part TP20 Old=Part Description New=PART DESCRIPTION
Change Value of Parameter TOLERANCE in Part TP20 Old=Tolerance New=TOLERANCE
Change Value of Parameter VALUE in Part TP20 Old=Value New=VALUE
Change Value of Parameter EE_SPEC in Part TP21 Old=EE Spec New=EE_SPEC
Change Value of Parameter MANUFACTURER in Part TP21 Old=Manufacturer New=MANUFACTURER
Change Value of Parameter PART DESCRIPTION in Part TP21 Old=Part Description New=PART DESCRIPTION
Change Value of Parameter TOLERANCE in Part TP21 Old=Tolerance New=TOLERANCE
Change Value of Parameter VALUE in Part TP21 Old=Value New=VALUE
Change Value of Parameter EE_SPEC in Part TP22 Old=EE Spec New=EE_SPEC
Change Value of Parameter MANUFACTURER in Part TP22 Old=Manufacturer New=MANUFACTURER
Change Value of Parameter PART DESCRIPTION in Part TP22 Old=Part Description New=PART DESCRIPTION
Change Value of Parameter TOLERANCE in Part TP22 Old=Tolerance New=TOLERANCE
Change Value of Parameter VALUE in Part TP22 Old=Value New=VALUE
Change Value of Parameter EE_SPEC in Part TP49 Old=EE Spec New=EE_SPEC
Change Value of Parameter MANUFACTURER in Part TP49 Old=Manufacturer New=MANUFACTURER
Change Value of Parameter PART DESCRIPTION in Part TP49 Old=Part Description New=PART DESCRIPTION
Change Value of Parameter TOLERANCE in Part TP49 Old=Tolerance New=TOLERANCE
Change Value of Parameter VALUE in Part TP49 Old=Value New=VALUE
Change Value of Parameter EE_SPEC in Part TP50 Old=EE Spec New=EE_SPEC
Change Value of Parameter MANUFACTURER in Part TP50 Old=Manufacturer New=MANUFACTURER
Change Value of Parameter PART DESCRIPTION in Part TP50 Old=Part Description New=PART DESCRIPTION
Change Value of Parameter TOLERANCE in Part TP50 Old=Tolerance New=TOLERANCE
Change Value of Parameter VALUE in Part TP50 Old=Value New=VALUE
Change Value of Parameter EE_SPEC in Part TP52 Old=EE Spec New=EE_SPEC
Change Value of Parameter MANUFACTURER in Part TP52 Old=Manufacturer New=MANUFACTURER
Change Value of Parameter PART DESCRIPTION in Part TP52 Old=Part Description New=PART DESCRIPTION
Change Value of Parameter TOLERANCE in Part TP52 Old=Tolerance New=TOLERANCE
Change Value of Parameter VALUE in Part TP52 Old=Value New=VALUE
Change Value of Parameter EE_SPEC in Part TP53 Old=EE Spec New=EE_SPEC
Change Value of Parameter MANUFACTURER in Part TP53 Old=Manufacturer New=MANUFACTURER
Change Value of Parameter PART DESCRIPTION in Part TP53 Old=Part Description New=PART DESCRIPTION
Change Value of Parameter TOLERANCE in Part TP53 Old=Tolerance New=TOLERANCE
Change Value of Parameter VALUE in Part TP53 Old=Value New=VALUE
Change Value of Parameter EE_SPEC in Part TP54 Old=EE Spec New=EE_SPEC
Change Value of Parameter MANUFACTURER in Part TP54 Old=Manufacturer New=MANUFACTURER
Change Value of Parameter PART DESCRIPTION in Part TP54 Old=Part Description New=PART DESCRIPTION
Change Value of Parameter TOLERANCE in Part TP54 Old=Tolerance New=TOLERANCE
Change Value of Parameter VALUE in Part TP54 Old=Value New=VALUE
Change Value of Parameter EE_SPEC in Part TP56 Old=EE Spec New=EE_SPEC
Change Value of Parameter MANUFACTURER in Part TP56 Old=Manufacturer New=MANUFACTURER
Change Value of Parameter PART DESCRIPTION in Part TP56 Old=Part Description New=PART DESCRIPTION
Change Value of Parameter TOLERANCE in Part TP56 Old=Tolerance New=TOLERANCE
Change Value of Parameter VALUE in Part TP56 Old=Value New=VALUE
Change Value of Parameter EE_SPEC in Part TP74 Old=EE Spec New=EE_SPEC
Change Value of Parameter MANUFACTURER in Part TP74 Old=Manufacturer New=MANUFACTURER
Change Value of Parameter PART DESCRIPTION in Part TP74 Old=Part Description New=PART DESCRIPTION
Change Value of Parameter TOLERANCE in Part TP74 Old=Tolerance New=TOLERANCE
Change Value of Parameter VALUE in Part TP74 Old=Value New=VALUE
Change Value of Parameter EE_SPEC in Part TP75 Old=EE Spec New=EE_SPEC
Change Value of Parameter MANUFACTURER in Part TP75 Old=Manufacturer New=MANUFACTURER
Change Value of Parameter PART DESCRIPTION in Part TP75 Old=Part Description New=PART DESCRIPTION
Change Value of Parameter TOLERANCE in Part TP75 Old=Tolerance New=TOLERANCE
Change Value of Parameter VALUE in Part TP75 Old=Value New=VALUE
Change Value of Parameter EE_SPEC in Part TP76 Old=EE Spec New=EE_SPEC
Change Value of Parameter MANUFACTURER in Part TP76 Old=Manufacturer New=MANUFACTURER
Change Value of Parameter PART DESCRIPTION in Part TP76 Old=Part Description New=PART DESCRIPTION
Change Value of Parameter TOLERANCE in Part TP76 Old=Tolerance New=TOLERANCE
Change Value of Parameter VALUE in Part TP76 Old=Value New=VALUE
Change Value of Parameter EE_SPEC in Part TP77 Old=EE Spec New=EE_SPEC
Change Value of Parameter MANUFACTURER in Part TP77 Old=Manufacturer New=MANUFACTURER
Change Value of Parameter PART DESCRIPTION in Part TP77 Old=Part Description New=PART DESCRIPTION
Change Value of Parameter TOLERANCE in Part TP77 Old=Tolerance New=TOLERANCE
Change Value of Parameter VALUE in Part TP77 Old=Value New=VALUE
Change Value of Parameter EE_SPEC in Part TP78 Old=EE Spec New=EE_SPEC
Change Value of Parameter MANUFACTURER in Part TP78 Old=Manufacturer New=MANUFACTURER
Change Value of Parameter PART DESCRIPTION in Part TP78 Old=Part Description New=PART DESCRIPTION
Change Value of Parameter TOLERANCE in Part TP78 Old=Tolerance New=TOLERANCE
Change Value of Parameter VALUE in Part TP78 Old=Value New=VALUE
Change Value of Parameter EE_SPEC in Part TP105 Old=EE Spec New=EE_SPEC
Change Value of Parameter MANUFACTURER in Part TP105 Old=Manufacturer New=MANUFACTURER
Change Value of Parameter PART DESCRIPTION in Part TP105 Old=Part Description New=PART DESCRIPTION
Change Value of Parameter TOLERANCE in Part TP105 Old=Tolerance New=TOLERANCE
Change Value of Parameter VALUE in Part TP105 Old=Value New=VALUE
Change Value of Parameter EE_SPEC in Part U11 Old=EE Spec New=EE_SPEC
Change Value of Parameter MANUFACTURER in Part U11 Old=Manufacturer New=MANUFACTURER
Change Value of Parameter PART DESCRIPTION in Part U11 Old=Part Description New=PART DESCRIPTION
Change Value of Parameter TOLERANCE in Part U11 Old=Tolerance New=TOLERANCE
Change Value of Parameter VALUE in Part U11 Old=Value New=VALUE
Change Value of Parameter EE_SPEC in Part U12 Old=EE Spec New=EE_SPEC
Change Value of Parameter MANUFACTURER in Part U12 Old=Manufacturer New=MANUFACTURER
Change Value of Parameter PART DESCRIPTION in Part U12 Old=Part Description New=PART DESCRIPTION
Change Value of Parameter TOLERANCE in Part U12 Old=Tolerance New=TOLERANCE
Change Value of Parameter VALUE in Part U12 Old=Value New=VALUE
