Change Value of Parameter DISTRIBUTOR # in Part D24 Old= New=350-2038-2-ND
Change Value of Parameter DISTRIBUTOR in Part D24 Old= New=Digikey
Change Value of Parameter MANUFACTURER # in Part D24 Old= New=5988110107F
Change Value of Parameter Manufacturer in Part D24 Old= New=Dialight
Change Value of Parameter PART in Part D24 Old= New=LED Red 0805
Change Value of Parameter Part Description in Part D24 Old= New=Red 635nm LED Indication - Discrete 2.2V 0805 (2012 Metric)
Change Value of Parameter Tolerance in Part D24 Old= New=-NA-
Change Value of Parameter VALUE in Part D24 Old=5988110107F New=Red
Change Value of Parameter Voltage in Part D24 Old= New=Vf=2.2V
Change Value of Parameter DISTRIBUTOR # in Part D25 Old= New=350-2038-2-ND
Change Value of Parameter DISTRIBUTOR in Part D25 Old= New=Digikey
Change Value of Parameter MANUFACTURER # in Part D25 Old= New=5988110107F
Change Value of Parameter Manufacturer in Part D25 Old= New=Dialight
Change Value of Parameter PART in Part D25 Old= New=LED Red 0805
Change Value of Parameter Part Description in Part D25 Old= New=Red 635nm LED Indication - Discrete 2.2V 0805 (2012 Metric)
Change Value of Parameter Tolerance in Part D25 Old= New=-NA-
Change Value of Parameter VALUE in Part D25 Old=5988140107F New=Red
Change Value of Parameter Voltage in Part D25 Old= New=Vf=2.2V
Change Value of Parameter MANUFACTURER # in Part TP13 Old= New=NOTAPART-Testpoint
Change Value of Parameter MANUFACTURER # in Part TP14 Old= New=NOTAPART-Testpoint
Change Value of Parameter MANUFACTURER # in Part TP15 Old= New=NOTAPART-Testpoint
Change Value of Parameter MANUFACTURER # in Part TP16 Old= New=NOTAPART-Testpoint
Change Value of Parameter MANUFACTURER # in Part TP20 Old= New=NOTAPART-Testpoint
Change Value of Parameter MANUFACTURER # in Part TP21 Old= New=NOTAPART-Testpoint
Change Value of Parameter MANUFACTURER # in Part TP22 Old= New=NOTAPART-Testpoint
Change Value of Parameter MANUFACTURER # in Part TP49 Old= New=NOTAPART-Testpoint
Change Value of Parameter MANUFACTURER # in Part TP50 Old= New=NOTAPART-Testpoint
Change Value of Parameter MANUFACTURER # in Part TP52 Old= New=NOTAPART-Testpoint
Change Value of Parameter MANUFACTURER # in Part TP53 Old= New=NOTAPART-Testpoint
Change Value of Parameter MANUFACTURER # in Part TP54 Old= New=NOTAPART-Testpoint
Change Value of Parameter MANUFACTURER # in Part TP56 Old= New=NOTAPART-Testpoint
Change Value of Parameter MANUFACTURER # in Part TP74 Old= New=NOTAPART-Testpoint
Change Value of Parameter MANUFACTURER # in Part TP75 Old= New=NOTAPART-Testpoint
Change Value of Parameter MANUFACTURER # in Part TP76 Old= New=NOTAPART-Testpoint
Change Value of Parameter MANUFACTURER # in Part TP77 Old= New=NOTAPART-Testpoint
Change Value of Parameter MANUFACTURER # in Part TP78 Old= New=NOTAPART-Testpoint
Change Value of Parameter MANUFACTURER # in Part TP105 Old= New=NOTAPART-Testpoint
Change Value of Parameter DISTRIBUTOR # in Part U12 Old=1274-1052-ND New=797-25FL216K0PMFI041
Change Value of Parameter DISTRIBUTOR in Part U12 Old=Digikey New=Mouser
Change Value of Parameter PART in Part U12 Old= New=Memory NOR Flash 16Mb
Change Value of Parameter Part Description in Part U12 Old= New=Flash Memory 16Mb 3V 65MHz Serial NOR Flash
Change Value of Parameter Tolerance in Part U12 Old= New=-NA-
Change Value of Parameter Value in Part U12 Old= New=16Mb
Change Value of Parameter Voltage in Part U12 Old= New=3.3V
