Change Value of Parameter DISTRIBUTOR # in Part Q1 Old= New=568-5596-2-ND
Change Value of Parameter DISTRIBUTOR in Part Q1 Old= New=Digikey
Change Value of Parameter Manufacturer in Part Q1 Old= New=NXP
Change Value of Parameter PART in Part Q1 Old= New=MOSFET N-Chan 60V 89A
Change Value of Parameter Part Description in Part Q1 Old= New=N-Channel 60V 89A (Tc) 117W (Tc) Surface Mount LFPAK, Power-SO8
Change Value of Parameter Tolerance in Part Q1 Old= New=-NA-
Change Value of Parameter Value in Part Q1 Old= New=N-FET
Change Value of Parameter Voltage in Part Q1 Old= New=60V 89A 6.4mOhm
Change Value of Parameter DISTRIBUTOR # in Part Q2 Old= New=568-5596-2-ND
Change Value of Parameter DISTRIBUTOR in Part Q2 Old= New=Digikey
Change Value of Parameter Manufacturer in Part Q2 Old= New=NXP
Change Value of Parameter PART in Part Q2 Old= New=MOSFET N-Chan 60V 89A
Change Value of Parameter Part Description in Part Q2 Old= New=N-Channel 60V 89A (Tc) 117W (Tc) Surface Mount LFPAK, Power-SO8
Change Value of Parameter Tolerance in Part Q2 Old= New=-NA-
Change Value of Parameter Value in Part Q2 Old= New=N-FET
Change Value of Parameter Voltage in Part Q2 Old= New=60V 89A 6.4mOhm
Change Value of Parameter DISTRIBUTOR # in Part Q3 Old= New=568-5596-2-ND
Change Value of Parameter DISTRIBUTOR in Part Q3 Old= New=Digikey
Change Value of Parameter Manufacturer in Part Q3 Old= New=NXP
Change Value of Parameter PART in Part Q3 Old= New=MOSFET N-Chan 60V 89A
Change Value of Parameter Part Description in Part Q3 Old= New=N-Channel 60V 89A (Tc) 117W (Tc) Surface Mount LFPAK, Power-SO8
Change Value of Parameter Tolerance in Part Q3 Old= New=-NA-
Change Value of Parameter Value in Part Q3 Old= New=N-FET
Change Value of Parameter Voltage in Part Q3 Old= New=60V 89A 6.4mOhm
Change Value of Parameter DISTRIBUTOR # in Part Q4 Old= New=568-5596-2-ND
Change Value of Parameter DISTRIBUTOR in Part Q4 Old= New=Digikey
Change Value of Parameter Manufacturer in Part Q4 Old= New=NXP
Change Value of Parameter PART in Part Q4 Old= New=MOSFET N-Chan 60V 89A
Change Value of Parameter Part Description in Part Q4 Old= New=N-Channel 60V 89A (Tc) 117W (Tc) Surface Mount LFPAK, Power-SO8
Change Value of Parameter Tolerance in Part Q4 Old= New=-NA-
Change Value of Parameter Value in Part Q4 Old= New=N-FET
Change Value of Parameter Voltage in Part Q4 Old= New=60V 89A 6.4mOhm
Change Value of Parameter DISTRIBUTOR # in Part Q5 Old= New=IRLML6346TRPBFTR-ND
Change Value of Parameter DISTRIBUTOR in Part Q5 Old= New=Digikey
Change Value of Parameter Manufacturer in Part Q5 Old= New=Infineon
Change Value of Parameter PART in Part Q5 Old= New=MOSFET N-Chan 30V 3.4A
Change Value of Parameter Part Description in Part Q5 Old= New=N-Channel 30V 3.4A (Ta) 1.3W (Ta) Surface Mount Micro3™/SOT-23
Change Value of Parameter Tolerance in Part Q5 Old= New=-NA-
Change Value of Parameter Value in Part Q5 Old= New=N-FET
Change Value of Parameter Voltage in Part Q5 Old= New=30V 3.4A 63mOhm
Change Value of Parameter DISTRIBUTOR # in Part Q6 Old= New=IRLML6346TRPBFTR-ND
Change Value of Parameter DISTRIBUTOR in Part Q6 Old= New=Digikey
Change Value of Parameter Manufacturer in Part Q6 Old= New=Infineon
Change Value of Parameter PART in Part Q6 Old= New=MOSFET N-Chan 30V 3.4A
Change Value of Parameter Part Description in Part Q6 Old= New=N-Channel 30V 3.4A (Ta) 1.3W (Ta) Surface Mount Micro3™/SOT-23
Change Value of Parameter Tolerance in Part Q6 Old= New=-NA-
Change Value of Parameter Value in Part Q6 Old= New=N-FET
Change Value of Parameter Voltage in Part Q6 Old= New=30V 3.4A 63mOhm
Change Value of Parameter DISTRIBUTOR # in Part R15 Old= New=311-10.0LRTR-ND
Change Value of Parameter DISTRIBUTOR in Part R15 Old= New=Digikey
Change Value of Parameter MANUFACTURER # in Part R15 Old=RC0402FR-0710KP New=RC0402FR-0710RL
Change Value of Parameter Manufacturer in Part R15 Old= New=Yageo
Change Value of Parameter PART in Part R15 Old= New=10R 1% 0402
Change Value of Parameter Part Description in Part R15 Old= New=10 Ohm ±1% 0.063W, 1/16W Chip Resistor 0402 (1005 Metric) Moisture Resistant Thick Film
Change Value of Parameter Tolerance in Part R15 Old= New=1%
Change Value of Parameter Voltage in Part R15 Old= New=1/16W
Change Value of Parameter DISTRIBUTOR # in Part R17 Old= New=311-10.0LRTR-ND
Change Value of Parameter DISTRIBUTOR in Part R17 Old= New=Digikey
Change Value of Parameter MANUFACTURER # in Part R17 Old=RC0402FR-0710KP New=RC0402FR-0710RL
Change Value of Parameter Manufacturer in Part R17 Old= New=Yageo
Change Value of Parameter PART in Part R17 Old= New=10R 1% 0402
Change Value of Parameter Part Description in Part R17 Old= New=10 Ohm ±1% 0.063W, 1/16W Chip Resistor 0402 (1005 Metric) Moisture Resistant Thick Film
Change Value of Parameter Tolerance in Part R17 Old= New=1%
Change Value of Parameter Voltage in Part R17 Old= New=1/16W
Change Value of Parameter DISTRIBUTOR # in Part R24 Old= New=311-10.0LRTR-ND
Change Value of Parameter DISTRIBUTOR in Part R24 Old= New=Digikey
Change Value of Parameter MANUFACTURER # in Part R24 Old=RC0402FR-0710KP New=RC0402FR-0710RL
Change Value of Parameter Manufacturer in Part R24 Old= New=Yageo
Change Value of Parameter PART in Part R24 Old= New=10R 1% 0402
Change Value of Parameter Part Description in Part R24 Old= New=10 Ohm ±1% 0.063W, 1/16W Chip Resistor 0402 (1005 Metric) Moisture Resistant Thick Film
Change Value of Parameter Tolerance in Part R24 Old= New=1%
Change Value of Parameter Voltage in Part R24 Old= New=1/16W
Change Value of Parameter DISTRIBUTOR # in Part R26 Old= New=YAG1249TR-ND
Change Value of Parameter DISTRIBUTOR in Part R26 Old= New=Digikey
Change Value of Parameter Manufacturer in Part R26 Old= New=Yageo
Change Value of Parameter PART in Part R26 Old= New=10k 1% 0402
Change Value of Parameter Part Description in Part R26 Old= New=10k Ohm ±1% 0.063W, 1/16W Chip Resistor 0402 (1005 Metric) Moisture Resistant Thick Film
Change Value of Parameter Tolerance in Part R26 Old= New=1%
Change Value of Parameter Voltage in Part R26 Old= New=1/16W
Change Value of Parameter DISTRIBUTOR # in Part R27 Old= New=311-10.0LRTR-ND
Change Value of Parameter DISTRIBUTOR in Part R27 Old= New=Digikey
Change Value of Parameter MANUFACTURER # in Part R27 Old=RC0402FR-0710KP New=RC0402FR-0710RL
Change Value of Parameter Manufacturer in Part R27 Old= New=Yageo
Change Value of Parameter PART in Part R27 Old= New=10R 1% 0402
Change Value of Parameter Part Description in Part R27 Old= New=10 Ohm ±1% 0.063W, 1/16W Chip Resistor 0402 (1005 Metric) Moisture Resistant Thick Film
Change Value of Parameter Tolerance in Part R27 Old= New=1%
Change Value of Parameter Voltage in Part R27 Old= New=1/16W
Change Value of Parameter DISTRIBUTOR # in Part R28 Old= New=YAG1249TR-ND
Change Value of Parameter DISTRIBUTOR in Part R28 Old= New=Digikey
Change Value of Parameter Manufacturer in Part R28 Old= New=Yageo
Change Value of Parameter PART in Part R28 Old= New=10k 1% 0402
Change Value of Parameter Part Description in Part R28 Old= New=10k Ohm ±1% 0.063W, 1/16W Chip Resistor 0402 (1005 Metric) Moisture Resistant Thick Film
Change Value of Parameter Tolerance in Part R28 Old= New=1%
Change Value of Parameter Voltage in Part R28 Old= New=1/16W
Change Value of Parameter DISTRIBUTOR # in Part R29 Old= New=YAG1249TR-ND
Change Value of Parameter DISTRIBUTOR in Part R29 Old= New=Digikey
Change Value of Parameter Manufacturer in Part R29 Old= New=Yageo
Change Value of Parameter PART in Part R29 Old= New=10k 1% 0402
Change Value of Parameter Part Description in Part R29 Old= New=10k Ohm ±1% 0.063W, 1/16W Chip Resistor 0402 (1005 Metric) Moisture Resistant Thick Film
Change Value of Parameter Tolerance in Part R29 Old= New=1%
Change Value of Parameter Voltage in Part R29 Old= New=1/16W
Change Value of Parameter DISTRIBUTOR # in Part R30 Old= New=YAG1249TR-ND
Change Value of Parameter DISTRIBUTOR in Part R30 Old= New=Digikey
Change Value of Parameter Manufacturer in Part R30 Old= New=Yageo
Change Value of Parameter PART in Part R30 Old= New=10k 1% 0402
Change Value of Parameter Part Description in Part R30 Old= New=10k Ohm ±1% 0.063W, 1/16W Chip Resistor 0402 (1005 Metric) Moisture Resistant Thick Film
Change Value of Parameter Tolerance in Part R30 Old= New=1%
Change Value of Parameter Voltage in Part R30 Old= New=1/16W
Change Value of Parameter DISTRIBUTOR # in Part R39 Old= New=YAG1249TR-ND
Change Value of Parameter DISTRIBUTOR in Part R39 Old= New=Digikey
Change Value of Parameter Manufacturer in Part R39 Old= New=Yageo
Change Value of Parameter PART in Part R39 Old= New=10k 1% 0402
Change Value of Parameter Part Description in Part R39 Old= New=10k Ohm ±1% 0.063W, 1/16W Chip Resistor 0402 (1005 Metric) Moisture Resistant Thick Film
Change Value of Parameter Tolerance in Part R39 Old= New=1%
Change Value of Parameter Voltage in Part R39 Old= New=1/16W
Change Value of Parameter DISTRIBUTOR # in Part R52 Old= New=311-10.0LRTR-ND
Change Value of Parameter DISTRIBUTOR in Part R52 Old= New=Digikey
Change Value of Parameter MANUFACTURER # in Part R52 Old=RC0402FR-0710KP New=RC0402FR-0710RL
Change Value of Parameter Manufacturer in Part R52 Old= New=Yageo
Change Value of Parameter PART in Part R52 Old= New=10R 1% 0402
Change Value of Parameter Part Description in Part R52 Old= New=10 Ohm ±1% 0.063W, 1/16W Chip Resistor 0402 (1005 Metric) Moisture Resistant Thick Film
Change Value of Parameter Tolerance in Part R52 Old= New=1%
Change Value of Parameter Voltage in Part R52 Old= New=1/16W
Change Value of Parameter DISTRIBUTOR # in Part R54 Old= New=YAG1249TR-ND
Change Value of Parameter DISTRIBUTOR in Part R54 Old= New=Digikey
Change Value of Parameter Manufacturer in Part R54 Old= New=Yageo
Change Value of Parameter PART in Part R54 Old= New=10k 1% 0402
Change Value of Parameter Part Description in Part R54 Old= New=10k Ohm ±1% 0.063W, 1/16W Chip Resistor 0402 (1005 Metric) Moisture Resistant Thick Film
Change Value of Parameter Tolerance in Part R54 Old= New=1%
Change Value of Parameter Voltage in Part R54 Old= New=1/16W
Change Value of Parameter DISTRIBUTOR # in Part R55 Old= New=311-10.0LRTR-ND
Change Value of Parameter DISTRIBUTOR in Part R55 Old= New=Digikey
Change Value of Parameter MANUFACTURER # in Part R55 Old=RC0402FR-0710KP New=RC0402FR-0710RL
Change Value of Parameter Manufacturer in Part R55 Old= New=Yageo
Change Value of Parameter PART in Part R55 Old= New=10R 1% 0402
Change Value of Parameter Part Description in Part R55 Old= New=10 Ohm ±1% 0.063W, 1/16W Chip Resistor 0402 (1005 Metric) Moisture Resistant Thick Film
Change Value of Parameter Tolerance in Part R55 Old= New=1%
Change Value of Parameter Voltage in Part R55 Old= New=1/16W
