Change Value of Parameter DISTRIBUTOR # in Part U2 Old= New=ZXGD3009E6TADITR-ND
Change Value of Parameter DISTRIBUTOR in Part U2 Old= New=Digikey
Change Value of Parameter MANUFACTURER # in Part U2 Old= New=ZXGD3009E6TA
Change Value of Parameter Manufacturer in Part U2 Old= New=Diodes Incorporated
Change Value of Parameter PART in Part U2 Old= New=IC GATE DRVR IGBT/MOSFET SOT23-6
Change Value of Parameter Part Description in Part U2 Old= New=Low-Side Gate Driver IC Non-Inverting SOT-26
Change Value of Parameter Tolerance in Part U2 Old= New=-NA-
Change Value of Parameter Value in Part U2 Old= New=ZXGD3009E6
Change Value of Parameter Voltage in Part U2 Old= New=40V 2A
Change Value of Parameter DISTRIBUTOR # in Part U3 Old= New=ZXGD3009E6TADITR-ND
Change Value of Parameter DISTRIBUTOR in Part U3 Old= New=Digikey
Change Value of Parameter MANUFACTURER # in Part U3 Old= New=ZXGD3009E6TA
Change Value of Parameter Manufacturer in Part U3 Old= New=Diodes Incorporated
Change Value of Parameter PART in Part U3 Old= New=IC GATE DRVR IGBT/MOSFET SOT23-6
Change Value of Parameter Part Description in Part U3 Old= New=Low-Side Gate Driver IC Non-Inverting SOT-26
Change Value of Parameter Tolerance in Part U3 Old= New=-NA-
Change Value of Parameter Value in Part U3 Old= New=ZXGD3009E6
Change Value of Parameter Voltage in Part U3 Old= New=40V 2A
Change Value of Parameter DISTRIBUTOR # in Part U4 Old= New=ZXGD3009E6TADITR-ND
Change Value of Parameter DISTRIBUTOR in Part U4 Old= New=Digikey
Change Value of Parameter MANUFACTURER # in Part U4 Old= New=ZXGD3009E6TA
Change Value of Parameter Manufacturer in Part U4 Old= New=Diodes Incorporated
Change Value of Parameter PART in Part U4 Old= New=IC GATE DRVR IGBT/MOSFET SOT23-6
Change Value of Parameter Part Description in Part U4 Old= New=Low-Side Gate Driver IC Non-Inverting SOT-26
Change Value of Parameter Tolerance in Part U4 Old= New=-NA-
Change Value of Parameter Value in Part U4 Old= New=ZXGD3009E6
Change Value of Parameter Voltage in Part U4 Old= New=40V 2A
Change Value of Parameter DISTRIBUTOR # in Part U5 Old= New=ZXGD3009E6TADITR-ND
Change Value of Parameter DISTRIBUTOR in Part U5 Old= New=Digikey
Change Value of Parameter MANUFACTURER # in Part U5 Old= New=ZXGD3009E6TA
Change Value of Parameter Manufacturer in Part U5 Old= New=Diodes Incorporated
Change Value of Parameter PART in Part U5 Old= New=IC GATE DRVR IGBT/MOSFET SOT23-6
Change Value of Parameter Part Description in Part U5 Old= New=Low-Side Gate Driver IC Non-Inverting SOT-26
Change Value of Parameter Tolerance in Part U5 Old= New=-NA-
Change Value of Parameter Value in Part U5 Old= New=ZXGD3009E6
Change Value of Parameter Voltage in Part U5 Old= New=40V 2A
Change Value of Parameter DISTRIBUTOR # in Part U6 Old= New=ZXGD3009E6TADITR-ND
Change Value of Parameter DISTRIBUTOR in Part U6 Old= New=Digikey
Change Value of Parameter MANUFACTURER # in Part U6 Old= New=ZXGD3009E6TA
Change Value of Parameter MANUFACTURER in Part U6 Old= New=Diodes Incorporated
Change Value of Parameter PART in Part U6 Old= New=IC GATE DRVR IGBT/MOSFET SOT23-6
Change Value of Parameter Part Description in Part U6 Old= New=Low-Side Gate Driver IC Non-Inverting SOT-26
Change Value of Parameter Tolerance in Part U6 Old= New=-NA-
Change Value of Parameter Value in Part U6 Old= New=ZXGD3009E6
Change Value of Parameter Voltage in Part U6 Old= New=40V 2A
Change Value of Parameter DISTRIBUTOR # in Part U7 Old= New=ZXGD3009E6TADITR-ND
Change Value of Parameter DISTRIBUTOR in Part U7 Old= New=Digikey
Change Value of Parameter MANUFACTURER # in Part U7 Old= New=ZXGD3009E6TA
Change Value of Parameter Manufacturer in Part U7 Old= New=Diodes Incorporated
Change Value of Parameter PART in Part U7 Old= New=IC GATE DRVR IGBT/MOSFET SOT23-6
Change Value of Parameter Part Description in Part U7 Old= New=Low-Side Gate Driver IC Non-Inverting SOT-26
Change Value of Parameter Tolerance in Part U7 Old= New=-NA-
Change Value of Parameter Value in Part U7 Old= New=ZXGD3009E6
Change Value of Parameter Voltage in Part U7 Old= New=40V 2A
Change Value of Parameter DISTRIBUTOR # in Part U10 Old= New=296-13910-2-ND
Change Value of Parameter DISTRIBUTOR in Part U10 Old= New=Digikey
Change Value of Parameter MANUFACTURER # in Part U10 Old= New=SN74AHCT125RGYR
Change Value of Parameter Manufacturer in Part U10 Old= New=Texas Instruments
Change Value of Parameter PART in Part U10 Old= New=IC BUS BUFFER TRI-ST QD 14VQFN
Change Value of Parameter Part Description in Part U10 Old= New=Buffer, Non-Inverting 4 Element 1 Bit per Element Push-Pull Output 14-VQFN (3.5x3.5)
Change Value of Parameter Tolerance in Part U10 Old= New=-NA-
Change Value of Parameter Value in Part U10 Old= New=Tri-State Buffer
Change Value of Parameter Voltage in Part U10 Old= New=5V 8mA
Change Value of Parameter DISTRIBUTOR # in Part U10 Old= New=296-13910-2-ND
Change Value of Parameter DISTRIBUTOR in Part U10 Old= New=Digikey
Change Value of Parameter MANUFACTURER # in Part U10 Old= New=SN74AHCT125RGYR
Change Value of Parameter Manufacturer in Part U10 Old= New=Texas Instruments
Change Value of Parameter PART in Part U10 Old= New=IC BUS BUFFER TRI-ST QD 14VQFN
Change Value of Parameter Part Description in Part U10 Old= New=Buffer, Non-Inverting 4 Element 1 Bit per Element Push-Pull Output 14-VQFN (3.5x3.5)
Change Value of Parameter Tolerance in Part U10 Old= New=-NA-
Change Value of Parameter Value in Part U10 Old= New=Tri-State Buffer
Change Value of Parameter Voltage in Part U10 Old= New=5V 8mA
Change Value of Parameter DISTRIBUTOR # in Part U10 Old= New=296-13910-2-ND
Change Value of Parameter DISTRIBUTOR in Part U10 Old= New=Digikey
Change Value of Parameter MANUFACTURER # in Part U10 Old= New=SN74AHCT125RGYR
Change Value of Parameter Manufacturer in Part U10 Old= New=Texas Instruments
Change Value of Parameter PART in Part U10 Old= New=IC BUS BUFFER TRI-ST QD 14VQFN
Change Value of Parameter Part Description in Part U10 Old= New=Buffer, Non-Inverting 4 Element 1 Bit per Element Push-Pull Output 14-VQFN (3.5x3.5)
Change Value of Parameter Tolerance in Part U10 Old= New=-NA-
Change Value of Parameter Value in Part U10 Old= New=Tri-State Buffer
Change Value of Parameter Voltage in Part U10 Old= New=5V 8mA
Change Value of Parameter DISTRIBUTOR # in Part U10 Old= New=296-13910-2-ND
Change Value of Parameter DISTRIBUTOR in Part U10 Old= New=Digikey
Change Value of Parameter MANUFACTURER # in Part U10 Old= New=SN74AHCT125RGYR
Change Value of Parameter Manufacturer in Part U10 Old= New=Texas Instruments
Change Value of Parameter PART in Part U10 Old= New=IC BUS BUFFER TRI-ST QD 14VQFN
Change Value of Parameter Part Description in Part U10 Old= New=Buffer, Non-Inverting 4 Element 1 Bit per Element Push-Pull Output 14-VQFN (3.5x3.5)
Change Value of Parameter Tolerance in Part U10 Old= New=-NA-
Change Value of Parameter Value in Part U10 Old= New=Tri-State Buffer
Change Value of Parameter Voltage in Part U10 Old= New=5V 8mA
Change Value of Parameter DISTRIBUTOR # in Part U10 Old= New=296-13910-2-ND
Change Value of Parameter DISTRIBUTOR in Part U10 Old= New=Digikey
Change Value of Parameter MANUFACTURER # in Part U10 Old= New=SN74AHCT125RGYR
Change Value of Parameter Manufacturer in Part U10 Old= New=Texas Instruments
Change Value of Parameter PART in Part U10 Old= New=IC BUS BUFFER TRI-ST QD 14VQFN
Change Value of Parameter Part Description in Part U10 Old= New=Buffer, Non-Inverting 4 Element 1 Bit per Element Push-Pull Output 14-VQFN (3.5x3.5)
Change Value of Parameter Tolerance in Part U10 Old= New=-NA-
Change Value of Parameter Value in Part U10 Old= New=Tri-State Buffer
Change Value of Parameter Voltage in Part U10 Old= New=5V 8mA
