Added Parameter DISTRIBUTOR #= to Part C8
Added Parameter DISTRIBUTOR #= to Part C9
Added Parameter DISTRIBUTOR #= to Part C10
Added Parameter DISTRIBUTOR #= to Part C11
Added Parameter DISTRIBUTOR #= to Part C14
Added Parameter DISTRIBUTOR #= to Part C17
Added Parameter DISTRIBUTOR #= to Part C18
Added Parameter DISTRIBUTOR #= to Part C19
Added Parameter DISTRIBUTOR #= to Part C20
Added Parameter DISTRIBUTOR #= to Part C21
Added Parameter DISTRIBUTOR #= to Part C22
Added Parameter DISTRIBUTOR #= to Part C23
Added Parameter DISTRIBUTOR #= to Part C31
Added Parameter DISTRIBUTOR #= to Part D4
Added Parameter DISTRIBUTOR #= to Part D6
Added Parameter DISTRIBUTOR #= to Part D7
Added Parameter DISTRIBUTOR #= to Part D8
Added Parameter DISTRIBUTOR #= to Part D9
Added Parameter DISTRIBUTOR #= to Part D10
Added Parameter DISTRIBUTOR #= to Part D11
Added Parameter DISTRIBUTOR #= to Part D12
Added Parameter DISTRIBUTOR #= to Part D14
Added Parameter DISTRIBUTOR #= to Part D15
Added Parameter DISTRIBUTOR #= to Part D16
Added Parameter DISTRIBUTOR #= to Part D17
Added Parameter DISTRIBUTOR #= to Part D18
Added Parameter DISTRIBUTOR #= to Part D19
Added Parameter DISTRIBUTOR #= to Part D20
Added Parameter DISTRIBUTOR #= to Part D21
Added Parameter DISTRIBUTOR #= to Part D30
Added Parameter DISTRIBUTOR #= to Part D31
Added Parameter DISTRIBUTOR #= to Part J1
Added Parameter DISTRIBUTOR #= to Part J2
Added Parameter DISTRIBUTOR #= to Part J2
Added Parameter DISTRIBUTOR #= to Part Q1
Added Parameter DISTRIBUTOR #= to Part Q2
Added Parameter DISTRIBUTOR #= to Part Q3
Added Parameter DISTRIBUTOR #= to Part Q4
Added Parameter DISTRIBUTOR #= to Part Q5
Added Parameter DISTRIBUTOR #= to Part Q6
Added Parameter DISTRIBUTOR #= to Part R6
Added Parameter DISTRIBUTOR #= to Part R7
Added Parameter DISTRIBUTOR #= to Part R8
Added Parameter DISTRIBUTOR #= to Part R9
Added Parameter DISTRIBUTOR #= to Part R12
Added Parameter DISTRIBUTOR #= to Part R14
Added Parameter DISTRIBUTOR #= to Part R15
Added Parameter DISTRIBUTOR #= to Part R16
Added Parameter DISTRIBUTOR #= to Part R17
Added Parameter DISTRIBUTOR #= to Part R18
Added Parameter DISTRIBUTOR #= to Part R20
Added Parameter DISTRIBUTOR #= to Part R21
Added Parameter DISTRIBUTOR #= to Part R24
Added Parameter DISTRIBUTOR #= to Part R25
Added Parameter DISTRIBUTOR #= to Part R26
Added Parameter DISTRIBUTOR #= to Part R27
Added Parameter DISTRIBUTOR #= to Part R28
Added Parameter DISTRIBUTOR #= to Part R29
Added Parameter DISTRIBUTOR #= to Part R30
Added Parameter DISTRIBUTOR #= to Part R39
Added Parameter DISTRIBUTOR #= to Part R52
Added Parameter DISTRIBUTOR #= to Part R53
Added Parameter DISTRIBUTOR #= to Part R54
Added Parameter DISTRIBUTOR #= to Part R55
Added Parameter DISTRIBUTOR #= to Part TP33
Added Parameter DISTRIBUTOR #= to Part TP34
Added Parameter DISTRIBUTOR #= to Part TP35
Added Parameter DISTRIBUTOR #= to Part TP37
Added Parameter DISTRIBUTOR #= to Part TP38
Added Parameter DISTRIBUTOR #= to Part TP39
Added Parameter DISTRIBUTOR #= to Part TP40
Added Parameter DISTRIBUTOR #= to Part TP41
Added Parameter DISTRIBUTOR #= to Part TP42
Added Parameter DISTRIBUTOR #= to Part TP58
Added Parameter DISTRIBUTOR #= to Part TP59
Added Parameter DISTRIBUTOR #= to Part TP62
Added Parameter DISTRIBUTOR #= to Part TP63
Added Parameter DISTRIBUTOR #= to Part TP64
Added Parameter DISTRIBUTOR #= to Part TP65
Added Parameter DISTRIBUTOR #= to Part TP66
Added Parameter DISTRIBUTOR #= to Part U2
Added Parameter DISTRIBUTOR #= to Part U3
Added Parameter DISTRIBUTOR #= to Part U4
Added Parameter DISTRIBUTOR #= to Part U5
Added Parameter DISTRIBUTOR #= to Part U7
Added Parameter DISTRIBUTOR #= to Part U10
Added Parameter DISTRIBUTOR #= to Part U10
Added Parameter DISTRIBUTOR #= to Part U10
Added Parameter DISTRIBUTOR #= to Part U10
Added Parameter DISTRIBUTOR #= to Part U10
Added Parameter DISTRIBUTOR= to Part C8
Added Parameter DISTRIBUTOR= to Part C9
Added Parameter DISTRIBUTOR= to Part C10
Added Parameter DISTRIBUTOR= to Part C11
Added Parameter DISTRIBUTOR= to Part C14
Added Parameter DISTRIBUTOR= to Part C17
Added Parameter DISTRIBUTOR= to Part C18
Added Parameter DISTRIBUTOR= to Part C19
Added Parameter DISTRIBUTOR= to Part C20
Added Parameter DISTRIBUTOR= to Part C21
Added Parameter DISTRIBUTOR= to Part C22
Added Parameter DISTRIBUTOR= to Part C23
Added Parameter DISTRIBUTOR= to Part C31
Added Parameter DISTRIBUTOR= to Part D4
Added Parameter DISTRIBUTOR= to Part D6
Added Parameter DISTRIBUTOR= to Part D7
Added Parameter DISTRIBUTOR= to Part D8
Added Parameter DISTRIBUTOR= to Part D9
Added Parameter DISTRIBUTOR= to Part D10
Added Parameter DISTRIBUTOR= to Part D11
Added Parameter DISTRIBUTOR= to Part D12
Added Parameter DISTRIBUTOR= to Part D14
Added Parameter DISTRIBUTOR= to Part D15
Added Parameter DISTRIBUTOR= to Part D16
Added Parameter DISTRIBUTOR= to Part D17
Added Parameter DISTRIBUTOR= to Part D18
Added Parameter DISTRIBUTOR= to Part D19
Added Parameter DISTRIBUTOR= to Part D20
Added Parameter DISTRIBUTOR= to Part D21
Added Parameter DISTRIBUTOR= to Part D30
Added Parameter DISTRIBUTOR= to Part D31
Added Parameter DISTRIBUTOR= to Part J1
Added Parameter DISTRIBUTOR= to Part J2
Added Parameter DISTRIBUTOR= to Part J2
Added Parameter DISTRIBUTOR= to Part Q1
Added Parameter DISTRIBUTOR= to Part Q2
Added Parameter DISTRIBUTOR= to Part Q3
Added Parameter DISTRIBUTOR= to Part Q4
Added Parameter DISTRIBUTOR= to Part Q5
Added Parameter DISTRIBUTOR= to Part Q6
Added Parameter DISTRIBUTOR= to Part R6
Added Parameter DISTRIBUTOR= to Part R7
Added Parameter DISTRIBUTOR= to Part R8
Added Parameter DISTRIBUTOR= to Part R9
Added Parameter DISTRIBUTOR= to Part R12
Added Parameter DISTRIBUTOR= to Part R14
Added Parameter DISTRIBUTOR= to Part R15
Added Parameter DISTRIBUTOR= to Part R16
Added Parameter DISTRIBUTOR= to Part R17
Added Parameter DISTRIBUTOR= to Part R18
Added Parameter DISTRIBUTOR= to Part R20
Added Parameter DISTRIBUTOR= to Part R21
Added Parameter DISTRIBUTOR= to Part R24
Added Parameter DISTRIBUTOR= to Part R25
Added Parameter DISTRIBUTOR= to Part R26
Added Parameter DISTRIBUTOR= to Part R27
Added Parameter DISTRIBUTOR= to Part R28
Added Parameter DISTRIBUTOR= to Part R29
Added Parameter DISTRIBUTOR= to Part R30
Added Parameter DISTRIBUTOR= to Part R39
Added Parameter DISTRIBUTOR= to Part R52
Added Parameter DISTRIBUTOR= to Part R53
Added Parameter DISTRIBUTOR= to Part R54
Added Parameter DISTRIBUTOR= to Part R55
Added Parameter DISTRIBUTOR= to Part TP33
Added Parameter DISTRIBUTOR= to Part TP34
Added Parameter DISTRIBUTOR= to Part TP35
Added Parameter DISTRIBUTOR= to Part TP37
Added Parameter DISTRIBUTOR= to Part TP38
Added Parameter DISTRIBUTOR= to Part TP39
Added Parameter DISTRIBUTOR= to Part TP40
Added Parameter DISTRIBUTOR= to Part TP41
Added Parameter DISTRIBUTOR= to Part TP42
Added Parameter DISTRIBUTOR= to Part TP58
Added Parameter DISTRIBUTOR= to Part TP59
Added Parameter DISTRIBUTOR= to Part TP62
Added Parameter DISTRIBUTOR= to Part TP63
Added Parameter DISTRIBUTOR= to Part TP64
Added Parameter DISTRIBUTOR= to Part TP65
Added Parameter DISTRIBUTOR= to Part TP66
Added Parameter DISTRIBUTOR= to Part U2
Added Parameter DISTRIBUTOR= to Part U3
Added Parameter DISTRIBUTOR= to Part U4
Added Parameter DISTRIBUTOR= to Part U5
Added Parameter DISTRIBUTOR= to Part U7
Added Parameter DISTRIBUTOR= to Part U10
Added Parameter DISTRIBUTOR= to Part U10
Added Parameter DISTRIBUTOR= to Part U10
Added Parameter DISTRIBUTOR= to Part U10
Added Parameter DISTRIBUTOR= to Part U10
Added Parameter PART= to Part C8
Added Parameter PART= to Part C9
Added Parameter PART= to Part C10
Added Parameter PART= to Part C11
Added Parameter PART= to Part C14
Added Parameter PART= to Part C17
Added Parameter PART= to Part C18
Added Parameter PART= to Part C19
Added Parameter PART= to Part C20
Added Parameter PART= to Part C21
Added Parameter PART= to Part C22
Added Parameter PART= to Part C23
Added Parameter PART= to Part C31
Added Parameter PART= to Part D4
Added Parameter PART= to Part D6
Added Parameter PART= to Part D7
Added Parameter PART= to Part D8
Added Parameter PART= to Part D10
Added Parameter PART= to Part D11
Added Parameter PART= to Part D12
Added Parameter PART= to Part D14
Added Parameter PART= to Part D15
Added Parameter PART= to Part D19
Added Parameter PART= to Part D21
Added Parameter PART= to Part D31
Added Parameter PART= to Part J1
Added Parameter PART= to Part J2
Added Parameter PART= to Part J2
Added Parameter PART= to Part Q1
Added Parameter PART= to Part Q2
Added Parameter PART= to Part Q3
Added Parameter PART= to Part Q4
Added Parameter PART= to Part Q5
Added Parameter PART= to Part Q6
Added Parameter PART= to Part R6
Added Parameter PART= to Part R7
Added Parameter PART= to Part R8
Added Parameter PART= to Part R9
Added Parameter PART= to Part R12
Added Parameter PART= to Part R14
Added Parameter PART= to Part R15
Added Parameter PART= to Part R16
Added Parameter PART= to Part R17
Added Parameter PART= to Part R18
Added Parameter PART= to Part R20
Added Parameter PART= to Part R21
Added Parameter PART= to Part R24
Added Parameter PART= to Part R25
Added Parameter PART= to Part R26
Added Parameter PART= to Part R27
Added Parameter PART= to Part R28
Added Parameter PART= to Part R29
Added Parameter PART= to Part R30
Added Parameter PART= to Part R39
Added Parameter PART= to Part R52
Added Parameter PART= to Part R53
Added Parameter PART= to Part R54
Added Parameter PART= to Part R55
Added Parameter PART= to Part TP33
Added Parameter PART= to Part TP34
Added Parameter PART= to Part TP35
Added Parameter PART= to Part TP37
Added Parameter PART= to Part TP38
Added Parameter PART= to Part TP39
Added Parameter PART= to Part TP40
Added Parameter PART= to Part TP41
Added Parameter PART= to Part TP42
Added Parameter PART= to Part TP58
Added Parameter PART= to Part TP59
Added Parameter PART= to Part TP62
Added Parameter PART= to Part TP63
Added Parameter PART= to Part TP64
Added Parameter PART= to Part TP65
Added Parameter PART= to Part TP66
Added Parameter PART= to Part U2
Added Parameter PART= to Part U3
Added Parameter PART= to Part U4
Added Parameter PART= to Part U5
Added Parameter PART= to Part U6
Added Parameter PART= to Part U7
Added Parameter PART= to Part U10
Added Parameter PART= to Part U10
Added Parameter PART= to Part U10
Added Parameter PART= to Part U10
Added Parameter PART= to Part U10
Added Parameter Part Description= to Part C8
Added Parameter Part Description= to Part C9
Added Parameter Part Description= to Part C10
Added Parameter Part Description= to Part C11
Added Parameter Part Description= to Part C14
Added Parameter Part Description= to Part C17
Added Parameter Part Description= to Part C18
Added Parameter Part Description= to Part C19
Added Parameter Part Description= to Part C20
Added Parameter Part Description= to Part C21
Added Parameter Part Description= to Part C22
Added Parameter Part Description= to Part C23
Added Parameter Part Description= to Part C31
Added Parameter Part Description= to Part D4
Added Parameter Part Description= to Part D6
Added Parameter Part Description= to Part D7
Added Parameter Part Description= to Part D8
Added Parameter Part Description= to Part D9
Added Parameter Part Description= to Part D10
Added Parameter Part Description= to Part D11
Added Parameter Part Description= to Part D12
Added Parameter Part Description= to Part D14
Added Parameter Part Description= to Part D15
Added Parameter Part Description= to Part D16
Added Parameter Part Description= to Part D17
Added Parameter Part Description= to Part D18
Added Parameter Part Description= to Part D19
Added Parameter Part Description= to Part D20
Added Parameter Part Description= to Part D21
Added Parameter Part Description= to Part D30
Added Parameter Part Description= to Part D31
Added Parameter Part Description= to Part J1
Added Parameter Part Description= to Part J2
Added Parameter Part Description= to Part J2
Added Parameter Part Description= to Part Q1
Added Parameter Part Description= to Part Q2
Added Parameter Part Description= to Part Q3
Added Parameter Part Description= to Part Q4
Added Parameter Part Description= to Part Q5
Added Parameter Part Description= to Part Q6
Added Parameter Part Description= to Part R6
Added Parameter Part Description= to Part R7
Added Parameter Part Description= to Part R8
Added Parameter Part Description= to Part R9
Added Parameter Part Description= to Part R12
Added Parameter Part Description= to Part R14
Added Parameter Part Description= to Part R15
Added Parameter Part Description= to Part R16
Added Parameter Part Description= to Part R17
Added Parameter Part Description= to Part R18
Added Parameter Part Description= to Part R20
Added Parameter Part Description= to Part R21
Added Parameter Part Description= to Part R24
Added Parameter Part Description= to Part R25
Added Parameter Part Description= to Part R26
Added Parameter Part Description= to Part R27
Added Parameter Part Description= to Part R28
Added Parameter Part Description= to Part R29
Added Parameter Part Description= to Part R30
Added Parameter Part Description= to Part R39
Added Parameter Part Description= to Part R52
Added Parameter Part Description= to Part R53
Added Parameter Part Description= to Part R54
Added Parameter Part Description= to Part R55
Added Parameter Part Description= to Part TP33
Added Parameter Part Description= to Part TP34
Added Parameter Part Description= to Part TP35
Added Parameter Part Description= to Part TP37
Added Parameter Part Description= to Part TP38
Added Parameter Part Description= to Part TP39
Added Parameter Part Description= to Part TP40
Added Parameter Part Description= to Part TP41
Added Parameter Part Description= to Part TP42
Added Parameter Part Description= to Part TP58
Added Parameter Part Description= to Part TP59
Added Parameter Part Description= to Part TP62
Added Parameter Part Description= to Part TP63
Added Parameter Part Description= to Part TP64
Added Parameter Part Description= to Part TP65
Added Parameter Part Description= to Part TP66
Added Parameter Part Description= to Part U2
Added Parameter Part Description= to Part U3
Added Parameter Part Description= to Part U4
Added Parameter Part Description= to Part U5
Added Parameter Part Description= to Part U6
Added Parameter Part Description= to Part U7
Added Parameter Part Description= to Part U10
Added Parameter Part Description= to Part U10
Added Parameter Part Description= to Part U10
Added Parameter Part Description= to Part U10
Added Parameter Part Description= to Part U10
Added Parameter Tolerance= to Part C8
Added Parameter Tolerance= to Part C9
Added Parameter Tolerance= to Part C10
Added Parameter Tolerance= to Part C11
Added Parameter Tolerance= to Part C14
Added Parameter Tolerance= to Part C17
Added Parameter Tolerance= to Part C18
Added Parameter Tolerance= to Part C19
Added Parameter Tolerance= to Part C20
Added Parameter Tolerance= to Part C21
Added Parameter Tolerance= to Part C22
Added Parameter Tolerance= to Part C23
Added Parameter Tolerance= to Part C31
Added Parameter Tolerance= to Part D4
Added Parameter Tolerance= to Part D6
Added Parameter Tolerance= to Part D7
Added Parameter Tolerance= to Part D8
Added Parameter Tolerance= to Part D9
Added Parameter Tolerance= to Part D10
Added Parameter Tolerance= to Part D11
Added Parameter Tolerance= to Part D12
Added Parameter Tolerance= to Part D14
Added Parameter Tolerance= to Part D15
Added Parameter Tolerance= to Part D16
Added Parameter Tolerance= to Part D17
Added Parameter Tolerance= to Part D18
Added Parameter Tolerance= to Part D19
Added Parameter Tolerance= to Part D20
Added Parameter Tolerance= to Part D21
Added Parameter Tolerance= to Part D30
Added Parameter Tolerance= to Part D31
Added Parameter Tolerance= to Part J1
Added Parameter Tolerance= to Part J2
Added Parameter Tolerance= to Part J2
Added Parameter Tolerance= to Part Q1
Added Parameter Tolerance= to Part Q2
Added Parameter Tolerance= to Part Q3
Added Parameter Tolerance= to Part Q4
Added Parameter Tolerance= to Part Q5
Added Parameter Tolerance= to Part Q6
Added Parameter Tolerance= to Part R6
Added Parameter Tolerance= to Part R7
Added Parameter Tolerance= to Part R8
Added Parameter Tolerance= to Part R9
Added Parameter Tolerance= to Part R12
Added Parameter Tolerance= to Part R14
Added Parameter Tolerance= to Part R15
Added Parameter Tolerance= to Part R16
Added Parameter Tolerance= to Part R17
Added Parameter Tolerance= to Part R18
Added Parameter Tolerance= to Part R20
Added Parameter Tolerance= to Part R21
Added Parameter Tolerance= to Part R24
Added Parameter Tolerance= to Part R25
Added Parameter Tolerance= to Part R26
Added Parameter Tolerance= to Part R27
Added Parameter Tolerance= to Part R28
Added Parameter Tolerance= to Part R29
Added Parameter Tolerance= to Part R30
Added Parameter Tolerance= to Part R39
Added Parameter Tolerance= to Part R52
Added Parameter Tolerance= to Part R53
Added Parameter Tolerance= to Part R54
Added Parameter Tolerance= to Part R55
Added Parameter Tolerance= to Part TP33
Added Parameter Tolerance= to Part TP34
Added Parameter Tolerance= to Part TP35
Added Parameter Tolerance= to Part TP37
Added Parameter Tolerance= to Part TP38
Added Parameter Tolerance= to Part TP39
Added Parameter Tolerance= to Part TP40
Added Parameter Tolerance= to Part TP41
Added Parameter Tolerance= to Part TP42
Added Parameter Tolerance= to Part TP58
Added Parameter Tolerance= to Part TP59
Added Parameter Tolerance= to Part TP62
Added Parameter Tolerance= to Part TP63
Added Parameter Tolerance= to Part TP64
Added Parameter Tolerance= to Part TP65
Added Parameter Tolerance= to Part TP66
Added Parameter Tolerance= to Part U2
Added Parameter Tolerance= to Part U3
Added Parameter Tolerance= to Part U4
Added Parameter Tolerance= to Part U5
Added Parameter Tolerance= to Part U6
Added Parameter Tolerance= to Part U7
Added Parameter Tolerance= to Part U10
Added Parameter Tolerance= to Part U10
Added Parameter Tolerance= to Part U10
Added Parameter Tolerance= to Part U10
Added Parameter Tolerance= to Part U10
Added Parameter Value= to Part D4
Added Parameter Value= to Part D6
Added Parameter Value= to Part D7
Added Parameter Value= to Part D8
Added Parameter Value= to Part D10
Added Parameter Value= to Part D11
Added Parameter Value= to Part D12
Added Parameter Value= to Part D14
Added Parameter Value= to Part D15
Added Parameter Value= to Part D19
Added Parameter Value= to Part D21
Added Parameter Value= to Part D31
Added Parameter Value= to Part J1
Added Parameter Value= to Part J2
Added Parameter Value= to Part J2
Added Parameter Value= to Part Q1
Added Parameter Value= to Part Q2
Added Parameter Value= to Part Q3
Added Parameter Value= to Part Q4
Added Parameter Value= to Part Q5
Added Parameter Value= to Part Q6
Added Parameter Value= to Part TP33
Added Parameter Value= to Part TP34
Added Parameter Value= to Part TP35
Added Parameter Value= to Part TP37
Added Parameter Value= to Part TP38
Added Parameter Value= to Part TP39
Added Parameter Value= to Part TP40
Added Parameter Value= to Part TP41
Added Parameter Value= to Part TP42
Added Parameter Value= to Part TP58
Added Parameter Value= to Part TP59
Added Parameter Value= to Part TP62
Added Parameter Value= to Part TP63
Added Parameter Value= to Part TP64
Added Parameter Value= to Part TP65
Added Parameter Value= to Part TP66
Added Parameter Value= to Part U2
Added Parameter Value= to Part U3
Added Parameter Value= to Part U4
Added Parameter Value= to Part U5
Added Parameter Value= to Part U6
Added Parameter Value= to Part U7
Added Parameter Value= to Part U10
Added Parameter Value= to Part U10
Added Parameter Value= to Part U10
Added Parameter Value= to Part U10
Added Parameter Value= to Part U10
Added Parameter Voltage= to Part C8
Added Parameter Voltage= to Part C9
Added Parameter Voltage= to Part C10
Added Parameter Voltage= to Part C11
Added Parameter Voltage= to Part C14
Added Parameter Voltage= to Part C17
Added Parameter Voltage= to Part C18
Added Parameter Voltage= to Part C19
Added Parameter Voltage= to Part C20
Added Parameter Voltage= to Part C21
Added Parameter Voltage= to Part C22
Added Parameter Voltage= to Part C23
Added Parameter Voltage= to Part C31
Added Parameter Voltage= to Part D4
Added Parameter Voltage= to Part D6
Added Parameter Voltage= to Part D7
Added Parameter Voltage= to Part D8
Added Parameter Voltage= to Part D9
Added Parameter Voltage= to Part D10
Added Parameter Voltage= to Part D11
Added Parameter Voltage= to Part D12
Added Parameter Voltage= to Part D14
Added Parameter Voltage= to Part D15
Added Parameter Voltage= to Part D16
Added Parameter Voltage= to Part D17
Added Parameter Voltage= to Part D18
Added Parameter Voltage= to Part D19
Added Parameter Voltage= to Part D20
Added Parameter Voltage= to Part D21
Added Parameter Voltage= to Part D30
Added Parameter Voltage= to Part D31
Added Parameter Voltage= to Part J1
Added Parameter Voltage= to Part J2
Added Parameter Voltage= to Part J2
Added Parameter Voltage= to Part Q1
Added Parameter Voltage= to Part Q2
Added Parameter Voltage= to Part Q3
Added Parameter Voltage= to Part Q4
Added Parameter Voltage= to Part Q5
Added Parameter Voltage= to Part Q6
Added Parameter Voltage= to Part R6
Added Parameter Voltage= to Part R7
Added Parameter Voltage= to Part R8
Added Parameter Voltage= to Part R9
Added Parameter Voltage= to Part R12
Added Parameter Voltage= to Part R14
Added Parameter Voltage= to Part R15
Added Parameter Voltage= to Part R16
Added Parameter Voltage= to Part R17
Added Parameter Voltage= to Part R18
Added Parameter Voltage= to Part R20
Added Parameter Voltage= to Part R21
Added Parameter Voltage= to Part R24
Added Parameter Voltage= to Part R25
Added Parameter Voltage= to Part R26
Added Parameter Voltage= to Part R27
Added Parameter Voltage= to Part R28
Added Parameter Voltage= to Part R29
Added Parameter Voltage= to Part R30
Added Parameter Voltage= to Part R39
Added Parameter Voltage= to Part R52
Added Parameter Voltage= to Part R53
Added Parameter Voltage= to Part R54
Added Parameter Voltage= to Part R55
Added Parameter Voltage= to Part TP33
Added Parameter Voltage= to Part TP34
Added Parameter Voltage= to Part TP35
Added Parameter Voltage= to Part TP37
Added Parameter Voltage= to Part TP38
Added Parameter Voltage= to Part TP39
Added Parameter Voltage= to Part TP40
Added Parameter Voltage= to Part TP41
Added Parameter Voltage= to Part TP42
Added Parameter Voltage= to Part TP58
Added Parameter Voltage= to Part TP59
Added Parameter Voltage= to Part TP62
Added Parameter Voltage= to Part TP63
Added Parameter Voltage= to Part TP64
Added Parameter Voltage= to Part TP65
Added Parameter Voltage= to Part TP66
Added Parameter Voltage= to Part U2
Added Parameter Voltage= to Part U3
Added Parameter Voltage= to Part U4
Added Parameter Voltage= to Part U5
Added Parameter Voltage= to Part U6
Added Parameter Voltage= to Part U7
Added Parameter Voltage= to Part U10
Added Parameter Voltage= to Part U10
Added Parameter Voltage= to Part U10
Added Parameter Voltage= to Part U10
Added Parameter Voltage= to Part U10
