Change Value of Parameter DNI in Part C8 Old= New=DNI
Change Value of Parameter DNI in Part C9 Old= New=DNI
Change Value of Parameter DNI in Part C10 Old= New=DNI
Change Value of Parameter DNI in Part C11 Old= New=DNI
Change Value of Parameter DNI in Part C14 Old= New=DNI
Change Value of Parameter DNI in Part C17 Old= New=DNI
Change Value of Parameter DISTRIBUTOR # in Part D9 Old= New=350-2038-2-ND
Change Value of Parameter DISTRIBUTOR in Part D9 Old= New=Digikey
Change Value of Parameter MANUFACTURER # in Part D9 Old= New=5988110107F
Change Value of Parameter Manufacturer in Part D9 Old= New=Dialight
Change Value of Parameter PART in Part D9 Old=Red New=LED Red 0805
Change Value of Parameter Part Description in Part D9 Old= New=Red 635nm LED Indication - Discrete 2.2V 0805 (2012 Metric)
Change Value of Parameter Tolerance in Part D9 Old= New=-NA-
Change Value of Parameter VALUE in Part D9 Old=5988110107F New=Red
Change Value of Parameter Voltage in Part D9 Old= New=Vf=2.2V
Change Value of Parameter DISTRIBUTOR # in Part D16 Old= New=350-2038-2-ND
Change Value of Parameter DISTRIBUTOR in Part D16 Old= New=Digikey
Change Value of Parameter MANUFACTURER # in Part D16 Old= New=5988110107F
Change Value of Parameter Manufacturer in Part D16 Old= New=Dialight
Change Value of Parameter PART in Part D16 Old=Red New=LED Red 0805
Change Value of Parameter Part Description in Part D16 Old= New=Red 635nm LED Indication - Discrete 2.2V 0805 (2012 Metric)
Change Value of Parameter Tolerance in Part D16 Old= New=-NA-
Change Value of Parameter VALUE in Part D16 Old=5988110107F New=Red
Change Value of Parameter Voltage in Part D16 Old= New=Vf=2.2V
Change Value of Parameter DISTRIBUTOR # in Part D17 Old= New=350-2038-2-ND
Change Value of Parameter DISTRIBUTOR in Part D17 Old= New=Digikey
Change Value of Parameter MANUFACTURER # in Part D17 Old= New=5988110107F
Change Value of Parameter Manufacturer in Part D17 Old= New=Dialight
Change Value of Parameter PART in Part D17 Old=Red New=LED Red 0805
Change Value of Parameter Part Description in Part D17 Old= New=Red 635nm LED Indication - Discrete 2.2V 0805 (2012 Metric)
Change Value of Parameter Tolerance in Part D17 Old= New=-NA-
Change Value of Parameter VALUE in Part D17 Old=5988110107F New=Red
Change Value of Parameter Voltage in Part D17 Old= New=Vf=2.2V
Change Value of Parameter DISTRIBUTOR # in Part D18 Old= New=350-2038-2-ND
Change Value of Parameter DISTRIBUTOR in Part D18 Old= New=Digikey
Change Value of Parameter MANUFACTURER # in Part D18 Old= New=5988110107F
Change Value of Parameter Manufacturer in Part D18 Old= New=Dialight
Change Value of Parameter PART in Part D18 Old=Red New=LED Red 0805
Change Value of Parameter Part Description in Part D18 Old= New=Red 635nm LED Indication - Discrete 2.2V 0805 (2012 Metric)
Change Value of Parameter Tolerance in Part D18 Old= New=-NA-
Change Value of Parameter VALUE in Part D18 Old=5988110107F New=Red
Change Value of Parameter Voltage in Part D18 Old= New=Vf=2.2V
Change Value of Parameter DISTRIBUTOR # in Part D20 Old= New=350-2038-2-ND
Change Value of Parameter DISTRIBUTOR in Part D20 Old= New=Digikey
Change Value of Parameter MANUFACTURER # in Part D20 Old= New=5988110107F
Change Value of Parameter Manufacturer in Part D20 Old= New=Dialight
Change Value of Parameter PART in Part D20 Old=Red New=LED Red 0805
Change Value of Parameter Part Description in Part D20 Old= New=Red 635nm LED Indication - Discrete 2.2V 0805 (2012 Metric)
Change Value of Parameter Tolerance in Part D20 Old= New=-NA-
Change Value of Parameter VALUE in Part D20 Old=5988110107F New=Red
Change Value of Parameter Voltage in Part D20 Old= New=Vf=2.2V
Change Value of Parameter DISTRIBUTOR # in Part D30 Old= New=350-2038-2-ND
Change Value of Parameter DISTRIBUTOR in Part D30 Old= New=Digikey
Change Value of Parameter MANUFACTURER # in Part D30 Old= New=5988110107F
Change Value of Parameter Manufacturer in Part D30 Old= New=Dialight
Change Value of Parameter PART in Part D30 Old=Red New=LED Red 0805
Change Value of Parameter Part Description in Part D30 Old= New=Red 635nm LED Indication - Discrete 2.2V 0805 (2012 Metric)
Change Value of Parameter Tolerance in Part D30 Old= New=-NA-
Change Value of Parameter VALUE in Part D30 Old=5988110107F New=Red
Change Value of Parameter Voltage in Part D30 Old= New=Vf=2.2V
Change Value of Parameter MANUFACTURER # in Part TP33 Old= New=NOTAPART-Testpoint
Change Value of Parameter MANUFACTURER # in Part TP34 Old= New=NOTAPART-Testpoint
Change Value of Parameter MANUFACTURER # in Part TP35 Old= New=NOTAPART-Testpoint
Change Value of Parameter MANUFACTURER # in Part TP37 Old= New=NOTAPART-Testpoint
Change Value of Parameter MANUFACTURER # in Part TP38 Old= New=NOTAPART-Testpoint
Change Value of Parameter MANUFACTURER # in Part TP39 Old= New=NOTAPART-Testpoint
Change Value of Parameter MANUFACTURER # in Part TP40 Old= New=NOTAPART-Testpoint
Change Value of Parameter MANUFACTURER # in Part TP41 Old= New=NOTAPART-Testpoint
Change Value of Parameter MANUFACTURER # in Part TP42 Old= New=NOTAPART-Testpoint
Change Value of Parameter MANUFACTURER # in Part TP58 Old= New=NOTAPART-Testpoint
Change Value of Parameter MANUFACTURER # in Part TP59 Old= New=NOTAPART-Testpoint
Change Value of Parameter MANUFACTURER # in Part TP62 Old= New=NOTAPART-Testpoint
Change Value of Parameter MANUFACTURER # in Part TP63 Old= New=NOTAPART-Testpoint
Change Value of Parameter MANUFACTURER # in Part TP64 Old= New=NOTAPART-Testpoint
Change Value of Parameter MANUFACTURER # in Part TP65 Old= New=NOTAPART-Testpoint
Change Value of Parameter MANUFACTURER # in Part TP66 Old= New=NOTAPART-Testpoint
