Change Value of Parameter DISTRIBUTOR # in Part R6 Old= New=311-1.8KGRTR-ND
Change Value of Parameter DISTRIBUTOR in Part R6 Old= New=Digikey
Change Value of Parameter Manufacturer in Part R6 Old= New=Yageo
Change Value of Parameter PART in Part R6 Old= New=1.8k 5% 0603
Change Value of Parameter Part Description in Part R6 Old= New=1.8k Ohm ±5% 0.1W, 1/10W Chip Resistor 0603 (1608 Metric) Moisture Resistant Thick Film
Change Value of Parameter Tolerance in Part R6 Old= New=5%
Change Value of Parameter Voltage in Part R6 Old= New=1/10W
Change Value of Parameter DISTRIBUTOR # in Part R7 Old= New=311-1.8KGRTR-ND
Change Value of Parameter DISTRIBUTOR in Part R7 Old= New=Digikey
Change Value of Parameter Manufacturer in Part R7 Old= New=Yageo
Change Value of Parameter PART in Part R7 Old= New=1.8k 5% 0603
Change Value of Parameter Part Description in Part R7 Old= New=1.8k Ohm ±5% 0.1W, 1/10W Chip Resistor 0603 (1608 Metric) Moisture Resistant Thick Film
Change Value of Parameter Tolerance in Part R7 Old= New=5%
Change Value of Parameter Voltage in Part R7 Old= New=1/10W
Change Value of Parameter DISTRIBUTOR # in Part R8 Old= New=311-1.8KGRTR-ND
Change Value of Parameter DISTRIBUTOR in Part R8 Old= New=Digikey
Change Value of Parameter Manufacturer in Part R8 Old= New=Yageo
Change Value of Parameter PART in Part R8 Old= New=1.8k 5% 0603
Change Value of Parameter Part Description in Part R8 Old= New=1.8k Ohm ±5% 0.1W, 1/10W Chip Resistor 0603 (1608 Metric) Moisture Resistant Thick Film
Change Value of Parameter Tolerance in Part R8 Old= New=5%
Change Value of Parameter Voltage in Part R8 Old= New=1/10W
Change Value of Parameter DISTRIBUTOR # in Part R9 Old= New=311-1.8KGRTR-ND
Change Value of Parameter DISTRIBUTOR in Part R9 Old= New=Digikey
Change Value of Parameter Manufacturer in Part R9 Old= New=Yageo
Change Value of Parameter PART in Part R9 Old= New=1.8k 5% 0603
Change Value of Parameter Part Description in Part R9 Old= New=1.8k Ohm ±5% 0.1W, 1/10W Chip Resistor 0603 (1608 Metric) Moisture Resistant Thick Film
Change Value of Parameter Tolerance in Part R9 Old= New=5%
Change Value of Parameter Voltage in Part R9 Old= New=1/10W
Change Value of Parameter DISTRIBUTOR # in Part R12 Old= New=311-1.8KGRTR-ND
Change Value of Parameter DISTRIBUTOR in Part R12 Old= New=Digikey
Change Value of Parameter Manufacturer in Part R12 Old= New=Yageo
Change Value of Parameter PART in Part R12 Old= New=1.8k 5% 0603
Change Value of Parameter Part Description in Part R12 Old= New=1.8k Ohm ±5% 0.1W, 1/10W Chip Resistor 0603 (1608 Metric) Moisture Resistant Thick Film
Change Value of Parameter Tolerance in Part R12 Old= New=5%
Change Value of Parameter Voltage in Part R12 Old= New=1/10W
Change Value of Parameter DISTRIBUTOR # in Part R14 Old= New=311-1.8KGRTR-ND
Change Value of Parameter DISTRIBUTOR in Part R14 Old= New=Digikey
Change Value of Parameter Manufacturer in Part R14 Old= New=Yageo
Change Value of Parameter PART in Part R14 Old= New=1.8k 5% 0603
Change Value of Parameter Part Description in Part R14 Old= New=1.8k Ohm ±5% 0.1W, 1/10W Chip Resistor 0603 (1608 Metric) Moisture Resistant Thick Film
Change Value of Parameter Tolerance in Part R14 Old= New=5%
Change Value of Parameter Voltage in Part R14 Old= New=1/10W
