Change Value of Parameter DISTRIBUTOR # in Part R16 Old= New=311-100LRTR-ND
Change Value of Parameter DISTRIBUTOR in Part R16 Old= New=Digikey
Change Value of Parameter MANUFACTURER # in Part R16 Old= New=RC0402FR-07100RL
Change Value of Parameter Manufacturer in Part R16 Old= New=Yageo
Change Value of Parameter PART in Part R16 Old= New=100R 1% 0402
Change Value of Parameter Part Description in Part R16 Old= New=100 Ohm ±1% 0.063W, 1/16W Chip Resistor 0402 (1005 Metric) Moisture Resistant Thick Film
Change Value of Parameter Tolerance in Part R16 Old= New=1%
Change Value of Parameter Voltage in Part R16 Old= New=1/16W
Change Value of Parameter DISTRIBUTOR # in Part R18 Old= New=311-100LRTR-ND
Change Value of Parameter DISTRIBUTOR in Part R18 Old= New=Digikey
Change Value of Parameter MANUFACTURER # in Part R18 Old= New=RC0402FR-07100RL
Change Value of Parameter Manufacturer in Part R18 Old= New=Yageo
Change Value of Parameter PART in Part R18 Old= New=100R 1% 0402
Change Value of Parameter Part Description in Part R18 Old= New=100 Ohm ±1% 0.063W, 1/16W Chip Resistor 0402 (1005 Metric) Moisture Resistant Thick Film
Change Value of Parameter Tolerance in Part R18 Old= New=1%
Change Value of Parameter Voltage in Part R18 Old= New=1/16W
Change Value of Parameter DISTRIBUTOR # in Part R20 Old= New=311-100LRTR-ND
Change Value of Parameter DISTRIBUTOR in Part R20 Old= New=Digikey
Change Value of Parameter MANUFACTURER # in Part R20 Old= New=RC0402FR-07100RL
Change Value of Parameter Manufacturer in Part R20 Old= New=Yageo
Change Value of Parameter PART in Part R20 Old= New=100R 1% 0402
Change Value of Parameter Part Description in Part R20 Old= New=100 Ohm ±1% 0.063W, 1/16W Chip Resistor 0402 (1005 Metric) Moisture Resistant Thick Film
Change Value of Parameter Tolerance in Part R20 Old= New=1%
Change Value of Parameter Voltage in Part R20 Old= New=1/16W
Change Value of Parameter DISTRIBUTOR # in Part R21 Old= New=311-100LRTR-ND
Change Value of Parameter DISTRIBUTOR in Part R21 Old= New=Digikey
Change Value of Parameter MANUFACTURER # in Part R21 Old= New=RC0402FR-07100RL
Change Value of Parameter Manufacturer in Part R21 Old= New=Yageo
Change Value of Parameter PART in Part R21 Old= New=100R 1% 0402
Change Value of Parameter Part Description in Part R21 Old= New=100 Ohm ±1% 0.063W, 1/16W Chip Resistor 0402 (1005 Metric) Moisture Resistant Thick Film
Change Value of Parameter Tolerance in Part R21 Old= New=1%
Change Value of Parameter Voltage in Part R21 Old= New=1/16W
Change Value of Parameter DISTRIBUTOR # in Part R25 Old= New=311-100LRTR-ND
Change Value of Parameter DISTRIBUTOR in Part R25 Old= New=Digikey
Change Value of Parameter MANUFACTURER # in Part R25 Old= New=RC0402FR-07100RL
Change Value of Parameter Manufacturer in Part R25 Old= New=Yageo
Change Value of Parameter PART in Part R25 Old= New=100R 1% 0402
Change Value of Parameter Part Description in Part R25 Old= New=100 Ohm ±1% 0.063W, 1/16W Chip Resistor 0402 (1005 Metric) Moisture Resistant Thick Film
Change Value of Parameter Tolerance in Part R25 Old= New=1%
Change Value of Parameter Voltage in Part R25 Old= New=1/16W
Change Value of Parameter DISTRIBUTOR # in Part R53 Old= New=311-100LRTR-ND
Change Value of Parameter DISTRIBUTOR in Part R53 Old= New=Digikey
Change Value of Parameter MANUFACTURER # in Part R53 Old= New=RC0402FR-07100RL
Change Value of Parameter Manufacturer in Part R53 Old= New=Yageo
Change Value of Parameter PART in Part R53 Old= New=100R 1% 0402
Change Value of Parameter Part Description in Part R53 Old= New=100 Ohm ±1% 0.063W, 1/16W Chip Resistor 0402 (1005 Metric) Moisture Resistant Thick Film
Change Value of Parameter Tolerance in Part R53 Old= New=1%
Change Value of Parameter Voltage in Part R53 Old= New=1/16W
