Change Value of Parameter DISTRIBUTOR # in Part D4 Old= New=RSB39VTE-17TR-ND
Change Value of Parameter DISTRIBUTOR in Part D4 Old= New=Digikey
Change Value of Parameter MANUFACTURER # in Part D4 Old= New=RSB39VTE-17
Change Value of Parameter Manufacturer in Part D4 Old= New=Rohm
Change Value of Parameter PART in Part D4 Old= New=TVS DIODE 30VWM SOD323
Change Value of Parameter Part Description in Part D4 Old= New=TVS DIODE 30VWM SOD323
Change Value of Parameter Tolerance in Part D4 Old= New=-NA-
Change Value of Parameter Value in Part D4 Old= New=30V
Change Value of Parameter Voltage in Part D4 Old= New=30Vso 30pF
Change Value of Parameter DISTRIBUTOR # in Part D10 Old= New=RSB39VTE-17TR-ND
Change Value of Parameter DISTRIBUTOR in Part D10 Old= New=Digikey
Change Value of Parameter MANUFACTURER # in Part D10 Old= New=RSB39VTE-17
Change Value of Parameter Manufacturer in Part D10 Old= New=Rohm
Change Value of Parameter PART in Part D10 Old= New=TVS DIODE 30VWM SOD323
Change Value of Parameter Part Description in Part D10 Old= New=TVS DIODE 30VWM SOD323
Change Value of Parameter Tolerance in Part D10 Old= New=-NA-
Change Value of Parameter Value in Part D10 Old= New=30V
Change Value of Parameter Voltage in Part D10 Old= New=30Vso 30pF
Change Value of Parameter DISTRIBUTOR # in Part D11 Old= New=RSB39VTE-17TR-ND
Change Value of Parameter DISTRIBUTOR in Part D11 Old= New=Digikey
Change Value of Parameter MANUFACTURER # in Part D11 Old= New=RSB39VTE-17
Change Value of Parameter Manufacturer in Part D11 Old= New=Rohm
Change Value of Parameter PART in Part D11 Old= New=TVS DIODE 30VWM SOD323
Change Value of Parameter Part Description in Part D11 Old= New=TVS DIODE 30VWM SOD323
Change Value of Parameter Tolerance in Part D11 Old= New=-NA-
Change Value of Parameter Value in Part D11 Old= New=30V
Change Value of Parameter Voltage in Part D11 Old= New=30Vso 30pF
Change Value of Parameter DISTRIBUTOR # in Part D14 Old= New=RSB39VTE-17TR-ND
Change Value of Parameter DISTRIBUTOR in Part D14 Old= New=Digikey
Change Value of Parameter MANUFACTURER # in Part D14 Old= New=RSB39VTE-17
Change Value of Parameter Manufacturer in Part D14 Old= New=Rohm
Change Value of Parameter PART in Part D14 Old= New=TVS DIODE 30VWM SOD323
Change Value of Parameter Part Description in Part D14 Old= New=TVS DIODE 30VWM SOD323
Change Value of Parameter Tolerance in Part D14 Old= New=-NA-
Change Value of Parameter Value in Part D14 Old= New=30V
Change Value of Parameter Voltage in Part D14 Old= New=30Vso 30pF
Change Value of Parameter DISTRIBUTOR # in Part D21 Old= New=RSB39VTE-17TR-ND
Change Value of Parameter DISTRIBUTOR in Part D21 Old= New=Digikey
Change Value of Parameter MANUFACTURER # in Part D21 Old= New=RSB39VTE-17
Change Value of Parameter Manufacturer in Part D21 Old= New=Rohm
Change Value of Parameter PART in Part D21 Old= New=TVS DIODE 30VWM SOD323
Change Value of Parameter Part Description in Part D21 Old= New=TVS DIODE 30VWM SOD323
Change Value of Parameter Tolerance in Part D21 Old= New=-NA-
Change Value of Parameter Value in Part D21 Old= New=30V
Change Value of Parameter Voltage in Part D21 Old= New=30Vso 30pF
Change Value of Parameter DISTRIBUTOR # in Part D31 Old= New=RSB39VTE-17TR-ND
Change Value of Parameter DISTRIBUTOR in Part D31 Old= New=Digikey
Change Value of Parameter MANUFACTURER # in Part D31 Old= New=RSB39VTE-17
Change Value of Parameter Manufacturer in Part D31 Old= New=Rohm
Change Value of Parameter PART in Part D31 Old= New=TVS DIODE 30VWM SOD323
Change Value of Parameter Part Description in Part D31 Old= New=TVS DIODE 30VWM SOD323
Change Value of Parameter Tolerance in Part D31 Old= New=-NA-
Change Value of Parameter Value in Part D31 Old= New=30V
Change Value of Parameter Voltage in Part D31 Old= New=30Vso 30pF
