Added Parameter DNI= to Part C8
Added Parameter DNI= to Part C9
Added Parameter DNI= to Part C10
Added Parameter DNI= to Part C11
Added Parameter DNI= to Part C14
Added Parameter DNI= to Part C17
Added Parameter DNI= to Part C18
Added Parameter DNI= to Part C19
Added Parameter DNI= to Part C20
Added Parameter DNI= to Part C21
Added Parameter DNI= to Part C22
Added Parameter DNI= to Part C23
Added Parameter DNI= to Part C31
Added Parameter DNI= to Part D4
Added Parameter DNI= to Part D6
Added Parameter DNI= to Part D7
Added Parameter DNI= to Part D8
Added Parameter DNI= to Part D9
Added Parameter DNI= to Part D10
Added Parameter DNI= to Part D11
Added Parameter DNI= to Part D12
Added Parameter DNI= to Part D14
Added Parameter DNI= to Part D15
Added Parameter DNI= to Part D16
Added Parameter DNI= to Part D17
Added Parameter DNI= to Part D18
Added Parameter DNI= to Part D19
Added Parameter DNI= to Part D20
Added Parameter DNI= to Part D21
Added Parameter DNI= to Part D30
Added Parameter DNI= to Part D31
Added Parameter DNI= to Part J1
Added Parameter DNI= to Part J2
Added Parameter DNI= to Part J2
Added Parameter DNI= to Part Q1
Added Parameter DNI= to Part Q2
Added Parameter DNI= to Part Q3
Added Parameter DNI= to Part Q4
Added Parameter DNI= to Part Q5
Added Parameter DNI= to Part Q6
Added Parameter DNI= to Part R6
Added Parameter DNI= to Part R7
Added Parameter DNI= to Part R8
Added Parameter DNI= to Part R9
Added Parameter DNI= to Part R12
Added Parameter DNI= to Part R14
Added Parameter DNI= to Part R15
Added Parameter DNI= to Part R16
Added Parameter DNI= to Part R17
Added Parameter DNI= to Part R18
Added Parameter DNI= to Part R20
Added Parameter DNI= to Part R21
Added Parameter DNI= to Part R24
Added Parameter DNI= to Part R25
Added Parameter DNI= to Part R26
Added Parameter DNI= to Part R27
Added Parameter DNI= to Part R28
Added Parameter DNI= to Part R29
Added Parameter DNI= to Part R30
Added Parameter DNI= to Part R39
Added Parameter DNI= to Part R52
Added Parameter DNI= to Part R53
Added Parameter DNI= to Part R54
Added Parameter DNI= to Part R55
Added Parameter DNI= to Part TP33
Added Parameter DNI= to Part TP34
Added Parameter DNI= to Part TP35
Added Parameter DNI= to Part TP37
Added Parameter DNI= to Part TP38
Added Parameter DNI= to Part TP39
Added Parameter DNI= to Part TP40
Added Parameter DNI= to Part TP41
Added Parameter DNI= to Part TP42
Added Parameter DNI= to Part TP58
Added Parameter DNI= to Part TP59
Added Parameter DNI= to Part TP62
Added Parameter DNI= to Part TP63
Added Parameter DNI= to Part TP64
Added Parameter DNI= to Part TP65
Added Parameter DNI= to Part TP66
Added Parameter DNI= to Part U2
Added Parameter DNI= to Part U3
Added Parameter DNI= to Part U4
Added Parameter DNI= to Part U5
Added Parameter DNI= to Part U6
Added Parameter DNI= to Part U7
Added Parameter DNI= to Part U10
Added Parameter DNI= to Part U10
Added Parameter DNI= to Part U10
Added Parameter DNI= to Part U10
Added Parameter DNI= to Part U10
