Change Value of Parameter DISTRIBUTOR # in Part C18 Old= New=490-3261-2-ND
Change Value of Parameter DISTRIBUTOR in Part C18 Old= New=Digikey
Change Value of Parameter Manufacturer in Part C18 Old= New=Murata
Change Value of Parameter PART in Part C18 Old= New=0.1uF 16V X7R 0402
Change Value of Parameter Part Description in Part C18 Old= New=0.10µF ±10% 16V Ceramic Capacitor X7R 0402 (1005 Metric)
Change Value of Parameter Tolerance in Part C18 Old= New=10%
Change Value of Parameter Voltage in Part C18 Old= New=16V
Change Value of Parameter DISTRIBUTOR # in Part C19 Old= New=490-3261-2-ND
Change Value of Parameter DISTRIBUTOR in Part C19 Old= New=Digikey
Change Value of Parameter Manufacturer in Part C19 Old= New=Murata
Change Value of Parameter PART in Part C19 Old= New=0.1uF 16V X7R 0402
Change Value of Parameter Part Description in Part C19 Old= New=0.10µF ±10% 16V Ceramic Capacitor X7R 0402 (1005 Metric)
Change Value of Parameter Tolerance in Part C19 Old= New=10%
Change Value of Parameter Voltage in Part C19 Old= New=16V
Change Value of Parameter DISTRIBUTOR # in Part C20 Old= New=490-3261-2-ND
Change Value of Parameter DISTRIBUTOR in Part C20 Old= New=Digikey
Change Value of Parameter Manufacturer in Part C20 Old= New=Murata
Change Value of Parameter PART in Part C20 Old= New=0.1uF 16V X7R 0402
Change Value of Parameter Part Description in Part C20 Old= New=0.10µF ±10% 16V Ceramic Capacitor X7R 0402 (1005 Metric)
Change Value of Parameter Tolerance in Part C20 Old= New=10%
Change Value of Parameter Voltage in Part C20 Old= New=16V
Change Value of Parameter DISTRIBUTOR # in Part C21 Old= New=490-3261-2-ND
Change Value of Parameter DISTRIBUTOR in Part C21 Old= New=Digikey
Change Value of Parameter Manufacturer in Part C21 Old= New=Murata
Change Value of Parameter PART in Part C21 Old= New=0.1uF 16V X7R 0402
Change Value of Parameter Part Description in Part C21 Old= New=0.10µF ±10% 16V Ceramic Capacitor X7R 0402 (1005 Metric)
Change Value of Parameter Tolerance in Part C21 Old= New=10%
Change Value of Parameter Voltage in Part C21 Old= New=16V
Change Value of Parameter DISTRIBUTOR # in Part C22 Old= New=490-3261-2-ND
Change Value of Parameter DISTRIBUTOR in Part C22 Old= New=Digikey
Change Value of Parameter Manufacturer in Part C22 Old= New=Murata
Change Value of Parameter PART in Part C22 Old= New=0.1uF 16V X7R 0402
Change Value of Parameter Part Description in Part C22 Old= New=0.10µF ±10% 16V Ceramic Capacitor X7R 0402 (1005 Metric)
Change Value of Parameter Tolerance in Part C22 Old= New=10%
Change Value of Parameter Voltage in Part C22 Old= New=16V
Change Value of Parameter DISTRIBUTOR # in Part C23 Old= New=490-3261-2-ND
Change Value of Parameter DISTRIBUTOR in Part C23 Old= New=Digikey
Change Value of Parameter Manufacturer in Part C23 Old= New=Murata
Change Value of Parameter PART in Part C23 Old= New=0.1uF 16V X7R 0402
Change Value of Parameter Part Description in Part C23 Old= New=0.10µF ±10% 16V Ceramic Capacitor X7R 0402 (1005 Metric)
Change Value of Parameter Tolerance in Part C23 Old= New=10%
Change Value of Parameter Voltage in Part C23 Old= New=16V
Change Value of Parameter DISTRIBUTOR # in Part C31 Old= New=490-3261-2-ND
Change Value of Parameter DISTRIBUTOR in Part C31 Old= New=Digikey
Change Value of Parameter Manufacturer in Part C31 Old= New=Murata
Change Value of Parameter PART in Part C31 Old= New=0.1uF 16V X7R 0402
Change Value of Parameter Part Description in Part C31 Old= New=0.10µF ±10% 16V Ceramic Capacitor X7R 0402 (1005 Metric)
Change Value of Parameter Tolerance in Part C31 Old= New=10%
Change Value of Parameter Voltage in Part C31 Old= New=16V
