Change Value of Parameter EE Spec in Part C8 Old=Voltage New=EE Spec
Change Value of Parameter EE Spec in Part C9 Old=Voltage New=EE Spec
Change Value of Parameter EE Spec in Part C10 Old=Voltage New=EE Spec
Change Value of Parameter EE Spec in Part C11 Old=Voltage New=EE Spec
Change Value of Parameter EE Spec in Part C14 Old=Voltage New=EE Spec
Change Value of Parameter EE Spec in Part C17 Old=Voltage New=EE Spec
Change Value of Parameter EE Spec in Part C18 Old=Voltage New=EE Spec
Change Value of Parameter EE Spec in Part C19 Old=Voltage New=EE Spec
Change Value of Parameter EE Spec in Part C20 Old=Voltage New=EE Spec
Change Value of Parameter EE Spec in Part C21 Old=Voltage New=EE Spec
Change Value of Parameter EE Spec in Part C22 Old=Voltage New=EE Spec
Change Value of Parameter EE Spec in Part C23 Old=Voltage New=EE Spec
Change Value of Parameter EE Spec in Part C31 Old=Voltage New=EE Spec
Change Value of Parameter EE Spec in Part D4 Old=Voltage New=EE Spec
Change Value of Parameter EE Spec in Part D6 Old=Voltage New=EE Spec
Change Value of Parameter EE Spec in Part D7 Old=Voltage New=EE Spec
Change Value of Parameter EE Spec in Part D8 Old=Voltage New=EE Spec
Change Value of Parameter EE Spec in Part D9 Old=Voltage New=EE Spec
Change Value of Parameter EE Spec in Part D10 Old=Voltage New=EE Spec
Change Value of Parameter EE Spec in Part D11 Old=Voltage New=EE Spec
Change Value of Parameter EE Spec in Part D12 Old=Voltage New=EE Spec
Change Value of Parameter EE Spec in Part D14 Old=Voltage New=EE Spec
Change Value of Parameter EE Spec in Part D15 Old=Voltage New=EE Spec
Change Value of Parameter EE Spec in Part D16 Old=Voltage New=EE Spec
Change Value of Parameter EE Spec in Part D17 Old=Voltage New=EE Spec
Change Value of Parameter EE Spec in Part D18 Old=Voltage New=EE Spec
Change Value of Parameter EE Spec in Part D19 Old=Voltage New=EE Spec
Change Value of Parameter EE Spec in Part D20 Old=Voltage New=EE Spec
Change Value of Parameter EE Spec in Part D21 Old=Voltage New=EE Spec
Change Value of Parameter EE Spec in Part D30 Old=Voltage New=EE Spec
Change Value of Parameter EE Spec in Part D31 Old=Voltage New=EE Spec
Change Value of Parameter EE Spec in Part J1 Old=Voltage New=EE Spec
Change Value of Parameter EE Spec in Part J2 Old=Voltage New=EE Spec
Change Value of Parameter EE Spec in Part J2 Old=Voltage New=EE Spec
Change Value of Parameter EE Spec in Part Q1 Old=Voltage New=EE Spec
Change Value of Parameter EE Spec in Part Q2 Old=Voltage New=EE Spec
Change Value of Parameter EE Spec in Part Q3 Old=Voltage New=EE Spec
Change Value of Parameter EE Spec in Part Q4 Old=Voltage New=EE Spec
Change Value of Parameter EE Spec in Part Q5 Old=Voltage New=EE Spec
Change Value of Parameter EE Spec in Part Q6 Old=Voltage New=EE Spec
Change Value of Parameter EE Spec in Part R6 Old=Voltage New=EE Spec
Change Value of Parameter EE Spec in Part R7 Old=Voltage New=EE Spec
Change Value of Parameter EE Spec in Part R8 Old=Voltage New=EE Spec
Change Value of Parameter EE Spec in Part R9 Old=Voltage New=EE Spec
Change Value of Parameter EE Spec in Part R12 Old=Voltage New=EE Spec
Change Value of Parameter EE Spec in Part R14 Old=Voltage New=EE Spec
Change Value of Parameter EE Spec in Part R15 Old=Voltage New=EE Spec
Change Value of Parameter EE Spec in Part R16 Old=Voltage New=EE Spec
Change Value of Parameter EE Spec in Part R17 Old=Voltage New=EE Spec
Change Value of Parameter EE Spec in Part R18 Old=Voltage New=EE Spec
Change Value of Parameter EE Spec in Part R20 Old=Voltage New=EE Spec
Change Value of Parameter EE Spec in Part R21 Old=Voltage New=EE Spec
Change Value of Parameter EE Spec in Part R24 Old=Voltage New=EE Spec
Change Value of Parameter EE Spec in Part R25 Old=Voltage New=EE Spec
Change Value of Parameter EE Spec in Part R26 Old=Voltage New=EE Spec
Change Value of Parameter EE Spec in Part R27 Old=Voltage New=EE Spec
Change Value of Parameter EE Spec in Part R28 Old=Voltage New=EE Spec
Change Value of Parameter EE Spec in Part R29 Old=Voltage New=EE Spec
Change Value of Parameter EE Spec in Part R30 Old=Voltage New=EE Spec
Change Value of Parameter EE Spec in Part R39 Old=Voltage New=EE Spec
Change Value of Parameter EE Spec in Part R52 Old=Voltage New=EE Spec
Change Value of Parameter EE Spec in Part R53 Old=Voltage New=EE Spec
Change Value of Parameter EE Spec in Part R54 Old=Voltage New=EE Spec
Change Value of Parameter EE Spec in Part R55 Old=Voltage New=EE Spec
Change Value of Parameter EE Spec in Part TP33 Old=Voltage New=EE Spec
Change Value of Parameter EE Spec in Part TP34 Old=Voltage New=EE Spec
Change Value of Parameter EE Spec in Part TP35 Old=Voltage New=EE Spec
Change Value of Parameter EE Spec in Part TP37 Old=Voltage New=EE Spec
Change Value of Parameter EE Spec in Part TP38 Old=Voltage New=EE Spec
Change Value of Parameter EE Spec in Part TP39 Old=Voltage New=EE Spec
Change Value of Parameter EE Spec in Part TP40 Old=Voltage New=EE Spec
Change Value of Parameter EE Spec in Part TP41 Old=Voltage New=EE Spec
Change Value of Parameter EE Spec in Part TP42 Old=Voltage New=EE Spec
Change Value of Parameter EE Spec in Part TP58 Old=Voltage New=EE Spec
Change Value of Parameter EE Spec in Part TP59 Old=Voltage New=EE Spec
Change Value of Parameter EE Spec in Part TP62 Old=Voltage New=EE Spec
Change Value of Parameter EE Spec in Part TP63 Old=Voltage New=EE Spec
Change Value of Parameter EE Spec in Part TP64 Old=Voltage New=EE Spec
Change Value of Parameter EE Spec in Part TP65 Old=Voltage New=EE Spec
Change Value of Parameter EE Spec in Part TP66 Old=Voltage New=EE Spec
Change Value of Parameter EE Spec in Part U2 Old=Voltage New=EE Spec
Change Value of Parameter EE Spec in Part U3 Old=Voltage New=EE Spec
Change Value of Parameter EE Spec in Part U4 Old=Voltage New=EE Spec
Change Value of Parameter EE Spec in Part U5 Old=Voltage New=EE Spec
Change Value of Parameter EE Spec in Part U6 Old=Voltage New=EE Spec
Change Value of Parameter EE Spec in Part U7 Old=Voltage New=EE Spec
Change Value of Parameter EE Spec in Part U10 Old=Voltage New=EE Spec
Change Value of Parameter EE Spec in Part U10 Old=Voltage New=EE Spec
Change Value of Parameter EE Spec in Part U10 Old=Voltage New=EE Spec
Change Value of Parameter EE Spec in Part U10 Old=Voltage New=EE Spec
Change Value of Parameter EE Spec in Part U10 Old=Voltage New=EE Spec
