Removed Parameter ComponentLink1Description: from Part C8
Removed Parameter ComponentLink1Description: from Part C9
Removed Parameter ComponentLink1Description: from Part C10
Removed Parameter ComponentLink1Description: from Part C11
Removed Parameter ComponentLink1Description: from Part C14
Removed Parameter ComponentLink1Description: from Part C17
Removed Parameter ComponentLink1Description: from Part C18
Removed Parameter ComponentLink1Description: from Part C19
Removed Parameter ComponentLink1Description: from Part C20
Removed Parameter ComponentLink1Description: from Part C21
Removed Parameter ComponentLink1Description: from Part C22
Removed Parameter ComponentLink1Description: from Part C23
Removed Parameter ComponentLink1Description: from Part C31
Removed Parameter ComponentLink1Description: from Part D6
Removed Parameter ComponentLink1Description: from Part D7
Removed Parameter ComponentLink1Description: from Part D8
Removed Parameter ComponentLink1Description: from Part D9
Removed Parameter ComponentLink1Description: from Part D12
Removed Parameter ComponentLink1Description: from Part D15
Removed Parameter ComponentLink1Description: from Part D16
Removed Parameter ComponentLink1Description: from Part D17
Removed Parameter ComponentLink1Description: from Part D18
Removed Parameter ComponentLink1Description: from Part D19
Removed Parameter ComponentLink1Description: from Part D20
Removed Parameter ComponentLink1Description: from Part D30
Removed Parameter ComponentLink1Description: from Part J2
Removed Parameter ComponentLink1Description: from Part J2
Removed Parameter ComponentLink1Description: from Part Q1
Removed Parameter ComponentLink1Description: from Part Q2
Removed Parameter ComponentLink1Description: from Part Q3
Removed Parameter ComponentLink1Description: from Part Q4
Removed Parameter ComponentLink1Description: from Part Q5
Removed Parameter ComponentLink1Description: from Part Q6
Removed Parameter ComponentLink1Description: from Part R6
Removed Parameter ComponentLink1Description: from Part R7
Removed Parameter ComponentLink1Description: from Part R8
Removed Parameter ComponentLink1Description: from Part R9
Removed Parameter ComponentLink1Description: from Part R12
Removed Parameter ComponentLink1Description: from Part R14
Removed Parameter ComponentLink1Description: from Part R15
Removed Parameter ComponentLink1Description: from Part R16
Removed Parameter ComponentLink1Description: from Part R17
Removed Parameter ComponentLink1Description: from Part R18
Removed Parameter ComponentLink1Description: from Part R20
Removed Parameter ComponentLink1Description: from Part R21
Removed Parameter ComponentLink1Description: from Part R24
Removed Parameter ComponentLink1Description: from Part R25
Removed Parameter ComponentLink1Description: from Part R26
Removed Parameter ComponentLink1Description: from Part R27
Removed Parameter ComponentLink1Description: from Part R28
Removed Parameter ComponentLink1Description: from Part R29
Removed Parameter ComponentLink1Description: from Part R30
Removed Parameter ComponentLink1Description: from Part R39
Removed Parameter ComponentLink1Description: from Part R52
Removed Parameter ComponentLink1Description: from Part R53
Removed Parameter ComponentLink1Description: from Part R54
Removed Parameter ComponentLink1Description: from Part R55
Removed Parameter ComponentLink1URL: from Part C8
Removed Parameter ComponentLink1URL: from Part C9
Removed Parameter ComponentLink1URL: from Part C10
Removed Parameter ComponentLink1URL: from Part C11
Removed Parameter ComponentLink1URL: from Part C14
Removed Parameter ComponentLink1URL: from Part C17
Removed Parameter ComponentLink1URL: from Part C18
Removed Parameter ComponentLink1URL: from Part C19
Removed Parameter ComponentLink1URL: from Part C20
Removed Parameter ComponentLink1URL: from Part C21
Removed Parameter ComponentLink1URL: from Part C22
Removed Parameter ComponentLink1URL: from Part C23
Removed Parameter ComponentLink1URL: from Part C31
Removed Parameter ComponentLink1URL: from Part D6
Removed Parameter ComponentLink1URL: from Part D7
Removed Parameter ComponentLink1URL: from Part D8
Removed Parameter ComponentLink1URL: from Part D9
Removed Parameter ComponentLink1URL: from Part D12
Removed Parameter ComponentLink1URL: from Part D15
Removed Parameter ComponentLink1URL: from Part D16
Removed Parameter ComponentLink1URL: from Part D17
Removed Parameter ComponentLink1URL: from Part D18
Removed Parameter ComponentLink1URL: from Part D19
Removed Parameter ComponentLink1URL: from Part D20
Removed Parameter ComponentLink1URL: from Part D30
Removed Parameter ComponentLink1URL: from Part J2
Removed Parameter ComponentLink1URL: from Part J2
Removed Parameter ComponentLink1URL: from Part Q1
Removed Parameter ComponentLink1URL: from Part Q2
Removed Parameter ComponentLink1URL: from Part Q3
Removed Parameter ComponentLink1URL: from Part Q4
Removed Parameter ComponentLink1URL: from Part Q5
Removed Parameter ComponentLink1URL: from Part Q6
Removed Parameter ComponentLink1URL: from Part R6
Removed Parameter ComponentLink1URL: from Part R7
Removed Parameter ComponentLink1URL: from Part R8
Removed Parameter ComponentLink1URL: from Part R9
Removed Parameter ComponentLink1URL: from Part R12
Removed Parameter ComponentLink1URL: from Part R14
Removed Parameter ComponentLink1URL: from Part R15
Removed Parameter ComponentLink1URL: from Part R16
Removed Parameter ComponentLink1URL: from Part R17
Removed Parameter ComponentLink1URL: from Part R18
Removed Parameter ComponentLink1URL: from Part R20
Removed Parameter ComponentLink1URL: from Part R21
Removed Parameter ComponentLink1URL: from Part R24
Removed Parameter ComponentLink1URL: from Part R25
Removed Parameter ComponentLink1URL: from Part R26
Removed Parameter ComponentLink1URL: from Part R27
Removed Parameter ComponentLink1URL: from Part R28
Removed Parameter ComponentLink1URL: from Part R29
Removed Parameter ComponentLink1URL: from Part R30
Removed Parameter ComponentLink1URL: from Part R39
Removed Parameter ComponentLink1URL: from Part R52
Removed Parameter ComponentLink1URL: from Part R53
Removed Parameter ComponentLink1URL: from Part R54
Removed Parameter ComponentLink1URL: from Part R55
Removed Parameter LastRevisionDate:23-Apr-2014 from Part C8
Removed Parameter LastRevisionDate:23-Apr-2014 from Part C9
Removed Parameter LastRevisionDate:23-Apr-2014 from Part C10
Removed Parameter LastRevisionDate:23-Apr-2014 from Part C11
Removed Parameter LastRevisionDate:23-Apr-2014 from Part C14
Removed Parameter LastRevisionDate:23-Apr-2014 from Part C17
Removed Parameter LastRevisionDate:23-Apr-2014 from Part C18
Removed Parameter LastRevisionDate:23-Apr-2014 from Part C19
Removed Parameter LastRevisionDate:23-Apr-2014 from Part C20
Removed Parameter LastRevisionDate:23-Apr-2014 from Part C21
Removed Parameter LastRevisionDate:23-Apr-2014 from Part C22
Removed Parameter LastRevisionDate:23-Apr-2014 from Part C23
Removed Parameter LastRevisionDate:23-Apr-2014 from Part C31
Removed Parameter LastRevisionDate:23-Apr-2014 from Part D6
Removed Parameter LastRevisionDate:23-Apr-2014 from Part D7
Removed Parameter LastRevisionDate:23-Apr-2014 from Part D8
Removed Parameter LastRevisionDate:23-Apr-2014 from Part D9
Removed Parameter LastRevisionDate:23-Apr-2014 from Part D12
Removed Parameter LastRevisionDate:23-Apr-2014 from Part D15
Removed Parameter LastRevisionDate:23-Apr-2014 from Part D16
Removed Parameter LastRevisionDate:23-Apr-2014 from Part D17
Removed Parameter LastRevisionDate:23-Apr-2014 from Part D18
Removed Parameter LastRevisionDate:23-Apr-2014 from Part D19
Removed Parameter LastRevisionDate:23-Apr-2014 from Part D20
Removed Parameter LastRevisionDate:23-Apr-2014 from Part D30
Removed Parameter LastRevisionDate:23-Apr-2014 from Part J2
Removed Parameter LastRevisionDate:23-Apr-2014 from Part J2
Removed Parameter LastRevisionDate:23-Apr-2014 from Part Q1
Removed Parameter LastRevisionDate:23-Apr-2014 from Part Q2
Removed Parameter LastRevisionDate:23-Apr-2014 from Part Q3
Removed Parameter LastRevisionDate:23-Apr-2014 from Part Q4
Removed Parameter LastRevisionDate:23-Apr-2014 from Part Q5
Removed Parameter LastRevisionDate:23-Apr-2014 from Part Q6
Removed Parameter LastRevisionDate:23-Apr-2014 from Part R6
Removed Parameter LastRevisionDate:23-Apr-2014 from Part R7
Removed Parameter LastRevisionDate:23-Apr-2014 from Part R8
Removed Parameter LastRevisionDate:23-Apr-2014 from Part R9
Removed Parameter LastRevisionDate:23-Apr-2014 from Part R12
Removed Parameter LastRevisionDate:23-Apr-2014 from Part R14
Removed Parameter LastRevisionDate:23-Apr-2014 from Part R15
Removed Parameter LastRevisionDate:23-Apr-2014 from Part R16
Removed Parameter LastRevisionDate:23-Apr-2014 from Part R17
Removed Parameter LastRevisionDate:23-Apr-2014 from Part R18
Removed Parameter LastRevisionDate:23-Apr-2014 from Part R20
Removed Parameter LastRevisionDate:23-Apr-2014 from Part R21
Removed Parameter LastRevisionDate:23-Apr-2014 from Part R24
Removed Parameter LastRevisionDate:23-Apr-2014 from Part R25
Removed Parameter LastRevisionDate:23-Apr-2014 from Part R26
Removed Parameter LastRevisionDate:23-Apr-2014 from Part R27
Removed Parameter LastRevisionDate:23-Apr-2014 from Part R28
Removed Parameter LastRevisionDate:23-Apr-2014 from Part R29
Removed Parameter LastRevisionDate:23-Apr-2014 from Part R30
Removed Parameter LastRevisionDate:23-Apr-2014 from Part R39
Removed Parameter LastRevisionDate:23-Apr-2014 from Part R52
Removed Parameter LastRevisionDate:23-Apr-2014 from Part R53
Removed Parameter LastRevisionDate:23-Apr-2014 from Part R54
Removed Parameter LastRevisionDate:23-Apr-2014 from Part R55
Removed Parameter LastRevisionNote:ImportComponents from Part C8
Removed Parameter LastRevisionNote:ImportComponents from Part C9
Removed Parameter LastRevisionNote:ImportComponents from Part C10
Removed Parameter LastRevisionNote:ImportComponents from Part C11
Removed Parameter LastRevisionNote:ImportComponents from Part C14
Removed Parameter LastRevisionNote:ImportComponents from Part C17
Removed Parameter LastRevisionNote:ImportComponents from Part C18
Removed Parameter LastRevisionNote:ImportComponents from Part C19
Removed Parameter LastRevisionNote:ImportComponents from Part C20
Removed Parameter LastRevisionNote:ImportComponents from Part C21
Removed Parameter LastRevisionNote:ImportComponents from Part C22
Removed Parameter LastRevisionNote:ImportComponents from Part C23
Removed Parameter LastRevisionNote:ImportComponents from Part C31
Removed Parameter LastRevisionNote:ImportComponents from Part D6
Removed Parameter LastRevisionNote:ImportComponents from Part D7
Removed Parameter LastRevisionNote:ImportComponents from Part D8
Removed Parameter LastRevisionNote:ImportComponents from Part D9
Removed Parameter LastRevisionNote:ImportComponents from Part D12
Removed Parameter LastRevisionNote:ImportComponents from Part D15
Removed Parameter LastRevisionNote:ImportComponents from Part D16
Removed Parameter LastRevisionNote:ImportComponents from Part D17
Removed Parameter LastRevisionNote:ImportComponents from Part D18
Removed Parameter LastRevisionNote:ImportComponents from Part D19
Removed Parameter LastRevisionNote:ImportComponents from Part D20
Removed Parameter LastRevisionNote:ImportComponents from Part D30
Removed Parameter LastRevisionNote:ImportComponents from Part J2
Removed Parameter LastRevisionNote:ImportComponents from Part J2
Removed Parameter LastRevisionNote:ImportComponents from Part Q1
Removed Parameter LastRevisionNote:ImportComponents from Part Q2
Removed Parameter LastRevisionNote:ImportComponents from Part Q3
Removed Parameter LastRevisionNote:ImportComponents from Part Q4
Removed Parameter LastRevisionNote:ImportComponents from Part Q5
Removed Parameter LastRevisionNote:ImportComponents from Part Q6
Removed Parameter LastRevisionNote:ImportComponents from Part R6
Removed Parameter LastRevisionNote:ImportComponents from Part R7
Removed Parameter LastRevisionNote:ImportComponents from Part R8
Removed Parameter LastRevisionNote:ImportComponents from Part R9
Removed Parameter LastRevisionNote:ImportComponents from Part R12
Removed Parameter LastRevisionNote:ImportComponents from Part R14
Removed Parameter LastRevisionNote:ImportComponents from Part R15
Removed Parameter LastRevisionNote:ImportComponents from Part R16
Removed Parameter LastRevisionNote:ImportComponents from Part R17
Removed Parameter LastRevisionNote:ImportComponents from Part R18
Removed Parameter LastRevisionNote:ImportComponents from Part R20
Removed Parameter LastRevisionNote:ImportComponents from Part R21
Removed Parameter LastRevisionNote:ImportComponents from Part R24
Removed Parameter LastRevisionNote:ImportComponents from Part R25
Removed Parameter LastRevisionNote:ImportComponents from Part R26
Removed Parameter LastRevisionNote:ImportComponents from Part R27
Removed Parameter LastRevisionNote:ImportComponents from Part R28
Removed Parameter LastRevisionNote:ImportComponents from Part R29
Removed Parameter LastRevisionNote:ImportComponents from Part R30
Removed Parameter LastRevisionNote:ImportComponents from Part R39
Removed Parameter LastRevisionNote:ImportComponents from Part R52
Removed Parameter LastRevisionNote:ImportComponents from Part R53
Removed Parameter LastRevisionNote:ImportComponents from Part R54
Removed Parameter LastRevisionNote:ImportComponents from Part R55
Removed Parameter Published:23-Apr-2014 from Part C8
Removed Parameter Published:23-Apr-2014 from Part C9
Removed Parameter Published:23-Apr-2014 from Part C10
Removed Parameter Published:23-Apr-2014 from Part C11
Removed Parameter Published:23-Apr-2014 from Part C14
Removed Parameter Published:23-Apr-2014 from Part C17
Removed Parameter Published:23-Apr-2014 from Part C18
Removed Parameter Published:23-Apr-2014 from Part C19
Removed Parameter Published:23-Apr-2014 from Part C20
Removed Parameter Published:23-Apr-2014 from Part C21
Removed Parameter Published:23-Apr-2014 from Part C22
Removed Parameter Published:23-Apr-2014 from Part C23
Removed Parameter Published:23-Apr-2014 from Part C31
Removed Parameter Published:23-Apr-2014 from Part D6
Removed Parameter Published:23-Apr-2014 from Part D7
Removed Parameter Published:23-Apr-2014 from Part D8
Removed Parameter Published:23-Apr-2014 from Part D9
Removed Parameter Published:23-Apr-2014 from Part D12
Removed Parameter Published:23-Apr-2014 from Part D15
Removed Parameter Published:23-Apr-2014 from Part D16
Removed Parameter Published:23-Apr-2014 from Part D17
Removed Parameter Published:23-Apr-2014 from Part D18
Removed Parameter Published:23-Apr-2014 from Part D19
Removed Parameter Published:23-Apr-2014 from Part D20
Removed Parameter Published:23-Apr-2014 from Part D30
Removed Parameter Published:23-Apr-2014 from Part J2
Removed Parameter Published:23-Apr-2014 from Part J2
Removed Parameter Published:23-Apr-2014 from Part Q1
Removed Parameter Published:23-Apr-2014 from Part Q2
Removed Parameter Published:23-Apr-2014 from Part Q3
Removed Parameter Published:23-Apr-2014 from Part Q4
Removed Parameter Published:23-Apr-2014 from Part Q5
Removed Parameter Published:23-Apr-2014 from Part Q6
Removed Parameter Published:23-Apr-2014 from Part R6
Removed Parameter Published:23-Apr-2014 from Part R7
Removed Parameter Published:23-Apr-2014 from Part R8
Removed Parameter Published:23-Apr-2014 from Part R9
Removed Parameter Published:23-Apr-2014 from Part R12
Removed Parameter Published:23-Apr-2014 from Part R14
Removed Parameter Published:23-Apr-2014 from Part R15
Removed Parameter Published:23-Apr-2014 from Part R16
Removed Parameter Published:23-Apr-2014 from Part R17
Removed Parameter Published:23-Apr-2014 from Part R18
Removed Parameter Published:23-Apr-2014 from Part R20
Removed Parameter Published:23-Apr-2014 from Part R21
Removed Parameter Published:23-Apr-2014 from Part R24
Removed Parameter Published:23-Apr-2014 from Part R25
Removed Parameter Published:23-Apr-2014 from Part R26
Removed Parameter Published:23-Apr-2014 from Part R27
Removed Parameter Published:23-Apr-2014 from Part R28
Removed Parameter Published:23-Apr-2014 from Part R29
Removed Parameter Published:23-Apr-2014 from Part R30
Removed Parameter Published:23-Apr-2014 from Part R39
Removed Parameter Published:23-Apr-2014 from Part R52
Removed Parameter Published:23-Apr-2014 from Part R53
Removed Parameter Published:23-Apr-2014 from Part R54
Removed Parameter Published:23-Apr-2014 from Part R55
Removed Parameter Publisher:Altium Limited from Part TP33
Removed Parameter Publisher:Altium Limited from Part TP34
Removed Parameter Publisher:Altium Limited from Part TP35
Removed Parameter Publisher:Altium Limited from Part TP37
Removed Parameter Publisher:Altium Limited from Part TP38
Removed Parameter Publisher:Altium Limited from Part TP39
Removed Parameter Publisher:Altium Limited from Part TP40
Removed Parameter Publisher:Altium Limited from Part TP41
Removed Parameter Publisher:Altium Limited from Part TP42
Removed Parameter Publisher:Altium Limited from Part TP58
Removed Parameter Publisher:Altium Limited from Part TP59
Removed Parameter Publisher:Altium Limited from Part TP62
Removed Parameter Publisher:Altium Limited from Part TP63
Removed Parameter Publisher:Altium Limited from Part TP64
Removed Parameter Publisher:Altium Limited from Part TP65
Removed Parameter Publisher:Altium Limited from Part TP66
Removed Parameter Publisher:UltiMachine from Part C8
Removed Parameter Publisher:UltiMachine from Part C9
Removed Parameter Publisher:UltiMachine from Part C10
Removed Parameter Publisher:UltiMachine from Part C11
Removed Parameter Publisher:UltiMachine from Part C14
Removed Parameter Publisher:UltiMachine from Part C17
Removed Parameter Publisher:UltiMachine from Part C18
Removed Parameter Publisher:UltiMachine from Part C19
Removed Parameter Publisher:UltiMachine from Part C20
Removed Parameter Publisher:UltiMachine from Part C21
Removed Parameter Publisher:UltiMachine from Part C22
Removed Parameter Publisher:UltiMachine from Part C23
Removed Parameter Publisher:UltiMachine from Part C31
Removed Parameter Publisher:UltiMachine from Part D6
Removed Parameter Publisher:UltiMachine from Part D7
Removed Parameter Publisher:UltiMachine from Part D8
Removed Parameter Publisher:UltiMachine from Part D9
Removed Parameter Publisher:UltiMachine from Part D12
Removed Parameter Publisher:UltiMachine from Part D15
Removed Parameter Publisher:UltiMachine from Part D16
Removed Parameter Publisher:UltiMachine from Part D17
Removed Parameter Publisher:UltiMachine from Part D18
Removed Parameter Publisher:UltiMachine from Part D19
Removed Parameter Publisher:UltiMachine from Part D20
Removed Parameter Publisher:UltiMachine from Part D30
Removed Parameter Publisher:UltiMachine from Part J2
Removed Parameter Publisher:UltiMachine from Part J2
Removed Parameter Publisher:UltiMachine from Part Q1
Removed Parameter Publisher:UltiMachine from Part Q2
Removed Parameter Publisher:UltiMachine from Part Q3
Removed Parameter Publisher:UltiMachine from Part Q4
Removed Parameter Publisher:UltiMachine from Part Q5
Removed Parameter Publisher:UltiMachine from Part Q6
Removed Parameter Publisher:UltiMachine from Part R6
Removed Parameter Publisher:UltiMachine from Part R7
Removed Parameter Publisher:UltiMachine from Part R8
Removed Parameter Publisher:UltiMachine from Part R9
Removed Parameter Publisher:UltiMachine from Part R12
Removed Parameter Publisher:UltiMachine from Part R14
Removed Parameter Publisher:UltiMachine from Part R15
Removed Parameter Publisher:UltiMachine from Part R16
Removed Parameter Publisher:UltiMachine from Part R17
Removed Parameter Publisher:UltiMachine from Part R18
Removed Parameter Publisher:UltiMachine from Part R20
Removed Parameter Publisher:UltiMachine from Part R21
Removed Parameter Publisher:UltiMachine from Part R24
Removed Parameter Publisher:UltiMachine from Part R25
Removed Parameter Publisher:UltiMachine from Part R26
Removed Parameter Publisher:UltiMachine from Part R27
Removed Parameter Publisher:UltiMachine from Part R28
Removed Parameter Publisher:UltiMachine from Part R29
Removed Parameter Publisher:UltiMachine from Part R30
Removed Parameter Publisher:UltiMachine from Part R39
Removed Parameter Publisher:UltiMachine from Part R52
Removed Parameter Publisher:UltiMachine from Part R53
Removed Parameter Publisher:UltiMachine from Part R54
Removed Parameter Publisher:UltiMachine from Part R55
