Change Value of Parameter DISTRIBUTOR # in Part D6 Old= New=SK310A-TPTR-ND
Change Value of Parameter DISTRIBUTOR in Part D6 Old= New=Digikey
Change Value of Parameter Manufacturer in Part D6 Old= New=MCC
Change Value of Parameter PART in Part D6 Old= New=Schottky Diode 100V 3A
Change Value of Parameter Part Description in Part D6 Old= New=Diode Schottky 100V 3A Surface Mount DO-214AC (HSMA)
Change Value of Parameter Tolerance in Part D6 Old= New=-NA-
Change Value of Parameter Value in Part D6 Old= New=-NA-
Change Value of Parameter Voltage in Part D6 Old= New=100V 3A
Change Value of Parameter DISTRIBUTOR # in Part D7 Old= New=SK310A-TPTR-ND
Change Value of Parameter DISTRIBUTOR in Part D7 Old= New=Digikey
Change Value of Parameter Manufacturer in Part D7 Old= New=MCC
Change Value of Parameter PART in Part D7 Old= New=Schottky Diode 100V 3A
Change Value of Parameter Part Description in Part D7 Old= New=Diode Schottky 100V 3A Surface Mount DO-214AC (HSMA)
Change Value of Parameter Tolerance in Part D7 Old= New=-NA-
Change Value of Parameter Value in Part D7 Old= New=-NA-
Change Value of Parameter Voltage in Part D7 Old= New=100V 3A
Change Value of Parameter DISTRIBUTOR # in Part D8 Old= New=SK310A-TPTR-ND
Change Value of Parameter DISTRIBUTOR in Part D8 Old= New=Digikey
Change Value of Parameter Manufacturer in Part D8 Old= New=MCC
Change Value of Parameter PART in Part D8 Old= New=Schottky Diode 100V 3A
Change Value of Parameter Part Description in Part D8 Old= New=Diode Schottky 100V 3A Surface Mount DO-214AC (HSMA)
Change Value of Parameter Tolerance in Part D8 Old= New=-NA-
Change Value of Parameter Value in Part D8 Old= New=-NA-
Change Value of Parameter Voltage in Part D8 Old= New=100V 3A
Change Value of Parameter DISTRIBUTOR # in Part D12 Old= New=SK310A-TPTR-ND
Change Value of Parameter DISTRIBUTOR in Part D12 Old= New=Digikey
Change Value of Parameter Manufacturer in Part D12 Old= New=MCC
Change Value of Parameter PART in Part D12 Old= New=Schottky Diode 100V 3A
Change Value of Parameter Part Description in Part D12 Old= New=Diode Schottky 100V 3A Surface Mount DO-214AC (HSMA)
Change Value of Parameter Tolerance in Part D12 Old= New=-NA-
Change Value of Parameter Value in Part D12 Old= New=-NA-
Change Value of Parameter Voltage in Part D12 Old= New=100V 3A
Change Value of Parameter DISTRIBUTOR # in Part D15 Old= New=SK310A-TPTR-ND
Change Value of Parameter DISTRIBUTOR in Part D15 Old= New=Digikey
Change Value of Parameter Manufacturer in Part D15 Old= New=MCC
Change Value of Parameter PART in Part D15 Old= New=Schottky Diode 100V 3A
Change Value of Parameter Part Description in Part D15 Old= New=Diode Schottky 100V 3A Surface Mount DO-214AC (HSMA)
Change Value of Parameter Tolerance in Part D15 Old= New=-NA-
Change Value of Parameter Value in Part D15 Old= New=-NA-
Change Value of Parameter Voltage in Part D15 Old= New=100V 3A
Change Value of Parameter DISTRIBUTOR # in Part D19 Old= New=SK310A-TPTR-ND
Change Value of Parameter DISTRIBUTOR in Part D19 Old= New=Digikey
Change Value of Parameter Manufacturer in Part D19 Old= New=MCC
Change Value of Parameter PART in Part D19 Old= New=Schottky Diode 100V 3A
Change Value of Parameter Part Description in Part D19 Old= New=Diode Schottky 100V 3A Surface Mount DO-214AC (HSMA)
Change Value of Parameter Tolerance in Part D19 Old= New=-NA-
Change Value of Parameter Value in Part D19 Old= New=-NA-
Change Value of Parameter Voltage in Part D19 Old= New=100V 3A
