Removed Parameter Height:0.5 ±0.05mm from Part C102
Removed Parameter Height:0.5 ±0.05mm from Part C106
Removed Parameter Height:0.5 ±0.05mm from Part C125
Removed Parameter Height:0.5 ±0.05mm from Part C131
Removed Parameter Height:1.2mm from Part U17
Removed Parameter Height:7.70mm from Part C132
Removed Parameter LatestRevisionDate:10 - Dec - 2014 from Part C102
Removed Parameter LatestRevisionDate:10 - Dec - 2014 from Part C106
Removed Parameter LatestRevisionDate:10 - Dec - 2014 from Part C125
Removed Parameter LatestRevisionDate:10 - Dec - 2014 from Part C131
Removed Parameter LatestRevisionDate:17-Jul-2002 from Part TP3
Removed Parameter LatestRevisionDate:17-Jul-2002 from Part TP85
Removed Parameter LatestRevisionDate:17-Jul-2002 from Part TP86
Removed Parameter LatestRevisionDate:17-Jul-2002 from Part TP87
Removed Parameter LatestRevisionDate:17-Jul-2002 from Part TP88
Removed Parameter LatestRevisionDate:17-Jul-2002 from Part TP122
Removed Parameter LatestRevisionDate:17-Jul-2002 from Part TP123
Removed Parameter LatestRevisionDate:17-Jul-2002 from Part TP124
Removed Parameter LatestRevisionDate:17-Jul-2002 from Part TP125
Removed Parameter LatestRevisionDate:17-Jul-2002 from Part TP126
Removed Parameter LatestRevisionDate:17-Jul-2002 from Part TP127
Removed Parameter LatestRevisionNote:Re-released for DXP Platform. from Part TP3
Removed Parameter LatestRevisionNote:Re-released for DXP Platform. from Part TP85
Removed Parameter LatestRevisionNote:Re-released for DXP Platform. from Part TP86
Removed Parameter LatestRevisionNote:Re-released for DXP Platform. from Part TP87
Removed Parameter LatestRevisionNote:Re-released for DXP Platform. from Part TP88
Removed Parameter LatestRevisionNote:Re-released for DXP Platform. from Part TP122
Removed Parameter LatestRevisionNote:Re-released for DXP Platform. from Part TP123
Removed Parameter LatestRevisionNote:Re-released for DXP Platform. from Part TP124
Removed Parameter LatestRevisionNote:Re-released for DXP Platform. from Part TP125
Removed Parameter LatestRevisionNote:Re-released for DXP Platform. from Part TP126
Removed Parameter LatestRevisionNote:Re-released for DXP Platform. from Part TP127
Removed Parameter LatestRevisionNote:Ultimachine Footprint Added from Part C102
Removed Parameter LatestRevisionNote:Ultimachine Footprint Added from Part C106
Removed Parameter LatestRevisionNote:Ultimachine Footprint Added from Part C125
Removed Parameter LatestRevisionNote:Ultimachine Footprint Added from Part C131
