Removed Parameter Digikey #:490-7763-1-ND from Part C60
Removed Parameter Digikey #:490-7763-1-ND from Part C107
Removed Parameter Digikey #:490-7763-1-ND from Part C123
Removed Parameter Digikey #:1276-3432-1-ND from Part R107
Removed Parameter Digikey #:CSRN2512FTR100TR-ND from Part R125
Removed Parameter Digikey #:CSRN2512FTR100TR-ND from Part R126
Removed Parameter Manufacture Part #:UWT1V101MCL1GS from Part C90
Change Value of Parameter MANUFACTURER # in Part C90 Old= New=UWT1V101MCL1GS
Added Parameter DISTRIBUTOR #=490-7763-1-ND to Part C60
Added Parameter DISTRIBUTOR #=490-7763-1-ND to Part C107
Added Parameter DISTRIBUTOR #=490-7763-1-ND to Part C123
Added Parameter DISTRIBUTOR #=1276-3432-1-ND to Part R107
Added Parameter DISTRIBUTOR #=CSRN2512FTR100TR-ND to Part R125
Added Parameter DISTRIBUTOR #=CSRN2512FTR100TR-ND to Part R126
Added Parameter DISTRIBUTOR=Digikey to Part C60
Added Parameter DISTRIBUTOR=Digikey to Part C107
Added Parameter DISTRIBUTOR=Digikey to Part C123
Added Parameter DISTRIBUTOR=Digikey to Part R107
Added Parameter DISTRIBUTOR=Digikey to Part R125
Added Parameter DISTRIBUTOR=Digikey to Part R126
