Removed Parameter ComponentLink1Description: from Part C112
Removed Parameter ComponentLink1Description: from Part C116
Removed Parameter ComponentLink1Description: from Part C120
Removed Parameter ComponentLink1Description: from Part C141
Removed Parameter ComponentLink1Description: from Part C142
Removed Parameter ComponentLink1Description: from Part C143
Removed Parameter ComponentLink1Description: from Part C144
Removed Parameter ComponentLink1Description: from Part C145
Removed Parameter ComponentLink1Description: from Part C146
Removed Parameter ComponentLink1Description: from Part C147
Removed Parameter ComponentLink1Description: from Part C148
Removed Parameter ComponentLink1Description: from Part FB13
Removed Parameter ComponentLink1Description: from Part FB14
Removed Parameter ComponentLink1Description: from Part FB15
Removed Parameter ComponentLink1Description: from Part FB16
Removed Parameter ComponentLink1Description: from Part FB24
Removed Parameter ComponentLink1Description: from Part R86
Removed Parameter ComponentLink1Description: from Part R103
Removed Parameter ComponentLink1Description: from Part R104
Removed Parameter ComponentLink1Description: from Part R112
Removed Parameter ComponentLink1Description: from Part R118
Removed Parameter ComponentLink1Description: from Part TVS13
Removed Parameter ComponentLink1Description: from Part TVS14
Removed Parameter ComponentLink1Description: from Part TVS15
Removed Parameter ComponentLink1Description: from Part TVS16
Removed Parameter ComponentLink1URL: from Part C112
Removed Parameter ComponentLink1URL: from Part C116
Removed Parameter ComponentLink1URL: from Part C120
Removed Parameter ComponentLink1URL: from Part C141
Removed Parameter ComponentLink1URL: from Part C142
Removed Parameter ComponentLink1URL: from Part C143
Removed Parameter ComponentLink1URL: from Part C144
Removed Parameter ComponentLink1URL: from Part C145
Removed Parameter ComponentLink1URL: from Part C146
Removed Parameter ComponentLink1URL: from Part C147
Removed Parameter ComponentLink1URL: from Part C148
Removed Parameter ComponentLink1URL: from Part FB13
Removed Parameter ComponentLink1URL: from Part FB14
Removed Parameter ComponentLink1URL: from Part FB15
Removed Parameter ComponentLink1URL: from Part FB16
Removed Parameter ComponentLink1URL: from Part FB24
Removed Parameter ComponentLink1URL: from Part R86
Removed Parameter ComponentLink1URL: from Part R103
Removed Parameter ComponentLink1URL: from Part R104
Removed Parameter ComponentLink1URL: from Part R112
Removed Parameter ComponentLink1URL: from Part R118
Removed Parameter ComponentLink1URL: from Part TVS13
Removed Parameter ComponentLink1URL: from Part TVS14
Removed Parameter ComponentLink1URL: from Part TVS15
Removed Parameter ComponentLink1URL: from Part TVS16
Removed Parameter LastRevisionDate:23-Apr-2014 from Part C112
Removed Parameter LastRevisionDate:23-Apr-2014 from Part C116
Removed Parameter LastRevisionDate:23-Apr-2014 from Part C120
Removed Parameter LastRevisionDate:23-Apr-2014 from Part C141
Removed Parameter LastRevisionDate:23-Apr-2014 from Part C142
Removed Parameter LastRevisionDate:23-Apr-2014 from Part C143
Removed Parameter LastRevisionDate:23-Apr-2014 from Part C144
Removed Parameter LastRevisionDate:23-Apr-2014 from Part C145
Removed Parameter LastRevisionDate:23-Apr-2014 from Part C146
Removed Parameter LastRevisionDate:23-Apr-2014 from Part C147
Removed Parameter LastRevisionDate:23-Apr-2014 from Part C148
Removed Parameter LastRevisionDate:23-Apr-2014 from Part FB13
Removed Parameter LastRevisionDate:23-Apr-2014 from Part FB14
Removed Parameter LastRevisionDate:23-Apr-2014 from Part FB15
Removed Parameter LastRevisionDate:23-Apr-2014 from Part FB16
Removed Parameter LastRevisionDate:23-Apr-2014 from Part FB24
Removed Parameter LastRevisionDate:23-Apr-2014 from Part R86
Removed Parameter LastRevisionDate:23-Apr-2014 from Part R103
Removed Parameter LastRevisionDate:23-Apr-2014 from Part R104
Removed Parameter LastRevisionDate:23-Apr-2014 from Part R112
Removed Parameter LastRevisionDate:23-Apr-2014 from Part R118
Removed Parameter LastRevisionDate:23-Apr-2014 from Part TVS13
Removed Parameter LastRevisionDate:23-Apr-2014 from Part TVS14
Removed Parameter LastRevisionDate:23-Apr-2014 from Part TVS15
Removed Parameter LastRevisionDate:23-Apr-2014 from Part TVS16
Removed Parameter LastRevisionNote:ImportComponents from Part C112
Removed Parameter LastRevisionNote:ImportComponents from Part C116
Removed Parameter LastRevisionNote:ImportComponents from Part C120
Removed Parameter LastRevisionNote:ImportComponents from Part C141
Removed Parameter LastRevisionNote:ImportComponents from Part C142
Removed Parameter LastRevisionNote:ImportComponents from Part C143
Removed Parameter LastRevisionNote:ImportComponents from Part C144
Removed Parameter LastRevisionNote:ImportComponents from Part C145
Removed Parameter LastRevisionNote:ImportComponents from Part C146
Removed Parameter LastRevisionNote:ImportComponents from Part C147
Removed Parameter LastRevisionNote:ImportComponents from Part C148
Removed Parameter LastRevisionNote:ImportComponents from Part FB13
Removed Parameter LastRevisionNote:ImportComponents from Part FB14
Removed Parameter LastRevisionNote:ImportComponents from Part FB15
Removed Parameter LastRevisionNote:ImportComponents from Part FB16
Removed Parameter LastRevisionNote:ImportComponents from Part FB24
Removed Parameter LastRevisionNote:ImportComponents from Part R86
Removed Parameter LastRevisionNote:ImportComponents from Part R103
Removed Parameter LastRevisionNote:ImportComponents from Part R104
Removed Parameter LastRevisionNote:ImportComponents from Part R112
Removed Parameter LastRevisionNote:ImportComponents from Part R118
Removed Parameter LastRevisionNote:ImportComponents from Part TVS13
Removed Parameter LastRevisionNote:ImportComponents from Part TVS14
Removed Parameter LastRevisionNote:ImportComponents from Part TVS15
Removed Parameter LastRevisionNote:ImportComponents from Part TVS16
Removed Parameter Published:10 - Dec - 2014 from Part C101
Removed Parameter Published:10 - Dec - 2014 from Part C105
Removed Parameter Published:10 - Dec - 2014 from Part C124
Removed Parameter Published:10 - Dec - 2014 from Part C155
Removed Parameter Published:23-Apr-2014 from Part C112
Removed Parameter Published:23-Apr-2014 from Part C116
Removed Parameter Published:23-Apr-2014 from Part C120
Removed Parameter Published:23-Apr-2014 from Part C141
Removed Parameter Published:23-Apr-2014 from Part C142
Removed Parameter Published:23-Apr-2014 from Part C143
Removed Parameter Published:23-Apr-2014 from Part C144
Removed Parameter Published:23-Apr-2014 from Part C145
Removed Parameter Published:23-Apr-2014 from Part C146
Removed Parameter Published:23-Apr-2014 from Part C147
Removed Parameter Published:23-Apr-2014 from Part C148
Removed Parameter Published:23-Apr-2014 from Part FB13
Removed Parameter Published:23-Apr-2014 from Part FB14
Removed Parameter Published:23-Apr-2014 from Part FB15
Removed Parameter Published:23-Apr-2014 from Part FB16
Removed Parameter Published:23-Apr-2014 from Part FB24
Removed Parameter Published:23-Apr-2014 from Part R86
Removed Parameter Published:23-Apr-2014 from Part R103
Removed Parameter Published:23-Apr-2014 from Part R104
Removed Parameter Published:23-Apr-2014 from Part R112
Removed Parameter Published:23-Apr-2014 from Part R118
Removed Parameter Published:23-Apr-2014 from Part TVS13
Removed Parameter Published:23-Apr-2014 from Part TVS14
Removed Parameter Published:23-Apr-2014 from Part TVS15
Removed Parameter Published:23-Apr-2014 from Part TVS16
Removed Parameter Publisher:Altium Limited from Part TP4
Removed Parameter Publisher:Altium Limited from Part TP89
Removed Parameter Publisher:Altium Limited from Part TP90
Removed Parameter Publisher:Altium Limited from Part TP91
Removed Parameter Publisher:Altium Limited from Part TP92
Removed Parameter Publisher:Altium Limited from Part TP116
Removed Parameter Publisher:Altium Limited from Part TP117
Removed Parameter Publisher:Altium Limited from Part TP118
Removed Parameter Publisher:Altium Limited from Part TP119
Removed Parameter Publisher:Altium Limited from Part TP120
Removed Parameter Publisher:Altium Limited from Part TP121
Removed Parameter Publisher:Ultimachine from Part C101
Removed Parameter Publisher:Ultimachine from Part C105
Removed Parameter Publisher:UltiMachine from Part C112
Removed Parameter Publisher:UltiMachine from Part C116
Removed Parameter Publisher:UltiMachine from Part C120
Removed Parameter Publisher:Ultimachine from Part C124
Removed Parameter Publisher:UltiMachine from Part C141
Removed Parameter Publisher:UltiMachine from Part C142
Removed Parameter Publisher:UltiMachine from Part C143
Removed Parameter Publisher:UltiMachine from Part C144
Removed Parameter Publisher:UltiMachine from Part C145
Removed Parameter Publisher:UltiMachine from Part C146
Removed Parameter Publisher:UltiMachine from Part C147
Removed Parameter Publisher:UltiMachine from Part C148
Removed Parameter Publisher:Ultimachine from Part C155
Removed Parameter Publisher:UltiMachine from Part FB13
Removed Parameter Publisher:UltiMachine from Part FB14
Removed Parameter Publisher:UltiMachine from Part FB15
Removed Parameter Publisher:UltiMachine from Part FB16
Removed Parameter Publisher:UltiMachine from Part FB24
Removed Parameter Publisher:UltiMachine from Part R86
Removed Parameter Publisher:UltiMachine from Part R103
Removed Parameter Publisher:UltiMachine from Part R104
Removed Parameter Publisher:UltiMachine from Part R112
Removed Parameter Publisher:UltiMachine from Part R118
Removed Parameter Publisher:UltiMachine from Part TVS13
Removed Parameter Publisher:UltiMachine from Part TVS14
Removed Parameter Publisher:UltiMachine from Part TVS15
Removed Parameter Publisher:UltiMachine from Part TVS16
