Removed Parameter Digilkey #:1276-3432-1-ND from Part R107
Removed Parameter Manufacture: from Part C90
Removed Parameter Manufacture:Texas Instruments from Part U15
Removed Parameter MFR #:CSRN2512FTR100 from Part R125
Removed Parameter MFR #:CSRN2512FTR100 from Part R126
Removed Parameter Mounting Type:SMT 0402 from Part C60
Removed Parameter Mounting Type:SMT 0402 from Part C85
Removed Parameter Mounting Type:SMT 0402 from Part C107
Removed Parameter Mounting Type:SMT 0402 from Part C123
Removed Parameter Mountining Type:SMD - Ti PowerPAD Package from Part U15
Removed Parameter PackageReference:0402 from Part C60
Removed Parameter PackageReference:0402 from Part C85
Removed Parameter PackageReference:0402 from Part C107
Removed Parameter PackageReference:0402 from Part C123
Removed Parameter PackageReference:2512 from Part R125
Removed Parameter PackageReference:2512 from Part R126
Removed Parameter Part Number:DRV8825PWPR from Part U15
Removed Parameter Type:Stepper Driver - Integrated Circuit from Part U15
Change Value of Parameter MANUFACTURER # in Part U15 Old= New=DRV8825PWPR
Change Value of Parameter Manufacturer in Part U15 Old= New=Texas Instruments
Added Parameter Digikey #=1276-3432-1-ND to Part R107
