Removed Parameter ComponentLink1Description: from Part C100
Removed Parameter ComponentLink1Description: from Part C104
Removed Parameter ComponentLink1Description: from Part C110
Removed Parameter ComponentLink1Description: from Part C113
Removed Parameter ComponentLink1Description: from Part C117
Removed Parameter ComponentLink1Description: from Part C121
Removed Parameter ComponentLink1Description: from Part C126
Removed Parameter ComponentLink1Description: from Part C127
Removed Parameter ComponentLink1Description: from Part C128
Removed Parameter ComponentLink1Description: from Part C129
Removed Parameter ComponentLink1Description: from Part C130
Removed Parameter ComponentLink1Description: from Part FB9
Removed Parameter ComponentLink1Description: from Part FB10
Removed Parameter ComponentLink1Description: from Part FB11
Removed Parameter ComponentLink1Description: from Part FB12
Removed Parameter ComponentLink1Description: from Part FB25
Removed Parameter ComponentLink1Description: from Part R84
Removed Parameter ComponentLink1Description: from Part R105
Removed Parameter ComponentLink1Description: from Part R106
Removed Parameter ComponentLink1Description: from Part R113
Removed Parameter ComponentLink1Description: from Part R116
Removed Parameter ComponentLink1Description: from Part TVS9
Removed Parameter ComponentLink1Description: from Part TVS10
Removed Parameter ComponentLink1Description: from Part TVS11
Removed Parameter ComponentLink1Description: from Part TVS12
Removed Parameter ComponentLink1URL: from Part C100
Removed Parameter ComponentLink1URL: from Part C104
Removed Parameter ComponentLink1URL: from Part C110
Removed Parameter ComponentLink1URL: from Part C113
Removed Parameter ComponentLink1URL: from Part C117
Removed Parameter ComponentLink1URL: from Part C121
Removed Parameter ComponentLink1URL: from Part C126
Removed Parameter ComponentLink1URL: from Part C127
Removed Parameter ComponentLink1URL: from Part C128
Removed Parameter ComponentLink1URL: from Part C129
Removed Parameter ComponentLink1URL: from Part C130
Removed Parameter ComponentLink1URL: from Part FB9
Removed Parameter ComponentLink1URL: from Part FB10
Removed Parameter ComponentLink1URL: from Part FB11
Removed Parameter ComponentLink1URL: from Part FB12
Removed Parameter ComponentLink1URL: from Part FB25
Removed Parameter ComponentLink1URL: from Part R84
Removed Parameter ComponentLink1URL: from Part R105
Removed Parameter ComponentLink1URL: from Part R106
Removed Parameter ComponentLink1URL: from Part R113
Removed Parameter ComponentLink1URL: from Part R116
Removed Parameter ComponentLink1URL: from Part TVS9
Removed Parameter ComponentLink1URL: from Part TVS10
Removed Parameter ComponentLink1URL: from Part TVS11
Removed Parameter ComponentLink1URL: from Part TVS12
Removed Parameter LastRevisionDate:23-Apr-2014 from Part C100
Removed Parameter LastRevisionDate:23-Apr-2014 from Part C104
Removed Parameter LastRevisionDate:23-Apr-2014 from Part C110
Removed Parameter LastRevisionDate:23-Apr-2014 from Part C113
Removed Parameter LastRevisionDate:23-Apr-2014 from Part C117
Removed Parameter LastRevisionDate:23-Apr-2014 from Part C121
Removed Parameter LastRevisionDate:23-Apr-2014 from Part C126
Removed Parameter LastRevisionDate:23-Apr-2014 from Part C127
Removed Parameter LastRevisionDate:23-Apr-2014 from Part C128
Removed Parameter LastRevisionDate:23-Apr-2014 from Part C129
Removed Parameter LastRevisionDate:23-Apr-2014 from Part C130
Removed Parameter LastRevisionDate:23-Apr-2014 from Part FB9
Removed Parameter LastRevisionDate:23-Apr-2014 from Part FB10
Removed Parameter LastRevisionDate:23-Apr-2014 from Part FB11
Removed Parameter LastRevisionDate:23-Apr-2014 from Part FB12
Removed Parameter LastRevisionDate:23-Apr-2014 from Part FB25
Removed Parameter LastRevisionDate:23-Apr-2014 from Part R84
Removed Parameter LastRevisionDate:23-Apr-2014 from Part R105
Removed Parameter LastRevisionDate:23-Apr-2014 from Part R106
Removed Parameter LastRevisionDate:23-Apr-2014 from Part R113
Removed Parameter LastRevisionDate:23-Apr-2014 from Part R116
Removed Parameter LastRevisionDate:23-Apr-2014 from Part TVS9
Removed Parameter LastRevisionDate:23-Apr-2014 from Part TVS10
Removed Parameter LastRevisionDate:23-Apr-2014 from Part TVS11
Removed Parameter LastRevisionDate:23-Apr-2014 from Part TVS12
Removed Parameter LastRevisionNote:ImportComponents from Part C100
Removed Parameter LastRevisionNote:ImportComponents from Part C104
Removed Parameter LastRevisionNote:ImportComponents from Part C110
Removed Parameter LastRevisionNote:ImportComponents from Part C113
Removed Parameter LastRevisionNote:ImportComponents from Part C117
Removed Parameter LastRevisionNote:ImportComponents from Part C121
Removed Parameter LastRevisionNote:ImportComponents from Part C126
Removed Parameter LastRevisionNote:ImportComponents from Part C127
Removed Parameter LastRevisionNote:ImportComponents from Part C128
Removed Parameter LastRevisionNote:ImportComponents from Part C129
Removed Parameter LastRevisionNote:ImportComponents from Part C130
Removed Parameter LastRevisionNote:ImportComponents from Part FB9
Removed Parameter LastRevisionNote:ImportComponents from Part FB10
Removed Parameter LastRevisionNote:ImportComponents from Part FB11
Removed Parameter LastRevisionNote:ImportComponents from Part FB12
Removed Parameter LastRevisionNote:ImportComponents from Part FB25
Removed Parameter LastRevisionNote:ImportComponents from Part R84
Removed Parameter LastRevisionNote:ImportComponents from Part R105
Removed Parameter LastRevisionNote:ImportComponents from Part R106
Removed Parameter LastRevisionNote:ImportComponents from Part R113
Removed Parameter LastRevisionNote:ImportComponents from Part R116
Removed Parameter LastRevisionNote:ImportComponents from Part TVS9
Removed Parameter LastRevisionNote:ImportComponents from Part TVS10
Removed Parameter LastRevisionNote:ImportComponents from Part TVS11
Removed Parameter LastRevisionNote:ImportComponents from Part TVS12
Removed Parameter Published:10 - Dec - 2014 from Part C102
Removed Parameter Published:10 - Dec - 2014 from Part C106
Removed Parameter Published:10 - Dec - 2014 from Part C125
Removed Parameter Published:10 - Dec - 2014 from Part C131
Removed Parameter Published:23-Apr-2014 from Part C100
Removed Parameter Published:23-Apr-2014 from Part C104
Removed Parameter Published:23-Apr-2014 from Part C110
Removed Parameter Published:23-Apr-2014 from Part C113
Removed Parameter Published:23-Apr-2014 from Part C117
Removed Parameter Published:23-Apr-2014 from Part C121
Removed Parameter Published:23-Apr-2014 from Part C126
Removed Parameter Published:23-Apr-2014 from Part C127
Removed Parameter Published:23-Apr-2014 from Part C128
Removed Parameter Published:23-Apr-2014 from Part C129
Removed Parameter Published:23-Apr-2014 from Part C130
Removed Parameter Published:23-Apr-2014 from Part FB9
Removed Parameter Published:23-Apr-2014 from Part FB10
Removed Parameter Published:23-Apr-2014 from Part FB11
Removed Parameter Published:23-Apr-2014 from Part FB12
Removed Parameter Published:23-Apr-2014 from Part FB25
Removed Parameter Published:23-Apr-2014 from Part R84
Removed Parameter Published:23-Apr-2014 from Part R105
Removed Parameter Published:23-Apr-2014 from Part R106
Removed Parameter Published:23-Apr-2014 from Part R113
Removed Parameter Published:23-Apr-2014 from Part R116
Removed Parameter Published:23-Apr-2014 from Part TVS9
Removed Parameter Published:23-Apr-2014 from Part TVS10
Removed Parameter Published:23-Apr-2014 from Part TVS11
Removed Parameter Published:23-Apr-2014 from Part TVS12
Removed Parameter Publisher:Altium Limited from Part TP3
Removed Parameter Publisher:Altium Limited from Part TP85
Removed Parameter Publisher:Altium Limited from Part TP86
Removed Parameter Publisher:Altium Limited from Part TP87
Removed Parameter Publisher:Altium Limited from Part TP88
Removed Parameter Publisher:Altium Limited from Part TP122
Removed Parameter Publisher:Altium Limited from Part TP123
Removed Parameter Publisher:Altium Limited from Part TP124
Removed Parameter Publisher:Altium Limited from Part TP125
Removed Parameter Publisher:Altium Limited from Part TP126
Removed Parameter Publisher:Altium Limited from Part TP127
Removed Parameter Publisher:UltiMachine from Part C100
Removed Parameter Publisher:Ultimachine from Part C102
Removed Parameter Publisher:UltiMachine from Part C104
Removed Parameter Publisher:Ultimachine from Part C106
Removed Parameter Publisher:UltiMachine from Part C110
Removed Parameter Publisher:UltiMachine from Part C113
Removed Parameter Publisher:UltiMachine from Part C117
Removed Parameter Publisher:UltiMachine from Part C121
Removed Parameter Publisher:Ultimachine from Part C125
Removed Parameter Publisher:UltiMachine from Part C126
Removed Parameter Publisher:UltiMachine from Part C127
Removed Parameter Publisher:UltiMachine from Part C128
Removed Parameter Publisher:UltiMachine from Part C129
Removed Parameter Publisher:UltiMachine from Part C130
Removed Parameter Publisher:Ultimachine from Part C131
Removed Parameter Publisher:UltiMachine from Part FB9
Removed Parameter Publisher:UltiMachine from Part FB10
Removed Parameter Publisher:UltiMachine from Part FB11
Removed Parameter Publisher:UltiMachine from Part FB12
Removed Parameter Publisher:UltiMachine from Part FB25
Removed Parameter Publisher:UltiMachine from Part R84
Removed Parameter Publisher:UltiMachine from Part R105
Removed Parameter Publisher:UltiMachine from Part R106
Removed Parameter Publisher:UltiMachine from Part R113
Removed Parameter Publisher:UltiMachine from Part R116
Removed Parameter Publisher:UltiMachine from Part TVS9
Removed Parameter Publisher:UltiMachine from Part TVS10
Removed Parameter Publisher:UltiMachine from Part TVS11
Removed Parameter Publisher:UltiMachine from Part TVS12
