Removed Parameter Digilkey #:1276-3432-1-ND from Part R105
Removed Parameter Manufacture: from Part C132
Removed Parameter Manufacture:Texas Instruments from Part U17
Removed Parameter MFR #:CSRN2512FTR100 from Part R60
Removed Parameter MFR #:CSRN2512FTR100 from Part R130
Removed Parameter Mounting Type:SMT 0402 from Part C102
Removed Parameter Mounting Type:SMT 0402 from Part C106
Removed Parameter Mounting Type:SMT 0402 from Part C125
Removed Parameter Mounting Type:SMT 0402 from Part C131
Removed Parameter Mountining Type:SMD - Ti PowerPAD Package from Part U17
Removed Parameter PackageReference:0402 from Part C102
Removed Parameter PackageReference:0402 from Part C106
Removed Parameter PackageReference:0402 from Part C125
Removed Parameter PackageReference:0402 from Part C131
Removed Parameter PackageReference:2512 from Part R60
Removed Parameter PackageReference:2512 from Part R130
Removed Parameter Part Number:DRV8825PWPR from Part U17
Removed Parameter Type:Stepper Driver - Integrated Circuit from Part U17
Change Value of Parameter MANUFACTURER # in Part U17 Old= New=DRV8825PWPR
Change Value of Parameter Manufacturer in Part U17 Old= New=Texas Instruments
Added Parameter Digikey #=1276-3432-1-ND to Part R105
