Added Parameter DISTRIBUTOR #= to Part C112
Added Parameter DISTRIBUTOR #= to Part C116
Added Parameter DISTRIBUTOR #= to Part C120
Added Parameter DISTRIBUTOR #= to Part C141
Added Parameter DISTRIBUTOR #= to Part C142
Added Parameter DISTRIBUTOR #= to Part C143
Added Parameter DISTRIBUTOR #= to Part C144
Added Parameter DISTRIBUTOR #= to Part C145
Added Parameter DISTRIBUTOR #= to Part C146
Added Parameter DISTRIBUTOR #= to Part C147
Added Parameter DISTRIBUTOR #= to Part C148
Added Parameter DISTRIBUTOR #= to Part C155
Added Parameter DISTRIBUTOR #= to Part C156
Added Parameter DISTRIBUTOR #= to Part FB13
Added Parameter DISTRIBUTOR #= to Part FB14
Added Parameter DISTRIBUTOR #= to Part FB15
Added Parameter DISTRIBUTOR #= to Part FB16
Added Parameter DISTRIBUTOR #= to Part FB24
Added Parameter DISTRIBUTOR #= to Part J26
Added Parameter DISTRIBUTOR #= to Part R86
Added Parameter DISTRIBUTOR #= to Part R104
Added Parameter DISTRIBUTOR #= to Part R112
Added Parameter DISTRIBUTOR #= to Part R118
Added Parameter DISTRIBUTOR #= to Part TP4
Added Parameter DISTRIBUTOR #= to Part TP89
Added Parameter DISTRIBUTOR #= to Part TP90
Added Parameter DISTRIBUTOR #= to Part TP91
Added Parameter DISTRIBUTOR #= to Part TP92
Added Parameter DISTRIBUTOR #= to Part TP116
Added Parameter DISTRIBUTOR #= to Part TP117
Added Parameter DISTRIBUTOR #= to Part TP118
Added Parameter DISTRIBUTOR #= to Part TP119
Added Parameter DISTRIBUTOR #= to Part TP120
Added Parameter DISTRIBUTOR #= to Part TP121
Added Parameter DISTRIBUTOR #= to Part TVS13
Added Parameter DISTRIBUTOR #= to Part TVS14
Added Parameter DISTRIBUTOR #= to Part TVS15
Added Parameter DISTRIBUTOR #= to Part TVS16
Added Parameter DISTRIBUTOR #= to Part U16
Added Parameter DISTRIBUTOR= to Part C112
Added Parameter DISTRIBUTOR= to Part C116
Added Parameter DISTRIBUTOR= to Part C120
Added Parameter DISTRIBUTOR= to Part C141
Added Parameter DISTRIBUTOR= to Part C142
Added Parameter DISTRIBUTOR= to Part C143
Added Parameter DISTRIBUTOR= to Part C144
Added Parameter DISTRIBUTOR= to Part C145
Added Parameter DISTRIBUTOR= to Part C146
Added Parameter DISTRIBUTOR= to Part C147
Added Parameter DISTRIBUTOR= to Part C148
Added Parameter DISTRIBUTOR= to Part C155
Added Parameter DISTRIBUTOR= to Part C156
Added Parameter DISTRIBUTOR= to Part FB13
Added Parameter DISTRIBUTOR= to Part FB14
Added Parameter DISTRIBUTOR= to Part FB15
Added Parameter DISTRIBUTOR= to Part FB16
Added Parameter DISTRIBUTOR= to Part FB24
Added Parameter DISTRIBUTOR= to Part J26
Added Parameter DISTRIBUTOR= to Part R86
Added Parameter DISTRIBUTOR= to Part R104
Added Parameter DISTRIBUTOR= to Part R112
Added Parameter DISTRIBUTOR= to Part R118
Added Parameter DISTRIBUTOR= to Part TP4
Added Parameter DISTRIBUTOR= to Part TP89
Added Parameter DISTRIBUTOR= to Part TP90
Added Parameter DISTRIBUTOR= to Part TP91
Added Parameter DISTRIBUTOR= to Part TP92
Added Parameter DISTRIBUTOR= to Part TP116
Added Parameter DISTRIBUTOR= to Part TP117
Added Parameter DISTRIBUTOR= to Part TP118
Added Parameter DISTRIBUTOR= to Part TP119
Added Parameter DISTRIBUTOR= to Part TP120
Added Parameter DISTRIBUTOR= to Part TP121
Added Parameter DISTRIBUTOR= to Part TVS13
Added Parameter DISTRIBUTOR= to Part TVS14
Added Parameter DISTRIBUTOR= to Part TVS15
Added Parameter DISTRIBUTOR= to Part TVS16
Added Parameter DISTRIBUTOR= to Part U16
Added Parameter PART= to Part C101
Added Parameter PART= to Part C105
Added Parameter PART= to Part C112
Added Parameter PART= to Part C116
Added Parameter PART= to Part C120
Added Parameter PART= to Part C124
Added Parameter PART= to Part C141
Added Parameter PART= to Part C142
Added Parameter PART= to Part C143
Added Parameter PART= to Part C144
Added Parameter PART= to Part C145
Added Parameter PART= to Part C146
Added Parameter PART= to Part C147
Added Parameter PART= to Part C148
Added Parameter PART= to Part C155
Added Parameter PART= to Part C156
Added Parameter PART= to Part FB13
Added Parameter PART= to Part FB14
Added Parameter PART= to Part FB15
Added Parameter PART= to Part FB16
Added Parameter PART= to Part FB24
Added Parameter PART= to Part J26
Added Parameter PART= to Part R86
Added Parameter PART= to Part R103
Added Parameter PART= to Part R104
Added Parameter PART= to Part R112
Added Parameter PART= to Part R118
Added Parameter PART= to Part R127
Added Parameter PART= to Part R128
Added Parameter PART= to Part TP4
Added Parameter PART= to Part TP89
Added Parameter PART= to Part TP90
Added Parameter PART= to Part TP91
Added Parameter PART= to Part TP92
Added Parameter PART= to Part TP116
Added Parameter PART= to Part TP117
Added Parameter PART= to Part TP118
Added Parameter PART= to Part TP119
Added Parameter PART= to Part TP120
Added Parameter PART= to Part TP121
Added Parameter PART= to Part TVS13
Added Parameter PART= to Part TVS14
Added Parameter PART= to Part TVS15
Added Parameter PART= to Part TVS16
Added Parameter PART= to Part U16
Added Parameter Part Description= to Part C112
Added Parameter Part Description= to Part C116
Added Parameter Part Description= to Part C120
Added Parameter Part Description= to Part C141
Added Parameter Part Description= to Part C142
Added Parameter Part Description= to Part C143
Added Parameter Part Description= to Part C144
Added Parameter Part Description= to Part C145
Added Parameter Part Description= to Part C146
Added Parameter Part Description= to Part C147
Added Parameter Part Description= to Part C148
Added Parameter Part Description= to Part C156
Added Parameter Part Description= to Part FB13
Added Parameter Part Description= to Part FB14
Added Parameter Part Description= to Part FB15
Added Parameter Part Description= to Part FB16
Added Parameter Part Description= to Part FB24
Added Parameter Part Description= to Part J26
Added Parameter Part Description= to Part R86
Added Parameter Part Description= to Part R103
Added Parameter Part Description= to Part R104
Added Parameter Part Description= to Part R112
Added Parameter Part Description= to Part R118
Added Parameter Part Description= to Part R127
Added Parameter Part Description= to Part R128
Added Parameter Part Description= to Part TP4
Added Parameter Part Description= to Part TP89
Added Parameter Part Description= to Part TP90
Added Parameter Part Description= to Part TP91
Added Parameter Part Description= to Part TP92
Added Parameter Part Description= to Part TP116
Added Parameter Part Description= to Part TP117
Added Parameter Part Description= to Part TP118
Added Parameter Part Description= to Part TP119
Added Parameter Part Description= to Part TP120
Added Parameter Part Description= to Part TP121
Added Parameter Part Description= to Part TVS13
Added Parameter Part Description= to Part TVS14
Added Parameter Part Description= to Part TVS15
Added Parameter Part Description= to Part TVS16
Added Parameter Part Description= to Part U16
Added Parameter Tolerance= to Part C112
Added Parameter Tolerance= to Part C116
Added Parameter Tolerance= to Part C120
Added Parameter Tolerance= to Part C141
Added Parameter Tolerance= to Part C142
Added Parameter Tolerance= to Part C143
Added Parameter Tolerance= to Part C144
Added Parameter Tolerance= to Part C145
Added Parameter Tolerance= to Part C146
Added Parameter Tolerance= to Part C147
Added Parameter Tolerance= to Part C148
Added Parameter Tolerance= to Part C156
Added Parameter Tolerance= to Part FB13
Added Parameter Tolerance= to Part FB14
Added Parameter Tolerance= to Part FB15
Added Parameter Tolerance= to Part FB16
Added Parameter Tolerance= to Part FB24
Added Parameter Tolerance= to Part J26
Added Parameter Tolerance= to Part R86
Added Parameter Tolerance= to Part R103
Added Parameter Tolerance= to Part R104
Added Parameter Tolerance= to Part R112
Added Parameter Tolerance= to Part R118
Added Parameter Tolerance= to Part R127
Added Parameter Tolerance= to Part R128
Added Parameter Tolerance= to Part TP4
Added Parameter Tolerance= to Part TP89
Added Parameter Tolerance= to Part TP90
Added Parameter Tolerance= to Part TP91
Added Parameter Tolerance= to Part TP92
Added Parameter Tolerance= to Part TP116
Added Parameter Tolerance= to Part TP117
Added Parameter Tolerance= to Part TP118
Added Parameter Tolerance= to Part TP119
Added Parameter Tolerance= to Part TP120
Added Parameter Tolerance= to Part TP121
Added Parameter Tolerance= to Part TVS13
Added Parameter Tolerance= to Part TVS14
Added Parameter Tolerance= to Part TVS15
Added Parameter Tolerance= to Part TVS16
Added Parameter Value= to Part J26
Added Parameter Value= to Part TP4
Added Parameter Value= to Part TP89
Added Parameter Value= to Part TP90
Added Parameter Value= to Part TP91
Added Parameter Value= to Part TP92
Added Parameter Value= to Part TP116
Added Parameter Value= to Part TP117
Added Parameter Value= to Part TP118
Added Parameter Value= to Part TP119
Added Parameter Value= to Part TP120
Added Parameter Value= to Part TP121
Added Parameter Value= to Part U16
Added Parameter Voltage= to Part C112
Added Parameter Voltage= to Part C116
Added Parameter Voltage= to Part C120
Added Parameter Voltage= to Part C141
Added Parameter Voltage= to Part C142
Added Parameter Voltage= to Part C143
Added Parameter Voltage= to Part C144
Added Parameter Voltage= to Part C145
Added Parameter Voltage= to Part C146
Added Parameter Voltage= to Part C147
Added Parameter Voltage= to Part C148
Added Parameter Voltage= to Part C156
Added Parameter Voltage= to Part FB13
Added Parameter Voltage= to Part FB14
Added Parameter Voltage= to Part FB15
Added Parameter Voltage= to Part FB16
Added Parameter Voltage= to Part FB24
Added Parameter Voltage= to Part J26
Added Parameter Voltage= to Part R86
Added Parameter Voltage= to Part R103
Added Parameter Voltage= to Part R104
Added Parameter Voltage= to Part R112
Added Parameter Voltage= to Part R118
Added Parameter Voltage= to Part R127
Added Parameter Voltage= to Part R128
Added Parameter Voltage= to Part TP4
Added Parameter Voltage= to Part TP89
Added Parameter Voltage= to Part TP90
Added Parameter Voltage= to Part TP91
Added Parameter Voltage= to Part TP92
Added Parameter Voltage= to Part TP116
Added Parameter Voltage= to Part TP117
Added Parameter Voltage= to Part TP118
Added Parameter Voltage= to Part TP119
Added Parameter Voltage= to Part TP120
Added Parameter Voltage= to Part TP121
Added Parameter Voltage= to Part TVS13
Added Parameter Voltage= to Part TVS14
Added Parameter Voltage= to Part TVS15
Added Parameter Voltage= to Part TVS16
