Change Value of Parameter DISTRIBUTOR # in Part R121 Old=CSRN2512FTR100TR-ND New=CSRN2512FKR200TR-ND
Change Value of Parameter MANUFACTURER # in Part R121 Old= New=CSRN2512FKR200
Change Value of Parameter PART in Part R121 Old= New=0.2R 1% 2512
Change Value of Parameter Part Description in Part R121 Old= New=0.2 Ohm ±1% 2W Chip Resistor 2512 (6432 Metric) Current Sense Thick Film
Change Value of Parameter Tolerance in Part R121 Old= New=1%
Change Value of Parameter Voltage in Part R121 Old= New=2W
Change Value of Parameter DISTRIBUTOR # in Part R122 Old=CSRN2512FTR100TR-ND New=CSRN2512FKR200TR-ND
Change Value of Parameter MANUFACTURER # in Part R122 Old= New=CSRN2512FKR200
Change Value of Parameter PART in Part R122 Old= New=0.2R 1% 2512
Change Value of Parameter Part Description in Part R122 Old= New=0.2 Ohm ±1% 2W Chip Resistor 2512 (6432 Metric) Current Sense Thick Film
Change Value of Parameter Tolerance in Part R122 Old= New=1%
Change Value of Parameter Voltage in Part R122 Old= New=2W
Change Value of Parameter MANUFACTURER # in Part TP1 Old= New=NOTAPART-Testpoint
Change Value of Parameter MANUFACTURER # in Part TP2 Old= New=NOTAPART-Testpoint
Change Value of Parameter MANUFACTURER # in Part TP18 Old= New=NOTAPART-Testpoint
Change Value of Parameter MANUFACTURER # in Part TP19 Old= New=NOTAPART-Testpoint
Change Value of Parameter MANUFACTURER # in Part TP25 Old= New=NOTAPART-Testpoint
Change Value of Parameter MANUFACTURER # in Part TP80 Old= New=NOTAPART-Testpoint
Change Value of Parameter MANUFACTURER # in Part TP81 Old= New=NOTAPART-Testpoint
Change Value of Parameter MANUFACTURER # in Part TP82 Old= New=NOTAPART-Testpoint
Change Value of Parameter MANUFACTURER # in Part TP102 Old= New=NOTAPART-Testpoint
Change Value of Parameter MANUFACTURER # in Part TP103 Old= New=NOTAPART-Testpoint
Change Value of Parameter MANUFACTURER # in Part TP104 Old= New=NOTAPART-Testpoint
