Removed Parameter Digilkey #:1276-3432-1-ND from Part R119
Removed Parameter Manufacture: from Part C154
Removed Parameter Manufacture:Texas Instruments from Part U14
Removed Parameter MFR #:CSRN2512FTR100 from Part R123
Removed Parameter MFR #:CSRN2512FTR100 from Part R124
Removed Parameter Mounting Type:SMT 0402 from Part C150
Removed Parameter Mounting Type:SMT 0402 from Part C151
Removed Parameter Mounting Type:SMT 0402 from Part C152
Removed Parameter Mounting Type:SMT 0402 from Part C153
Removed Parameter Mountining Type:SMD - Ti PowerPAD Package from Part U14
Removed Parameter PackageReference:0402 from Part C150
Removed Parameter PackageReference:0402 from Part C151
Removed Parameter PackageReference:0402 from Part C152
Removed Parameter PackageReference:0402 from Part C153
Removed Parameter PackageReference:2512 from Part R123
Removed Parameter PackageReference:2512 from Part R124
Removed Parameter Part Number:DRV8825PWPR from Part U14
Removed Parameter Type:Stepper Driver - Integrated Circuit from Part U14
Change Value of Parameter MANUFACTURER # in Part U14 Old= New=DRV8825PWPR
Change Value of Parameter Manufacturer in Part U14 Old= New=Texas Instruments
Added Parameter Digikey #=1276-3432-1-ND to Part R119
