Change Value of Parameter DISTRIBUTOR # in Part C100 Old= New=490-1303-2-ND
Change Value of Parameter DISTRIBUTOR in Part C100 Old= New=Digikey
Change Value of Parameter Manufacturer in Part C100 Old= New=Murata
Change Value of Parameter PART in Part C100 Old= New=1nF 50V X7R 0402
Change Value of Parameter Part Description in Part C100 Old= New=1000pF ±10% 50V Ceramic Capacitor X7R 0402 (1005 Metric)
Change Value of Parameter Tolerance in Part C100 Old= New=10%
Change Value of Parameter Voltage in Part C100 Old= New=50V
Change Value of Parameter PART in Part C102 Old= New=10nF 50V X7R 0402
Change Value of Parameter Part Description in Part C102 Old=CAP CER 10000PF 50V X7R 0402 New=10000pF ±5% 50V Ceramic Capacitor X7R 0402 (1005 Metric)
Change Value of Parameter Tolerance in Part C102 Old=10% New=5%
Change Value of Parameter Value in Part C102 Old=0.01uF 50V New=10nF
Change Value of Parameter Voltage in Part C102 Old=6.3VDC New=50V
Change Value of Parameter DISTRIBUTOR # in Part C104 Old= New=490-1303-2-ND
Change Value of Parameter DISTRIBUTOR in Part C104 Old= New=Digikey
Change Value of Parameter Manufacturer in Part C104 Old= New=Murata
Change Value of Parameter PART in Part C104 Old= New=1nF 50V X7R 0402
Change Value of Parameter Part Description in Part C104 Old= New=1000pF ±10% 50V Ceramic Capacitor X7R 0402 (1005 Metric)
Change Value of Parameter Tolerance in Part C104 Old= New=10%
Change Value of Parameter Voltage in Part C104 Old= New=50V
Change Value of Parameter PART in Part C106 Old= New=10nF 50V X7R 0402
Change Value of Parameter Part Description in Part C106 Old=CAP CER 10000PF 50V X7R 0402 New=10000pF ±5% 50V Ceramic Capacitor X7R 0402 (1005 Metric)
Change Value of Parameter Tolerance in Part C106 Old=10% New=5%
Change Value of Parameter Value in Part C106 Old=0.01uF 50V New=10nF
Change Value of Parameter Voltage in Part C106 Old=6.3VDC New=50V
Change Value of Parameter DISTRIBUTOR # in Part C110 Old= New=490-1303-2-ND
Change Value of Parameter DISTRIBUTOR in Part C110 Old= New=Digikey
Change Value of Parameter Manufacturer in Part C110 Old= New=Murata
Change Value of Parameter PART in Part C110 Old= New=1nF 50V X7R 0402
Change Value of Parameter Part Description in Part C110 Old= New=1000pF ±10% 50V Ceramic Capacitor X7R 0402 (1005 Metric)
Change Value of Parameter Tolerance in Part C110 Old= New=10%
Change Value of Parameter Voltage in Part C110 Old= New=50V
Change Value of Parameter PART in Part C125 Old= New=10nF 50V X7R 0402
Change Value of Parameter Part Description in Part C125 Old=CAP CER 10000PF 50V X7R 0402 New=10000pF ±5% 50V Ceramic Capacitor X7R 0402 (1005 Metric)
Change Value of Parameter Tolerance in Part C125 Old=10% New=5%
Change Value of Parameter Value in Part C125 Old=0.01uF 50V New=10nF
Change Value of Parameter Voltage in Part C125 Old=6.3VDC New=50V
Change Value of Parameter DISTRIBUTOR # in Part C126 Old= New=490-1303-2-ND
Change Value of Parameter DISTRIBUTOR in Part C126 Old= New=Digikey
Change Value of Parameter Manufacturer in Part C126 Old= New=Murata
Change Value of Parameter PART in Part C126 Old= New=1nF 50V X7R 0402
Change Value of Parameter Part Description in Part C126 Old= New=1000pF ±10% 50V Ceramic Capacitor X7R 0402 (1005 Metric)
Change Value of Parameter Tolerance in Part C126 Old= New=10%
Change Value of Parameter Voltage in Part C126 Old= New=50V
Change Value of Parameter DISTRIBUTOR # in Part C127 Old= New=490-1303-2-ND
Change Value of Parameter DISTRIBUTOR in Part C127 Old= New=Digikey
Change Value of Parameter Manufacturer in Part C127 Old= New=Murata
Change Value of Parameter PART in Part C127 Old= New=1nF 50V X7R 0402
Change Value of Parameter Part Description in Part C127 Old= New=1000pF ±10% 50V Ceramic Capacitor X7R 0402 (1005 Metric)
Change Value of Parameter Tolerance in Part C127 Old= New=10%
Change Value of Parameter Voltage in Part C127 Old= New=50V
Change Value of Parameter DISTRIBUTOR # in Part C128 Old= New=490-1303-2-ND
Change Value of Parameter DISTRIBUTOR in Part C128 Old= New=Digikey
Change Value of Parameter Manufacturer in Part C128 Old= New=Murata
Change Value of Parameter PART in Part C128 Old= New=1nF 50V X7R 0402
Change Value of Parameter Part Description in Part C128 Old= New=1000pF ±10% 50V Ceramic Capacitor X7R 0402 (1005 Metric)
Change Value of Parameter Tolerance in Part C128 Old= New=10%
Change Value of Parameter Voltage in Part C128 Old= New=50V
Change Value of Parameter DISTRIBUTOR # in Part C129 Old= New=490-1303-2-ND
Change Value of Parameter DISTRIBUTOR in Part C129 Old= New=Digikey
Change Value of Parameter Manufacturer in Part C129 Old= New=Murata
Change Value of Parameter PART in Part C129 Old= New=1nF 50V X7R 0402
Change Value of Parameter Part Description in Part C129 Old= New=1000pF ±10% 50V Ceramic Capacitor X7R 0402 (1005 Metric)
Change Value of Parameter Tolerance in Part C129 Old= New=10%
Change Value of Parameter Voltage in Part C129 Old= New=50V
Change Value of Parameter DISTRIBUTOR # in Part C130 Old= New=490-1303-2-ND
Change Value of Parameter DISTRIBUTOR in Part C130 Old= New=Digikey
Change Value of Parameter Manufacturer in Part C130 Old= New=Murata
Change Value of Parameter PART in Part C130 Old= New=1nF 50V X7R 0402
Change Value of Parameter Part Description in Part C130 Old= New=1000pF ±10% 50V Ceramic Capacitor X7R 0402 (1005 Metric)
Change Value of Parameter Tolerance in Part C130 Old= New=10%
Change Value of Parameter Voltage in Part C130 Old= New=50V
