Change Value of Parameter DISTRIBUTOR # in Part C47 Old= New=490-1303-2-ND
Change Value of Parameter DISTRIBUTOR in Part C47 Old= New=Digikey
Change Value of Parameter Manufacturer in Part C47 Old= New=Murata
Change Value of Parameter PART in Part C47 Old= New=1nF 50V X7R 0402
Change Value of Parameter Part Description in Part C47 Old= New=1000pF ±10% 50V Ceramic Capacitor X7R 0402 (1005 Metric)
Change Value of Parameter Tolerance in Part C47 Old= New=10%
Change Value of Parameter Voltage in Part C47 Old= New=50V
Change Value of Parameter DISTRIBUTOR # in Part C48 Old= New=490-1303-2-ND
Change Value of Parameter DISTRIBUTOR in Part C48 Old= New=Digikey
Change Value of Parameter Manufacturer in Part C48 Old= New=Murata
Change Value of Parameter PART in Part C48 Old= New=1nF 50V X7R 0402
Change Value of Parameter Part Description in Part C48 Old= New=1000pF ±10% 50V Ceramic Capacitor X7R 0402 (1005 Metric)
Change Value of Parameter Tolerance in Part C48 Old= New=10%
Change Value of Parameter Voltage in Part C48 Old= New=50V
Change Value of Parameter DISTRIBUTOR # in Part C58 Old= New=490-1303-2-ND
Change Value of Parameter DISTRIBUTOR in Part C58 Old= New=Digikey
Change Value of Parameter Manufacturer in Part C58 Old= New=Murata
Change Value of Parameter PART in Part C58 Old= New=1nF 50V X7R 0402
Change Value of Parameter Part Description in Part C58 Old= New=1000pF ±10% 50V Ceramic Capacitor X7R 0402 (1005 Metric)
Change Value of Parameter Tolerance in Part C58 Old= New=10%
Change Value of Parameter Voltage in Part C58 Old= New=50V
Change Value of Parameter DISTRIBUTOR # in Part C59 Old= New=490-1303-2-ND
Change Value of Parameter DISTRIBUTOR in Part C59 Old= New=Digikey
Change Value of Parameter Manufacturer in Part C59 Old= New=Murata
Change Value of Parameter PART in Part C59 Old= New=1nF 50V X7R 0402
Change Value of Parameter Part Description in Part C59 Old= New=1000pF ±10% 50V Ceramic Capacitor X7R 0402 (1005 Metric)
Change Value of Parameter Tolerance in Part C59 Old= New=10%
Change Value of Parameter Voltage in Part C59 Old= New=50V
Change Value of Parameter PART in Part C87 Old= New=10nF 50V X7R 0402
Change Value of Parameter Part Description in Part C87 Old=CAP CER 10000PF 50V X7R 0402 New=10000pF ±5% 50V Ceramic Capacitor X7R 0402 (1005 Metric)
Change Value of Parameter Tolerance in Part C87 Old=10% New=5%
Change Value of Parameter Value in Part C87 Old=0.01uF 50V New=10nF
Change Value of Parameter Voltage in Part C87 Old=6.3VDC New=50V
Change Value of Parameter PART in Part C92 Old= New=10nF 50V X7R 0402
Change Value of Parameter Part Description in Part C92 Old=CAP CER 10000PF 50V X7R 0402 New=10000pF ±5% 50V Ceramic Capacitor X7R 0402 (1005 Metric)
Change Value of Parameter Tolerance in Part C92 Old=10% New=5%
Change Value of Parameter Value in Part C92 Old=0.01uF 50V New=10nF
Change Value of Parameter Voltage in Part C92 Old=6.3VDC New=50V
Change Value of Parameter DISTRIBUTOR # in Part C96 Old= New=490-1303-2-ND
Change Value of Parameter DISTRIBUTOR in Part C96 Old= New=Digikey
Change Value of Parameter Manufacturer in Part C96 Old= New=Murata
Change Value of Parameter PART in Part C96 Old= New=1nF 50V X7R 0402
Change Value of Parameter Part Description in Part C96 Old= New=1000pF ±10% 50V Ceramic Capacitor X7R 0402 (1005 Metric)
Change Value of Parameter Tolerance in Part C96 Old= New=10%
Change Value of Parameter Voltage in Part C96 Old= New=50V
Change Value of Parameter DISTRIBUTOR # in Part C97 Old= New=490-1303-2-ND
Change Value of Parameter DISTRIBUTOR in Part C97 Old= New=Digikey
Change Value of Parameter Manufacturer in Part C97 Old= New=Murata
Change Value of Parameter PART in Part C97 Old= New=1nF 50V X7R 0402
Change Value of Parameter Part Description in Part C97 Old= New=1000pF ±10% 50V Ceramic Capacitor X7R 0402 (1005 Metric)
Change Value of Parameter Tolerance in Part C97 Old= New=10%
Change Value of Parameter Voltage in Part C97 Old= New=50V
Change Value of Parameter DISTRIBUTOR # in Part C98 Old= New=490-1303-2-ND
Change Value of Parameter DISTRIBUTOR in Part C98 Old= New=Digikey
Change Value of Parameter Manufacturer in Part C98 Old= New=Murata
Change Value of Parameter PART in Part C98 Old= New=1nF 50V X7R 0402
Change Value of Parameter Part Description in Part C98 Old= New=1000pF ±10% 50V Ceramic Capacitor X7R 0402 (1005 Metric)
Change Value of Parameter Tolerance in Part C98 Old= New=10%
Change Value of Parameter Voltage in Part C98 Old= New=50V
Change Value of Parameter DISTRIBUTOR # in Part C99 Old= New=490-1303-2-ND
Change Value of Parameter DISTRIBUTOR in Part C99 Old= New=Digikey
Change Value of Parameter Manufacturer in Part C99 Old= New=Murata
Change Value of Parameter PART in Part C99 Old= New=1nF 50V X7R 0402
Change Value of Parameter Part Description in Part C99 Old= New=1000pF ±10% 50V Ceramic Capacitor X7R 0402 (1005 Metric)
Change Value of Parameter Tolerance in Part C99 Old= New=10%
Change Value of Parameter Voltage in Part C99 Old= New=50V
Change Value of Parameter PART in Part C149 Old= New=10nF 50V X7R 0402
Change Value of Parameter Part Description in Part C149 Old=CAP CER 10000PF 50V X7R 0402 New=10000pF ±5% 50V Ceramic Capacitor X7R 0402 (1005 Metric)
Change Value of Parameter Tolerance in Part C149 Old=10% New=5%
Change Value of Parameter Value in Part C149 Old=0.01uF 50V New=10nF
Change Value of Parameter Voltage in Part C149 Old=6.3VDC New=50V
