Removed Parameter Component Type: from Part C60
Removed Parameter Component Type: from Part C85
Removed Parameter Component Type: from Part C107
Removed Parameter Component Type: from Part C123
Removed Parameter Datasheet: from Part C60
Removed Parameter Datasheet: from Part C85
Removed Parameter Datasheet: from Part C107
Removed Parameter Datasheet: from Part C123
Removed Parameter Datasheet: from Part U15
Removed Parameter MFR:Murata from Part C60
Removed Parameter MFR:Murata from Part C85
Removed Parameter MFR:Murata from Part C107
Removed Parameter MFR:Murata from Part C123
Removed Parameter MFR:Stackpole ELectronics Inc from Part R125
Removed Parameter MFR:Stackpole ELectronics Inc from Part R126
Change Value of Parameter Manufacturer in Part C60 Old= New=Murata
Change Value of Parameter Manufacturer in Part C85 Old= New=Murata
Change Value of Parameter Manufacturer in Part C107 Old= New=Murata
Change Value of Parameter Manufacturer in Part C123 Old= New=Murata
Change Value of Parameter Manufacturer in Part R125 Old= New=Stackpole ELectronics Inc
Change Value of Parameter Manufacturer in Part R126 Old= New=Stackpole ELectronics Inc
