Change Value of Parameter DISTRIBUTOR # in Part R125 Old=CSRN2512FTR100TR-ND New=CSRN2512FKR200TR-ND
Change Value of Parameter MANUFACTURER # in Part R125 Old= New=CSRN2512FKR200
Change Value of Parameter PART in Part R125 Old= New=0.2R 1% 2512
Change Value of Parameter Part Description in Part R125 Old= New=0.2 Ohm ±1% 2W Chip Resistor 2512 (6432 Metric) Current Sense Thick Film
Change Value of Parameter Tolerance in Part R125 Old= New=1%
Change Value of Parameter Voltage in Part R125 Old= New=2W
Change Value of Parameter DISTRIBUTOR # in Part R126 Old=CSRN2512FTR100TR-ND New=CSRN2512FKR200TR-ND
Change Value of Parameter MANUFACTURER # in Part R126 Old= New=CSRN2512FKR200
Change Value of Parameter PART in Part R126 Old= New=0.2R 1% 2512
Change Value of Parameter Part Description in Part R126 Old= New=0.2 Ohm ±1% 2W Chip Resistor 2512 (6432 Metric) Current Sense Thick Film
Change Value of Parameter Tolerance in Part R126 Old= New=1%
Change Value of Parameter Voltage in Part R126 Old= New=2W
Change Value of Parameter MANUFACTURER # in Part TP67 Old= New=NOTAPART-Testpoint
Change Value of Parameter MANUFACTURER # in Part TP69 Old= New=NOTAPART-Testpoint
Change Value of Parameter MANUFACTURER # in Part TP70 Old= New=NOTAPART-Testpoint
Change Value of Parameter MANUFACTURER # in Part TP71 Old= New=NOTAPART-Testpoint
Change Value of Parameter MANUFACTURER # in Part TP72 Old= New=NOTAPART-Testpoint
Change Value of Parameter MANUFACTURER # in Part TP73 Old= New=NOTAPART-Testpoint
Change Value of Parameter MANUFACTURER # in Part TP84 Old= New=NOTAPART-Testpoint
Change Value of Parameter MANUFACTURER # in Part TP93 Old= New=NOTAPART-Testpoint
Change Value of Parameter MANUFACTURER # in Part TP94 Old= New=NOTAPART-Testpoint
Change Value of Parameter MANUFACTURER # in Part TP95 Old= New=NOTAPART-Testpoint
Change Value of Parameter MANUFACTURER # in Part TP96 Old= New=NOTAPART-Testpoint
