Removed Parameter Height:0.5 ±0.05mm from Part C101
Removed Parameter Height:0.5 ±0.05mm from Part C105
Removed Parameter Height:0.5 ±0.05mm from Part C124
Removed Parameter Height:0.5 ±0.05mm from Part C155
Removed Parameter Height:1.2mm from Part U16
Removed Parameter Height:7.70mm from Part C156
Removed Parameter LatestRevisionDate:10 - Dec - 2014 from Part C101
Removed Parameter LatestRevisionDate:10 - Dec - 2014 from Part C105
Removed Parameter LatestRevisionDate:10 - Dec - 2014 from Part C124
Removed Parameter LatestRevisionDate:10 - Dec - 2014 from Part C155
Removed Parameter LatestRevisionDate:17-Jul-2002 from Part TP4
Removed Parameter LatestRevisionDate:17-Jul-2002 from Part TP89
Removed Parameter LatestRevisionDate:17-Jul-2002 from Part TP90
Removed Parameter LatestRevisionDate:17-Jul-2002 from Part TP91
Removed Parameter LatestRevisionDate:17-Jul-2002 from Part TP92
Removed Parameter LatestRevisionDate:17-Jul-2002 from Part TP116
Removed Parameter LatestRevisionDate:17-Jul-2002 from Part TP117
Removed Parameter LatestRevisionDate:17-Jul-2002 from Part TP118
Removed Parameter LatestRevisionDate:17-Jul-2002 from Part TP119
Removed Parameter LatestRevisionDate:17-Jul-2002 from Part TP120
Removed Parameter LatestRevisionDate:17-Jul-2002 from Part TP121
Removed Parameter LatestRevisionNote:Re-released for DXP Platform. from Part TP4
Removed Parameter LatestRevisionNote:Re-released for DXP Platform. from Part TP89
Removed Parameter LatestRevisionNote:Re-released for DXP Platform. from Part TP90
Removed Parameter LatestRevisionNote:Re-released for DXP Platform. from Part TP91
Removed Parameter LatestRevisionNote:Re-released for DXP Platform. from Part TP92
Removed Parameter LatestRevisionNote:Re-released for DXP Platform. from Part TP116
Removed Parameter LatestRevisionNote:Re-released for DXP Platform. from Part TP117
Removed Parameter LatestRevisionNote:Re-released for DXP Platform. from Part TP118
Removed Parameter LatestRevisionNote:Re-released for DXP Platform. from Part TP119
Removed Parameter LatestRevisionNote:Re-released for DXP Platform. from Part TP120
Removed Parameter LatestRevisionNote:Re-released for DXP Platform. from Part TP121
Removed Parameter LatestRevisionNote:Ultimachine Footprint Added from Part C101
Removed Parameter LatestRevisionNote:Ultimachine Footprint Added from Part C105
Removed Parameter LatestRevisionNote:Ultimachine Footprint Added from Part C124
Removed Parameter LatestRevisionNote:Ultimachine Footprint Added from Part C155
