Removed Parameter Digilkey #:1276-3432-1-ND from Part R103
Removed Parameter Manufacture: from Part C156
Removed Parameter Manufacture:Texas Instruments from Part U16
Removed Parameter MFR #:CSRN2512FTR100 from Part R127
Removed Parameter MFR #:CSRN2512FTR100 from Part R128
Removed Parameter Mounting Type:SMT 0402 from Part C101
Removed Parameter Mounting Type:SMT 0402 from Part C105
Removed Parameter Mounting Type:SMT 0402 from Part C124
Removed Parameter Mounting Type:SMT 0402 from Part C155
Removed Parameter Mountining Type:SMD - Ti PowerPAD Package from Part U16
Removed Parameter PackageReference:0402 from Part C101
Removed Parameter PackageReference:0402 from Part C105
Removed Parameter PackageReference:0402 from Part C124
Removed Parameter PackageReference:0402 from Part C155
Removed Parameter PackageReference:2512 from Part R127
Removed Parameter PackageReference:2512 from Part R128
Removed Parameter Part Number:DRV8825PWPR from Part U16
Removed Parameter Type:Stepper Driver - Integrated Circuit from Part U16
Change Value of Parameter MANUFACTURER # in Part U16 Old= New=DRV8825PWPR
Change Value of Parameter Manufacturer in Part U16 Old= New=Texas Instruments
Added Parameter Digikey #=1276-3432-1-ND to Part R103
