Removed Parameter Height:0.5 ±0.05mm from Part C150
Removed Parameter Height:0.5 ±0.05mm from Part C151
Removed Parameter Height:0.5 ±0.05mm from Part C152
Removed Parameter Height:0.5 ±0.05mm from Part C153
Removed Parameter Height:1.2mm from Part U14
Removed Parameter Height:7.70mm from Part C154
Removed Parameter LatestRevisionDate:10 - Dec - 2014 from Part C150
Removed Parameter LatestRevisionDate:10 - Dec - 2014 from Part C151
Removed Parameter LatestRevisionDate:10 - Dec - 2014 from Part C152
Removed Parameter LatestRevisionDate:10 - Dec - 2014 from Part C153
Removed Parameter LatestRevisionDate:17-Jul-2002 from Part TP83
Removed Parameter LatestRevisionDate:17-Jul-2002 from Part TP97
Removed Parameter LatestRevisionDate:17-Jul-2002 from Part TP98
Removed Parameter LatestRevisionDate:17-Jul-2002 from Part TP99
Removed Parameter LatestRevisionDate:17-Jul-2002 from Part TP100
Removed Parameter LatestRevisionDate:17-Jul-2002 from Part TP110
Removed Parameter LatestRevisionDate:17-Jul-2002 from Part TP111
Removed Parameter LatestRevisionDate:17-Jul-2002 from Part TP112
Removed Parameter LatestRevisionDate:17-Jul-2002 from Part TP113
Removed Parameter LatestRevisionDate:17-Jul-2002 from Part TP114
Removed Parameter LatestRevisionDate:17-Jul-2002 from Part TP115
Removed Parameter LatestRevisionNote:Re-released for DXP Platform. from Part TP83
Removed Parameter LatestRevisionNote:Re-released for DXP Platform. from Part TP97
Removed Parameter LatestRevisionNote:Re-released for DXP Platform. from Part TP98
Removed Parameter LatestRevisionNote:Re-released for DXP Platform. from Part TP99
Removed Parameter LatestRevisionNote:Re-released for DXP Platform. from Part TP100
Removed Parameter LatestRevisionNote:Re-released for DXP Platform. from Part TP110
Removed Parameter LatestRevisionNote:Re-released for DXP Platform. from Part TP111
Removed Parameter LatestRevisionNote:Re-released for DXP Platform. from Part TP112
Removed Parameter LatestRevisionNote:Re-released for DXP Platform. from Part TP113
Removed Parameter LatestRevisionNote:Re-released for DXP Platform. from Part TP114
Removed Parameter LatestRevisionNote:Re-released for DXP Platform. from Part TP115
Removed Parameter LatestRevisionNote:Ultimachine Footprint Added from Part C150
Removed Parameter LatestRevisionNote:Ultimachine Footprint Added from Part C151
Removed Parameter LatestRevisionNote:Ultimachine Footprint Added from Part C152
Removed Parameter LatestRevisionNote:Ultimachine Footprint Added from Part C153
