Change Value of Parameter EE Spec in Part C47 Old=Voltage New=EE Spec
Change Value of Parameter EE Spec in Part C48 Old=Voltage New=EE Spec
Change Value of Parameter EE Spec in Part C58 Old=Voltage New=EE Spec
Change Value of Parameter EE Spec in Part C59 Old=Voltage New=EE Spec
Change Value of Parameter EE Spec in Part C87 Old=Voltage New=EE Spec
Change Value of Parameter EE Spec in Part C88 Old=Voltage New=EE Spec
Change Value of Parameter EE Spec in Part C89 Old=Voltage New=EE Spec
Change Value of Parameter EE Spec in Part C91 Old=Voltage New=EE Spec
Change Value of Parameter EE Spec in Part C92 Old=Voltage New=EE Spec
Change Value of Parameter EE Spec in Part C96 Old=Voltage New=EE Spec
Change Value of Parameter EE Spec in Part C97 Old=Voltage New=EE Spec
Change Value of Parameter EE Spec in Part C98 Old=Voltage New=EE Spec
Change Value of Parameter EE Spec in Part C99 Old=Voltage New=EE Spec
Change Value of Parameter EE Spec in Part C114 Old=Voltage New=EE Spec
Change Value of Parameter EE Spec in Part C118 Old=Voltage New=EE Spec
Change Value of Parameter EE Spec in Part C149 Old=Voltage New=EE Spec
Change Value of Parameter EE Spec in Part FB1 Old=Voltage New=EE Spec
Change Value of Parameter EE Spec in Part FB2 Old=Voltage New=EE Spec
Change Value of Parameter EE Spec in Part FB3 Old=Voltage New=EE Spec
Change Value of Parameter EE Spec in Part FB4 Old=Voltage New=EE Spec
Change Value of Parameter EE Spec in Part FB22 Old=Voltage New=EE Spec
Change Value of Parameter EE Spec in Part J22 Old=Voltage New=EE Spec
Change Value of Parameter EE Spec in Part R56 Old=Voltage New=EE Spec
Change Value of Parameter EE Spec in Part R57 Old=Voltage New=EE Spec
Change Value of Parameter EE Spec in Part R58 Old=Voltage New=EE Spec
Change Value of Parameter EE Spec in Part R59 Old=Voltage New=EE Spec
Change Value of Parameter EE Spec in Part R121 Old=Voltage New=EE Spec
Change Value of Parameter EE Spec in Part R122 Old=Voltage New=EE Spec
Change Value of Parameter EE Spec in Part R129 Old=Voltage New=EE Spec
Change Value of Parameter EE Spec in Part TP1 Old=Voltage New=EE Spec
Change Value of Parameter EE Spec in Part TP2 Old=Voltage New=EE Spec
Change Value of Parameter EE Spec in Part TP18 Old=Voltage New=EE Spec
Change Value of Parameter EE Spec in Part TP19 Old=Voltage New=EE Spec
Change Value of Parameter EE Spec in Part TP25 Old=Voltage New=EE Spec
Change Value of Parameter EE Spec in Part TP80 Old=Voltage New=EE Spec
Change Value of Parameter EE Spec in Part TP81 Old=Voltage New=EE Spec
Change Value of Parameter EE Spec in Part TP82 Old=Voltage New=EE Spec
Change Value of Parameter EE Spec in Part TP102 Old=Voltage New=EE Spec
Change Value of Parameter EE Spec in Part TP103 Old=Voltage New=EE Spec
Change Value of Parameter EE Spec in Part TP104 Old=Voltage New=EE Spec
Change Value of Parameter EE Spec in Part TVS1 Old=Voltage New=EE Spec
Change Value of Parameter EE Spec in Part TVS2 Old=Voltage New=EE Spec
Change Value of Parameter EE Spec in Part TVS3 Old=Voltage New=EE Spec
Change Value of Parameter EE Spec in Part TVS4 Old=Voltage New=EE Spec
Change Value of Parameter EE Spec in Part U13 Old=Voltage New=EE Spec
