Change Value of Parameter DISTRIBUTOR # in Part C116 Old= New=399-5089-2-ND
Change Value of Parameter DISTRIBUTOR in Part C116 Old= New=Digikey
Change Value of Parameter Manufacturer in Part C116 Old= New=Kemet
Change Value of Parameter PART in Part C116 Old= New=100nF 50V X7R 0603
Change Value of Parameter Part Description in Part C116 Old= New=0.10µF ±10% 50V Ceramic Capacitor X7R 0603 (1608 Metric)
Change Value of Parameter Tolerance in Part C116 Old= New=10%
Change Value of Parameter Voltage in Part C116 Old= New=50V 
Change Value of Parameter DISTRIBUTOR # in Part C120 Old= New=399-5089-2-ND
Change Value of Parameter DISTRIBUTOR in Part C120 Old= New=Digikey
Change Value of Parameter Manufacturer in Part C120 Old= New=Kemet
Change Value of Parameter PART in Part C120 Old= New=100nF 50V X7R 0603
Change Value of Parameter Part Description in Part C120 Old= New=0.10µF ±10% 50V Ceramic Capacitor X7R 0603 (1608 Metric)
Change Value of Parameter Tolerance in Part C120 Old= New=10%
Change Value of Parameter Voltage in Part C120 Old= New=50V 
Change Value of Parameter DISTRIBUTOR # in Part FB13 Old= New=1276-6350-2-ND
Change Value of Parameter DISTRIBUTOR in Part FB13 Old= New=Digikey
Change Value of Parameter PART in Part FB13 Old= New=Ferrite 220R 0603
Change Value of Parameter Part Description in Part FB13 Old= New=FERRITE BEAD 220 OHM 0603 1LN
Change Value of Parameter Tolerance in Part FB13 Old= New=-NA-
Change Value of Parameter Value in Part FB13 Old=220R New=220Rfb
Change Value of Parameter Voltage in Part FB13 Old= New=2.5A
Change Value of Parameter DISTRIBUTOR # in Part FB14 Old= New=1276-6350-2-ND
Change Value of Parameter DISTRIBUTOR in Part FB14 Old= New=Digikey
Change Value of Parameter PART in Part FB14 Old= New=Ferrite 220R 0603
Change Value of Parameter Part Description in Part FB14 Old= New=FERRITE BEAD 220 OHM 0603 1LN
Change Value of Parameter Tolerance in Part FB14 Old= New=-NA-
Change Value of Parameter Value in Part FB14 Old=220R New=220Rfb
Change Value of Parameter Voltage in Part FB14 Old= New=2.5A
Change Value of Parameter DISTRIBUTOR # in Part FB15 Old= New=1276-6350-2-ND
Change Value of Parameter DISTRIBUTOR in Part FB15 Old= New=Digikey
Change Value of Parameter PART in Part FB15 Old= New=Ferrite 220R 0603
Change Value of Parameter Part Description in Part FB15 Old= New=FERRITE BEAD 220 OHM 0603 1LN
Change Value of Parameter Tolerance in Part FB15 Old= New=-NA-
Change Value of Parameter Value in Part FB15 Old=220R New=220Rfb
Change Value of Parameter Voltage in Part FB15 Old= New=2.5A
Change Value of Parameter DISTRIBUTOR # in Part FB16 Old= New=1276-6350-2-ND
Change Value of Parameter DISTRIBUTOR in Part FB16 Old= New=Digikey
Change Value of Parameter PART in Part FB16 Old= New=Ferrite 220R 0603
Change Value of Parameter Part Description in Part FB16 Old= New=FERRITE BEAD 220 OHM 0603 1LN
Change Value of Parameter Tolerance in Part FB16 Old= New=-NA-
Change Value of Parameter Value in Part FB16 Old=220R New=220Rfb
Change Value of Parameter Voltage in Part FB16 Old= New=2.5A
Change Value of Parameter DISTRIBUTOR # in Part FB24 Old= New=1276-6350-2-ND
Change Value of Parameter DISTRIBUTOR in Part FB24 Old= New=Digikey
Change Value of Parameter PART in Part FB24 Old= New=Ferrite 220R 0603
Change Value of Parameter Part Description in Part FB24 Old= New=FERRITE BEAD 220 OHM 0603 1LN
Change Value of Parameter Tolerance in Part FB24 Old= New=-NA-
Change Value of Parameter Value in Part FB24 Old=220R New=220Rfb
Change Value of Parameter Voltage in Part FB24 Old= New=2.5A
