Removed Parameter ComponentLink1Description: from Part C61
Removed Parameter ComponentLink1Description: from Part C62
Removed Parameter ComponentLink1Description: from Part C64
Removed Parameter ComponentLink1Description: from Part C74
Removed Parameter ComponentLink1Description: from Part C75
Removed Parameter ComponentLink1Description: from Part C78
Removed Parameter ComponentLink1Description: from Part C79
Removed Parameter ComponentLink1Description: from Part C83
Removed Parameter ComponentLink1Description: from Part C109
Removed Parameter ComponentLink1Description: from Part C111
Removed Parameter ComponentLink1Description: from Part C122
Removed Parameter ComponentLink1Description: from Part FB5
Removed Parameter ComponentLink1Description: from Part FB6
Removed Parameter ComponentLink1Description: from Part FB7
Removed Parameter ComponentLink1Description: from Part FB8
Removed Parameter ComponentLink1Description: from Part FB21
Removed Parameter ComponentLink1Description: from Part R89
Removed Parameter ComponentLink1Description: from Part R107
Removed Parameter ComponentLink1Description: from Part R108
Removed Parameter ComponentLink1Description: from Part R111
Removed Parameter ComponentLink1Description: from Part R117
Removed Parameter ComponentLink1Description: from Part TVS5
Removed Parameter ComponentLink1Description: from Part TVS6
Removed Parameter ComponentLink1Description: from Part TVS7
Removed Parameter ComponentLink1Description: from Part TVS8
Removed Parameter ComponentLink1URL: from Part C61
Removed Parameter ComponentLink1URL: from Part C62
Removed Parameter ComponentLink1URL: from Part C64
Removed Parameter ComponentLink1URL: from Part C74
Removed Parameter ComponentLink1URL: from Part C75
Removed Parameter ComponentLink1URL: from Part C78
Removed Parameter ComponentLink1URL: from Part C79
Removed Parameter ComponentLink1URL: from Part C83
Removed Parameter ComponentLink1URL: from Part C109
Removed Parameter ComponentLink1URL: from Part C111
Removed Parameter ComponentLink1URL: from Part C122
Removed Parameter ComponentLink1URL: from Part FB5
Removed Parameter ComponentLink1URL: from Part FB6
Removed Parameter ComponentLink1URL: from Part FB7
Removed Parameter ComponentLink1URL: from Part FB8
Removed Parameter ComponentLink1URL: from Part FB21
Removed Parameter ComponentLink1URL: from Part R89
Removed Parameter ComponentLink1URL: from Part R107
Removed Parameter ComponentLink1URL: from Part R108
Removed Parameter ComponentLink1URL: from Part R111
Removed Parameter ComponentLink1URL: from Part R117
Removed Parameter ComponentLink1URL: from Part TVS5
Removed Parameter ComponentLink1URL: from Part TVS6
Removed Parameter ComponentLink1URL: from Part TVS7
Removed Parameter ComponentLink1URL: from Part TVS8
Removed Parameter LastRevisionDate:23-Apr-2014 from Part C61
Removed Parameter LastRevisionDate:23-Apr-2014 from Part C62
Removed Parameter LastRevisionDate:23-Apr-2014 from Part C64
Removed Parameter LastRevisionDate:23-Apr-2014 from Part C74
Removed Parameter LastRevisionDate:23-Apr-2014 from Part C75
Removed Parameter LastRevisionDate:23-Apr-2014 from Part C78
Removed Parameter LastRevisionDate:23-Apr-2014 from Part C79
Removed Parameter LastRevisionDate:23-Apr-2014 from Part C83
Removed Parameter LastRevisionDate:23-Apr-2014 from Part C109
Removed Parameter LastRevisionDate:23-Apr-2014 from Part C111
Removed Parameter LastRevisionDate:23-Apr-2014 from Part C122
Removed Parameter LastRevisionDate:23-Apr-2014 from Part FB5
Removed Parameter LastRevisionDate:23-Apr-2014 from Part FB6
Removed Parameter LastRevisionDate:23-Apr-2014 from Part FB7
Removed Parameter LastRevisionDate:23-Apr-2014 from Part FB8
Removed Parameter LastRevisionDate:23-Apr-2014 from Part FB21
Removed Parameter LastRevisionDate:23-Apr-2014 from Part R89
Removed Parameter LastRevisionDate:23-Apr-2014 from Part R107
Removed Parameter LastRevisionDate:23-Apr-2014 from Part R108
Removed Parameter LastRevisionDate:23-Apr-2014 from Part R111
Removed Parameter LastRevisionDate:23-Apr-2014 from Part R117
Removed Parameter LastRevisionDate:23-Apr-2014 from Part TVS5
Removed Parameter LastRevisionDate:23-Apr-2014 from Part TVS6
Removed Parameter LastRevisionDate:23-Apr-2014 from Part TVS7
Removed Parameter LastRevisionDate:23-Apr-2014 from Part TVS8
Removed Parameter LastRevisionNote:ImportComponents from Part C61
Removed Parameter LastRevisionNote:ImportComponents from Part C62
Removed Parameter LastRevisionNote:ImportComponents from Part C64
Removed Parameter LastRevisionNote:ImportComponents from Part C74
Removed Parameter LastRevisionNote:ImportComponents from Part C75
Removed Parameter LastRevisionNote:ImportComponents from Part C78
Removed Parameter LastRevisionNote:ImportComponents from Part C79
Removed Parameter LastRevisionNote:ImportComponents from Part C83
Removed Parameter LastRevisionNote:ImportComponents from Part C109
Removed Parameter LastRevisionNote:ImportComponents from Part C111
Removed Parameter LastRevisionNote:ImportComponents from Part C122
Removed Parameter LastRevisionNote:ImportComponents from Part FB5
Removed Parameter LastRevisionNote:ImportComponents from Part FB6
Removed Parameter LastRevisionNote:ImportComponents from Part FB7
Removed Parameter LastRevisionNote:ImportComponents from Part FB8
Removed Parameter LastRevisionNote:ImportComponents from Part FB21
Removed Parameter LastRevisionNote:ImportComponents from Part R89
Removed Parameter LastRevisionNote:ImportComponents from Part R107
Removed Parameter LastRevisionNote:ImportComponents from Part R108
Removed Parameter LastRevisionNote:ImportComponents from Part R111
Removed Parameter LastRevisionNote:ImportComponents from Part R117
Removed Parameter LastRevisionNote:ImportComponents from Part TVS5
Removed Parameter LastRevisionNote:ImportComponents from Part TVS6
Removed Parameter LastRevisionNote:ImportComponents from Part TVS7
Removed Parameter LastRevisionNote:ImportComponents from Part TVS8
Removed Parameter Published:10 - Dec - 2014 from Part C60
Removed Parameter Published:10 - Dec - 2014 from Part C85
Removed Parameter Published:10 - Dec - 2014 from Part C107
Removed Parameter Published:10 - Dec - 2014 from Part C123
Removed Parameter Published:23-Apr-2014 from Part C61
Removed Parameter Published:23-Apr-2014 from Part C62
Removed Parameter Published:23-Apr-2014 from Part C64
Removed Parameter Published:23-Apr-2014 from Part C74
Removed Parameter Published:23-Apr-2014 from Part C75
Removed Parameter Published:23-Apr-2014 from Part C78
Removed Parameter Published:23-Apr-2014 from Part C79
Removed Parameter Published:23-Apr-2014 from Part C83
Removed Parameter Published:23-Apr-2014 from Part C109
Removed Parameter Published:23-Apr-2014 from Part C111
Removed Parameter Published:23-Apr-2014 from Part C122
Removed Parameter Published:23-Apr-2014 from Part FB5
Removed Parameter Published:23-Apr-2014 from Part FB6
Removed Parameter Published:23-Apr-2014 from Part FB7
Removed Parameter Published:23-Apr-2014 from Part FB8
Removed Parameter Published:23-Apr-2014 from Part FB21
Removed Parameter Published:23-Apr-2014 from Part R89
Removed Parameter Published:23-Apr-2014 from Part R107
Removed Parameter Published:23-Apr-2014 from Part R108
Removed Parameter Published:23-Apr-2014 from Part R111
Removed Parameter Published:23-Apr-2014 from Part R117
Removed Parameter Published:23-Apr-2014 from Part TVS5
Removed Parameter Published:23-Apr-2014 from Part TVS6
Removed Parameter Published:23-Apr-2014 from Part TVS7
Removed Parameter Published:23-Apr-2014 from Part TVS8
Removed Parameter Publisher:Altium Limited from Part TP67
Removed Parameter Publisher:Altium Limited from Part TP69
Removed Parameter Publisher:Altium Limited from Part TP70
Removed Parameter Publisher:Altium Limited from Part TP71
Removed Parameter Publisher:Altium Limited from Part TP72
Removed Parameter Publisher:Altium Limited from Part TP73
Removed Parameter Publisher:Altium Limited from Part TP84
Removed Parameter Publisher:Altium Limited from Part TP93
Removed Parameter Publisher:Altium Limited from Part TP94
Removed Parameter Publisher:Altium Limited from Part TP95
Removed Parameter Publisher:Altium Limited from Part TP96
Removed Parameter Publisher:Ultimachine from Part C60
Removed Parameter Publisher:UltiMachine from Part C61
Removed Parameter Publisher:UltiMachine from Part C62
Removed Parameter Publisher:UltiMachine from Part C64
Removed Parameter Publisher:UltiMachine from Part C74
Removed Parameter Publisher:UltiMachine from Part C75
Removed Parameter Publisher:UltiMachine from Part C78
Removed Parameter Publisher:UltiMachine from Part C79
Removed Parameter Publisher:UltiMachine from Part C83
Removed Parameter Publisher:Ultimachine from Part C85
Removed Parameter Publisher:Ultimachine from Part C107
Removed Parameter Publisher:UltiMachine from Part C109
Removed Parameter Publisher:UltiMachine from Part C111
Removed Parameter Publisher:UltiMachine from Part C122
Removed Parameter Publisher:Ultimachine from Part C123
Removed Parameter Publisher:UltiMachine from Part FB5
Removed Parameter Publisher:UltiMachine from Part FB6
Removed Parameter Publisher:UltiMachine from Part FB7
Removed Parameter Publisher:UltiMachine from Part FB8
Removed Parameter Publisher:UltiMachine from Part FB21
Removed Parameter Publisher:UltiMachine from Part R89
Removed Parameter Publisher:UltiMachine from Part R107
Removed Parameter Publisher:UltiMachine from Part R108
Removed Parameter Publisher:UltiMachine from Part R111
Removed Parameter Publisher:UltiMachine from Part R117
Removed Parameter Publisher:UltiMachine from Part TVS5
Removed Parameter Publisher:UltiMachine from Part TVS6
Removed Parameter Publisher:UltiMachine from Part TVS7
Removed Parameter Publisher:UltiMachine from Part TVS8
