Change Value of Parameter EE Spec in Part C60 Old=Voltage New=EE Spec
Change Value of Parameter EE Spec in Part C61 Old=Voltage New=EE Spec
Change Value of Parameter EE Spec in Part C62 Old=Voltage New=EE Spec
Change Value of Parameter EE Spec in Part C64 Old=Voltage New=EE Spec
Change Value of Parameter EE Spec in Part C74 Old=Voltage New=EE Spec
Change Value of Parameter EE Spec in Part C75 Old=Voltage New=EE Spec
Change Value of Parameter EE Spec in Part C78 Old=Voltage New=EE Spec
Change Value of Parameter EE Spec in Part C79 Old=Voltage New=EE Spec
Change Value of Parameter EE Spec in Part C83 Old=Voltage New=EE Spec
Change Value of Parameter EE Spec in Part C85 Old=Voltage New=EE Spec
Change Value of Parameter EE Spec in Part C90 Old=Voltage New=EE Spec
Change Value of Parameter EE Spec in Part C107 Old=Voltage New=EE Spec
Change Value of Parameter EE Spec in Part C109 Old=Voltage New=EE Spec
Change Value of Parameter EE Spec in Part C111 Old=Voltage New=EE Spec
Change Value of Parameter EE Spec in Part C122 Old=Voltage New=EE Spec
Change Value of Parameter EE Spec in Part C123 Old=Voltage New=EE Spec
Change Value of Parameter EE Spec in Part FB5 Old=Voltage New=EE Spec
Change Value of Parameter EE Spec in Part FB6 Old=Voltage New=EE Spec
Change Value of Parameter EE Spec in Part FB7 Old=Voltage New=EE Spec
Change Value of Parameter EE Spec in Part FB8 Old=Voltage New=EE Spec
Change Value of Parameter EE Spec in Part FB21 Old=Voltage New=EE Spec
Change Value of Parameter EE Spec in Part J24 Old=Voltage New=EE Spec
Change Value of Parameter EE Spec in Part J25 Old=Voltage New=EE Spec
Change Value of Parameter EE Spec in Part R89 Old=Voltage New=EE Spec
Change Value of Parameter EE Spec in Part R107 Old=Voltage New=EE Spec
Change Value of Parameter EE Spec in Part R108 Old=Voltage New=EE Spec
Change Value of Parameter EE Spec in Part R111 Old=Voltage New=EE Spec
Change Value of Parameter EE Spec in Part R117 Old=Voltage New=EE Spec
Change Value of Parameter EE Spec in Part R125 Old=Voltage New=EE Spec
Change Value of Parameter EE Spec in Part R126 Old=Voltage New=EE Spec
Change Value of Parameter EE Spec in Part TP67 Old=Voltage New=EE Spec
Change Value of Parameter EE Spec in Part TP69 Old=Voltage New=EE Spec
Change Value of Parameter EE Spec in Part TP70 Old=Voltage New=EE Spec
Change Value of Parameter EE Spec in Part TP71 Old=Voltage New=EE Spec
Change Value of Parameter EE Spec in Part TP72 Old=Voltage New=EE Spec
Change Value of Parameter EE Spec in Part TP73 Old=Voltage New=EE Spec
Change Value of Parameter EE Spec in Part TP84 Old=Voltage New=EE Spec
Change Value of Parameter EE Spec in Part TP93 Old=Voltage New=EE Spec
Change Value of Parameter EE Spec in Part TP94 Old=Voltage New=EE Spec
Change Value of Parameter EE Spec in Part TP95 Old=Voltage New=EE Spec
Change Value of Parameter EE Spec in Part TP96 Old=Voltage New=EE Spec
Change Value of Parameter EE Spec in Part TVS5 Old=Voltage New=EE Spec
Change Value of Parameter EE Spec in Part TVS6 Old=Voltage New=EE Spec
Change Value of Parameter EE Spec in Part TVS7 Old=Voltage New=EE Spec
Change Value of Parameter EE Spec in Part TVS8 Old=Voltage New=EE Spec
Change Value of Parameter EE Spec in Part U15 Old=Voltage New=EE Spec
