Change Value of Parameter PART in Part C101 Old= New=10nF 50V X7R 0402
Change Value of Parameter Part Description in Part C101 Old=CAP CER 10000PF 50V X7R 0402 New=10000pF ±5% 50V Ceramic Capacitor X7R 0402 (1005 Metric)
Change Value of Parameter Tolerance in Part C101 Old=10% New=5%
Change Value of Parameter Value in Part C101 Old=0.01uF 50V New=10nF
Change Value of Parameter Voltage in Part C101 Old=6.3VDC New=50V
Change Value of Parameter PART in Part C105 Old= New=10nF 50V X7R 0402
Change Value of Parameter Part Description in Part C105 Old=CAP CER 10000PF 50V X7R 0402 New=10000pF ±5% 50V Ceramic Capacitor X7R 0402 (1005 Metric)
Change Value of Parameter Tolerance in Part C105 Old=10% New=5%
Change Value of Parameter Value in Part C105 Old=0.01uF 50V New=10nF
Change Value of Parameter Voltage in Part C105 Old=6.3VDC New=50V
Change Value of Parameter PART in Part C124 Old= New=10nF 50V X7R 0402
Change Value of Parameter Part Description in Part C124 Old=CAP CER 10000PF 50V X7R 0402 New=10000pF ±5% 50V Ceramic Capacitor X7R 0402 (1005 Metric)
Change Value of Parameter Tolerance in Part C124 Old=10% New=5%
Change Value of Parameter Value in Part C124 Old=0.01uF 50V New=10nF
Change Value of Parameter Voltage in Part C124 Old=6.3VDC New=50V
Change Value of Parameter DISTRIBUTOR # in Part C141 Old= New=490-1303-2-ND
Change Value of Parameter DISTRIBUTOR in Part C141 Old= New=Digikey
Change Value of Parameter Manufacturer in Part C141 Old= New=Murata
Change Value of Parameter PART in Part C141 Old= New=1nF 50V X7R 0402
Change Value of Parameter Part Description in Part C141 Old= New=1000pF ±10% 50V Ceramic Capacitor X7R 0402 (1005 Metric)
Change Value of Parameter Tolerance in Part C141 Old= New=10%
Change Value of Parameter Voltage in Part C141 Old= New=50V
Change Value of Parameter DISTRIBUTOR # in Part C142 Old= New=490-1303-2-ND
Change Value of Parameter DISTRIBUTOR in Part C142 Old= New=Digikey
Change Value of Parameter Manufacturer in Part C142 Old= New=Murata
Change Value of Parameter PART in Part C142 Old= New=1nF 50V X7R 0402
Change Value of Parameter Part Description in Part C142 Old= New=1000pF ±10% 50V Ceramic Capacitor X7R 0402 (1005 Metric)
Change Value of Parameter Tolerance in Part C142 Old= New=10%
Change Value of Parameter Voltage in Part C142 Old= New=50V
Change Value of Parameter DISTRIBUTOR # in Part C143 Old= New=490-1303-2-ND
Change Value of Parameter DISTRIBUTOR in Part C143 Old= New=Digikey
Change Value of Parameter Manufacturer in Part C143 Old= New=Murata
Change Value of Parameter PART in Part C143 Old= New=1nF 50V X7R 0402
Change Value of Parameter Part Description in Part C143 Old= New=1000pF ±10% 50V Ceramic Capacitor X7R 0402 (1005 Metric)
Change Value of Parameter Tolerance in Part C143 Old= New=10%
Change Value of Parameter Voltage in Part C143 Old= New=50V
Change Value of Parameter DISTRIBUTOR # in Part C144 Old= New=490-1303-2-ND
Change Value of Parameter DISTRIBUTOR in Part C144 Old= New=Digikey
Change Value of Parameter Manufacturer in Part C144 Old= New=Murata
Change Value of Parameter PART in Part C144 Old= New=1nF 50V X7R 0402
Change Value of Parameter Part Description in Part C144 Old= New=1000pF ±10% 50V Ceramic Capacitor X7R 0402 (1005 Metric)
Change Value of Parameter Tolerance in Part C144 Old= New=10%
Change Value of Parameter Voltage in Part C144 Old= New=50V
Change Value of Parameter DISTRIBUTOR # in Part C145 Old= New=490-1303-2-ND
Change Value of Parameter DISTRIBUTOR in Part C145 Old= New=Digikey
Change Value of Parameter Manufacturer in Part C145 Old= New=Murata
Change Value of Parameter PART in Part C145 Old= New=1nF 50V X7R 0402
Change Value of Parameter Part Description in Part C145 Old= New=1000pF ±10% 50V Ceramic Capacitor X7R 0402 (1005 Metric)
Change Value of Parameter Tolerance in Part C145 Old= New=10%
Change Value of Parameter Voltage in Part C145 Old= New=50V
Change Value of Parameter DISTRIBUTOR # in Part C146 Old= New=490-1303-2-ND
Change Value of Parameter DISTRIBUTOR in Part C146 Old= New=Digikey
Change Value of Parameter Manufacturer in Part C146 Old= New=Murata
Change Value of Parameter PART in Part C146 Old= New=1nF 50V X7R 0402
Change Value of Parameter Part Description in Part C146 Old= New=1000pF ±10% 50V Ceramic Capacitor X7R 0402 (1005 Metric)
Change Value of Parameter Tolerance in Part C146 Old= New=10%
Change Value of Parameter Voltage in Part C146 Old= New=50V
Change Value of Parameter DISTRIBUTOR # in Part C147 Old= New=490-1303-2-ND
Change Value of Parameter DISTRIBUTOR in Part C147 Old= New=Digikey
Change Value of Parameter Manufacturer in Part C147 Old= New=Murata
Change Value of Parameter PART in Part C147 Old= New=1nF 50V X7R 0402
Change Value of Parameter Part Description in Part C147 Old= New=1000pF ±10% 50V Ceramic Capacitor X7R 0402 (1005 Metric)
Change Value of Parameter Tolerance in Part C147 Old= New=10%
Change Value of Parameter Voltage in Part C147 Old= New=50V
Change Value of Parameter DISTRIBUTOR # in Part C148 Old= New=490-1303-2-ND
Change Value of Parameter DISTRIBUTOR in Part C148 Old= New=Digikey
Change Value of Parameter Manufacturer in Part C148 Old= New=Murata
Change Value of Parameter PART in Part C148 Old= New=1nF 50V X7R 0402
Change Value of Parameter Part Description in Part C148 Old= New=1000pF ±10% 50V Ceramic Capacitor X7R 0402 (1005 Metric)
Change Value of Parameter Tolerance in Part C148 Old= New=10%
Change Value of Parameter Voltage in Part C148 Old= New=50V
