Change Value of Parameter PART in Part C60 Old= New=10nF 50V X7R 0402
Change Value of Parameter Part Description in Part C60 Old=CAP CER 10000PF 50V X7R 0402 New=10000pF ±5% 50V Ceramic Capacitor X7R 0402 (1005 Metric)
Change Value of Parameter Tolerance in Part C60 Old=10% New=5%
Change Value of Parameter Value in Part C60 Old=0.01uF 50V New=10nF
Change Value of Parameter Voltage in Part C60 Old=6.3VDC New=50V
Change Value of Parameter DISTRIBUTOR # in Part C61 Old= New=490-1303-2-ND
Change Value of Parameter DISTRIBUTOR in Part C61 Old= New=Digikey
Change Value of Parameter Manufacturer in Part C61 Old= New=Murata
Change Value of Parameter PART in Part C61 Old= New=1nF 50V X7R 0402
Change Value of Parameter Part Description in Part C61 Old= New=1000pF ±10% 50V Ceramic Capacitor X7R 0402 (1005 Metric)
Change Value of Parameter Tolerance in Part C61 Old= New=10%
Change Value of Parameter Voltage in Part C61 Old= New=50V
Change Value of Parameter DISTRIBUTOR # in Part C62 Old= New=490-1303-2-ND
Change Value of Parameter DISTRIBUTOR in Part C62 Old= New=Digikey
Change Value of Parameter Manufacturer in Part C62 Old= New=Murata
Change Value of Parameter PART in Part C62 Old= New=1nF 50V X7R 0402
Change Value of Parameter Part Description in Part C62 Old= New=1000pF ±10% 50V Ceramic Capacitor X7R 0402 (1005 Metric)
Change Value of Parameter Tolerance in Part C62 Old= New=10%
Change Value of Parameter Voltage in Part C62 Old= New=50V
Change Value of Parameter DISTRIBUTOR # in Part C64 Old= New=490-1303-2-ND
Change Value of Parameter DISTRIBUTOR in Part C64 Old= New=Digikey
Change Value of Parameter Manufacturer in Part C64 Old= New=Murata
Change Value of Parameter PART in Part C64 Old= New=1nF 50V X7R 0402
Change Value of Parameter Part Description in Part C64 Old= New=1000pF ±10% 50V Ceramic Capacitor X7R 0402 (1005 Metric)
Change Value of Parameter Tolerance in Part C64 Old= New=10%
Change Value of Parameter Voltage in Part C64 Old= New=50V
Change Value of Parameter DISTRIBUTOR # in Part C74 Old= New=490-1303-2-ND
Change Value of Parameter DISTRIBUTOR in Part C74 Old= New=Digikey
Change Value of Parameter Manufacturer in Part C74 Old= New=Murata
Change Value of Parameter PART in Part C74 Old= New=1nF 50V X7R 0402
Change Value of Parameter Part Description in Part C74 Old= New=1000pF ±10% 50V Ceramic Capacitor X7R 0402 (1005 Metric)
Change Value of Parameter Tolerance in Part C74 Old= New=10%
Change Value of Parameter Voltage in Part C74 Old= New=50V
Change Value of Parameter DISTRIBUTOR # in Part C75 Old= New=490-1303-2-ND
Change Value of Parameter DISTRIBUTOR in Part C75 Old= New=Digikey
Change Value of Parameter Manufacturer in Part C75 Old= New=Murata
Change Value of Parameter PART in Part C75 Old= New=1nF 50V X7R 0402
Change Value of Parameter Part Description in Part C75 Old= New=1000pF ±10% 50V Ceramic Capacitor X7R 0402 (1005 Metric)
Change Value of Parameter Tolerance in Part C75 Old= New=10%
Change Value of Parameter Voltage in Part C75 Old= New=50V
Change Value of Parameter DISTRIBUTOR # in Part C78 Old= New=490-1303-2-ND
Change Value of Parameter DISTRIBUTOR in Part C78 Old= New=Digikey
Change Value of Parameter Manufacturer in Part C78 Old= New=Murata
Change Value of Parameter PART in Part C78 Old= New=1nF 50V X7R 0402
Change Value of Parameter Part Description in Part C78 Old= New=1000pF ±10% 50V Ceramic Capacitor X7R 0402 (1005 Metric)
Change Value of Parameter Tolerance in Part C78 Old= New=10%
Change Value of Parameter Voltage in Part C78 Old= New=50V
Change Value of Parameter DISTRIBUTOR # in Part C79 Old= New=490-1303-2-ND
Change Value of Parameter DISTRIBUTOR in Part C79 Old= New=Digikey
Change Value of Parameter Manufacturer in Part C79 Old= New=Murata
Change Value of Parameter PART in Part C79 Old= New=1nF 50V X7R 0402
Change Value of Parameter Part Description in Part C79 Old= New=1000pF ±10% 50V Ceramic Capacitor X7R 0402 (1005 Metric)
Change Value of Parameter Tolerance in Part C79 Old= New=10%
Change Value of Parameter Voltage in Part C79 Old= New=50V
Change Value of Parameter DISTRIBUTOR # in Part C83 Old= New=490-1303-2-ND
Change Value of Parameter DISTRIBUTOR in Part C83 Old= New=Digikey
Change Value of Parameter Manufacturer in Part C83 Old= New=Murata
Change Value of Parameter PART in Part C83 Old= New=1nF 50V X7R 0402
Change Value of Parameter Part Description in Part C83 Old= New=1000pF ±10% 50V Ceramic Capacitor X7R 0402 (1005 Metric)
Change Value of Parameter Tolerance in Part C83 Old= New=10%
Change Value of Parameter Voltage in Part C83 Old= New=50V
Change Value of Parameter PART in Part C107 Old= New=10nF 50V X7R 0402
Change Value of Parameter Part Description in Part C107 Old=CAP CER 10000PF 50V X7R 0402 New=10000pF ±5% 50V Ceramic Capacitor X7R 0402 (1005 Metric)
Change Value of Parameter Tolerance in Part C107 Old=10% New=5%
Change Value of Parameter Value in Part C107 Old=0.01uF 50V New=10nF
Change Value of Parameter Voltage in Part C107 Old=6.3VDC New=50V
Change Value of Parameter PART in Part C123 Old= New=10nF 50V X7R 0402
Change Value of Parameter Part Description in Part C123 Old=CAP CER 10000PF 50V X7R 0402 New=10000pF ±5% 50V Ceramic Capacitor X7R 0402 (1005 Metric)
Change Value of Parameter Tolerance in Part C123 Old=10% New=5%
Change Value of Parameter Value in Part C123 Old=0.01uF 50V New=10nF
Change Value of Parameter Voltage in Part C123 Old=6.3VDC New=50V
