Removed Parameter Height:0.5 ±0.05mm from Part C87
Removed Parameter Height:0.5 ±0.05mm from Part C91
Removed Parameter Height:0.5 ±0.05mm from Part C92
Removed Parameter Height:0.5 ±0.05mm from Part C149
Removed Parameter Height:1.2mm from Part U13
Removed Parameter Height:7.70mm from Part C88
Removed Parameter LatestRevisionDate:10 - Dec - 2014 from Part C87
Removed Parameter LatestRevisionDate:10 - Dec - 2014 from Part C91
Removed Parameter LatestRevisionDate:10 - Dec - 2014 from Part C92
Removed Parameter LatestRevisionDate:10 - Dec - 2014 from Part C149
Removed Parameter LatestRevisionDate:17-Jul-2002 from Part TP1
Removed Parameter LatestRevisionDate:17-Jul-2002 from Part TP2
Removed Parameter LatestRevisionDate:17-Jul-2002 from Part TP18
Removed Parameter LatestRevisionDate:17-Jul-2002 from Part TP19
Removed Parameter LatestRevisionDate:17-Jul-2002 from Part TP25
Removed Parameter LatestRevisionDate:17-Jul-2002 from Part TP80
Removed Parameter LatestRevisionDate:17-Jul-2002 from Part TP81
Removed Parameter LatestRevisionDate:17-Jul-2002 from Part TP82
Removed Parameter LatestRevisionDate:17-Jul-2002 from Part TP102
Removed Parameter LatestRevisionDate:17-Jul-2002 from Part TP103
Removed Parameter LatestRevisionDate:17-Jul-2002 from Part TP104
Removed Parameter LatestRevisionNote:Re-released for DXP Platform. from Part TP1
Removed Parameter LatestRevisionNote:Re-released for DXP Platform. from Part TP2
Removed Parameter LatestRevisionNote:Re-released for DXP Platform. from Part TP18
Removed Parameter LatestRevisionNote:Re-released for DXP Platform. from Part TP19
Removed Parameter LatestRevisionNote:Re-released for DXP Platform. from Part TP25
Removed Parameter LatestRevisionNote:Re-released for DXP Platform. from Part TP80
Removed Parameter LatestRevisionNote:Re-released for DXP Platform. from Part TP81
Removed Parameter LatestRevisionNote:Re-released for DXP Platform. from Part TP82
Removed Parameter LatestRevisionNote:Re-released for DXP Platform. from Part TP102
Removed Parameter LatestRevisionNote:Re-released for DXP Platform. from Part TP103
Removed Parameter LatestRevisionNote:Re-released for DXP Platform. from Part TP104
Removed Parameter LatestRevisionNote:Ultimachine Footprint Added from Part C87
Removed Parameter LatestRevisionNote:Ultimachine Footprint Added from Part C91
Removed Parameter LatestRevisionNote:Ultimachine Footprint Added from Part C92
Removed Parameter LatestRevisionNote:Ultimachine Footprint Added from Part C149
