Change Value of Parameter DISTRIBUTOR # in Part C109 Old= New=399-5089-2-ND
Change Value of Parameter DISTRIBUTOR in Part C109 Old= New=Digikey
Change Value of Parameter Manufacturer in Part C109 Old= New=Kemet
Change Value of Parameter PART in Part C109 Old= New=100nF 50V X7R 0603
Change Value of Parameter Part Description in Part C109 Old= New=0.10µF ±10% 50V Ceramic Capacitor X7R 0603 (1608 Metric)
Change Value of Parameter Tolerance in Part C109 Old= New=10%
Change Value of Parameter Voltage in Part C109 Old= New=50V 
Change Value of Parameter DISTRIBUTOR # in Part C122 Old= New=399-5089-2-ND
Change Value of Parameter DISTRIBUTOR in Part C122 Old= New=Digikey
Change Value of Parameter Manufacturer in Part C122 Old= New=Kemet
Change Value of Parameter PART in Part C122 Old= New=100nF 50V X7R 0603
Change Value of Parameter Part Description in Part C122 Old= New=0.10µF ±10% 50V Ceramic Capacitor X7R 0603 (1608 Metric)
Change Value of Parameter Tolerance in Part C122 Old= New=10%
Change Value of Parameter Voltage in Part C122 Old= New=50V 
Change Value of Parameter DISTRIBUTOR # in Part FB5 Old= New=1276-6350-2-ND
Change Value of Parameter DISTRIBUTOR in Part FB5 Old= New=Digikey
Change Value of Parameter PART in Part FB5 Old= New=Ferrite 220R 0603
Change Value of Parameter Part Description in Part FB5 Old= New=FERRITE BEAD 220 OHM 0603 1LN
Change Value of Parameter Tolerance in Part FB5 Old= New=-NA-
Change Value of Parameter Value in Part FB5 Old=220R New=220Rfb
Change Value of Parameter Voltage in Part FB5 Old= New=2.5A
Change Value of Parameter DISTRIBUTOR # in Part FB6 Old= New=1276-6350-2-ND
Change Value of Parameter DISTRIBUTOR in Part FB6 Old= New=Digikey
Change Value of Parameter PART in Part FB6 Old= New=Ferrite 220R 0603
Change Value of Parameter Part Description in Part FB6 Old= New=FERRITE BEAD 220 OHM 0603 1LN
Change Value of Parameter Tolerance in Part FB6 Old= New=-NA-
Change Value of Parameter Value in Part FB6 Old=220R New=220Rfb
Change Value of Parameter Voltage in Part FB6 Old= New=2.5A
Change Value of Parameter DISTRIBUTOR # in Part FB7 Old= New=1276-6350-2-ND
Change Value of Parameter DISTRIBUTOR in Part FB7 Old= New=Digikey
Change Value of Parameter PART in Part FB7 Old= New=Ferrite 220R 0603
Change Value of Parameter Part Description in Part FB7 Old= New=FERRITE BEAD 220 OHM 0603 1LN
Change Value of Parameter Tolerance in Part FB7 Old= New=-NA-
Change Value of Parameter Value in Part FB7 Old=220R New=220Rfb
Change Value of Parameter Voltage in Part FB7 Old= New=2.5A
Change Value of Parameter DISTRIBUTOR # in Part FB8 Old= New=1276-6350-2-ND
Change Value of Parameter DISTRIBUTOR in Part FB8 Old= New=Digikey
Change Value of Parameter PART in Part FB8 Old= New=Ferrite 220R 0603
Change Value of Parameter Part Description in Part FB8 Old= New=FERRITE BEAD 220 OHM 0603 1LN
Change Value of Parameter Tolerance in Part FB8 Old= New=-NA-
Change Value of Parameter Value in Part FB8 Old=220R New=220Rfb
Change Value of Parameter Voltage in Part FB8 Old= New=2.5A
Change Value of Parameter DISTRIBUTOR # in Part FB21 Old= New=1276-6350-2-ND
Change Value of Parameter DISTRIBUTOR in Part FB21 Old= New=Digikey
Change Value of Parameter PART in Part FB21 Old= New=Ferrite 220R 0603
Change Value of Parameter Part Description in Part FB21 Old= New=FERRITE BEAD 220 OHM 0603 1LN
Change Value of Parameter Tolerance in Part FB21 Old= New=-NA-
Change Value of Parameter Value in Part FB21 Old=220R New=220Rfb
Change Value of Parameter Voltage in Part FB21 Old= New=2.5A
