Added Parameter DISTRIBUTOR #= to Part C47
Added Parameter DISTRIBUTOR #= to Part C48
Added Parameter DISTRIBUTOR #= to Part C58
Added Parameter DISTRIBUTOR #= to Part C59
Added Parameter DISTRIBUTOR #= to Part C88
Added Parameter DISTRIBUTOR #= to Part C89
Added Parameter DISTRIBUTOR #= to Part C91
Added Parameter DISTRIBUTOR #= to Part C96
Added Parameter DISTRIBUTOR #= to Part C97
Added Parameter DISTRIBUTOR #= to Part C98
Added Parameter DISTRIBUTOR #= to Part C99
Added Parameter DISTRIBUTOR #= to Part C114
Added Parameter DISTRIBUTOR #= to Part C118
Added Parameter DISTRIBUTOR #= to Part FB1
Added Parameter DISTRIBUTOR #= to Part FB2
Added Parameter DISTRIBUTOR #= to Part FB3
Added Parameter DISTRIBUTOR #= to Part FB4
Added Parameter DISTRIBUTOR #= to Part FB22
Added Parameter DISTRIBUTOR #= to Part J22
Added Parameter DISTRIBUTOR #= to Part R56
Added Parameter DISTRIBUTOR #= to Part R57
Added Parameter DISTRIBUTOR #= to Part R59
Added Parameter DISTRIBUTOR #= to Part R129
Added Parameter DISTRIBUTOR #= to Part TP1
Added Parameter DISTRIBUTOR #= to Part TP2
Added Parameter DISTRIBUTOR #= to Part TP18
Added Parameter DISTRIBUTOR #= to Part TP19
Added Parameter DISTRIBUTOR #= to Part TP25
Added Parameter DISTRIBUTOR #= to Part TP80
Added Parameter DISTRIBUTOR #= to Part TP81
Added Parameter DISTRIBUTOR #= to Part TP82
Added Parameter DISTRIBUTOR #= to Part TP102
Added Parameter DISTRIBUTOR #= to Part TP103
Added Parameter DISTRIBUTOR #= to Part TP104
Added Parameter DISTRIBUTOR #= to Part TVS1
Added Parameter DISTRIBUTOR #= to Part TVS2
Added Parameter DISTRIBUTOR #= to Part TVS3
Added Parameter DISTRIBUTOR #= to Part TVS4
Added Parameter DISTRIBUTOR #= to Part U13
Added Parameter DISTRIBUTOR= to Part C47
Added Parameter DISTRIBUTOR= to Part C48
Added Parameter DISTRIBUTOR= to Part C58
Added Parameter DISTRIBUTOR= to Part C59
Added Parameter DISTRIBUTOR= to Part C88
Added Parameter DISTRIBUTOR= to Part C89
Added Parameter DISTRIBUTOR= to Part C91
Added Parameter DISTRIBUTOR= to Part C96
Added Parameter DISTRIBUTOR= to Part C97
Added Parameter DISTRIBUTOR= to Part C98
Added Parameter DISTRIBUTOR= to Part C99
Added Parameter DISTRIBUTOR= to Part C114
Added Parameter DISTRIBUTOR= to Part C118
Added Parameter DISTRIBUTOR= to Part FB1
Added Parameter DISTRIBUTOR= to Part FB2
Added Parameter DISTRIBUTOR= to Part FB3
Added Parameter DISTRIBUTOR= to Part FB4
Added Parameter DISTRIBUTOR= to Part FB22
Added Parameter DISTRIBUTOR= to Part J22
Added Parameter DISTRIBUTOR= to Part R56
Added Parameter DISTRIBUTOR= to Part R57
Added Parameter DISTRIBUTOR= to Part R59
Added Parameter DISTRIBUTOR= to Part R129
Added Parameter DISTRIBUTOR= to Part TP1
Added Parameter DISTRIBUTOR= to Part TP2
Added Parameter DISTRIBUTOR= to Part TP18
Added Parameter DISTRIBUTOR= to Part TP19
Added Parameter DISTRIBUTOR= to Part TP25
Added Parameter DISTRIBUTOR= to Part TP80
Added Parameter DISTRIBUTOR= to Part TP81
Added Parameter DISTRIBUTOR= to Part TP82
Added Parameter DISTRIBUTOR= to Part TP102
Added Parameter DISTRIBUTOR= to Part TP103
Added Parameter DISTRIBUTOR= to Part TP104
Added Parameter DISTRIBUTOR= to Part TVS1
Added Parameter DISTRIBUTOR= to Part TVS2
Added Parameter DISTRIBUTOR= to Part TVS3
Added Parameter DISTRIBUTOR= to Part TVS4
Added Parameter DISTRIBUTOR= to Part U13
Added Parameter PART= to Part C47
Added Parameter PART= to Part C48
Added Parameter PART= to Part C58
Added Parameter PART= to Part C59
Added Parameter PART= to Part C87
Added Parameter PART= to Part C88
Added Parameter PART= to Part C89
Added Parameter PART= to Part C91
Added Parameter PART= to Part C92
Added Parameter PART= to Part C96
Added Parameter PART= to Part C97
Added Parameter PART= to Part C98
Added Parameter PART= to Part C99
Added Parameter PART= to Part C114
Added Parameter PART= to Part C118
Added Parameter PART= to Part C149
Added Parameter PART= to Part FB1
Added Parameter PART= to Part FB2
Added Parameter PART= to Part FB3
Added Parameter PART= to Part FB4
Added Parameter PART= to Part FB22
Added Parameter PART= to Part J22
Added Parameter PART= to Part R56
Added Parameter PART= to Part R57
Added Parameter PART= to Part R58
Added Parameter PART= to Part R59
Added Parameter PART= to Part R121
Added Parameter PART= to Part R122
Added Parameter PART= to Part R129
Added Parameter PART= to Part TP1
Added Parameter PART= to Part TP2
Added Parameter PART= to Part TP18
Added Parameter PART= to Part TP19
Added Parameter PART= to Part TP25
Added Parameter PART= to Part TP80
Added Parameter PART= to Part TP81
Added Parameter PART= to Part TP82
Added Parameter PART= to Part TP102
Added Parameter PART= to Part TP103
Added Parameter PART= to Part TP104
Added Parameter PART= to Part TVS1
Added Parameter PART= to Part TVS2
Added Parameter PART= to Part TVS3
Added Parameter PART= to Part TVS4
Added Parameter PART= to Part U13
Added Parameter Part Description= to Part C47
Added Parameter Part Description= to Part C48
Added Parameter Part Description= to Part C58
Added Parameter Part Description= to Part C59
Added Parameter Part Description= to Part C88
Added Parameter Part Description= to Part C89
Added Parameter Part Description= to Part C96
Added Parameter Part Description= to Part C97
Added Parameter Part Description= to Part C98
Added Parameter Part Description= to Part C99
Added Parameter Part Description= to Part C114
Added Parameter Part Description= to Part C118
Added Parameter Part Description= to Part FB1
Added Parameter Part Description= to Part FB2
Added Parameter Part Description= to Part FB3
Added Parameter Part Description= to Part FB4
Added Parameter Part Description= to Part FB22
Added Parameter Part Description= to Part J22
Added Parameter Part Description= to Part R56
Added Parameter Part Description= to Part R57
Added Parameter Part Description= to Part R58
Added Parameter Part Description= to Part R59
Added Parameter Part Description= to Part R121
Added Parameter Part Description= to Part R122
Added Parameter Part Description= to Part R129
Added Parameter Part Description= to Part TP1
Added Parameter Part Description= to Part TP2
Added Parameter Part Description= to Part TP18
Added Parameter Part Description= to Part TP19
Added Parameter Part Description= to Part TP25
Added Parameter Part Description= to Part TP80
Added Parameter Part Description= to Part TP81
Added Parameter Part Description= to Part TP82
Added Parameter Part Description= to Part TP102
Added Parameter Part Description= to Part TP103
Added Parameter Part Description= to Part TP104
Added Parameter Part Description= to Part TVS1
Added Parameter Part Description= to Part TVS2
Added Parameter Part Description= to Part TVS3
Added Parameter Part Description= to Part TVS4
Added Parameter Part Description= to Part U13
Added Parameter Tolerance= to Part C47
Added Parameter Tolerance= to Part C48
Added Parameter Tolerance= to Part C58
Added Parameter Tolerance= to Part C59
Added Parameter Tolerance= to Part C88
Added Parameter Tolerance= to Part C89
Added Parameter Tolerance= to Part C96
Added Parameter Tolerance= to Part C97
Added Parameter Tolerance= to Part C98
Added Parameter Tolerance= to Part C99
Added Parameter Tolerance= to Part C114
Added Parameter Tolerance= to Part C118
Added Parameter Tolerance= to Part FB1
Added Parameter Tolerance= to Part FB2
Added Parameter Tolerance= to Part FB3
Added Parameter Tolerance= to Part FB4
Added Parameter Tolerance= to Part FB22
Added Parameter Tolerance= to Part J22
Added Parameter Tolerance= to Part R56
Added Parameter Tolerance= to Part R57
Added Parameter Tolerance= to Part R58
Added Parameter Tolerance= to Part R59
Added Parameter Tolerance= to Part R121
Added Parameter Tolerance= to Part R122
Added Parameter Tolerance= to Part R129
Added Parameter Tolerance= to Part TP1
Added Parameter Tolerance= to Part TP2
Added Parameter Tolerance= to Part TP18
Added Parameter Tolerance= to Part TP19
Added Parameter Tolerance= to Part TP25
Added Parameter Tolerance= to Part TP80
Added Parameter Tolerance= to Part TP81
Added Parameter Tolerance= to Part TP82
Added Parameter Tolerance= to Part TP102
Added Parameter Tolerance= to Part TP103
Added Parameter Tolerance= to Part TP104
Added Parameter Tolerance= to Part TVS1
Added Parameter Tolerance= to Part TVS2
Added Parameter Tolerance= to Part TVS3
Added Parameter Tolerance= to Part TVS4
Added Parameter Value= to Part J22
Added Parameter Value= to Part TP1
Added Parameter Value= to Part TP2
Added Parameter Value= to Part TP18
Added Parameter Value= to Part TP19
Added Parameter Value= to Part TP25
Added Parameter Value= to Part TP80
Added Parameter Value= to Part TP81
Added Parameter Value= to Part TP82
Added Parameter Value= to Part TP102
Added Parameter Value= to Part TP103
Added Parameter Value= to Part TP104
Added Parameter Value= to Part U13
Added Parameter Voltage= to Part C47
Added Parameter Voltage= to Part C48
Added Parameter Voltage= to Part C58
Added Parameter Voltage= to Part C59
Added Parameter Voltage= to Part C88
Added Parameter Voltage= to Part C89
Added Parameter Voltage= to Part C96
Added Parameter Voltage= to Part C97
Added Parameter Voltage= to Part C98
Added Parameter Voltage= to Part C99
Added Parameter Voltage= to Part C114
Added Parameter Voltage= to Part C118
Added Parameter Voltage= to Part FB1
Added Parameter Voltage= to Part FB2
Added Parameter Voltage= to Part FB3
Added Parameter Voltage= to Part FB4
Added Parameter Voltage= to Part FB22
Added Parameter Voltage= to Part J22
Added Parameter Voltage= to Part R56
Added Parameter Voltage= to Part R57
Added Parameter Voltage= to Part R58
Added Parameter Voltage= to Part R59
Added Parameter Voltage= to Part R121
Added Parameter Voltage= to Part R122
Added Parameter Voltage= to Part R129
Added Parameter Voltage= to Part TP1
Added Parameter Voltage= to Part TP2
Added Parameter Voltage= to Part TP18
Added Parameter Voltage= to Part TP19
Added Parameter Voltage= to Part TP25
Added Parameter Voltage= to Part TP80
Added Parameter Voltage= to Part TP81
Added Parameter Voltage= to Part TP82
Added Parameter Voltage= to Part TP102
Added Parameter Voltage= to Part TP103
Added Parameter Voltage= to Part TP104
Added Parameter Voltage= to Part TVS1
Added Parameter Voltage= to Part TVS2
Added Parameter Voltage= to Part TVS3
Added Parameter Voltage= to Part TVS4
