Removed Parameter ComponentLink1Description: from Part C47
Removed Parameter ComponentLink1Description: from Part C48
Removed Parameter ComponentLink1Description: from Part C58
Removed Parameter ComponentLink1Description: from Part C59
Removed Parameter ComponentLink1Description: from Part C89
Removed Parameter ComponentLink1Description: from Part C96
Removed Parameter ComponentLink1Description: from Part C97
Removed Parameter ComponentLink1Description: from Part C98
Removed Parameter ComponentLink1Description: from Part C99
Removed Parameter ComponentLink1Description: from Part C114
Removed Parameter ComponentLink1Description: from Part C118
Removed Parameter ComponentLink1Description: from Part FB1
Removed Parameter ComponentLink1Description: from Part FB2
Removed Parameter ComponentLink1Description: from Part FB3
Removed Parameter ComponentLink1Description: from Part FB4
Removed Parameter ComponentLink1Description: from Part FB22
Removed Parameter ComponentLink1Description: from Part R56
Removed Parameter ComponentLink1Description: from Part R57
Removed Parameter ComponentLink1Description: from Part R58
Removed Parameter ComponentLink1Description: from Part R59
Removed Parameter ComponentLink1Description: from Part R129
Removed Parameter ComponentLink1Description: from Part TVS1
Removed Parameter ComponentLink1Description: from Part TVS2
Removed Parameter ComponentLink1Description: from Part TVS3
Removed Parameter ComponentLink1Description: from Part TVS4
Removed Parameter ComponentLink1URL: from Part C47
Removed Parameter ComponentLink1URL: from Part C48
Removed Parameter ComponentLink1URL: from Part C58
Removed Parameter ComponentLink1URL: from Part C59
Removed Parameter ComponentLink1URL: from Part C89
Removed Parameter ComponentLink1URL: from Part C96
Removed Parameter ComponentLink1URL: from Part C97
Removed Parameter ComponentLink1URL: from Part C98
Removed Parameter ComponentLink1URL: from Part C99
Removed Parameter ComponentLink1URL: from Part C114
Removed Parameter ComponentLink1URL: from Part C118
Removed Parameter ComponentLink1URL: from Part FB1
Removed Parameter ComponentLink1URL: from Part FB2
Removed Parameter ComponentLink1URL: from Part FB3
Removed Parameter ComponentLink1URL: from Part FB4
Removed Parameter ComponentLink1URL: from Part FB22
Removed Parameter ComponentLink1URL: from Part R56
Removed Parameter ComponentLink1URL: from Part R57
Removed Parameter ComponentLink1URL: from Part R58
Removed Parameter ComponentLink1URL: from Part R59
Removed Parameter ComponentLink1URL: from Part R129
Removed Parameter ComponentLink1URL: from Part TVS1
Removed Parameter ComponentLink1URL: from Part TVS2
Removed Parameter ComponentLink1URL: from Part TVS3
Removed Parameter ComponentLink1URL: from Part TVS4
Removed Parameter LastRevisionDate:23-Apr-2014 from Part C47
Removed Parameter LastRevisionDate:23-Apr-2014 from Part C48
Removed Parameter LastRevisionDate:23-Apr-2014 from Part C58
Removed Parameter LastRevisionDate:23-Apr-2014 from Part C59
Removed Parameter LastRevisionDate:23-Apr-2014 from Part C89
Removed Parameter LastRevisionDate:23-Apr-2014 from Part C96
Removed Parameter LastRevisionDate:23-Apr-2014 from Part C97
Removed Parameter LastRevisionDate:23-Apr-2014 from Part C98
Removed Parameter LastRevisionDate:23-Apr-2014 from Part C99
Removed Parameter LastRevisionDate:23-Apr-2014 from Part C114
Removed Parameter LastRevisionDate:23-Apr-2014 from Part C118
Removed Parameter LastRevisionDate:23-Apr-2014 from Part FB1
Removed Parameter LastRevisionDate:23-Apr-2014 from Part FB2
Removed Parameter LastRevisionDate:23-Apr-2014 from Part FB3
Removed Parameter LastRevisionDate:23-Apr-2014 from Part FB4
Removed Parameter LastRevisionDate:23-Apr-2014 from Part FB22
Removed Parameter LastRevisionDate:23-Apr-2014 from Part R56
Removed Parameter LastRevisionDate:23-Apr-2014 from Part R57
Removed Parameter LastRevisionDate:23-Apr-2014 from Part R58
Removed Parameter LastRevisionDate:23-Apr-2014 from Part R59
Removed Parameter LastRevisionDate:23-Apr-2014 from Part R129
Removed Parameter LastRevisionDate:23-Apr-2014 from Part TVS1
Removed Parameter LastRevisionDate:23-Apr-2014 from Part TVS2
Removed Parameter LastRevisionDate:23-Apr-2014 from Part TVS3
Removed Parameter LastRevisionDate:23-Apr-2014 from Part TVS4
Removed Parameter LastRevisionNote:ImportComponents from Part C47
Removed Parameter LastRevisionNote:ImportComponents from Part C48
Removed Parameter LastRevisionNote:ImportComponents from Part C58
Removed Parameter LastRevisionNote:ImportComponents from Part C59
Removed Parameter LastRevisionNote:ImportComponents from Part C89
Removed Parameter LastRevisionNote:ImportComponents from Part C96
Removed Parameter LastRevisionNote:ImportComponents from Part C97
Removed Parameter LastRevisionNote:ImportComponents from Part C98
Removed Parameter LastRevisionNote:ImportComponents from Part C99
Removed Parameter LastRevisionNote:ImportComponents from Part C114
Removed Parameter LastRevisionNote:ImportComponents from Part C118
Removed Parameter LastRevisionNote:ImportComponents from Part FB1
Removed Parameter LastRevisionNote:ImportComponents from Part FB2
Removed Parameter LastRevisionNote:ImportComponents from Part FB3
Removed Parameter LastRevisionNote:ImportComponents from Part FB4
Removed Parameter LastRevisionNote:ImportComponents from Part FB22
Removed Parameter LastRevisionNote:ImportComponents from Part R56
Removed Parameter LastRevisionNote:ImportComponents from Part R57
Removed Parameter LastRevisionNote:ImportComponents from Part R58
Removed Parameter LastRevisionNote:ImportComponents from Part R59
Removed Parameter LastRevisionNote:ImportComponents from Part R129
Removed Parameter LastRevisionNote:ImportComponents from Part TVS1
Removed Parameter LastRevisionNote:ImportComponents from Part TVS2
Removed Parameter LastRevisionNote:ImportComponents from Part TVS3
Removed Parameter LastRevisionNote:ImportComponents from Part TVS4
Removed Parameter Published:10 - Dec - 2014 from Part C87
Removed Parameter Published:10 - Dec - 2014 from Part C91
Removed Parameter Published:10 - Dec - 2014 from Part C92
Removed Parameter Published:10 - Dec - 2014 from Part C149
Removed Parameter Published:23-Apr-2014 from Part C47
Removed Parameter Published:23-Apr-2014 from Part C48
Removed Parameter Published:23-Apr-2014 from Part C58
Removed Parameter Published:23-Apr-2014 from Part C59
Removed Parameter Published:23-Apr-2014 from Part C89
Removed Parameter Published:23-Apr-2014 from Part C96
Removed Parameter Published:23-Apr-2014 from Part C97
Removed Parameter Published:23-Apr-2014 from Part C98
Removed Parameter Published:23-Apr-2014 from Part C99
Removed Parameter Published:23-Apr-2014 from Part C114
Removed Parameter Published:23-Apr-2014 from Part C118
Removed Parameter Published:23-Apr-2014 from Part FB1
Removed Parameter Published:23-Apr-2014 from Part FB2
Removed Parameter Published:23-Apr-2014 from Part FB3
Removed Parameter Published:23-Apr-2014 from Part FB4
Removed Parameter Published:23-Apr-2014 from Part FB22
Removed Parameter Published:23-Apr-2014 from Part R56
Removed Parameter Published:23-Apr-2014 from Part R57
Removed Parameter Published:23-Apr-2014 from Part R58
Removed Parameter Published:23-Apr-2014 from Part R59
Removed Parameter Published:23-Apr-2014 from Part R129
Removed Parameter Published:23-Apr-2014 from Part TVS1
Removed Parameter Published:23-Apr-2014 from Part TVS2
Removed Parameter Published:23-Apr-2014 from Part TVS3
Removed Parameter Published:23-Apr-2014 from Part TVS4
Removed Parameter Publisher:Altium Limited from Part TP1
Removed Parameter Publisher:Altium Limited from Part TP2
Removed Parameter Publisher:Altium Limited from Part TP18
Removed Parameter Publisher:Altium Limited from Part TP19
Removed Parameter Publisher:Altium Limited from Part TP25
Removed Parameter Publisher:Altium Limited from Part TP80
Removed Parameter Publisher:Altium Limited from Part TP81
Removed Parameter Publisher:Altium Limited from Part TP82
Removed Parameter Publisher:Altium Limited from Part TP102
Removed Parameter Publisher:Altium Limited from Part TP103
Removed Parameter Publisher:Altium Limited from Part TP104
Removed Parameter Publisher:UltiMachine from Part C47
Removed Parameter Publisher:UltiMachine from Part C48
Removed Parameter Publisher:UltiMachine from Part C58
Removed Parameter Publisher:UltiMachine from Part C59
Removed Parameter Publisher:Ultimachine from Part C87
Removed Parameter Publisher:UltiMachine from Part C89
Removed Parameter Publisher:Ultimachine from Part C91
Removed Parameter Publisher:Ultimachine from Part C92
Removed Parameter Publisher:UltiMachine from Part C96
Removed Parameter Publisher:UltiMachine from Part C97
Removed Parameter Publisher:UltiMachine from Part C98
Removed Parameter Publisher:UltiMachine from Part C99
Removed Parameter Publisher:UltiMachine from Part C114
Removed Parameter Publisher:UltiMachine from Part C118
Removed Parameter Publisher:Ultimachine from Part C149
Removed Parameter Publisher:UltiMachine from Part FB1
Removed Parameter Publisher:UltiMachine from Part FB2
Removed Parameter Publisher:UltiMachine from Part FB3
Removed Parameter Publisher:UltiMachine from Part FB4
Removed Parameter Publisher:UltiMachine from Part FB22
Removed Parameter Publisher:UltiMachine from Part R56
Removed Parameter Publisher:UltiMachine from Part R57
Removed Parameter Publisher:UltiMachine from Part R58
Removed Parameter Publisher:UltiMachine from Part R59
Removed Parameter Publisher:UltiMachine from Part R129
Removed Parameter Publisher:UltiMachine from Part TVS1
Removed Parameter Publisher:UltiMachine from Part TVS2
Removed Parameter Publisher:UltiMachine from Part TVS3
Removed Parameter Publisher:UltiMachine from Part TVS4
