Added Parameter DNI= to Part C108
Added Parameter DNI= to Part C115
Added Parameter DNI= to Part C119
Added Parameter DNI= to Part C133
Added Parameter DNI= to Part C134
Added Parameter DNI= to Part C135
Added Parameter DNI= to Part C136
Added Parameter DNI= to Part C137
Added Parameter DNI= to Part C138
Added Parameter DNI= to Part C139
Added Parameter DNI= to Part C140
Added Parameter DNI= to Part C150
Added Parameter DNI= to Part C151
Added Parameter DNI= to Part C152
Added Parameter DNI= to Part C153
Added Parameter DNI= to Part C154
Added Parameter DNI= to Part FB17
Added Parameter DNI= to Part FB18
Added Parameter DNI= to Part FB19
Added Parameter DNI= to Part FB20
Added Parameter DNI= to Part FB23
Added Parameter DNI= to Part J23
Added Parameter DNI= to Part R88
Added Parameter DNI= to Part R102
Added Parameter DNI= to Part R110
Added Parameter DNI= to Part R115
Added Parameter DNI= to Part R119
Added Parameter DNI= to Part R123
Added Parameter DNI= to Part R124
Added Parameter DNI= to Part TP83
Added Parameter DNI= to Part TP97
Added Parameter DNI= to Part TP98
Added Parameter DNI= to Part TP99
Added Parameter DNI= to Part TP100
Added Parameter DNI= to Part TP110
Added Parameter DNI= to Part TP111
Added Parameter DNI= to Part TP112
Added Parameter DNI= to Part TP113
Added Parameter DNI= to Part TP114
Added Parameter DNI= to Part TP115
Added Parameter DNI= to Part TVS17
Added Parameter DNI= to Part TVS18
Added Parameter DNI= to Part TVS19
Added Parameter DNI= to Part TVS20
Added Parameter DNI= to Part U14
