Change Value of Parameter DISTRIBUTOR # in Part C114 Old= New=399-5089-2-ND
Change Value of Parameter DISTRIBUTOR in Part C114 Old= New=Digikey
Change Value of Parameter Manufacturer in Part C114 Old= New=Kemet
Change Value of Parameter PART in Part C114 Old= New=100nF 50V X7R 0603
Change Value of Parameter Part Description in Part C114 Old= New=0.10µF ±10% 50V Ceramic Capacitor X7R 0603 (1608 Metric)
Change Value of Parameter Tolerance in Part C114 Old= New=10%
Change Value of Parameter Voltage in Part C114 Old= New=50V 
Change Value of Parameter DISTRIBUTOR # in Part C118 Old= New=399-5089-2-ND
Change Value of Parameter DISTRIBUTOR in Part C118 Old= New=Digikey
Change Value of Parameter Manufacturer in Part C118 Old= New=Kemet
Change Value of Parameter PART in Part C118 Old= New=100nF 50V X7R 0603
Change Value of Parameter Part Description in Part C118 Old= New=0.10µF ±10% 50V Ceramic Capacitor X7R 0603 (1608 Metric)
Change Value of Parameter Tolerance in Part C118 Old= New=10%
Change Value of Parameter Voltage in Part C118 Old= New=50V 
Change Value of Parameter DISTRIBUTOR # in Part FB1 Old= New=1276-6350-2-ND
Change Value of Parameter DISTRIBUTOR in Part FB1 Old= New=Digikey
Change Value of Parameter PART in Part FB1 Old= New=Ferrite 220R 0603
Change Value of Parameter Part Description in Part FB1 Old= New=FERRITE BEAD 220 OHM 0603 1LN
Change Value of Parameter Tolerance in Part FB1 Old= New=-NA-
Change Value of Parameter Value in Part FB1 Old=220R New=220Rfb
Change Value of Parameter Voltage in Part FB1 Old= New=2.5A
Change Value of Parameter DISTRIBUTOR # in Part FB2 Old= New=1276-6350-2-ND
Change Value of Parameter DISTRIBUTOR in Part FB2 Old= New=Digikey
Change Value of Parameter PART in Part FB2 Old= New=Ferrite 220R 0603
Change Value of Parameter Part Description in Part FB2 Old= New=FERRITE BEAD 220 OHM 0603 1LN
Change Value of Parameter Tolerance in Part FB2 Old= New=-NA-
Change Value of Parameter Value in Part FB2 Old=220R New=220Rfb
Change Value of Parameter Voltage in Part FB2 Old= New=2.5A
Change Value of Parameter DISTRIBUTOR # in Part FB3 Old= New=1276-6350-2-ND
Change Value of Parameter DISTRIBUTOR in Part FB3 Old= New=Digikey
Change Value of Parameter PART in Part FB3 Old= New=Ferrite 220R 0603
Change Value of Parameter Part Description in Part FB3 Old= New=FERRITE BEAD 220 OHM 0603 1LN
Change Value of Parameter Tolerance in Part FB3 Old= New=-NA-
Change Value of Parameter Value in Part FB3 Old=220R New=220Rfb
Change Value of Parameter Voltage in Part FB3 Old= New=2.5A
Change Value of Parameter DISTRIBUTOR # in Part FB4 Old= New=1276-6350-2-ND
Change Value of Parameter DISTRIBUTOR in Part FB4 Old= New=Digikey
Change Value of Parameter PART in Part FB4 Old= New=Ferrite 220R 0603
Change Value of Parameter Part Description in Part FB4 Old= New=FERRITE BEAD 220 OHM 0603 1LN
Change Value of Parameter Tolerance in Part FB4 Old= New=-NA-
Change Value of Parameter Value in Part FB4 Old=220R New=220Rfb
Change Value of Parameter Voltage in Part FB4 Old= New=2.5A
Change Value of Parameter DISTRIBUTOR # in Part FB22 Old= New=1276-6350-2-ND
Change Value of Parameter DISTRIBUTOR in Part FB22 Old= New=Digikey
Change Value of Parameter PART in Part FB22 Old= New=Ferrite 220R 0603
Change Value of Parameter Part Description in Part FB22 Old= New=FERRITE BEAD 220 OHM 0603 1LN
Change Value of Parameter Tolerance in Part FB22 Old= New=-NA-
Change Value of Parameter Value in Part FB22 Old=220R New=220Rfb
Change Value of Parameter Voltage in Part FB22 Old= New=2.5A
