Change Value of Parameter DISTRIBUTOR # in Part R123 Old=CSRN2512FTR100TR-ND New=CSRN2512FKR200TR-ND
Change Value of Parameter MANUFACTURER # in Part R123 Old= New=CSRN2512FKR200
Change Value of Parameter PART in Part R123 Old= New=0.2R 1% 2512
Change Value of Parameter Part Description in Part R123 Old= New=0.2 Ohm ±1% 2W Chip Resistor 2512 (6432 Metric) Current Sense Thick Film
Change Value of Parameter Tolerance in Part R123 Old= New=1%
Change Value of Parameter Voltage in Part R123 Old= New=2W
Change Value of Parameter DISTRIBUTOR # in Part R124 Old=CSRN2512FTR100TR-ND New=CSRN2512FKR200TR-ND
Change Value of Parameter MANUFACTURER # in Part R124 Old= New=CSRN2512FKR200
Change Value of Parameter PART in Part R124 Old= New=0.2R 1% 2512
Change Value of Parameter Part Description in Part R124 Old= New=0.2 Ohm ±1% 2W Chip Resistor 2512 (6432 Metric) Current Sense Thick Film
Change Value of Parameter Tolerance in Part R124 Old= New=1%
Change Value of Parameter Voltage in Part R124 Old= New=2W
Change Value of Parameter MANUFACTURER # in Part TP83 Old= New=NOTAPART-Testpoint
Change Value of Parameter MANUFACTURER # in Part TP97 Old= New=NOTAPART-Testpoint
Change Value of Parameter MANUFACTURER # in Part TP98 Old= New=NOTAPART-Testpoint
Change Value of Parameter MANUFACTURER # in Part TP99 Old= New=NOTAPART-Testpoint
Change Value of Parameter MANUFACTURER # in Part TP100 Old= New=NOTAPART-Testpoint
Change Value of Parameter MANUFACTURER # in Part TP110 Old= New=NOTAPART-Testpoint
Change Value of Parameter MANUFACTURER # in Part TP111 Old= New=NOTAPART-Testpoint
Change Value of Parameter MANUFACTURER # in Part TP112 Old= New=NOTAPART-Testpoint
Change Value of Parameter MANUFACTURER # in Part TP113 Old= New=NOTAPART-Testpoint
Change Value of Parameter MANUFACTURER # in Part TP114 Old= New=NOTAPART-Testpoint
Change Value of Parameter MANUFACTURER # in Part TP115 Old= New=NOTAPART-Testpoint
