Change Value of Parameter EE Spec in Part C100 Old=Voltage New=EE Spec
Change Value of Parameter EE Spec in Part C102 Old=Voltage New=EE Spec
Change Value of Parameter EE Spec in Part C104 Old=Voltage New=EE Spec
Change Value of Parameter EE Spec in Part C106 Old=Voltage New=EE Spec
Change Value of Parameter EE Spec in Part C110 Old=Voltage New=EE Spec
Change Value of Parameter EE Spec in Part C113 Old=Voltage New=EE Spec
Change Value of Parameter EE Spec in Part C117 Old=Voltage New=EE Spec
Change Value of Parameter EE Spec in Part C121 Old=Voltage New=EE Spec
Change Value of Parameter EE Spec in Part C125 Old=Voltage New=EE Spec
Change Value of Parameter EE Spec in Part C126 Old=Voltage New=EE Spec
Change Value of Parameter EE Spec in Part C127 Old=Voltage New=EE Spec
Change Value of Parameter EE Spec in Part C128 Old=Voltage New=EE Spec
Change Value of Parameter EE Spec in Part C129 Old=Voltage New=EE Spec
Change Value of Parameter EE Spec in Part C130 Old=Voltage New=EE Spec
Change Value of Parameter EE Spec in Part C131 Old=Voltage New=EE Spec
Change Value of Parameter EE Spec in Part C132 Old=Voltage New=EE Spec
Change Value of Parameter EE Spec in Part FB9 Old=Voltage New=EE Spec
Change Value of Parameter EE Spec in Part FB10 Old=Voltage New=EE Spec
Change Value of Parameter EE Spec in Part FB11 Old=Voltage New=EE Spec
Change Value of Parameter EE Spec in Part FB12 Old=Voltage New=EE Spec
Change Value of Parameter EE Spec in Part FB25 Old=Voltage New=EE Spec
Change Value of Parameter EE Spec in Part J27 Old=Voltage New=EE Spec
Change Value of Parameter EE Spec in Part R60 Old=Voltage New=EE Spec
Change Value of Parameter EE Spec in Part R84 Old=Voltage New=EE Spec
Change Value of Parameter EE Spec in Part R105 Old=Voltage New=EE Spec
Change Value of Parameter EE Spec in Part R106 Old=Voltage New=EE Spec
Change Value of Parameter EE Spec in Part R113 Old=Voltage New=EE Spec
Change Value of Parameter EE Spec in Part R116 Old=Voltage New=EE Spec
Change Value of Parameter EE Spec in Part R130 Old=Voltage New=EE Spec
Change Value of Parameter EE Spec in Part TP3 Old=Voltage New=EE Spec
Change Value of Parameter EE Spec in Part TP85 Old=Voltage New=EE Spec
Change Value of Parameter EE Spec in Part TP86 Old=Voltage New=EE Spec
Change Value of Parameter EE Spec in Part TP87 Old=Voltage New=EE Spec
Change Value of Parameter EE Spec in Part TP88 Old=Voltage New=EE Spec
Change Value of Parameter EE Spec in Part TP122 Old=Voltage New=EE Spec
Change Value of Parameter EE Spec in Part TP123 Old=Voltage New=EE Spec
Change Value of Parameter EE Spec in Part TP124 Old=Voltage New=EE Spec
Change Value of Parameter EE Spec in Part TP125 Old=Voltage New=EE Spec
Change Value of Parameter EE Spec in Part TP126 Old=Voltage New=EE Spec
Change Value of Parameter EE Spec in Part TP127 Old=Voltage New=EE Spec
Change Value of Parameter EE Spec in Part TVS9 Old=Voltage New=EE Spec
Change Value of Parameter EE Spec in Part TVS10 Old=Voltage New=EE Spec
Change Value of Parameter EE Spec in Part TVS11 Old=Voltage New=EE Spec
Change Value of Parameter EE Spec in Part TVS12 Old=Voltage New=EE Spec
Change Value of Parameter EE Spec in Part U17 Old=Voltage New=EE Spec
