Added Parameter DNI= to Part C60
Added Parameter DNI= to Part C61
Added Parameter DNI= to Part C62
Added Parameter DNI= to Part C64
Added Parameter DNI= to Part C74
Added Parameter DNI= to Part C75
Added Parameter DNI= to Part C78
Added Parameter DNI= to Part C79
Added Parameter DNI= to Part C83
Added Parameter DNI= to Part C85
Added Parameter DNI= to Part C90
Added Parameter DNI= to Part C107
Added Parameter DNI= to Part C109
Added Parameter DNI= to Part C111
Added Parameter DNI= to Part C122
Added Parameter DNI= to Part C123
Added Parameter DNI= to Part FB5
Added Parameter DNI= to Part FB6
Added Parameter DNI= to Part FB7
Added Parameter DNI= to Part FB8
Added Parameter DNI= to Part FB21
Added Parameter DNI= to Part J24
Added Parameter DNI= to Part J25
Added Parameter DNI= to Part R89
Added Parameter DNI= to Part R107
Added Parameter DNI= to Part R108
Added Parameter DNI= to Part R111
Added Parameter DNI= to Part R117
Added Parameter DNI= to Part R125
Added Parameter DNI= to Part R126
Added Parameter DNI= to Part TP67
Added Parameter DNI= to Part TP69
Added Parameter DNI= to Part TP70
Added Parameter DNI= to Part TP71
Added Parameter DNI= to Part TP72
Added Parameter DNI= to Part TP73
Added Parameter DNI= to Part TP84
Added Parameter DNI= to Part TP93
Added Parameter DNI= to Part TP94
Added Parameter DNI= to Part TP95
Added Parameter DNI= to Part TP96
Added Parameter DNI= to Part TVS5
Added Parameter DNI= to Part TVS6
Added Parameter DNI= to Part TVS7
Added Parameter DNI= to Part TVS8
Added Parameter DNI= to Part U15
