Change Value of Parameter DISTRIBUTOR # in Part C133 Old= New=490-1303-2-ND
Change Value of Parameter DISTRIBUTOR in Part C133 Old= New=Digikey
Change Value of Parameter Manufacturer in Part C133 Old= New=Murata
Change Value of Parameter PART in Part C133 Old= New=1nF 50V X7R 0402
Change Value of Parameter Part Description in Part C133 Old= New=1000pF ±10% 50V Ceramic Capacitor X7R 0402 (1005 Metric)
Change Value of Parameter Tolerance in Part C133 Old= New=10%
Change Value of Parameter Voltage in Part C133 Old= New=50V
Change Value of Parameter DISTRIBUTOR # in Part C134 Old= New=490-1303-2-ND
Change Value of Parameter DISTRIBUTOR in Part C134 Old= New=Digikey
Change Value of Parameter Manufacturer in Part C134 Old= New=Murata
Change Value of Parameter PART in Part C134 Old= New=1nF 50V X7R 0402
Change Value of Parameter Part Description in Part C134 Old= New=1000pF ±10% 50V Ceramic Capacitor X7R 0402 (1005 Metric)
Change Value of Parameter Tolerance in Part C134 Old= New=10%
Change Value of Parameter Voltage in Part C134 Old= New=50V
Change Value of Parameter DISTRIBUTOR # in Part C135 Old= New=490-1303-2-ND
Change Value of Parameter DISTRIBUTOR in Part C135 Old= New=Digikey
Change Value of Parameter Manufacturer in Part C135 Old= New=Murata
Change Value of Parameter PART in Part C135 Old= New=1nF 50V X7R 0402
Change Value of Parameter Part Description in Part C135 Old= New=1000pF ±10% 50V Ceramic Capacitor X7R 0402 (1005 Metric)
Change Value of Parameter Tolerance in Part C135 Old= New=10%
Change Value of Parameter Voltage in Part C135 Old= New=50V
Change Value of Parameter DISTRIBUTOR # in Part C136 Old= New=490-1303-2-ND
Change Value of Parameter DISTRIBUTOR in Part C136 Old= New=Digikey
Change Value of Parameter Manufacturer in Part C136 Old= New=Murata
Change Value of Parameter PART in Part C136 Old= New=1nF 50V X7R 0402
Change Value of Parameter Part Description in Part C136 Old= New=1000pF ±10% 50V Ceramic Capacitor X7R 0402 (1005 Metric)
Change Value of Parameter Tolerance in Part C136 Old= New=10%
Change Value of Parameter Voltage in Part C136 Old= New=50V
Change Value of Parameter DISTRIBUTOR # in Part C137 Old= New=490-1303-2-ND
Change Value of Parameter DISTRIBUTOR in Part C137 Old= New=Digikey
Change Value of Parameter Manufacturer in Part C137 Old= New=Murata
Change Value of Parameter PART in Part C137 Old= New=1nF 50V X7R 0402
Change Value of Parameter Part Description in Part C137 Old= New=1000pF ±10% 50V Ceramic Capacitor X7R 0402 (1005 Metric)
Change Value of Parameter Tolerance in Part C137 Old= New=10%
Change Value of Parameter Voltage in Part C137 Old= New=50V
Change Value of Parameter DISTRIBUTOR # in Part C138 Old= New=490-1303-2-ND
Change Value of Parameter DISTRIBUTOR in Part C138 Old= New=Digikey
Change Value of Parameter Manufacturer in Part C138 Old= New=Murata
Change Value of Parameter PART in Part C138 Old= New=1nF 50V X7R 0402
Change Value of Parameter Part Description in Part C138 Old= New=1000pF ±10% 50V Ceramic Capacitor X7R 0402 (1005 Metric)
Change Value of Parameter Tolerance in Part C138 Old= New=10%
Change Value of Parameter Voltage in Part C138 Old= New=50V
Change Value of Parameter DISTRIBUTOR # in Part C139 Old= New=490-1303-2-ND
Change Value of Parameter DISTRIBUTOR in Part C139 Old= New=Digikey
Change Value of Parameter Manufacturer in Part C139 Old= New=Murata
Change Value of Parameter PART in Part C139 Old= New=1nF 50V X7R 0402
Change Value of Parameter Part Description in Part C139 Old= New=1000pF ±10% 50V Ceramic Capacitor X7R 0402 (1005 Metric)
Change Value of Parameter Tolerance in Part C139 Old= New=10%
Change Value of Parameter Voltage in Part C139 Old= New=50V
Change Value of Parameter DISTRIBUTOR # in Part C140 Old= New=490-1303-2-ND
Change Value of Parameter DISTRIBUTOR in Part C140 Old= New=Digikey
Change Value of Parameter Manufacturer in Part C140 Old= New=Murata
Change Value of Parameter PART in Part C140 Old= New=1nF 50V X7R 0402
Change Value of Parameter Part Description in Part C140 Old= New=1000pF ±10% 50V Ceramic Capacitor X7R 0402 (1005 Metric)
Change Value of Parameter Tolerance in Part C140 Old= New=10%
Change Value of Parameter Voltage in Part C140 Old= New=50V
Change Value of Parameter PART in Part C150 Old= New=10nF 50V X7R 0402
Change Value of Parameter Part Description in Part C150 Old=CAP CER 10000PF 50V X7R 0402 New=10000pF ±5% 50V Ceramic Capacitor X7R 0402 (1005 Metric)
Change Value of Parameter Tolerance in Part C150 Old=10% New=5%
Change Value of Parameter Value in Part C150 Old=0.01uF 50V New=10nF
Change Value of Parameter Voltage in Part C150 Old=6.3VDC New=50V
Change Value of Parameter PART in Part C151 Old= New=10nF 50V X7R 0402
Change Value of Parameter Part Description in Part C151 Old=CAP CER 10000PF 50V X7R 0402 New=10000pF ±5% 50V Ceramic Capacitor X7R 0402 (1005 Metric)
Change Value of Parameter Tolerance in Part C151 Old=10% New=5%
Change Value of Parameter Value in Part C151 Old=0.01uF 50V New=10nF
Change Value of Parameter Voltage in Part C151 Old=6.3VDC New=50V
Change Value of Parameter PART in Part C153 Old= New=10nF 50V X7R 0402
Change Value of Parameter Part Description in Part C153 Old=CAP CER 10000PF 50V X7R 0402 New=10000pF ±5% 50V Ceramic Capacitor X7R 0402 (1005 Metric)
Change Value of Parameter Tolerance in Part C153 Old=10% New=5%
Change Value of Parameter Value in Part C153 Old=0.01uF 50V New=10nF
Change Value of Parameter Voltage in Part C153 Old=6.3VDC New=50V
