Added Parameter DISTRIBUTOR #= to Part C100
Added Parameter DISTRIBUTOR #= to Part C104
Added Parameter DISTRIBUTOR #= to Part C110
Added Parameter DISTRIBUTOR #= to Part C113
Added Parameter DISTRIBUTOR #= to Part C117
Added Parameter DISTRIBUTOR #= to Part C121
Added Parameter DISTRIBUTOR #= to Part C126
Added Parameter DISTRIBUTOR #= to Part C127
Added Parameter DISTRIBUTOR #= to Part C128
Added Parameter DISTRIBUTOR #= to Part C129
Added Parameter DISTRIBUTOR #= to Part C130
Added Parameter DISTRIBUTOR #= to Part C131
Added Parameter DISTRIBUTOR #= to Part C132
Added Parameter DISTRIBUTOR #= to Part FB9
Added Parameter DISTRIBUTOR #= to Part FB10
Added Parameter DISTRIBUTOR #= to Part FB11
Added Parameter DISTRIBUTOR #= to Part FB12
Added Parameter DISTRIBUTOR #= to Part FB25
Added Parameter DISTRIBUTOR #= to Part J27
Added Parameter DISTRIBUTOR #= to Part R84
Added Parameter DISTRIBUTOR #= to Part R106
Added Parameter DISTRIBUTOR #= to Part R113
Added Parameter DISTRIBUTOR #= to Part R116
Added Parameter DISTRIBUTOR #= to Part TP3
Added Parameter DISTRIBUTOR #= to Part TP85
Added Parameter DISTRIBUTOR #= to Part TP86
Added Parameter DISTRIBUTOR #= to Part TP87
Added Parameter DISTRIBUTOR #= to Part TP88
Added Parameter DISTRIBUTOR #= to Part TP122
Added Parameter DISTRIBUTOR #= to Part TP123
Added Parameter DISTRIBUTOR #= to Part TP124
Added Parameter DISTRIBUTOR #= to Part TP125
Added Parameter DISTRIBUTOR #= to Part TP126
Added Parameter DISTRIBUTOR #= to Part TP127
Added Parameter DISTRIBUTOR #= to Part TVS9
Added Parameter DISTRIBUTOR #= to Part TVS10
Added Parameter DISTRIBUTOR #= to Part TVS11
Added Parameter DISTRIBUTOR #= to Part TVS12
Added Parameter DISTRIBUTOR #= to Part U17
Added Parameter DISTRIBUTOR= to Part C100
Added Parameter DISTRIBUTOR= to Part C104
Added Parameter DISTRIBUTOR= to Part C110
Added Parameter DISTRIBUTOR= to Part C113
Added Parameter DISTRIBUTOR= to Part C117
Added Parameter DISTRIBUTOR= to Part C121
Added Parameter DISTRIBUTOR= to Part C126
Added Parameter DISTRIBUTOR= to Part C127
Added Parameter DISTRIBUTOR= to Part C128
Added Parameter DISTRIBUTOR= to Part C129
Added Parameter DISTRIBUTOR= to Part C130
Added Parameter DISTRIBUTOR= to Part C131
Added Parameter DISTRIBUTOR= to Part C132
Added Parameter DISTRIBUTOR= to Part FB9
Added Parameter DISTRIBUTOR= to Part FB10
Added Parameter DISTRIBUTOR= to Part FB11
Added Parameter DISTRIBUTOR= to Part FB12
Added Parameter DISTRIBUTOR= to Part FB25
Added Parameter DISTRIBUTOR= to Part J27
Added Parameter DISTRIBUTOR= to Part R84
Added Parameter DISTRIBUTOR= to Part R106
Added Parameter DISTRIBUTOR= to Part R113
Added Parameter DISTRIBUTOR= to Part R116
Added Parameter DISTRIBUTOR= to Part TP3
Added Parameter DISTRIBUTOR= to Part TP85
Added Parameter DISTRIBUTOR= to Part TP86
Added Parameter DISTRIBUTOR= to Part TP87
Added Parameter DISTRIBUTOR= to Part TP88
Added Parameter DISTRIBUTOR= to Part TP122
Added Parameter DISTRIBUTOR= to Part TP123
Added Parameter DISTRIBUTOR= to Part TP124
Added Parameter DISTRIBUTOR= to Part TP125
Added Parameter DISTRIBUTOR= to Part TP126
Added Parameter DISTRIBUTOR= to Part TP127
Added Parameter DISTRIBUTOR= to Part TVS9
Added Parameter DISTRIBUTOR= to Part TVS10
Added Parameter DISTRIBUTOR= to Part TVS11
Added Parameter DISTRIBUTOR= to Part TVS12
Added Parameter DISTRIBUTOR= to Part U17
Added Parameter PART= to Part C100
Added Parameter PART= to Part C102
Added Parameter PART= to Part C104
Added Parameter PART= to Part C106
Added Parameter PART= to Part C110
Added Parameter PART= to Part C113
Added Parameter PART= to Part C117
Added Parameter PART= to Part C121
Added Parameter PART= to Part C125
Added Parameter PART= to Part C126
Added Parameter PART= to Part C127
Added Parameter PART= to Part C128
Added Parameter PART= to Part C129
Added Parameter PART= to Part C130
Added Parameter PART= to Part C131
Added Parameter PART= to Part C132
Added Parameter PART= to Part FB9
Added Parameter PART= to Part FB10
Added Parameter PART= to Part FB11
Added Parameter PART= to Part FB12
Added Parameter PART= to Part FB25
Added Parameter PART= to Part J27
Added Parameter PART= to Part R60
Added Parameter PART= to Part R84
Added Parameter PART= to Part R105
Added Parameter PART= to Part R106
Added Parameter PART= to Part R113
Added Parameter PART= to Part R116
Added Parameter PART= to Part R130
Added Parameter PART= to Part TP3
Added Parameter PART= to Part TP85
Added Parameter PART= to Part TP86
Added Parameter PART= to Part TP87
Added Parameter PART= to Part TP88
Added Parameter PART= to Part TP122
Added Parameter PART= to Part TP123
Added Parameter PART= to Part TP124
Added Parameter PART= to Part TP125
Added Parameter PART= to Part TP126
Added Parameter PART= to Part TP127
Added Parameter PART= to Part TVS9
Added Parameter PART= to Part TVS10
Added Parameter PART= to Part TVS11
Added Parameter PART= to Part TVS12
Added Parameter PART= to Part U17
Added Parameter Part Description= to Part C100
Added Parameter Part Description= to Part C104
Added Parameter Part Description= to Part C110
Added Parameter Part Description= to Part C113
Added Parameter Part Description= to Part C117
Added Parameter Part Description= to Part C121
Added Parameter Part Description= to Part C126
Added Parameter Part Description= to Part C127
Added Parameter Part Description= to Part C128
Added Parameter Part Description= to Part C129
Added Parameter Part Description= to Part C130
Added Parameter Part Description= to Part C132
Added Parameter Part Description= to Part FB9
Added Parameter Part Description= to Part FB10
Added Parameter Part Description= to Part FB11
Added Parameter Part Description= to Part FB12
Added Parameter Part Description= to Part FB25
Added Parameter Part Description= to Part J27
Added Parameter Part Description= to Part R60
Added Parameter Part Description= to Part R84
Added Parameter Part Description= to Part R105
Added Parameter Part Description= to Part R106
Added Parameter Part Description= to Part R113
Added Parameter Part Description= to Part R116
Added Parameter Part Description= to Part R130
Added Parameter Part Description= to Part TP3
Added Parameter Part Description= to Part TP85
Added Parameter Part Description= to Part TP86
Added Parameter Part Description= to Part TP87
Added Parameter Part Description= to Part TP88
Added Parameter Part Description= to Part TP122
Added Parameter Part Description= to Part TP123
Added Parameter Part Description= to Part TP124
Added Parameter Part Description= to Part TP125
Added Parameter Part Description= to Part TP126
Added Parameter Part Description= to Part TP127
Added Parameter Part Description= to Part TVS9
Added Parameter Part Description= to Part TVS10
Added Parameter Part Description= to Part TVS11
Added Parameter Part Description= to Part TVS12
Added Parameter Part Description= to Part U17
Added Parameter Tolerance= to Part C100
Added Parameter Tolerance= to Part C104
Added Parameter Tolerance= to Part C110
Added Parameter Tolerance= to Part C113
Added Parameter Tolerance= to Part C117
Added Parameter Tolerance= to Part C121
Added Parameter Tolerance= to Part C126
Added Parameter Tolerance= to Part C127
Added Parameter Tolerance= to Part C128
Added Parameter Tolerance= to Part C129
Added Parameter Tolerance= to Part C130
Added Parameter Tolerance= to Part C132
Added Parameter Tolerance= to Part FB9
Added Parameter Tolerance= to Part FB10
Added Parameter Tolerance= to Part FB11
Added Parameter Tolerance= to Part FB12
Added Parameter Tolerance= to Part FB25
Added Parameter Tolerance= to Part J27
Added Parameter Tolerance= to Part R60
Added Parameter Tolerance= to Part R84
Added Parameter Tolerance= to Part R105
Added Parameter Tolerance= to Part R106
Added Parameter Tolerance= to Part R113
Added Parameter Tolerance= to Part R116
Added Parameter Tolerance= to Part R130
Added Parameter Tolerance= to Part TP3
Added Parameter Tolerance= to Part TP85
Added Parameter Tolerance= to Part TP86
Added Parameter Tolerance= to Part TP87
Added Parameter Tolerance= to Part TP88
Added Parameter Tolerance= to Part TP122
Added Parameter Tolerance= to Part TP123
Added Parameter Tolerance= to Part TP124
Added Parameter Tolerance= to Part TP125
Added Parameter Tolerance= to Part TP126
Added Parameter Tolerance= to Part TP127
Added Parameter Tolerance= to Part TVS9
Added Parameter Tolerance= to Part TVS10
Added Parameter Tolerance= to Part TVS11
Added Parameter Tolerance= to Part TVS12
Added Parameter Value= to Part J27
Added Parameter Value= to Part TP3
Added Parameter Value= to Part TP85
Added Parameter Value= to Part TP86
Added Parameter Value= to Part TP87
Added Parameter Value= to Part TP88
Added Parameter Value= to Part TP122
Added Parameter Value= to Part TP123
Added Parameter Value= to Part TP124
Added Parameter Value= to Part TP125
Added Parameter Value= to Part TP126
Added Parameter Value= to Part TP127
Added Parameter Value= to Part U17
Added Parameter Voltage= to Part C100
Added Parameter Voltage= to Part C104
Added Parameter Voltage= to Part C110
Added Parameter Voltage= to Part C113
Added Parameter Voltage= to Part C117
Added Parameter Voltage= to Part C121
Added Parameter Voltage= to Part C126
Added Parameter Voltage= to Part C127
Added Parameter Voltage= to Part C128
Added Parameter Voltage= to Part C129
Added Parameter Voltage= to Part C130
Added Parameter Voltage= to Part C132
Added Parameter Voltage= to Part FB9
Added Parameter Voltage= to Part FB10
Added Parameter Voltage= to Part FB11
Added Parameter Voltage= to Part FB12
Added Parameter Voltage= to Part FB25
Added Parameter Voltage= to Part J27
Added Parameter Voltage= to Part R60
Added Parameter Voltage= to Part R84
Added Parameter Voltage= to Part R105
Added Parameter Voltage= to Part R106
Added Parameter Voltage= to Part R113
Added Parameter Voltage= to Part R116
Added Parameter Voltage= to Part R130
Added Parameter Voltage= to Part TP3
Added Parameter Voltage= to Part TP85
Added Parameter Voltage= to Part TP86
Added Parameter Voltage= to Part TP87
Added Parameter Voltage= to Part TP88
Added Parameter Voltage= to Part TP122
Added Parameter Voltage= to Part TP123
Added Parameter Voltage= to Part TP124
Added Parameter Voltage= to Part TP125
Added Parameter Voltage= to Part TP126
Added Parameter Voltage= to Part TP127
Added Parameter Voltage= to Part TVS9
Added Parameter Voltage= to Part TVS10
Added Parameter Voltage= to Part TVS11
Added Parameter Voltage= to Part TVS12
