Change Value of Parameter EE_SPEC in Part C101 Old=EE Spec New=EE_SPEC
Change Value of Parameter MANUFACTURER in Part C101 Old=Manufacturer New=MANUFACTURER
Change Value of Parameter PART DESCRIPTION in Part C101 Old=Part Description New=PART DESCRIPTION
Change Value of Parameter TOLERANCE in Part C101 Old=Tolerance New=TOLERANCE
Change Value of Parameter VALUE in Part C101 Old=Value New=VALUE
Change Value of Parameter EE_SPEC in Part C105 Old=EE Spec New=EE_SPEC
Change Value of Parameter MANUFACTURER in Part C105 Old=Manufacturer New=MANUFACTURER
Change Value of Parameter PART DESCRIPTION in Part C105 Old=Part Description New=PART DESCRIPTION
Change Value of Parameter TOLERANCE in Part C105 Old=Tolerance New=TOLERANCE
Change Value of Parameter VALUE in Part C105 Old=Value New=VALUE
Change Value of Parameter EE_SPEC in Part C112 Old=EE Spec New=EE_SPEC
Change Value of Parameter MANUFACTURER in Part C112 Old=Manufacturer New=MANUFACTURER
Change Value of Parameter PART DESCRIPTION in Part C112 Old=Part Description New=PART DESCRIPTION
Change Value of Parameter TOLERANCE in Part C112 Old=Tolerance New=TOLERANCE
Change Value of Parameter EE_SPEC in Part C116 Old=EE Spec New=EE_SPEC
Change Value of Parameter MANUFACTURER in Part C116 Old=Manufacturer New=MANUFACTURER
Change Value of Parameter PART DESCRIPTION in Part C116 Old=Part Description New=PART DESCRIPTION
Change Value of Parameter TOLERANCE in Part C116 Old=Tolerance New=TOLERANCE
Change Value of Parameter EE_SPEC in Part C120 Old=EE Spec New=EE_SPEC
Change Value of Parameter MANUFACTURER in Part C120 Old=Manufacturer New=MANUFACTURER
Change Value of Parameter PART DESCRIPTION in Part C120 Old=Part Description New=PART DESCRIPTION
Change Value of Parameter TOLERANCE in Part C120 Old=Tolerance New=TOLERANCE
Change Value of Parameter EE_SPEC in Part C124 Old=EE Spec New=EE_SPEC
Change Value of Parameter MANUFACTURER in Part C124 Old=Manufacturer New=MANUFACTURER
Change Value of Parameter PART DESCRIPTION in Part C124 Old=Part Description New=PART DESCRIPTION
Change Value of Parameter TOLERANCE in Part C124 Old=Tolerance New=TOLERANCE
Change Value of Parameter VALUE in Part C124 Old=Value New=VALUE
Change Value of Parameter EE_SPEC in Part C141 Old=EE Spec New=EE_SPEC
Change Value of Parameter MANUFACTURER in Part C141 Old=Manufacturer New=MANUFACTURER
Change Value of Parameter PART DESCRIPTION in Part C141 Old=Part Description New=PART DESCRIPTION
Change Value of Parameter TOLERANCE in Part C141 Old=Tolerance New=TOLERANCE
Change Value of Parameter EE_SPEC in Part C142 Old=EE Spec New=EE_SPEC
Change Value of Parameter MANUFACTURER in Part C142 Old=Manufacturer New=MANUFACTURER
Change Value of Parameter PART DESCRIPTION in Part C142 Old=Part Description New=PART DESCRIPTION
Change Value of Parameter TOLERANCE in Part C142 Old=Tolerance New=TOLERANCE
Change Value of Parameter EE_SPEC in Part C143 Old=EE Spec New=EE_SPEC
Change Value of Parameter MANUFACTURER in Part C143 Old=Manufacturer New=MANUFACTURER
Change Value of Parameter PART DESCRIPTION in Part C143 Old=Part Description New=PART DESCRIPTION
Change Value of Parameter TOLERANCE in Part C143 Old=Tolerance New=TOLERANCE
Change Value of Parameter EE_SPEC in Part C144 Old=EE Spec New=EE_SPEC
Change Value of Parameter MANUFACTURER in Part C144 Old=Manufacturer New=MANUFACTURER
Change Value of Parameter PART DESCRIPTION in Part C144 Old=Part Description New=PART DESCRIPTION
Change Value of Parameter TOLERANCE in Part C144 Old=Tolerance New=TOLERANCE
Change Value of Parameter EE_SPEC in Part C145 Old=EE Spec New=EE_SPEC
Change Value of Parameter MANUFACTURER in Part C145 Old=Manufacturer New=MANUFACTURER
Change Value of Parameter PART DESCRIPTION in Part C145 Old=Part Description New=PART DESCRIPTION
Change Value of Parameter TOLERANCE in Part C145 Old=Tolerance New=TOLERANCE
Change Value of Parameter EE_SPEC in Part C146 Old=EE Spec New=EE_SPEC
Change Value of Parameter MANUFACTURER in Part C146 Old=Manufacturer New=MANUFACTURER
Change Value of Parameter PART DESCRIPTION in Part C146 Old=Part Description New=PART DESCRIPTION
Change Value of Parameter TOLERANCE in Part C146 Old=Tolerance New=TOLERANCE
Change Value of Parameter EE_SPEC in Part C147 Old=EE Spec New=EE_SPEC
Change Value of Parameter MANUFACTURER in Part C147 Old=Manufacturer New=MANUFACTURER
Change Value of Parameter PART DESCRIPTION in Part C147 Old=Part Description New=PART DESCRIPTION
Change Value of Parameter TOLERANCE in Part C147 Old=Tolerance New=TOLERANCE
Change Value of Parameter EE_SPEC in Part C148 Old=EE Spec New=EE_SPEC
Change Value of Parameter MANUFACTURER in Part C148 Old=Manufacturer New=MANUFACTURER
Change Value of Parameter PART DESCRIPTION in Part C148 Old=Part Description New=PART DESCRIPTION
Change Value of Parameter TOLERANCE in Part C148 Old=Tolerance New=TOLERANCE
Change Value of Parameter EE_SPEC in Part C155 Old=EE Spec New=EE_SPEC
Change Value of Parameter MANUFACTURER in Part C155 Old=Manufacturer New=MANUFACTURER
Change Value of Parameter PART DESCRIPTION in Part C155 Old=Part Description New=PART DESCRIPTION
Change Value of Parameter TOLERANCE in Part C155 Old=Tolerance New=TOLERANCE
Change Value of Parameter VALUE in Part C155 Old=Value New=VALUE
Change Value of Parameter EE_SPEC in Part C156 Old=EE Spec New=EE_SPEC
Change Value of Parameter MANUFACTURER in Part C156 Old=Manufacturer New=MANUFACTURER
Change Value of Parameter PART DESCRIPTION in Part C156 Old=Part Description New=PART DESCRIPTION
Change Value of Parameter TOLERANCE in Part C156 Old=Tolerance New=TOLERANCE
Change Value of Parameter VALUE in Part C156 Old=Value New=VALUE
Change Value of Parameter EE_SPEC in Part FB13 Old=EE Spec New=EE_SPEC
Change Value of Parameter MANUFACTURER in Part FB13 Old=Manufacturer New=MANUFACTURER
Change Value of Parameter PART DESCRIPTION in Part FB13 Old=Part Description New=PART DESCRIPTION
Change Value of Parameter TOLERANCE in Part FB13 Old=Tolerance New=TOLERANCE
Change Value of Parameter VALUE in Part FB13 Old=Value New=VALUE
Change Value of Parameter EE_SPEC in Part FB14 Old=EE Spec New=EE_SPEC
Change Value of Parameter MANUFACTURER in Part FB14 Old=Manufacturer New=MANUFACTURER
Change Value of Parameter PART DESCRIPTION in Part FB14 Old=Part Description New=PART DESCRIPTION
Change Value of Parameter TOLERANCE in Part FB14 Old=Tolerance New=TOLERANCE
Change Value of Parameter VALUE in Part FB14 Old=Value New=VALUE
Change Value of Parameter EE_SPEC in Part FB15 Old=EE Spec New=EE_SPEC
Change Value of Parameter MANUFACTURER in Part FB15 Old=Manufacturer New=MANUFACTURER
Change Value of Parameter PART DESCRIPTION in Part FB15 Old=Part Description New=PART DESCRIPTION
Change Value of Parameter TOLERANCE in Part FB15 Old=Tolerance New=TOLERANCE
Change Value of Parameter VALUE in Part FB15 Old=Value New=VALUE
Change Value of Parameter EE_SPEC in Part FB16 Old=EE Spec New=EE_SPEC
Change Value of Parameter MANUFACTURER in Part FB16 Old=Manufacturer New=MANUFACTURER
Change Value of Parameter PART DESCRIPTION in Part FB16 Old=Part Description New=PART DESCRIPTION
Change Value of Parameter TOLERANCE in Part FB16 Old=Tolerance New=TOLERANCE
Change Value of Parameter VALUE in Part FB16 Old=Value New=VALUE
Change Value of Parameter EE_SPEC in Part FB24 Old=EE Spec New=EE_SPEC
Change Value of Parameter MANUFACTURER in Part FB24 Old=Manufacturer New=MANUFACTURER
Change Value of Parameter PART DESCRIPTION in Part FB24 Old=Part Description New=PART DESCRIPTION
Change Value of Parameter TOLERANCE in Part FB24 Old=Tolerance New=TOLERANCE
Change Value of Parameter VALUE in Part FB24 Old=Value New=VALUE
Change Value of Parameter EE_SPEC in Part J26 Old=EE Spec New=EE_SPEC
Change Value of Parameter MANUFACTURER in Part J26 Old=Manufacturer New=MANUFACTURER
Change Value of Parameter PART DESCRIPTION in Part J26 Old=Part Description New=PART DESCRIPTION
Change Value of Parameter TOLERANCE in Part J26 Old=Tolerance New=TOLERANCE
Change Value of Parameter VALUE in Part J26 Old=Value New=VALUE
Change Value of Parameter EE_SPEC in Part R86 Old=EE Spec New=EE_SPEC
Change Value of Parameter MANUFACTURER in Part R86 Old=Manufacturer New=MANUFACTURER
Change Value of Parameter PART DESCRIPTION in Part R86 Old=Part Description New=PART DESCRIPTION
Change Value of Parameter TOLERANCE in Part R86 Old=Tolerance New=TOLERANCE
Change Value of Parameter EE_SPEC in Part R103 Old=EE Spec New=EE_SPEC
Change Value of Parameter MANUFACTURER in Part R103 Old=Manufacturer New=MANUFACTURER
Change Value of Parameter PART DESCRIPTION in Part R103 Old=Part Description New=PART DESCRIPTION
Change Value of Parameter TOLERANCE in Part R103 Old=Tolerance New=TOLERANCE
Change Value of Parameter EE_SPEC in Part R104 Old=EE Spec New=EE_SPEC
Change Value of Parameter MANUFACTURER in Part R104 Old=Manufacturer New=MANUFACTURER
Change Value of Parameter PART DESCRIPTION in Part R104 Old=Part Description New=PART DESCRIPTION
Change Value of Parameter TOLERANCE in Part R104 Old=Tolerance New=TOLERANCE
Change Value of Parameter EE_SPEC in Part R112 Old=EE Spec New=EE_SPEC
Change Value of Parameter MANUFACTURER in Part R112 Old=Manufacturer New=MANUFACTURER
Change Value of Parameter PART DESCRIPTION in Part R112 Old=Part Description New=PART DESCRIPTION
Change Value of Parameter TOLERANCE in Part R112 Old=Tolerance New=TOLERANCE
Change Value of Parameter EE_SPEC in Part R118 Old=EE Spec New=EE_SPEC
Change Value of Parameter MANUFACTURER in Part R118 Old=Manufacturer New=MANUFACTURER
Change Value of Parameter PART DESCRIPTION in Part R118 Old=Part Description New=PART DESCRIPTION
Change Value of Parameter TOLERANCE in Part R118 Old=Tolerance New=TOLERANCE
Change Value of Parameter EE_SPEC in Part R127 Old=EE Spec New=EE_SPEC
Change Value of Parameter MANUFACTURER in Part R127 Old=Manufacturer New=MANUFACTURER
Change Value of Parameter PART DESCRIPTION in Part R127 Old=Part Description New=PART DESCRIPTION
Change Value of Parameter TOLERANCE in Part R127 Old=Tolerance New=TOLERANCE
Change Value of Parameter VALUE in Part R127 Old=Value New=VALUE
Change Value of Parameter EE_SPEC in Part R128 Old=EE Spec New=EE_SPEC
Change Value of Parameter MANUFACTURER in Part R128 Old=Manufacturer New=MANUFACTURER
Change Value of Parameter PART DESCRIPTION in Part R128 Old=Part Description New=PART DESCRIPTION
Change Value of Parameter TOLERANCE in Part R128 Old=Tolerance New=TOLERANCE
Change Value of Parameter VALUE in Part R128 Old=Value New=VALUE
Change Value of Parameter EE_SPEC in Part TP4 Old=EE Spec New=EE_SPEC
Change Value of Parameter MANUFACTURER in Part TP4 Old=Manufacturer New=MANUFACTURER
Change Value of Parameter PART DESCRIPTION in Part TP4 Old=Part Description New=PART DESCRIPTION
Change Value of Parameter TOLERANCE in Part TP4 Old=Tolerance New=TOLERANCE
Change Value of Parameter VALUE in Part TP4 Old=Value New=VALUE
Change Value of Parameter EE_SPEC in Part TP89 Old=EE Spec New=EE_SPEC
Change Value of Parameter MANUFACTURER in Part TP89 Old=Manufacturer New=MANUFACTURER
Change Value of Parameter PART DESCRIPTION in Part TP89 Old=Part Description New=PART DESCRIPTION
Change Value of Parameter TOLERANCE in Part TP89 Old=Tolerance New=TOLERANCE
Change Value of Parameter VALUE in Part TP89 Old=Value New=VALUE
Change Value of Parameter EE_SPEC in Part TP90 Old=EE Spec New=EE_SPEC
Change Value of Parameter MANUFACTURER in Part TP90 Old=Manufacturer New=MANUFACTURER
Change Value of Parameter PART DESCRIPTION in Part TP90 Old=Part Description New=PART DESCRIPTION
Change Value of Parameter TOLERANCE in Part TP90 Old=Tolerance New=TOLERANCE
Change Value of Parameter VALUE in Part TP90 Old=Value New=VALUE
Change Value of Parameter EE_SPEC in Part TP91 Old=EE Spec New=EE_SPEC
Change Value of Parameter MANUFACTURER in Part TP91 Old=Manufacturer New=MANUFACTURER
Change Value of Parameter PART DESCRIPTION in Part TP91 Old=Part Description New=PART DESCRIPTION
Change Value of Parameter TOLERANCE in Part TP91 Old=Tolerance New=TOLERANCE
Change Value of Parameter VALUE in Part TP91 Old=Value New=VALUE
Change Value of Parameter EE_SPEC in Part TP92 Old=EE Spec New=EE_SPEC
Change Value of Parameter MANUFACTURER in Part TP92 Old=Manufacturer New=MANUFACTURER
Change Value of Parameter PART DESCRIPTION in Part TP92 Old=Part Description New=PART DESCRIPTION
Change Value of Parameter TOLERANCE in Part TP92 Old=Tolerance New=TOLERANCE
Change Value of Parameter VALUE in Part TP92 Old=Value New=VALUE
Change Value of Parameter EE_SPEC in Part TP116 Old=EE Spec New=EE_SPEC
Change Value of Parameter MANUFACTURER in Part TP116 Old=Manufacturer New=MANUFACTURER
Change Value of Parameter PART DESCRIPTION in Part TP116 Old=Part Description New=PART DESCRIPTION
Change Value of Parameter TOLERANCE in Part TP116 Old=Tolerance New=TOLERANCE
Change Value of Parameter VALUE in Part TP116 Old=Value New=VALUE
Change Value of Parameter EE_SPEC in Part TP117 Old=EE Spec New=EE_SPEC
Change Value of Parameter MANUFACTURER in Part TP117 Old=Manufacturer New=MANUFACTURER
Change Value of Parameter PART DESCRIPTION in Part TP117 Old=Part Description New=PART DESCRIPTION
Change Value of Parameter TOLERANCE in Part TP117 Old=Tolerance New=TOLERANCE
Change Value of Parameter VALUE in Part TP117 Old=Value New=VALUE
Change Value of Parameter EE_SPEC in Part TP118 Old=EE Spec New=EE_SPEC
Change Value of Parameter MANUFACTURER in Part TP118 Old=Manufacturer New=MANUFACTURER
Change Value of Parameter PART DESCRIPTION in Part TP118 Old=Part Description New=PART DESCRIPTION
Change Value of Parameter TOLERANCE in Part TP118 Old=Tolerance New=TOLERANCE
Change Value of Parameter VALUE in Part TP118 Old=Value New=VALUE
Change Value of Parameter EE_SPEC in Part TP119 Old=EE Spec New=EE_SPEC
Change Value of Parameter MANUFACTURER in Part TP119 Old=Manufacturer New=MANUFACTURER
Change Value of Parameter PART DESCRIPTION in Part TP119 Old=Part Description New=PART DESCRIPTION
Change Value of Parameter TOLERANCE in Part TP119 Old=Tolerance New=TOLERANCE
Change Value of Parameter VALUE in Part TP119 Old=Value New=VALUE
Change Value of Parameter EE_SPEC in Part TP120 Old=EE Spec New=EE_SPEC
Change Value of Parameter MANUFACTURER in Part TP120 Old=Manufacturer New=MANUFACTURER
Change Value of Parameter PART DESCRIPTION in Part TP120 Old=Part Description New=PART DESCRIPTION
Change Value of Parameter TOLERANCE in Part TP120 Old=Tolerance New=TOLERANCE
Change Value of Parameter VALUE in Part TP120 Old=Value New=VALUE
Change Value of Parameter EE_SPEC in Part TP121 Old=EE Spec New=EE_SPEC
Change Value of Parameter MANUFACTURER in Part TP121 Old=Manufacturer New=MANUFACTURER
Change Value of Parameter PART DESCRIPTION in Part TP121 Old=Part Description New=PART DESCRIPTION
Change Value of Parameter TOLERANCE in Part TP121 Old=Tolerance New=TOLERANCE
Change Value of Parameter VALUE in Part TP121 Old=Value New=VALUE
Change Value of Parameter EE_SPEC in Part TVS13 Old=EE Spec New=EE_SPEC
Change Value of Parameter MANUFACTURER in Part TVS13 Old=Manufacturer New=MANUFACTURER
Change Value of Parameter PART DESCRIPTION in Part TVS13 Old=Part Description New=PART DESCRIPTION
Change Value of Parameter TOLERANCE in Part TVS13 Old=Tolerance New=TOLERANCE
Change Value of Parameter EE_SPEC in Part TVS14 Old=EE Spec New=EE_SPEC
Change Value of Parameter MANUFACTURER in Part TVS14 Old=Manufacturer New=MANUFACTURER
Change Value of Parameter PART DESCRIPTION in Part TVS14 Old=Part Description New=PART DESCRIPTION
Change Value of Parameter TOLERANCE in Part TVS14 Old=Tolerance New=TOLERANCE
Change Value of Parameter EE_SPEC in Part TVS15 Old=EE Spec New=EE_SPEC
Change Value of Parameter MANUFACTURER in Part TVS15 Old=Manufacturer New=MANUFACTURER
Change Value of Parameter PART DESCRIPTION in Part TVS15 Old=Part Description New=PART DESCRIPTION
Change Value of Parameter TOLERANCE in Part TVS15 Old=Tolerance New=TOLERANCE
Change Value of Parameter EE_SPEC in Part TVS16 Old=EE Spec New=EE_SPEC
Change Value of Parameter MANUFACTURER in Part TVS16 Old=Manufacturer New=MANUFACTURER
Change Value of Parameter PART DESCRIPTION in Part TVS16 Old=Part Description New=PART DESCRIPTION
Change Value of Parameter TOLERANCE in Part TVS16 Old=Tolerance New=TOLERANCE
Change Value of Parameter EE_SPEC in Part U16 Old=EE Spec New=EE_SPEC
Change Value of Parameter MANUFACTURER in Part U16 Old=Manufacturer New=MANUFACTURER
Change Value of Parameter PART DESCRIPTION in Part U16 Old=Part Description New=PART DESCRIPTION
Change Value of Parameter TOLERANCE in Part U16 Old=Tolerance New=TOLERANCE
Change Value of Parameter VALUE in Part U16 Old=Value New=VALUE
