Added Parameter DNI= to Part C101
Added Parameter DNI= to Part C105
Added Parameter DNI= to Part C112
Added Parameter DNI= to Part C116
Added Parameter DNI= to Part C120
Added Parameter DNI= to Part C124
Added Parameter DNI= to Part C141
Added Parameter DNI= to Part C142
Added Parameter DNI= to Part C143
Added Parameter DNI= to Part C144
Added Parameter DNI= to Part C145
Added Parameter DNI= to Part C146
Added Parameter DNI= to Part C147
Added Parameter DNI= to Part C148
Added Parameter DNI= to Part C155
Added Parameter DNI= to Part C156
Added Parameter DNI= to Part FB13
Added Parameter DNI= to Part FB14
Added Parameter DNI= to Part FB15
Added Parameter DNI= to Part FB16
Added Parameter DNI= to Part FB24
Added Parameter DNI= to Part J26
Added Parameter DNI= to Part R86
Added Parameter DNI= to Part R103
Added Parameter DNI= to Part R104
Added Parameter DNI= to Part R112
Added Parameter DNI= to Part R118
Added Parameter DNI= to Part R127
Added Parameter DNI= to Part R128
Added Parameter DNI= to Part TP4
Added Parameter DNI= to Part TP89
Added Parameter DNI= to Part TP90
Added Parameter DNI= to Part TP91
Added Parameter DNI= to Part TP92
Added Parameter DNI= to Part TP116
Added Parameter DNI= to Part TP117
Added Parameter DNI= to Part TP118
Added Parameter DNI= to Part TP119
Added Parameter DNI= to Part TP120
Added Parameter DNI= to Part TP121
Added Parameter DNI= to Part TVS13
Added Parameter DNI= to Part TVS14
Added Parameter DNI= to Part TVS15
Added Parameter DNI= to Part TVS16
Added Parameter DNI= to Part U16
