Change Value of Parameter DISTRIBUTOR # in Part R60 Old=CSRN2512FTR100TR-ND New=CSRN2512FKR200TR-ND
Change Value of Parameter MANUFACTURER # in Part R60 Old= New=CSRN2512FKR200
Change Value of Parameter PART in Part R60 Old= New=0.2R 1% 2512
Change Value of Parameter Part Description in Part R60 Old= New=0.2 Ohm ±1% 2W Chip Resistor 2512 (6432 Metric) Current Sense Thick Film
Change Value of Parameter Tolerance in Part R60 Old= New=1%
Change Value of Parameter Voltage in Part R60 Old= New=2W
Change Value of Parameter DISTRIBUTOR # in Part R130 Old=CSRN2512FTR100TR-ND New=CSRN2512FKR200TR-ND
Change Value of Parameter MANUFACTURER # in Part R130 Old= New=CSRN2512FKR200
Change Value of Parameter PART in Part R130 Old= New=0.2R 1% 2512
Change Value of Parameter Part Description in Part R130 Old= New=0.2 Ohm ±1% 2W Chip Resistor 2512 (6432 Metric) Current Sense Thick Film
Change Value of Parameter Tolerance in Part R130 Old= New=1%
Change Value of Parameter Voltage in Part R130 Old= New=2W
Change Value of Parameter MANUFACTURER # in Part TP3 Old= New=NOTAPART-Testpoint
Change Value of Parameter MANUFACTURER # in Part TP85 Old= New=NOTAPART-Testpoint
Change Value of Parameter MANUFACTURER # in Part TP86 Old= New=NOTAPART-Testpoint
Change Value of Parameter MANUFACTURER # in Part TP87 Old= New=NOTAPART-Testpoint
Change Value of Parameter MANUFACTURER # in Part TP88 Old= New=NOTAPART-Testpoint
Change Value of Parameter MANUFACTURER # in Part TP122 Old= New=NOTAPART-Testpoint
Change Value of Parameter MANUFACTURER # in Part TP123 Old= New=NOTAPART-Testpoint
Change Value of Parameter MANUFACTURER # in Part TP124 Old= New=NOTAPART-Testpoint
Change Value of Parameter MANUFACTURER # in Part TP125 Old= New=NOTAPART-Testpoint
Change Value of Parameter MANUFACTURER # in Part TP126 Old= New=NOTAPART-Testpoint
Change Value of Parameter MANUFACTURER # in Part TP127 Old= New=NOTAPART-Testpoint
