Added Parameter DNI= to Part C47
Added Parameter DNI= to Part C48
Added Parameter DNI= to Part C58
Added Parameter DNI= to Part C59
Added Parameter DNI= to Part C87
Added Parameter DNI= to Part C88
Added Parameter DNI= to Part C89
Added Parameter DNI= to Part C91
Added Parameter DNI= to Part C92
Added Parameter DNI= to Part C96
Added Parameter DNI= to Part C97
Added Parameter DNI= to Part C98
Added Parameter DNI= to Part C99
Added Parameter DNI= to Part C114
Added Parameter DNI= to Part C118
Added Parameter DNI= to Part C149
Added Parameter DNI= to Part FB1
Added Parameter DNI= to Part FB2
Added Parameter DNI= to Part FB3
Added Parameter DNI= to Part FB4
Added Parameter DNI= to Part FB22
Added Parameter DNI= to Part J22
Added Parameter DNI= to Part R56
Added Parameter DNI= to Part R57
Added Parameter DNI= to Part R58
Added Parameter DNI= to Part R59
Added Parameter DNI= to Part R121
Added Parameter DNI= to Part R122
Added Parameter DNI= to Part R129
Added Parameter DNI= to Part TP1
Added Parameter DNI= to Part TP2
Added Parameter DNI= to Part TP18
Added Parameter DNI= to Part TP19
Added Parameter DNI= to Part TP25
Added Parameter DNI= to Part TP80
Added Parameter DNI= to Part TP81
Added Parameter DNI= to Part TP82
Added Parameter DNI= to Part TP102
Added Parameter DNI= to Part TP103
Added Parameter DNI= to Part TP104
Added Parameter DNI= to Part TVS1
Added Parameter DNI= to Part TVS2
Added Parameter DNI= to Part TVS3
Added Parameter DNI= to Part TVS4
Added Parameter DNI= to Part U13
