Change Value of Parameter DISTRIBUTOR # in Part C115 Old= New=399-5089-2-ND
Change Value of Parameter DISTRIBUTOR in Part C115 Old= New=Digikey
Change Value of Parameter Manufacturer in Part C115 Old= New=Kemet
Change Value of Parameter PART in Part C115 Old= New=100nF 50V X7R 0603
Change Value of Parameter Part Description in Part C115 Old= New=0.10µF ±10% 50V Ceramic Capacitor X7R 0603 (1608 Metric)
Change Value of Parameter Tolerance in Part C115 Old= New=10%
Change Value of Parameter Voltage in Part C115 Old= New=50V 
Change Value of Parameter DISTRIBUTOR # in Part C119 Old= New=399-5089-2-ND
Change Value of Parameter DISTRIBUTOR in Part C119 Old= New=Digikey
Change Value of Parameter Manufacturer in Part C119 Old= New=Kemet
Change Value of Parameter PART in Part C119 Old= New=100nF 50V X7R 0603
Change Value of Parameter Part Description in Part C119 Old= New=0.10µF ±10% 50V Ceramic Capacitor X7R 0603 (1608 Metric)
Change Value of Parameter Tolerance in Part C119 Old= New=10%
Change Value of Parameter Voltage in Part C119 Old= New=50V 
Change Value of Parameter DISTRIBUTOR # in Part FB17 Old= New=1276-6350-2-ND
Change Value of Parameter DISTRIBUTOR in Part FB17 Old= New=Digikey
Change Value of Parameter PART in Part FB17 Old= New=Ferrite 220R 0603
Change Value of Parameter Part Description in Part FB17 Old= New=FERRITE BEAD 220 OHM 0603 1LN
Change Value of Parameter Tolerance in Part FB17 Old= New=-NA-
Change Value of Parameter Value in Part FB17 Old=220R New=220Rfb
Change Value of Parameter Voltage in Part FB17 Old= New=2.5A
Change Value of Parameter DISTRIBUTOR # in Part FB18 Old= New=1276-6350-2-ND
Change Value of Parameter DISTRIBUTOR in Part FB18 Old= New=Digikey
Change Value of Parameter PART in Part FB18 Old= New=Ferrite 220R 0603
Change Value of Parameter Part Description in Part FB18 Old= New=FERRITE BEAD 220 OHM 0603 1LN
Change Value of Parameter Tolerance in Part FB18 Old= New=-NA-
Change Value of Parameter Value in Part FB18 Old=220R New=220Rfb
Change Value of Parameter Voltage in Part FB18 Old= New=2.5A
Change Value of Parameter DISTRIBUTOR # in Part FB19 Old= New=1276-6350-2-ND
Change Value of Parameter DISTRIBUTOR in Part FB19 Old= New=Digikey
Change Value of Parameter PART in Part FB19 Old= New=Ferrite 220R 0603
Change Value of Parameter Part Description in Part FB19 Old= New=FERRITE BEAD 220 OHM 0603 1LN
Change Value of Parameter Tolerance in Part FB19 Old= New=-NA-
Change Value of Parameter Value in Part FB19 Old=220R New=220Rfb
Change Value of Parameter Voltage in Part FB19 Old= New=2.5A
Change Value of Parameter DISTRIBUTOR # in Part FB20 Old= New=1276-6350-2-ND
Change Value of Parameter DISTRIBUTOR in Part FB20 Old= New=Digikey
Change Value of Parameter PART in Part FB20 Old= New=Ferrite 220R 0603
Change Value of Parameter Part Description in Part FB20 Old= New=FERRITE BEAD 220 OHM 0603 1LN
Change Value of Parameter Tolerance in Part FB20 Old= New=-NA-
Change Value of Parameter Value in Part FB20 Old=220R New=220Rfb
Change Value of Parameter Voltage in Part FB20 Old= New=2.5A
Change Value of Parameter DISTRIBUTOR # in Part FB23 Old= New=1276-6350-2-ND
Change Value of Parameter DISTRIBUTOR in Part FB23 Old= New=Digikey
Change Value of Parameter PART in Part FB23 Old= New=Ferrite 220R 0603
Change Value of Parameter Part Description in Part FB23 Old= New=FERRITE BEAD 220 OHM 0603 1LN
Change Value of Parameter Tolerance in Part FB23 Old= New=-NA-
Change Value of Parameter Value in Part FB23 Old=220R New=220Rfb
Change Value of Parameter Voltage in Part FB23 Old= New=2.5A
