Change Value of Parameter EE_SPEC in Part C100 Old=EE Spec New=EE_SPEC
Change Value of Parameter MANUFACTURER in Part C100 Old=Manufacturer New=MANUFACTURER
Change Value of Parameter PART DESCRIPTION in Part C100 Old=Part Description New=PART DESCRIPTION
Change Value of Parameter TOLERANCE in Part C100 Old=Tolerance New=TOLERANCE
Change Value of Parameter EE_SPEC in Part C102 Old=EE Spec New=EE_SPEC
Change Value of Parameter MANUFACTURER in Part C102 Old=Manufacturer New=MANUFACTURER
Change Value of Parameter PART DESCRIPTION in Part C102 Old=Part Description New=PART DESCRIPTION
Change Value of Parameter TOLERANCE in Part C102 Old=Tolerance New=TOLERANCE
Change Value of Parameter VALUE in Part C102 Old=Value New=VALUE
Change Value of Parameter EE_SPEC in Part C104 Old=EE Spec New=EE_SPEC
Change Value of Parameter MANUFACTURER in Part C104 Old=Manufacturer New=MANUFACTURER
Change Value of Parameter PART DESCRIPTION in Part C104 Old=Part Description New=PART DESCRIPTION
Change Value of Parameter TOLERANCE in Part C104 Old=Tolerance New=TOLERANCE
Change Value of Parameter EE_SPEC in Part C106 Old=EE Spec New=EE_SPEC
Change Value of Parameter MANUFACTURER in Part C106 Old=Manufacturer New=MANUFACTURER
Change Value of Parameter PART DESCRIPTION in Part C106 Old=Part Description New=PART DESCRIPTION
Change Value of Parameter TOLERANCE in Part C106 Old=Tolerance New=TOLERANCE
Change Value of Parameter VALUE in Part C106 Old=Value New=VALUE
Change Value of Parameter EE_SPEC in Part C110 Old=EE Spec New=EE_SPEC
Change Value of Parameter MANUFACTURER in Part C110 Old=Manufacturer New=MANUFACTURER
Change Value of Parameter PART DESCRIPTION in Part C110 Old=Part Description New=PART DESCRIPTION
Change Value of Parameter TOLERANCE in Part C110 Old=Tolerance New=TOLERANCE
Change Value of Parameter EE_SPEC in Part C113 Old=EE Spec New=EE_SPEC
Change Value of Parameter MANUFACTURER in Part C113 Old=Manufacturer New=MANUFACTURER
Change Value of Parameter PART DESCRIPTION in Part C113 Old=Part Description New=PART DESCRIPTION
Change Value of Parameter TOLERANCE in Part C113 Old=Tolerance New=TOLERANCE
Change Value of Parameter EE_SPEC in Part C117 Old=EE Spec New=EE_SPEC
Change Value of Parameter MANUFACTURER in Part C117 Old=Manufacturer New=MANUFACTURER
Change Value of Parameter PART DESCRIPTION in Part C117 Old=Part Description New=PART DESCRIPTION
Change Value of Parameter TOLERANCE in Part C117 Old=Tolerance New=TOLERANCE
Change Value of Parameter EE_SPEC in Part C121 Old=EE Spec New=EE_SPEC
Change Value of Parameter MANUFACTURER in Part C121 Old=Manufacturer New=MANUFACTURER
Change Value of Parameter PART DESCRIPTION in Part C121 Old=Part Description New=PART DESCRIPTION
Change Value of Parameter TOLERANCE in Part C121 Old=Tolerance New=TOLERANCE
Change Value of Parameter EE_SPEC in Part C125 Old=EE Spec New=EE_SPEC
Change Value of Parameter MANUFACTURER in Part C125 Old=Manufacturer New=MANUFACTURER
Change Value of Parameter PART DESCRIPTION in Part C125 Old=Part Description New=PART DESCRIPTION
Change Value of Parameter TOLERANCE in Part C125 Old=Tolerance New=TOLERANCE
Change Value of Parameter VALUE in Part C125 Old=Value New=VALUE
Change Value of Parameter EE_SPEC in Part C126 Old=EE Spec New=EE_SPEC
Change Value of Parameter MANUFACTURER in Part C126 Old=Manufacturer New=MANUFACTURER
Change Value of Parameter PART DESCRIPTION in Part C126 Old=Part Description New=PART DESCRIPTION
Change Value of Parameter TOLERANCE in Part C126 Old=Tolerance New=TOLERANCE
Change Value of Parameter EE_SPEC in Part C127 Old=EE Spec New=EE_SPEC
Change Value of Parameter MANUFACTURER in Part C127 Old=Manufacturer New=MANUFACTURER
Change Value of Parameter PART DESCRIPTION in Part C127 Old=Part Description New=PART DESCRIPTION
Change Value of Parameter TOLERANCE in Part C127 Old=Tolerance New=TOLERANCE
Change Value of Parameter EE_SPEC in Part C128 Old=EE Spec New=EE_SPEC
Change Value of Parameter MANUFACTURER in Part C128 Old=Manufacturer New=MANUFACTURER
Change Value of Parameter PART DESCRIPTION in Part C128 Old=Part Description New=PART DESCRIPTION
Change Value of Parameter TOLERANCE in Part C128 Old=Tolerance New=TOLERANCE
Change Value of Parameter EE_SPEC in Part C129 Old=EE Spec New=EE_SPEC
Change Value of Parameter MANUFACTURER in Part C129 Old=Manufacturer New=MANUFACTURER
Change Value of Parameter PART DESCRIPTION in Part C129 Old=Part Description New=PART DESCRIPTION
Change Value of Parameter TOLERANCE in Part C129 Old=Tolerance New=TOLERANCE
Change Value of Parameter EE_SPEC in Part C130 Old=EE Spec New=EE_SPEC
Change Value of Parameter MANUFACTURER in Part C130 Old=Manufacturer New=MANUFACTURER
Change Value of Parameter PART DESCRIPTION in Part C130 Old=Part Description New=PART DESCRIPTION
Change Value of Parameter TOLERANCE in Part C130 Old=Tolerance New=TOLERANCE
Change Value of Parameter EE_SPEC in Part C131 Old=EE Spec New=EE_SPEC
Change Value of Parameter MANUFACTURER in Part C131 Old=Manufacturer New=MANUFACTURER
Change Value of Parameter PART DESCRIPTION in Part C131 Old=Part Description New=PART DESCRIPTION
Change Value of Parameter TOLERANCE in Part C131 Old=Tolerance New=TOLERANCE
Change Value of Parameter VALUE in Part C131 Old=Value New=VALUE
Change Value of Parameter EE_SPEC in Part C132 Old=EE Spec New=EE_SPEC
Change Value of Parameter MANUFACTURER in Part C132 Old=Manufacturer New=MANUFACTURER
Change Value of Parameter PART DESCRIPTION in Part C132 Old=Part Description New=PART DESCRIPTION
Change Value of Parameter TOLERANCE in Part C132 Old=Tolerance New=TOLERANCE
Change Value of Parameter VALUE in Part C132 Old=Value New=VALUE
Change Value of Parameter EE_SPEC in Part FB9 Old=EE Spec New=EE_SPEC
Change Value of Parameter MANUFACTURER in Part FB9 Old=Manufacturer New=MANUFACTURER
Change Value of Parameter PART DESCRIPTION in Part FB9 Old=Part Description New=PART DESCRIPTION
Change Value of Parameter TOLERANCE in Part FB9 Old=Tolerance New=TOLERANCE
Change Value of Parameter VALUE in Part FB9 Old=Value New=VALUE
Change Value of Parameter EE_SPEC in Part FB10 Old=EE Spec New=EE_SPEC
Change Value of Parameter MANUFACTURER in Part FB10 Old=Manufacturer New=MANUFACTURER
Change Value of Parameter PART DESCRIPTION in Part FB10 Old=Part Description New=PART DESCRIPTION
Change Value of Parameter TOLERANCE in Part FB10 Old=Tolerance New=TOLERANCE
Change Value of Parameter VALUE in Part FB10 Old=Value New=VALUE
Change Value of Parameter EE_SPEC in Part FB11 Old=EE Spec New=EE_SPEC
Change Value of Parameter MANUFACTURER in Part FB11 Old=Manufacturer New=MANUFACTURER
Change Value of Parameter PART DESCRIPTION in Part FB11 Old=Part Description New=PART DESCRIPTION
Change Value of Parameter TOLERANCE in Part FB11 Old=Tolerance New=TOLERANCE
Change Value of Parameter VALUE in Part FB11 Old=Value New=VALUE
Change Value of Parameter EE_SPEC in Part FB12 Old=EE Spec New=EE_SPEC
Change Value of Parameter MANUFACTURER in Part FB12 Old=Manufacturer New=MANUFACTURER
Change Value of Parameter PART DESCRIPTION in Part FB12 Old=Part Description New=PART DESCRIPTION
Change Value of Parameter TOLERANCE in Part FB12 Old=Tolerance New=TOLERANCE
Change Value of Parameter VALUE in Part FB12 Old=Value New=VALUE
Change Value of Parameter EE_SPEC in Part FB25 Old=EE Spec New=EE_SPEC
Change Value of Parameter MANUFACTURER in Part FB25 Old=Manufacturer New=MANUFACTURER
Change Value of Parameter PART DESCRIPTION in Part FB25 Old=Part Description New=PART DESCRIPTION
Change Value of Parameter TOLERANCE in Part FB25 Old=Tolerance New=TOLERANCE
Change Value of Parameter VALUE in Part FB25 Old=Value New=VALUE
Change Value of Parameter EE_SPEC in Part J27 Old=EE Spec New=EE_SPEC
Change Value of Parameter MANUFACTURER in Part J27 Old=Manufacturer New=MANUFACTURER
Change Value of Parameter PART DESCRIPTION in Part J27 Old=Part Description New=PART DESCRIPTION
Change Value of Parameter TOLERANCE in Part J27 Old=Tolerance New=TOLERANCE
Change Value of Parameter VALUE in Part J27 Old=Value New=VALUE
Change Value of Parameter EE_SPEC in Part R60 Old=EE Spec New=EE_SPEC
Change Value of Parameter MANUFACTURER in Part R60 Old=Manufacturer New=MANUFACTURER
Change Value of Parameter PART DESCRIPTION in Part R60 Old=Part Description New=PART DESCRIPTION
Change Value of Parameter TOLERANCE in Part R60 Old=Tolerance New=TOLERANCE
Change Value of Parameter VALUE in Part R60 Old=Value New=VALUE
Change Value of Parameter EE_SPEC in Part R84 Old=EE Spec New=EE_SPEC
Change Value of Parameter MANUFACTURER in Part R84 Old=Manufacturer New=MANUFACTURER
Change Value of Parameter PART DESCRIPTION in Part R84 Old=Part Description New=PART DESCRIPTION
Change Value of Parameter TOLERANCE in Part R84 Old=Tolerance New=TOLERANCE
Change Value of Parameter EE_SPEC in Part R105 Old=EE Spec New=EE_SPEC
Change Value of Parameter MANUFACTURER in Part R105 Old=Manufacturer New=MANUFACTURER
Change Value of Parameter PART DESCRIPTION in Part R105 Old=Part Description New=PART DESCRIPTION
Change Value of Parameter TOLERANCE in Part R105 Old=Tolerance New=TOLERANCE
Change Value of Parameter EE_SPEC in Part R106 Old=EE Spec New=EE_SPEC
Change Value of Parameter MANUFACTURER in Part R106 Old=Manufacturer New=MANUFACTURER
Change Value of Parameter PART DESCRIPTION in Part R106 Old=Part Description New=PART DESCRIPTION
Change Value of Parameter TOLERANCE in Part R106 Old=Tolerance New=TOLERANCE
Change Value of Parameter EE_SPEC in Part R113 Old=EE Spec New=EE_SPEC
Change Value of Parameter MANUFACTURER in Part R113 Old=Manufacturer New=MANUFACTURER
Change Value of Parameter PART DESCRIPTION in Part R113 Old=Part Description New=PART DESCRIPTION
Change Value of Parameter TOLERANCE in Part R113 Old=Tolerance New=TOLERANCE
Change Value of Parameter EE_SPEC in Part R116 Old=EE Spec New=EE_SPEC
Change Value of Parameter MANUFACTURER in Part R116 Old=Manufacturer New=MANUFACTURER
Change Value of Parameter PART DESCRIPTION in Part R116 Old=Part Description New=PART DESCRIPTION
Change Value of Parameter TOLERANCE in Part R116 Old=Tolerance New=TOLERANCE
Change Value of Parameter EE_SPEC in Part R130 Old=EE Spec New=EE_SPEC
Change Value of Parameter MANUFACTURER in Part R130 Old=Manufacturer New=MANUFACTURER
Change Value of Parameter PART DESCRIPTION in Part R130 Old=Part Description New=PART DESCRIPTION
Change Value of Parameter TOLERANCE in Part R130 Old=Tolerance New=TOLERANCE
Change Value of Parameter VALUE in Part R130 Old=Value New=VALUE
Change Value of Parameter EE_SPEC in Part TP3 Old=EE Spec New=EE_SPEC
Change Value of Parameter MANUFACTURER in Part TP3 Old=Manufacturer New=MANUFACTURER
Change Value of Parameter PART DESCRIPTION in Part TP3 Old=Part Description New=PART DESCRIPTION
Change Value of Parameter TOLERANCE in Part TP3 Old=Tolerance New=TOLERANCE
Change Value of Parameter VALUE in Part TP3 Old=Value New=VALUE
Change Value of Parameter EE_SPEC in Part TP85 Old=EE Spec New=EE_SPEC
Change Value of Parameter MANUFACTURER in Part TP85 Old=Manufacturer New=MANUFACTURER
Change Value of Parameter PART DESCRIPTION in Part TP85 Old=Part Description New=PART DESCRIPTION
Change Value of Parameter TOLERANCE in Part TP85 Old=Tolerance New=TOLERANCE
Change Value of Parameter VALUE in Part TP85 Old=Value New=VALUE
Change Value of Parameter EE_SPEC in Part TP86 Old=EE Spec New=EE_SPEC
Change Value of Parameter MANUFACTURER in Part TP86 Old=Manufacturer New=MANUFACTURER
Change Value of Parameter PART DESCRIPTION in Part TP86 Old=Part Description New=PART DESCRIPTION
Change Value of Parameter TOLERANCE in Part TP86 Old=Tolerance New=TOLERANCE
Change Value of Parameter VALUE in Part TP86 Old=Value New=VALUE
Change Value of Parameter EE_SPEC in Part TP87 Old=EE Spec New=EE_SPEC
Change Value of Parameter MANUFACTURER in Part TP87 Old=Manufacturer New=MANUFACTURER
Change Value of Parameter PART DESCRIPTION in Part TP87 Old=Part Description New=PART DESCRIPTION
Change Value of Parameter TOLERANCE in Part TP87 Old=Tolerance New=TOLERANCE
Change Value of Parameter VALUE in Part TP87 Old=Value New=VALUE
Change Value of Parameter EE_SPEC in Part TP88 Old=EE Spec New=EE_SPEC
Change Value of Parameter MANUFACTURER in Part TP88 Old=Manufacturer New=MANUFACTURER
Change Value of Parameter PART DESCRIPTION in Part TP88 Old=Part Description New=PART DESCRIPTION
Change Value of Parameter TOLERANCE in Part TP88 Old=Tolerance New=TOLERANCE
Change Value of Parameter VALUE in Part TP88 Old=Value New=VALUE
Change Value of Parameter EE_SPEC in Part TP122 Old=EE Spec New=EE_SPEC
Change Value of Parameter MANUFACTURER in Part TP122 Old=Manufacturer New=MANUFACTURER
Change Value of Parameter PART DESCRIPTION in Part TP122 Old=Part Description New=PART DESCRIPTION
Change Value of Parameter TOLERANCE in Part TP122 Old=Tolerance New=TOLERANCE
Change Value of Parameter VALUE in Part TP122 Old=Value New=VALUE
Change Value of Parameter EE_SPEC in Part TP123 Old=EE Spec New=EE_SPEC
Change Value of Parameter MANUFACTURER in Part TP123 Old=Manufacturer New=MANUFACTURER
Change Value of Parameter PART DESCRIPTION in Part TP123 Old=Part Description New=PART DESCRIPTION
Change Value of Parameter TOLERANCE in Part TP123 Old=Tolerance New=TOLERANCE
Change Value of Parameter VALUE in Part TP123 Old=Value New=VALUE
Change Value of Parameter EE_SPEC in Part TP124 Old=EE Spec New=EE_SPEC
Change Value of Parameter MANUFACTURER in Part TP124 Old=Manufacturer New=MANUFACTURER
Change Value of Parameter PART DESCRIPTION in Part TP124 Old=Part Description New=PART DESCRIPTION
Change Value of Parameter TOLERANCE in Part TP124 Old=Tolerance New=TOLERANCE
Change Value of Parameter VALUE in Part TP124 Old=Value New=VALUE
Change Value of Parameter EE_SPEC in Part TP125 Old=EE Spec New=EE_SPEC
Change Value of Parameter MANUFACTURER in Part TP125 Old=Manufacturer New=MANUFACTURER
Change Value of Parameter PART DESCRIPTION in Part TP125 Old=Part Description New=PART DESCRIPTION
Change Value of Parameter TOLERANCE in Part TP125 Old=Tolerance New=TOLERANCE
Change Value of Parameter VALUE in Part TP125 Old=Value New=VALUE
Change Value of Parameter EE_SPEC in Part TP126 Old=EE Spec New=EE_SPEC
Change Value of Parameter MANUFACTURER in Part TP126 Old=Manufacturer New=MANUFACTURER
Change Value of Parameter PART DESCRIPTION in Part TP126 Old=Part Description New=PART DESCRIPTION
Change Value of Parameter TOLERANCE in Part TP126 Old=Tolerance New=TOLERANCE
Change Value of Parameter VALUE in Part TP126 Old=Value New=VALUE
Change Value of Parameter EE_SPEC in Part TP127 Old=EE Spec New=EE_SPEC
Change Value of Parameter MANUFACTURER in Part TP127 Old=Manufacturer New=MANUFACTURER
Change Value of Parameter PART DESCRIPTION in Part TP127 Old=Part Description New=PART DESCRIPTION
Change Value of Parameter TOLERANCE in Part TP127 Old=Tolerance New=TOLERANCE
Change Value of Parameter VALUE in Part TP127 Old=Value New=VALUE
Change Value of Parameter EE_SPEC in Part TVS9 Old=EE Spec New=EE_SPEC
Change Value of Parameter MANUFACTURER in Part TVS9 Old=Manufacturer New=MANUFACTURER
Change Value of Parameter PART DESCRIPTION in Part TVS9 Old=Part Description New=PART DESCRIPTION
Change Value of Parameter TOLERANCE in Part TVS9 Old=Tolerance New=TOLERANCE
Change Value of Parameter EE_SPEC in Part TVS10 Old=EE Spec New=EE_SPEC
Change Value of Parameter MANUFACTURER in Part TVS10 Old=Manufacturer New=MANUFACTURER
Change Value of Parameter PART DESCRIPTION in Part TVS10 Old=Part Description New=PART DESCRIPTION
Change Value of Parameter TOLERANCE in Part TVS10 Old=Tolerance New=TOLERANCE
Change Value of Parameter EE_SPEC in Part TVS11 Old=EE Spec New=EE_SPEC
Change Value of Parameter MANUFACTURER in Part TVS11 Old=Manufacturer New=MANUFACTURER
Change Value of Parameter PART DESCRIPTION in Part TVS11 Old=Part Description New=PART DESCRIPTION
Change Value of Parameter TOLERANCE in Part TVS11 Old=Tolerance New=TOLERANCE
Change Value of Parameter EE_SPEC in Part TVS12 Old=EE Spec New=EE_SPEC
Change Value of Parameter MANUFACTURER in Part TVS12 Old=Manufacturer New=MANUFACTURER
Change Value of Parameter PART DESCRIPTION in Part TVS12 Old=Part Description New=PART DESCRIPTION
Change Value of Parameter TOLERANCE in Part TVS12 Old=Tolerance New=TOLERANCE
Change Value of Parameter EE_SPEC in Part U17 Old=EE Spec New=EE_SPEC
Change Value of Parameter MANUFACTURER in Part U17 Old=Manufacturer New=MANUFACTURER
Change Value of Parameter PART DESCRIPTION in Part U17 Old=Part Description New=PART DESCRIPTION
Change Value of Parameter TOLERANCE in Part U17 Old=Tolerance New=TOLERANCE
Change Value of Parameter VALUE in Part U17 Old=Value New=VALUE
