Change Value of Parameter EE_SPEC in Part C60 Old=EE Spec New=EE_SPEC
Change Value of Parameter MANUFACTURER in Part C60 Old=Manufacturer New=MANUFACTURER
Change Value of Parameter PART DESCRIPTION in Part C60 Old=Part Description New=PART DESCRIPTION
Change Value of Parameter TOLERANCE in Part C60 Old=Tolerance New=TOLERANCE
Change Value of Parameter VALUE in Part C60 Old=Value New=VALUE
Change Value of Parameter EE_SPEC in Part C61 Old=EE Spec New=EE_SPEC
Change Value of Parameter MANUFACTURER in Part C61 Old=Manufacturer New=MANUFACTURER
Change Value of Parameter PART DESCRIPTION in Part C61 Old=Part Description New=PART DESCRIPTION
Change Value of Parameter TOLERANCE in Part C61 Old=Tolerance New=TOLERANCE
Change Value of Parameter EE_SPEC in Part C62 Old=EE Spec New=EE_SPEC
Change Value of Parameter MANUFACTURER in Part C62 Old=Manufacturer New=MANUFACTURER
Change Value of Parameter PART DESCRIPTION in Part C62 Old=Part Description New=PART DESCRIPTION
Change Value of Parameter TOLERANCE in Part C62 Old=Tolerance New=TOLERANCE
Change Value of Parameter EE_SPEC in Part C64 Old=EE Spec New=EE_SPEC
Change Value of Parameter MANUFACTURER in Part C64 Old=Manufacturer New=MANUFACTURER
Change Value of Parameter PART DESCRIPTION in Part C64 Old=Part Description New=PART DESCRIPTION
Change Value of Parameter TOLERANCE in Part C64 Old=Tolerance New=TOLERANCE
Change Value of Parameter EE_SPEC in Part C74 Old=EE Spec New=EE_SPEC
Change Value of Parameter MANUFACTURER in Part C74 Old=Manufacturer New=MANUFACTURER
Change Value of Parameter PART DESCRIPTION in Part C74 Old=Part Description New=PART DESCRIPTION
Change Value of Parameter TOLERANCE in Part C74 Old=Tolerance New=TOLERANCE
Change Value of Parameter EE_SPEC in Part C75 Old=EE Spec New=EE_SPEC
Change Value of Parameter MANUFACTURER in Part C75 Old=Manufacturer New=MANUFACTURER
Change Value of Parameter PART DESCRIPTION in Part C75 Old=Part Description New=PART DESCRIPTION
Change Value of Parameter TOLERANCE in Part C75 Old=Tolerance New=TOLERANCE
Change Value of Parameter EE_SPEC in Part C78 Old=EE Spec New=EE_SPEC
Change Value of Parameter MANUFACTURER in Part C78 Old=Manufacturer New=MANUFACTURER
Change Value of Parameter PART DESCRIPTION in Part C78 Old=Part Description New=PART DESCRIPTION
Change Value of Parameter TOLERANCE in Part C78 Old=Tolerance New=TOLERANCE
Change Value of Parameter EE_SPEC in Part C79 Old=EE Spec New=EE_SPEC
Change Value of Parameter MANUFACTURER in Part C79 Old=Manufacturer New=MANUFACTURER
Change Value of Parameter PART DESCRIPTION in Part C79 Old=Part Description New=PART DESCRIPTION
Change Value of Parameter TOLERANCE in Part C79 Old=Tolerance New=TOLERANCE
Change Value of Parameter EE_SPEC in Part C83 Old=EE Spec New=EE_SPEC
Change Value of Parameter MANUFACTURER in Part C83 Old=Manufacturer New=MANUFACTURER
Change Value of Parameter PART DESCRIPTION in Part C83 Old=Part Description New=PART DESCRIPTION
Change Value of Parameter TOLERANCE in Part C83 Old=Tolerance New=TOLERANCE
Change Value of Parameter EE_SPEC in Part C85 Old=EE Spec New=EE_SPEC
Change Value of Parameter MANUFACTURER in Part C85 Old=Manufacturer New=MANUFACTURER
Change Value of Parameter PART DESCRIPTION in Part C85 Old=Part Description New=PART DESCRIPTION
Change Value of Parameter TOLERANCE in Part C85 Old=Tolerance New=TOLERANCE
Change Value of Parameter VALUE in Part C85 Old=Value New=VALUE
Change Value of Parameter EE_SPEC in Part C90 Old=EE Spec New=EE_SPEC
Change Value of Parameter MANUFACTURER in Part C90 Old=Manufacturer New=MANUFACTURER
Change Value of Parameter PART DESCRIPTION in Part C90 Old=Part Description New=PART DESCRIPTION
Change Value of Parameter TOLERANCE in Part C90 Old=Tolerance New=TOLERANCE
Change Value of Parameter VALUE in Part C90 Old=Value New=VALUE
Change Value of Parameter EE_SPEC in Part C107 Old=EE Spec New=EE_SPEC
Change Value of Parameter MANUFACTURER in Part C107 Old=Manufacturer New=MANUFACTURER
Change Value of Parameter PART DESCRIPTION in Part C107 Old=Part Description New=PART DESCRIPTION
Change Value of Parameter TOLERANCE in Part C107 Old=Tolerance New=TOLERANCE
Change Value of Parameter VALUE in Part C107 Old=Value New=VALUE
Change Value of Parameter EE_SPEC in Part C109 Old=EE Spec New=EE_SPEC
Change Value of Parameter MANUFACTURER in Part C109 Old=Manufacturer New=MANUFACTURER
Change Value of Parameter PART DESCRIPTION in Part C109 Old=Part Description New=PART DESCRIPTION
Change Value of Parameter TOLERANCE in Part C109 Old=Tolerance New=TOLERANCE
Change Value of Parameter EE_SPEC in Part C111 Old=EE Spec New=EE_SPEC
Change Value of Parameter MANUFACTURER in Part C111 Old=Manufacturer New=MANUFACTURER
Change Value of Parameter PART DESCRIPTION in Part C111 Old=Part Description New=PART DESCRIPTION
Change Value of Parameter TOLERANCE in Part C111 Old=Tolerance New=TOLERANCE
Change Value of Parameter EE_SPEC in Part C122 Old=EE Spec New=EE_SPEC
Change Value of Parameter MANUFACTURER in Part C122 Old=Manufacturer New=MANUFACTURER
Change Value of Parameter PART DESCRIPTION in Part C122 Old=Part Description New=PART DESCRIPTION
Change Value of Parameter TOLERANCE in Part C122 Old=Tolerance New=TOLERANCE
Change Value of Parameter EE_SPEC in Part C123 Old=EE Spec New=EE_SPEC
Change Value of Parameter MANUFACTURER in Part C123 Old=Manufacturer New=MANUFACTURER
Change Value of Parameter PART DESCRIPTION in Part C123 Old=Part Description New=PART DESCRIPTION
Change Value of Parameter TOLERANCE in Part C123 Old=Tolerance New=TOLERANCE
Change Value of Parameter VALUE in Part C123 Old=Value New=VALUE
Change Value of Parameter EE_SPEC in Part FB5 Old=EE Spec New=EE_SPEC
Change Value of Parameter MANUFACTURER in Part FB5 Old=Manufacturer New=MANUFACTURER
Change Value of Parameter PART DESCRIPTION in Part FB5 Old=Part Description New=PART DESCRIPTION
Change Value of Parameter TOLERANCE in Part FB5 Old=Tolerance New=TOLERANCE
Change Value of Parameter VALUE in Part FB5 Old=Value New=VALUE
Change Value of Parameter EE_SPEC in Part FB6 Old=EE Spec New=EE_SPEC
Change Value of Parameter MANUFACTURER in Part FB6 Old=Manufacturer New=MANUFACTURER
Change Value of Parameter PART DESCRIPTION in Part FB6 Old=Part Description New=PART DESCRIPTION
Change Value of Parameter TOLERANCE in Part FB6 Old=Tolerance New=TOLERANCE
Change Value of Parameter VALUE in Part FB6 Old=Value New=VALUE
Change Value of Parameter EE_SPEC in Part FB7 Old=EE Spec New=EE_SPEC
Change Value of Parameter MANUFACTURER in Part FB7 Old=Manufacturer New=MANUFACTURER
Change Value of Parameter PART DESCRIPTION in Part FB7 Old=Part Description New=PART DESCRIPTION
Change Value of Parameter TOLERANCE in Part FB7 Old=Tolerance New=TOLERANCE
Change Value of Parameter VALUE in Part FB7 Old=Value New=VALUE
Change Value of Parameter EE_SPEC in Part FB8 Old=EE Spec New=EE_SPEC
Change Value of Parameter MANUFACTURER in Part FB8 Old=Manufacturer New=MANUFACTURER
Change Value of Parameter PART DESCRIPTION in Part FB8 Old=Part Description New=PART DESCRIPTION
Change Value of Parameter TOLERANCE in Part FB8 Old=Tolerance New=TOLERANCE
Change Value of Parameter VALUE in Part FB8 Old=Value New=VALUE
Change Value of Parameter EE_SPEC in Part FB21 Old=EE Spec New=EE_SPEC
Change Value of Parameter MANUFACTURER in Part FB21 Old=Manufacturer New=MANUFACTURER
Change Value of Parameter PART DESCRIPTION in Part FB21 Old=Part Description New=PART DESCRIPTION
Change Value of Parameter TOLERANCE in Part FB21 Old=Tolerance New=TOLERANCE
Change Value of Parameter VALUE in Part FB21 Old=Value New=VALUE
Change Value of Parameter EE_SPEC in Part J24 Old=EE Spec New=EE_SPEC
Change Value of Parameter MANUFACTURER in Part J24 Old=Manufacturer New=MANUFACTURER
Change Value of Parameter PART DESCRIPTION in Part J24 Old=Part Description New=PART DESCRIPTION
Change Value of Parameter TOLERANCE in Part J24 Old=Tolerance New=TOLERANCE
Change Value of Parameter VALUE in Part J24 Old=Value New=VALUE
Change Value of Parameter EE_SPEC in Part J25 Old=EE Spec New=EE_SPEC
Change Value of Parameter MANUFACTURER in Part J25 Old=Manufacturer New=MANUFACTURER
Change Value of Parameter PART DESCRIPTION in Part J25 Old=Part Description New=PART DESCRIPTION
Change Value of Parameter TOLERANCE in Part J25 Old=Tolerance New=TOLERANCE
Change Value of Parameter VALUE in Part J25 Old=Value New=VALUE
Change Value of Parameter EE_SPEC in Part R89 Old=EE Spec New=EE_SPEC
Change Value of Parameter MANUFACTURER in Part R89 Old=Manufacturer New=MANUFACTURER
Change Value of Parameter PART DESCRIPTION in Part R89 Old=Part Description New=PART DESCRIPTION
Change Value of Parameter TOLERANCE in Part R89 Old=Tolerance New=TOLERANCE
Change Value of Parameter EE_SPEC in Part R107 Old=EE Spec New=EE_SPEC
Change Value of Parameter MANUFACTURER in Part R107 Old=Manufacturer New=MANUFACTURER
Change Value of Parameter PART DESCRIPTION in Part R107 Old=Part Description New=PART DESCRIPTION
Change Value of Parameter TOLERANCE in Part R107 Old=Tolerance New=TOLERANCE
Change Value of Parameter EE_SPEC in Part R108 Old=EE Spec New=EE_SPEC
Change Value of Parameter MANUFACTURER in Part R108 Old=Manufacturer New=MANUFACTURER
Change Value of Parameter PART DESCRIPTION in Part R108 Old=Part Description New=PART DESCRIPTION
Change Value of Parameter TOLERANCE in Part R108 Old=Tolerance New=TOLERANCE
Change Value of Parameter EE_SPEC in Part R111 Old=EE Spec New=EE_SPEC
Change Value of Parameter MANUFACTURER in Part R111 Old=Manufacturer New=MANUFACTURER
Change Value of Parameter PART DESCRIPTION in Part R111 Old=Part Description New=PART DESCRIPTION
Change Value of Parameter TOLERANCE in Part R111 Old=Tolerance New=TOLERANCE
Change Value of Parameter EE_SPEC in Part R117 Old=EE Spec New=EE_SPEC
Change Value of Parameter MANUFACTURER in Part R117 Old=Manufacturer New=MANUFACTURER
Change Value of Parameter PART DESCRIPTION in Part R117 Old=Part Description New=PART DESCRIPTION
Change Value of Parameter TOLERANCE in Part R117 Old=Tolerance New=TOLERANCE
Change Value of Parameter EE_SPEC in Part R125 Old=EE Spec New=EE_SPEC
Change Value of Parameter MANUFACTURER in Part R125 Old=Manufacturer New=MANUFACTURER
Change Value of Parameter PART DESCRIPTION in Part R125 Old=Part Description New=PART DESCRIPTION
Change Value of Parameter TOLERANCE in Part R125 Old=Tolerance New=TOLERANCE
Change Value of Parameter VALUE in Part R125 Old=Value New=VALUE
Change Value of Parameter EE_SPEC in Part R126 Old=EE Spec New=EE_SPEC
Change Value of Parameter MANUFACTURER in Part R126 Old=Manufacturer New=MANUFACTURER
Change Value of Parameter PART DESCRIPTION in Part R126 Old=Part Description New=PART DESCRIPTION
Change Value of Parameter TOLERANCE in Part R126 Old=Tolerance New=TOLERANCE
Change Value of Parameter VALUE in Part R126 Old=Value New=VALUE
Change Value of Parameter EE_SPEC in Part TP67 Old=EE Spec New=EE_SPEC
Change Value of Parameter MANUFACTURER in Part TP67 Old=Manufacturer New=MANUFACTURER
Change Value of Parameter PART DESCRIPTION in Part TP67 Old=Part Description New=PART DESCRIPTION
Change Value of Parameter TOLERANCE in Part TP67 Old=Tolerance New=TOLERANCE
Change Value of Parameter VALUE in Part TP67 Old=Value New=VALUE
Change Value of Parameter EE_SPEC in Part TP69 Old=EE Spec New=EE_SPEC
Change Value of Parameter MANUFACTURER in Part TP69 Old=Manufacturer New=MANUFACTURER
Change Value of Parameter PART DESCRIPTION in Part TP69 Old=Part Description New=PART DESCRIPTION
Change Value of Parameter TOLERANCE in Part TP69 Old=Tolerance New=TOLERANCE
Change Value of Parameter VALUE in Part TP69 Old=Value New=VALUE
Change Value of Parameter EE_SPEC in Part TP70 Old=EE Spec New=EE_SPEC
Change Value of Parameter MANUFACTURER in Part TP70 Old=Manufacturer New=MANUFACTURER
Change Value of Parameter PART DESCRIPTION in Part TP70 Old=Part Description New=PART DESCRIPTION
Change Value of Parameter TOLERANCE in Part TP70 Old=Tolerance New=TOLERANCE
Change Value of Parameter VALUE in Part TP70 Old=Value New=VALUE
Change Value of Parameter EE_SPEC in Part TP71 Old=EE Spec New=EE_SPEC
Change Value of Parameter MANUFACTURER in Part TP71 Old=Manufacturer New=MANUFACTURER
Change Value of Parameter PART DESCRIPTION in Part TP71 Old=Part Description New=PART DESCRIPTION
Change Value of Parameter TOLERANCE in Part TP71 Old=Tolerance New=TOLERANCE
Change Value of Parameter VALUE in Part TP71 Old=Value New=VALUE
Change Value of Parameter EE_SPEC in Part TP72 Old=EE Spec New=EE_SPEC
Change Value of Parameter MANUFACTURER in Part TP72 Old=Manufacturer New=MANUFACTURER
Change Value of Parameter PART DESCRIPTION in Part TP72 Old=Part Description New=PART DESCRIPTION
Change Value of Parameter TOLERANCE in Part TP72 Old=Tolerance New=TOLERANCE
Change Value of Parameter VALUE in Part TP72 Old=Value New=VALUE
Change Value of Parameter EE_SPEC in Part TP73 Old=EE Spec New=EE_SPEC
Change Value of Parameter MANUFACTURER in Part TP73 Old=Manufacturer New=MANUFACTURER
Change Value of Parameter PART DESCRIPTION in Part TP73 Old=Part Description New=PART DESCRIPTION
Change Value of Parameter TOLERANCE in Part TP73 Old=Tolerance New=TOLERANCE
Change Value of Parameter VALUE in Part TP73 Old=Value New=VALUE
Change Value of Parameter EE_SPEC in Part TP84 Old=EE Spec New=EE_SPEC
Change Value of Parameter MANUFACTURER in Part TP84 Old=Manufacturer New=MANUFACTURER
Change Value of Parameter PART DESCRIPTION in Part TP84 Old=Part Description New=PART DESCRIPTION
Change Value of Parameter TOLERANCE in Part TP84 Old=Tolerance New=TOLERANCE
Change Value of Parameter VALUE in Part TP84 Old=Value New=VALUE
Change Value of Parameter EE_SPEC in Part TP93 Old=EE Spec New=EE_SPEC
Change Value of Parameter MANUFACTURER in Part TP93 Old=Manufacturer New=MANUFACTURER
Change Value of Parameter PART DESCRIPTION in Part TP93 Old=Part Description New=PART DESCRIPTION
Change Value of Parameter TOLERANCE in Part TP93 Old=Tolerance New=TOLERANCE
Change Value of Parameter VALUE in Part TP93 Old=Value New=VALUE
Change Value of Parameter EE_SPEC in Part TP94 Old=EE Spec New=EE_SPEC
Change Value of Parameter MANUFACTURER in Part TP94 Old=Manufacturer New=MANUFACTURER
Change Value of Parameter PART DESCRIPTION in Part TP94 Old=Part Description New=PART DESCRIPTION
Change Value of Parameter TOLERANCE in Part TP94 Old=Tolerance New=TOLERANCE
Change Value of Parameter VALUE in Part TP94 Old=Value New=VALUE
Change Value of Parameter EE_SPEC in Part TP95 Old=EE Spec New=EE_SPEC
Change Value of Parameter MANUFACTURER in Part TP95 Old=Manufacturer New=MANUFACTURER
Change Value of Parameter PART DESCRIPTION in Part TP95 Old=Part Description New=PART DESCRIPTION
Change Value of Parameter TOLERANCE in Part TP95 Old=Tolerance New=TOLERANCE
Change Value of Parameter VALUE in Part TP95 Old=Value New=VALUE
Change Value of Parameter EE_SPEC in Part TP96 Old=EE Spec New=EE_SPEC
Change Value of Parameter MANUFACTURER in Part TP96 Old=Manufacturer New=MANUFACTURER
Change Value of Parameter PART DESCRIPTION in Part TP96 Old=Part Description New=PART DESCRIPTION
Change Value of Parameter TOLERANCE in Part TP96 Old=Tolerance New=TOLERANCE
Change Value of Parameter VALUE in Part TP96 Old=Value New=VALUE
Change Value of Parameter EE_SPEC in Part TVS5 Old=EE Spec New=EE_SPEC
Change Value of Parameter MANUFACTURER in Part TVS5 Old=Manufacturer New=MANUFACTURER
Change Value of Parameter PART DESCRIPTION in Part TVS5 Old=Part Description New=PART DESCRIPTION
Change Value of Parameter TOLERANCE in Part TVS5 Old=Tolerance New=TOLERANCE
Change Value of Parameter EE_SPEC in Part TVS6 Old=EE Spec New=EE_SPEC
Change Value of Parameter MANUFACTURER in Part TVS6 Old=Manufacturer New=MANUFACTURER
Change Value of Parameter PART DESCRIPTION in Part TVS6 Old=Part Description New=PART DESCRIPTION
Change Value of Parameter TOLERANCE in Part TVS6 Old=Tolerance New=TOLERANCE
Change Value of Parameter EE_SPEC in Part TVS7 Old=EE Spec New=EE_SPEC
Change Value of Parameter MANUFACTURER in Part TVS7 Old=Manufacturer New=MANUFACTURER
Change Value of Parameter PART DESCRIPTION in Part TVS7 Old=Part Description New=PART DESCRIPTION
Change Value of Parameter TOLERANCE in Part TVS7 Old=Tolerance New=TOLERANCE
Change Value of Parameter EE_SPEC in Part TVS8 Old=EE Spec New=EE_SPEC
Change Value of Parameter MANUFACTURER in Part TVS8 Old=Manufacturer New=MANUFACTURER
Change Value of Parameter PART DESCRIPTION in Part TVS8 Old=Part Description New=PART DESCRIPTION
Change Value of Parameter TOLERANCE in Part TVS8 Old=Tolerance New=TOLERANCE
Change Value of Parameter EE_SPEC in Part U15 Old=EE Spec New=EE_SPEC
Change Value of Parameter MANUFACTURER in Part U15 Old=Manufacturer New=MANUFACTURER
Change Value of Parameter PART DESCRIPTION in Part U15 Old=Part Description New=PART DESCRIPTION
Change Value of Parameter TOLERANCE in Part U15 Old=Tolerance New=TOLERANCE
Change Value of Parameter VALUE in Part U15 Old=Value New=VALUE
