Removed Parameter Component Type: from Part C150
Removed Parameter Component Type: from Part C151
Removed Parameter Component Type: from Part C152
Removed Parameter Component Type: from Part C153
Removed Parameter Datasheet: from Part C150
Removed Parameter Datasheet: from Part C151
Removed Parameter Datasheet: from Part C152
Removed Parameter Datasheet: from Part C153
Removed Parameter Datasheet: from Part U14
Removed Parameter MFR:Murata from Part C150
Removed Parameter MFR:Murata from Part C151
Removed Parameter MFR:Murata from Part C152
Removed Parameter MFR:Murata from Part C153
Removed Parameter MFR:Stackpole ELectronics Inc from Part R123
Removed Parameter MFR:Stackpole ELectronics Inc from Part R124
Change Value of Parameter Manufacturer in Part C150 Old= New=Murata
Change Value of Parameter Manufacturer in Part C151 Old= New=Murata
Change Value of Parameter Manufacturer in Part C152 Old= New=Murata
Change Value of Parameter Manufacturer in Part C153 Old= New=Murata
Change Value of Parameter Manufacturer in Part R123 Old= New=Stackpole ELectronics Inc
Change Value of Parameter Manufacturer in Part R124 Old= New=Stackpole ELectronics Inc
