Removed Parameter Digilkey #:1276-3432-1-ND from Part R58
Removed Parameter Manufacture: from Part C88
Removed Parameter Manufacture:Texas Instruments from Part U13
Removed Parameter MFR #:CSRN2512FTR100 from Part R121
Removed Parameter MFR #:CSRN2512FTR100 from Part R122
Removed Parameter Mounting Type:SMT 0402 from Part C87
Removed Parameter Mounting Type:SMT 0402 from Part C91
Removed Parameter Mounting Type:SMT 0402 from Part C92
Removed Parameter Mounting Type:SMT 0402 from Part C149
Removed Parameter Mountining Type:SMD - Ti PowerPAD Package from Part U13
Removed Parameter PackageReference:0402 from Part C87
Removed Parameter PackageReference:0402 from Part C91
Removed Parameter PackageReference:0402 from Part C92
Removed Parameter PackageReference:0402 from Part C149
Removed Parameter PackageReference:2512 from Part R121
Removed Parameter PackageReference:2512 from Part R122
Removed Parameter Part Number:DRV8825PWPR from Part U13
Removed Parameter Type:Stepper Driver - Integrated Circuit from Part U13
Change Value of Parameter MANUFACTURER # in Part U13 Old= New=DRV8825PWPR
Change Value of Parameter Manufacturer in Part U13 Old= New=Texas Instruments
Added Parameter Digikey #=1276-3432-1-ND to Part R58
