Added Parameter DISTRIBUTOR #= to Part C61
Added Parameter DISTRIBUTOR #= to Part C62
Added Parameter DISTRIBUTOR #= to Part C64
Added Parameter DISTRIBUTOR #= to Part C74
Added Parameter DISTRIBUTOR #= to Part C75
Added Parameter DISTRIBUTOR #= to Part C78
Added Parameter DISTRIBUTOR #= to Part C79
Added Parameter DISTRIBUTOR #= to Part C83
Added Parameter DISTRIBUTOR #= to Part C85
Added Parameter DISTRIBUTOR #= to Part C90
Added Parameter DISTRIBUTOR #= to Part C109
Added Parameter DISTRIBUTOR #= to Part C111
Added Parameter DISTRIBUTOR #= to Part C122
Added Parameter DISTRIBUTOR #= to Part FB5
Added Parameter DISTRIBUTOR #= to Part FB6
Added Parameter DISTRIBUTOR #= to Part FB7
Added Parameter DISTRIBUTOR #= to Part FB8
Added Parameter DISTRIBUTOR #= to Part FB21
Added Parameter DISTRIBUTOR #= to Part J24
Added Parameter DISTRIBUTOR #= to Part J25
Added Parameter DISTRIBUTOR #= to Part R89
Added Parameter DISTRIBUTOR #= to Part R108
Added Parameter DISTRIBUTOR #= to Part R111
Added Parameter DISTRIBUTOR #= to Part R117
Added Parameter DISTRIBUTOR #= to Part TP67
Added Parameter DISTRIBUTOR #= to Part TP69
Added Parameter DISTRIBUTOR #= to Part TP70
Added Parameter DISTRIBUTOR #= to Part TP71
Added Parameter DISTRIBUTOR #= to Part TP72
Added Parameter DISTRIBUTOR #= to Part TP73
Added Parameter DISTRIBUTOR #= to Part TP84
Added Parameter DISTRIBUTOR #= to Part TP93
Added Parameter DISTRIBUTOR #= to Part TP94
Added Parameter DISTRIBUTOR #= to Part TP95
Added Parameter DISTRIBUTOR #= to Part TP96
Added Parameter DISTRIBUTOR #= to Part TVS5
Added Parameter DISTRIBUTOR #= to Part TVS6
Added Parameter DISTRIBUTOR #= to Part TVS7
Added Parameter DISTRIBUTOR #= to Part TVS8
Added Parameter DISTRIBUTOR #= to Part U15
Added Parameter DISTRIBUTOR= to Part C61
Added Parameter DISTRIBUTOR= to Part C62
Added Parameter DISTRIBUTOR= to Part C64
Added Parameter DISTRIBUTOR= to Part C74
Added Parameter DISTRIBUTOR= to Part C75
Added Parameter DISTRIBUTOR= to Part C78
Added Parameter DISTRIBUTOR= to Part C79
Added Parameter DISTRIBUTOR= to Part C83
Added Parameter DISTRIBUTOR= to Part C85
Added Parameter DISTRIBUTOR= to Part C90
Added Parameter DISTRIBUTOR= to Part C109
Added Parameter DISTRIBUTOR= to Part C111
Added Parameter DISTRIBUTOR= to Part C122
Added Parameter DISTRIBUTOR= to Part FB5
Added Parameter DISTRIBUTOR= to Part FB6
Added Parameter DISTRIBUTOR= to Part FB7
Added Parameter DISTRIBUTOR= to Part FB8
Added Parameter DISTRIBUTOR= to Part FB21
Added Parameter DISTRIBUTOR= to Part J24
Added Parameter DISTRIBUTOR= to Part J25
Added Parameter DISTRIBUTOR= to Part R89
Added Parameter DISTRIBUTOR= to Part R108
Added Parameter DISTRIBUTOR= to Part R111
Added Parameter DISTRIBUTOR= to Part R117
Added Parameter DISTRIBUTOR= to Part TP67
Added Parameter DISTRIBUTOR= to Part TP69
Added Parameter DISTRIBUTOR= to Part TP70
Added Parameter DISTRIBUTOR= to Part TP71
Added Parameter DISTRIBUTOR= to Part TP72
Added Parameter DISTRIBUTOR= to Part TP73
Added Parameter DISTRIBUTOR= to Part TP84
Added Parameter DISTRIBUTOR= to Part TP93
Added Parameter DISTRIBUTOR= to Part TP94
Added Parameter DISTRIBUTOR= to Part TP95
Added Parameter DISTRIBUTOR= to Part TP96
Added Parameter DISTRIBUTOR= to Part TVS5
Added Parameter DISTRIBUTOR= to Part TVS6
Added Parameter DISTRIBUTOR= to Part TVS7
Added Parameter DISTRIBUTOR= to Part TVS8
Added Parameter DISTRIBUTOR= to Part U15
Added Parameter PART= to Part C60
Added Parameter PART= to Part C61
Added Parameter PART= to Part C62
Added Parameter PART= to Part C64
Added Parameter PART= to Part C74
Added Parameter PART= to Part C75
Added Parameter PART= to Part C78
Added Parameter PART= to Part C79
Added Parameter PART= to Part C83
Added Parameter PART= to Part C85
Added Parameter PART= to Part C90
Added Parameter PART= to Part C107
Added Parameter PART= to Part C109
Added Parameter PART= to Part C111
Added Parameter PART= to Part C122
Added Parameter PART= to Part C123
Added Parameter PART= to Part FB5
Added Parameter PART= to Part FB6
Added Parameter PART= to Part FB7
Added Parameter PART= to Part FB8
Added Parameter PART= to Part FB21
Added Parameter PART= to Part J24
Added Parameter PART= to Part J25
Added Parameter PART= to Part R89
Added Parameter PART= to Part R107
Added Parameter PART= to Part R108
Added Parameter PART= to Part R111
Added Parameter PART= to Part R117
Added Parameter PART= to Part R125
Added Parameter PART= to Part R126
Added Parameter PART= to Part TP67
Added Parameter PART= to Part TP69
Added Parameter PART= to Part TP70
Added Parameter PART= to Part TP71
Added Parameter PART= to Part TP72
Added Parameter PART= to Part TP73
Added Parameter PART= to Part TP84
Added Parameter PART= to Part TP93
Added Parameter PART= to Part TP94
Added Parameter PART= to Part TP95
Added Parameter PART= to Part TP96
Added Parameter PART= to Part TVS5
Added Parameter PART= to Part TVS6
Added Parameter PART= to Part TVS7
Added Parameter PART= to Part TVS8
Added Parameter PART= to Part U15
Added Parameter Part Description= to Part C61
Added Parameter Part Description= to Part C62
Added Parameter Part Description= to Part C64
Added Parameter Part Description= to Part C74
Added Parameter Part Description= to Part C75
Added Parameter Part Description= to Part C78
Added Parameter Part Description= to Part C79
Added Parameter Part Description= to Part C83
Added Parameter Part Description= to Part C90
Added Parameter Part Description= to Part C109
Added Parameter Part Description= to Part C111
Added Parameter Part Description= to Part C122
Added Parameter Part Description= to Part FB5
Added Parameter Part Description= to Part FB6
Added Parameter Part Description= to Part FB7
Added Parameter Part Description= to Part FB8
Added Parameter Part Description= to Part FB21
Added Parameter Part Description= to Part J24
Added Parameter Part Description= to Part J25
Added Parameter Part Description= to Part R89
Added Parameter Part Description= to Part R107
Added Parameter Part Description= to Part R108
Added Parameter Part Description= to Part R111
Added Parameter Part Description= to Part R117
Added Parameter Part Description= to Part R125
Added Parameter Part Description= to Part R126
Added Parameter Part Description= to Part TP67
Added Parameter Part Description= to Part TP69
Added Parameter Part Description= to Part TP70
Added Parameter Part Description= to Part TP71
Added Parameter Part Description= to Part TP72
Added Parameter Part Description= to Part TP73
Added Parameter Part Description= to Part TP84
Added Parameter Part Description= to Part TP93
Added Parameter Part Description= to Part TP94
Added Parameter Part Description= to Part TP95
Added Parameter Part Description= to Part TP96
Added Parameter Part Description= to Part TVS5
Added Parameter Part Description= to Part TVS6
Added Parameter Part Description= to Part TVS7
Added Parameter Part Description= to Part TVS8
Added Parameter Part Description= to Part U15
Added Parameter Tolerance= to Part C61
Added Parameter Tolerance= to Part C62
Added Parameter Tolerance= to Part C64
Added Parameter Tolerance= to Part C74
Added Parameter Tolerance= to Part C75
Added Parameter Tolerance= to Part C78
Added Parameter Tolerance= to Part C79
Added Parameter Tolerance= to Part C83
Added Parameter Tolerance= to Part C90
Added Parameter Tolerance= to Part C109
Added Parameter Tolerance= to Part C111
Added Parameter Tolerance= to Part C122
Added Parameter Tolerance= to Part FB5
Added Parameter Tolerance= to Part FB6
Added Parameter Tolerance= to Part FB7
Added Parameter Tolerance= to Part FB8
Added Parameter Tolerance= to Part FB21
Added Parameter Tolerance= to Part J24
Added Parameter Tolerance= to Part J25
Added Parameter Tolerance= to Part R89
Added Parameter Tolerance= to Part R107
Added Parameter Tolerance= to Part R108
Added Parameter Tolerance= to Part R111
Added Parameter Tolerance= to Part R117
Added Parameter Tolerance= to Part R125
Added Parameter Tolerance= to Part R126
Added Parameter Tolerance= to Part TP67
Added Parameter Tolerance= to Part TP69
Added Parameter Tolerance= to Part TP70
Added Parameter Tolerance= to Part TP71
Added Parameter Tolerance= to Part TP72
Added Parameter Tolerance= to Part TP73
Added Parameter Tolerance= to Part TP84
Added Parameter Tolerance= to Part TP93
Added Parameter Tolerance= to Part TP94
Added Parameter Tolerance= to Part TP95
Added Parameter Tolerance= to Part TP96
Added Parameter Tolerance= to Part TVS5
Added Parameter Tolerance= to Part TVS6
Added Parameter Tolerance= to Part TVS7
Added Parameter Tolerance= to Part TVS8
Added Parameter Value= to Part J24
Added Parameter Value= to Part J25
Added Parameter Value= to Part TP67
Added Parameter Value= to Part TP69
Added Parameter Value= to Part TP70
Added Parameter Value= to Part TP71
Added Parameter Value= to Part TP72
Added Parameter Value= to Part TP73
Added Parameter Value= to Part TP84
Added Parameter Value= to Part TP93
Added Parameter Value= to Part TP94
Added Parameter Value= to Part TP95
Added Parameter Value= to Part TP96
Added Parameter Value= to Part U15
Added Parameter Voltage= to Part C61
Added Parameter Voltage= to Part C62
Added Parameter Voltage= to Part C64
Added Parameter Voltage= to Part C74
Added Parameter Voltage= to Part C75
Added Parameter Voltage= to Part C78
Added Parameter Voltage= to Part C79
Added Parameter Voltage= to Part C83
Added Parameter Voltage= to Part C90
Added Parameter Voltage= to Part C109
Added Parameter Voltage= to Part C111
Added Parameter Voltage= to Part C122
Added Parameter Voltage= to Part FB5
Added Parameter Voltage= to Part FB6
Added Parameter Voltage= to Part FB7
Added Parameter Voltage= to Part FB8
Added Parameter Voltage= to Part FB21
Added Parameter Voltage= to Part J24
Added Parameter Voltage= to Part J25
Added Parameter Voltage= to Part R89
Added Parameter Voltage= to Part R107
Added Parameter Voltage= to Part R108
Added Parameter Voltage= to Part R111
Added Parameter Voltage= to Part R117
Added Parameter Voltage= to Part R125
Added Parameter Voltage= to Part R126
Added Parameter Voltage= to Part TP67
Added Parameter Voltage= to Part TP69
Added Parameter Voltage= to Part TP70
Added Parameter Voltage= to Part TP71
Added Parameter Voltage= to Part TP72
Added Parameter Voltage= to Part TP73
Added Parameter Voltage= to Part TP84
Added Parameter Voltage= to Part TP93
Added Parameter Voltage= to Part TP94
Added Parameter Voltage= to Part TP95
Added Parameter Voltage= to Part TP96
Added Parameter Voltage= to Part TVS5
Added Parameter Voltage= to Part TVS6
Added Parameter Voltage= to Part TVS7
Added Parameter Voltage= to Part TVS8
