Change Value of Parameter DISTRIBUTOR # in Part C154 Old= New=493-2203-2-ND
Change Value of Parameter DISTRIBUTOR in Part C154 Old= New=Digikey
Change Value of Parameter Manufacturer in Part C154 Old= New=Nichicon
Change Value of Parameter PART in Part C154 Old= New=100uF 35V SMD Al-El 
Change Value of Parameter Part Description in Part C154 Old= New=100µF 35V Aluminum Capacitors Radial, Can - SMD 1000 Hrs @ 105°C
Change Value of Parameter Tolerance in Part C154 Old= New=20%
Change Value of Parameter Voltage in Part C154 Old= New=35V
Change Value of Parameter PART in Part R119 Old= New=100k 1% 0402
Change Value of Parameter Part Description in Part R119 Old= New=100k Ohm ±1% 0.063W, 1/16W Chip Resistor 0402 (1005 Metric) Moisture Resistant Thick Film
Change Value of Parameter Tolerance in Part R119 Old= New=1%
Change Value of Parameter Voltage in Part R119 Old= New=1/16W
Change Value of Parameter DISTRIBUTOR # in Part TVS17 Old= New=SMF30A-E3-08GITR-ND
Change Value of Parameter DISTRIBUTOR in Part TVS17 Old= New=Digikey
Change Value of Parameter Manufacturer in Part TVS17 Old= New=Vishay  
Change Value of Parameter PART in Part TVS17 Old= New=TVS Diode 48.4VC
Change Value of Parameter Part Description in Part TVS17 Old= New=TVS DIODE 30VWM 48.4VC SMF
Change Value of Parameter Tolerance in Part TVS17 Old= New=-NA-
Change Value of Parameter VALUE in Part TVS17 Old=30V New=-NA-
Change Value of Parameter Voltage in Part TVS17 Old= New=30Vrs 48.4Vc
Change Value of Parameter DISTRIBUTOR # in Part TVS18 Old= New=SMF30A-E3-08GITR-ND
Change Value of Parameter DISTRIBUTOR in Part TVS18 Old= New=Digikey
Change Value of Parameter Manufacturer in Part TVS18 Old= New=Vishay  
Change Value of Parameter PART in Part TVS18 Old= New=TVS Diode 48.4VC
Change Value of Parameter Part Description in Part TVS18 Old= New=TVS DIODE 30VWM 48.4VC SMF
Change Value of Parameter Tolerance in Part TVS18 Old= New=-NA-
Change Value of Parameter VALUE in Part TVS18 Old=30V New=-NA-
Change Value of Parameter Voltage in Part TVS18 Old= New=30Vrs 48.4Vc
Change Value of Parameter DISTRIBUTOR # in Part TVS19 Old= New=SMF30A-E3-08GITR-ND
Change Value of Parameter DISTRIBUTOR in Part TVS19 Old= New=Digikey
Change Value of Parameter Manufacturer in Part TVS19 Old= New=Vishay  
Change Value of Parameter PART in Part TVS19 Old= New=TVS Diode 48.4VC
Change Value of Parameter Part Description in Part TVS19 Old= New=TVS DIODE 30VWM 48.4VC SMF
Change Value of Parameter Tolerance in Part TVS19 Old= New=-NA-
Change Value of Parameter VALUE in Part TVS19 Old=30V New=-NA-
Change Value of Parameter Voltage in Part TVS19 Old= New=30Vrs 48.4Vc
Change Value of Parameter DISTRIBUTOR # in Part TVS20 Old= New=SMF30A-E3-08GITR-ND
Change Value of Parameter DISTRIBUTOR in Part TVS20 Old= New=Digikey
Change Value of Parameter Manufacturer in Part TVS20 Old= New=Vishay  
Change Value of Parameter PART in Part TVS20 Old= New=TVS Diode 48.4VC
Change Value of Parameter Part Description in Part TVS20 Old= New=TVS DIODE 30VWM 48.4VC SMF
Change Value of Parameter Tolerance in Part TVS20 Old= New=-NA-
Change Value of Parameter VALUE in Part TVS20 Old=30V New=-NA-
Change Value of Parameter Voltage in Part TVS20 Old= New=30Vrs 48.4Vc
