Change Value of Parameter EE Spec in Part C108 Old=Voltage New=EE Spec
Change Value of Parameter EE Spec in Part C115 Old=Voltage New=EE Spec
Change Value of Parameter EE Spec in Part C119 Old=Voltage New=EE Spec
Change Value of Parameter EE Spec in Part C133 Old=Voltage New=EE Spec
Change Value of Parameter EE Spec in Part C134 Old=Voltage New=EE Spec
Change Value of Parameter EE Spec in Part C135 Old=Voltage New=EE Spec
Change Value of Parameter EE Spec in Part C136 Old=Voltage New=EE Spec
Change Value of Parameter EE Spec in Part C137 Old=Voltage New=EE Spec
Change Value of Parameter EE Spec in Part C138 Old=Voltage New=EE Spec
Change Value of Parameter EE Spec in Part C139 Old=Voltage New=EE Spec
Change Value of Parameter EE Spec in Part C140 Old=Voltage New=EE Spec
Change Value of Parameter EE Spec in Part C150 Old=Voltage New=EE Spec
Change Value of Parameter EE Spec in Part C151 Old=Voltage New=EE Spec
Change Value of Parameter EE Spec in Part C152 Old=Voltage New=EE Spec
Change Value of Parameter EE Spec in Part C153 Old=Voltage New=EE Spec
Change Value of Parameter EE Spec in Part C154 Old=Voltage New=EE Spec
Change Value of Parameter EE Spec in Part FB17 Old=Voltage New=EE Spec
Change Value of Parameter EE Spec in Part FB18 Old=Voltage New=EE Spec
Change Value of Parameter EE Spec in Part FB19 Old=Voltage New=EE Spec
Change Value of Parameter EE Spec in Part FB20 Old=Voltage New=EE Spec
Change Value of Parameter EE Spec in Part FB23 Old=Voltage New=EE Spec
Change Value of Parameter EE Spec in Part J23 Old=Voltage New=EE Spec
Change Value of Parameter EE Spec in Part R88 Old=Voltage New=EE Spec
Change Value of Parameter EE Spec in Part R102 Old=Voltage New=EE Spec
Change Value of Parameter EE Spec in Part R110 Old=Voltage New=EE Spec
Change Value of Parameter EE Spec in Part R115 Old=Voltage New=EE Spec
Change Value of Parameter EE Spec in Part R119 Old=Voltage New=EE Spec
Change Value of Parameter EE Spec in Part R123 Old=Voltage New=EE Spec
Change Value of Parameter EE Spec in Part R124 Old=Voltage New=EE Spec
Change Value of Parameter EE Spec in Part TP83 Old=Voltage New=EE Spec
Change Value of Parameter EE Spec in Part TP97 Old=Voltage New=EE Spec
Change Value of Parameter EE Spec in Part TP98 Old=Voltage New=EE Spec
Change Value of Parameter EE Spec in Part TP99 Old=Voltage New=EE Spec
Change Value of Parameter EE Spec in Part TP100 Old=Voltage New=EE Spec
Change Value of Parameter EE Spec in Part TP110 Old=Voltage New=EE Spec
Change Value of Parameter EE Spec in Part TP111 Old=Voltage New=EE Spec
Change Value of Parameter EE Spec in Part TP112 Old=Voltage New=EE Spec
Change Value of Parameter EE Spec in Part TP113 Old=Voltage New=EE Spec
Change Value of Parameter EE Spec in Part TP114 Old=Voltage New=EE Spec
Change Value of Parameter EE Spec in Part TP115 Old=Voltage New=EE Spec
Change Value of Parameter EE Spec in Part TVS17 Old=Voltage New=EE Spec
Change Value of Parameter EE Spec in Part TVS18 Old=Voltage New=EE Spec
Change Value of Parameter EE Spec in Part TVS19 Old=Voltage New=EE Spec
Change Value of Parameter EE Spec in Part TVS20 Old=Voltage New=EE Spec
Change Value of Parameter EE Spec in Part U14 Old=Voltage New=EE Spec
