Change Value of Parameter EE_SPEC in Part C108 Old=EE Spec New=EE_SPEC
Change Value of Parameter MANUFACTURER in Part C108 Old=Manufacturer New=MANUFACTURER
Change Value of Parameter PART DESCRIPTION in Part C108 Old=Part Description New=PART DESCRIPTION
Change Value of Parameter TOLERANCE in Part C108 Old=Tolerance New=TOLERANCE
Change Value of Parameter EE_SPEC in Part C115 Old=EE Spec New=EE_SPEC
Change Value of Parameter MANUFACTURER in Part C115 Old=Manufacturer New=MANUFACTURER
Change Value of Parameter PART DESCRIPTION in Part C115 Old=Part Description New=PART DESCRIPTION
Change Value of Parameter TOLERANCE in Part C115 Old=Tolerance New=TOLERANCE
Change Value of Parameter EE_SPEC in Part C119 Old=EE Spec New=EE_SPEC
Change Value of Parameter MANUFACTURER in Part C119 Old=Manufacturer New=MANUFACTURER
Change Value of Parameter PART DESCRIPTION in Part C119 Old=Part Description New=PART DESCRIPTION
Change Value of Parameter TOLERANCE in Part C119 Old=Tolerance New=TOLERANCE
Change Value of Parameter EE_SPEC in Part C133 Old=EE Spec New=EE_SPEC
Change Value of Parameter MANUFACTURER in Part C133 Old=Manufacturer New=MANUFACTURER
Change Value of Parameter PART DESCRIPTION in Part C133 Old=Part Description New=PART DESCRIPTION
Change Value of Parameter TOLERANCE in Part C133 Old=Tolerance New=TOLERANCE
Change Value of Parameter EE_SPEC in Part C134 Old=EE Spec New=EE_SPEC
Change Value of Parameter MANUFACTURER in Part C134 Old=Manufacturer New=MANUFACTURER
Change Value of Parameter PART DESCRIPTION in Part C134 Old=Part Description New=PART DESCRIPTION
Change Value of Parameter TOLERANCE in Part C134 Old=Tolerance New=TOLERANCE
Change Value of Parameter EE_SPEC in Part C135 Old=EE Spec New=EE_SPEC
Change Value of Parameter MANUFACTURER in Part C135 Old=Manufacturer New=MANUFACTURER
Change Value of Parameter PART DESCRIPTION in Part C135 Old=Part Description New=PART DESCRIPTION
Change Value of Parameter TOLERANCE in Part C135 Old=Tolerance New=TOLERANCE
Change Value of Parameter EE_SPEC in Part C136 Old=EE Spec New=EE_SPEC
Change Value of Parameter MANUFACTURER in Part C136 Old=Manufacturer New=MANUFACTURER
Change Value of Parameter PART DESCRIPTION in Part C136 Old=Part Description New=PART DESCRIPTION
Change Value of Parameter TOLERANCE in Part C136 Old=Tolerance New=TOLERANCE
Change Value of Parameter EE_SPEC in Part C137 Old=EE Spec New=EE_SPEC
Change Value of Parameter MANUFACTURER in Part C137 Old=Manufacturer New=MANUFACTURER
Change Value of Parameter PART DESCRIPTION in Part C137 Old=Part Description New=PART DESCRIPTION
Change Value of Parameter TOLERANCE in Part C137 Old=Tolerance New=TOLERANCE
Change Value of Parameter EE_SPEC in Part C138 Old=EE Spec New=EE_SPEC
Change Value of Parameter MANUFACTURER in Part C138 Old=Manufacturer New=MANUFACTURER
Change Value of Parameter PART DESCRIPTION in Part C138 Old=Part Description New=PART DESCRIPTION
Change Value of Parameter TOLERANCE in Part C138 Old=Tolerance New=TOLERANCE
Change Value of Parameter EE_SPEC in Part C139 Old=EE Spec New=EE_SPEC
Change Value of Parameter MANUFACTURER in Part C139 Old=Manufacturer New=MANUFACTURER
Change Value of Parameter PART DESCRIPTION in Part C139 Old=Part Description New=PART DESCRIPTION
Change Value of Parameter TOLERANCE in Part C139 Old=Tolerance New=TOLERANCE
Change Value of Parameter EE_SPEC in Part C140 Old=EE Spec New=EE_SPEC
Change Value of Parameter MANUFACTURER in Part C140 Old=Manufacturer New=MANUFACTURER
Change Value of Parameter PART DESCRIPTION in Part C140 Old=Part Description New=PART DESCRIPTION
Change Value of Parameter TOLERANCE in Part C140 Old=Tolerance New=TOLERANCE
Change Value of Parameter EE_SPEC in Part C150 Old=EE Spec New=EE_SPEC
Change Value of Parameter MANUFACTURER in Part C150 Old=Manufacturer New=MANUFACTURER
Change Value of Parameter PART DESCRIPTION in Part C150 Old=Part Description New=PART DESCRIPTION
Change Value of Parameter TOLERANCE in Part C150 Old=Tolerance New=TOLERANCE
Change Value of Parameter VALUE in Part C150 Old=Value New=VALUE
Change Value of Parameter EE_SPEC in Part C151 Old=EE Spec New=EE_SPEC
Change Value of Parameter MANUFACTURER in Part C151 Old=Manufacturer New=MANUFACTURER
Change Value of Parameter PART DESCRIPTION in Part C151 Old=Part Description New=PART DESCRIPTION
Change Value of Parameter TOLERANCE in Part C151 Old=Tolerance New=TOLERANCE
Change Value of Parameter VALUE in Part C151 Old=Value New=VALUE
Change Value of Parameter EE_SPEC in Part C152 Old=EE Spec New=EE_SPEC
Change Value of Parameter MANUFACTURER in Part C152 Old=Manufacturer New=MANUFACTURER
Change Value of Parameter PART DESCRIPTION in Part C152 Old=Part Description New=PART DESCRIPTION
Change Value of Parameter TOLERANCE in Part C152 Old=Tolerance New=TOLERANCE
Change Value of Parameter VALUE in Part C152 Old=Value New=VALUE
Change Value of Parameter EE_SPEC in Part C153 Old=EE Spec New=EE_SPEC
Change Value of Parameter MANUFACTURER in Part C153 Old=Manufacturer New=MANUFACTURER
Change Value of Parameter PART DESCRIPTION in Part C153 Old=Part Description New=PART DESCRIPTION
Change Value of Parameter TOLERANCE in Part C153 Old=Tolerance New=TOLERANCE
Change Value of Parameter VALUE in Part C153 Old=Value New=VALUE
Change Value of Parameter EE_SPEC in Part C154 Old=EE Spec New=EE_SPEC
Change Value of Parameter MANUFACTURER in Part C154 Old=Manufacturer New=MANUFACTURER
Change Value of Parameter PART DESCRIPTION in Part C154 Old=Part Description New=PART DESCRIPTION
Change Value of Parameter TOLERANCE in Part C154 Old=Tolerance New=TOLERANCE
Change Value of Parameter VALUE in Part C154 Old=Value New=VALUE
Change Value of Parameter EE_SPEC in Part FB17 Old=EE Spec New=EE_SPEC
Change Value of Parameter MANUFACTURER in Part FB17 Old=Manufacturer New=MANUFACTURER
Change Value of Parameter PART DESCRIPTION in Part FB17 Old=Part Description New=PART DESCRIPTION
Change Value of Parameter TOLERANCE in Part FB17 Old=Tolerance New=TOLERANCE
Change Value of Parameter VALUE in Part FB17 Old=Value New=VALUE
Change Value of Parameter EE_SPEC in Part FB18 Old=EE Spec New=EE_SPEC
Change Value of Parameter MANUFACTURER in Part FB18 Old=Manufacturer New=MANUFACTURER
Change Value of Parameter PART DESCRIPTION in Part FB18 Old=Part Description New=PART DESCRIPTION
Change Value of Parameter TOLERANCE in Part FB18 Old=Tolerance New=TOLERANCE
Change Value of Parameter VALUE in Part FB18 Old=Value New=VALUE
Change Value of Parameter EE_SPEC in Part FB19 Old=EE Spec New=EE_SPEC
Change Value of Parameter MANUFACTURER in Part FB19 Old=Manufacturer New=MANUFACTURER
Change Value of Parameter PART DESCRIPTION in Part FB19 Old=Part Description New=PART DESCRIPTION
Change Value of Parameter TOLERANCE in Part FB19 Old=Tolerance New=TOLERANCE
Change Value of Parameter VALUE in Part FB19 Old=Value New=VALUE
Change Value of Parameter EE_SPEC in Part FB20 Old=EE Spec New=EE_SPEC
Change Value of Parameter MANUFACTURER in Part FB20 Old=Manufacturer New=MANUFACTURER
Change Value of Parameter PART DESCRIPTION in Part FB20 Old=Part Description New=PART DESCRIPTION
Change Value of Parameter TOLERANCE in Part FB20 Old=Tolerance New=TOLERANCE
Change Value of Parameter VALUE in Part FB20 Old=Value New=VALUE
Change Value of Parameter EE_SPEC in Part FB23 Old=EE Spec New=EE_SPEC
Change Value of Parameter MANUFACTURER in Part FB23 Old=Manufacturer New=MANUFACTURER
Change Value of Parameter PART DESCRIPTION in Part FB23 Old=Part Description New=PART DESCRIPTION
Change Value of Parameter TOLERANCE in Part FB23 Old=Tolerance New=TOLERANCE
Change Value of Parameter VALUE in Part FB23 Old=Value New=VALUE
Change Value of Parameter EE_SPEC in Part J23 Old=EE Spec New=EE_SPEC
Change Value of Parameter MANUFACTURER in Part J23 Old=Manufacturer New=MANUFACTURER
Change Value of Parameter PART DESCRIPTION in Part J23 Old=Part Description New=PART DESCRIPTION
Change Value of Parameter TOLERANCE in Part J23 Old=Tolerance New=TOLERANCE
Change Value of Parameter VALUE in Part J23 Old=Value New=VALUE
Change Value of Parameter EE_SPEC in Part R88 Old=EE Spec New=EE_SPEC
Change Value of Parameter MANUFACTURER in Part R88 Old=Manufacturer New=MANUFACTURER
Change Value of Parameter PART DESCRIPTION in Part R88 Old=Part Description New=PART DESCRIPTION
Change Value of Parameter TOLERANCE in Part R88 Old=Tolerance New=TOLERANCE
Change Value of Parameter EE_SPEC in Part R102 Old=EE Spec New=EE_SPEC
Change Value of Parameter MANUFACTURER in Part R102 Old=Manufacturer New=MANUFACTURER
Change Value of Parameter PART DESCRIPTION in Part R102 Old=Part Description New=PART DESCRIPTION
Change Value of Parameter TOLERANCE in Part R102 Old=Tolerance New=TOLERANCE
Change Value of Parameter EE_SPEC in Part R110 Old=EE Spec New=EE_SPEC
Change Value of Parameter MANUFACTURER in Part R110 Old=Manufacturer New=MANUFACTURER
Change Value of Parameter PART DESCRIPTION in Part R110 Old=Part Description New=PART DESCRIPTION
Change Value of Parameter TOLERANCE in Part R110 Old=Tolerance New=TOLERANCE
Change Value of Parameter EE_SPEC in Part R115 Old=EE Spec New=EE_SPEC
Change Value of Parameter MANUFACTURER in Part R115 Old=Manufacturer New=MANUFACTURER
Change Value of Parameter PART DESCRIPTION in Part R115 Old=Part Description New=PART DESCRIPTION
Change Value of Parameter TOLERANCE in Part R115 Old=Tolerance New=TOLERANCE
Change Value of Parameter EE_SPEC in Part R119 Old=EE Spec New=EE_SPEC
Change Value of Parameter MANUFACTURER in Part R119 Old=Manufacturer New=MANUFACTURER
Change Value of Parameter PART DESCRIPTION in Part R119 Old=Part Description New=PART DESCRIPTION
Change Value of Parameter TOLERANCE in Part R119 Old=Tolerance New=TOLERANCE
Change Value of Parameter EE_SPEC in Part R123 Old=EE Spec New=EE_SPEC
Change Value of Parameter MANUFACTURER in Part R123 Old=Manufacturer New=MANUFACTURER
Change Value of Parameter PART DESCRIPTION in Part R123 Old=Part Description New=PART DESCRIPTION
Change Value of Parameter TOLERANCE in Part R123 Old=Tolerance New=TOLERANCE
Change Value of Parameter VALUE in Part R123 Old=Value New=VALUE
Change Value of Parameter EE_SPEC in Part R124 Old=EE Spec New=EE_SPEC
Change Value of Parameter MANUFACTURER in Part R124 Old=Manufacturer New=MANUFACTURER
Change Value of Parameter PART DESCRIPTION in Part R124 Old=Part Description New=PART DESCRIPTION
Change Value of Parameter TOLERANCE in Part R124 Old=Tolerance New=TOLERANCE
Change Value of Parameter VALUE in Part R124 Old=Value New=VALUE
Change Value of Parameter EE_SPEC in Part TP83 Old=EE Spec New=EE_SPEC
Change Value of Parameter MANUFACTURER in Part TP83 Old=Manufacturer New=MANUFACTURER
Change Value of Parameter PART DESCRIPTION in Part TP83 Old=Part Description New=PART DESCRIPTION
Change Value of Parameter TOLERANCE in Part TP83 Old=Tolerance New=TOLERANCE
Change Value of Parameter VALUE in Part TP83 Old=Value New=VALUE
Change Value of Parameter EE_SPEC in Part TP97 Old=EE Spec New=EE_SPEC
Change Value of Parameter MANUFACTURER in Part TP97 Old=Manufacturer New=MANUFACTURER
Change Value of Parameter PART DESCRIPTION in Part TP97 Old=Part Description New=PART DESCRIPTION
Change Value of Parameter TOLERANCE in Part TP97 Old=Tolerance New=TOLERANCE
Change Value of Parameter VALUE in Part TP97 Old=Value New=VALUE
Change Value of Parameter EE_SPEC in Part TP98 Old=EE Spec New=EE_SPEC
Change Value of Parameter MANUFACTURER in Part TP98 Old=Manufacturer New=MANUFACTURER
Change Value of Parameter PART DESCRIPTION in Part TP98 Old=Part Description New=PART DESCRIPTION
Change Value of Parameter TOLERANCE in Part TP98 Old=Tolerance New=TOLERANCE
Change Value of Parameter VALUE in Part TP98 Old=Value New=VALUE
Change Value of Parameter EE_SPEC in Part TP99 Old=EE Spec New=EE_SPEC
Change Value of Parameter MANUFACTURER in Part TP99 Old=Manufacturer New=MANUFACTURER
Change Value of Parameter PART DESCRIPTION in Part TP99 Old=Part Description New=PART DESCRIPTION
Change Value of Parameter TOLERANCE in Part TP99 Old=Tolerance New=TOLERANCE
Change Value of Parameter VALUE in Part TP99 Old=Value New=VALUE
Change Value of Parameter EE_SPEC in Part TP100 Old=EE Spec New=EE_SPEC
Change Value of Parameter MANUFACTURER in Part TP100 Old=Manufacturer New=MANUFACTURER
Change Value of Parameter PART DESCRIPTION in Part TP100 Old=Part Description New=PART DESCRIPTION
Change Value of Parameter TOLERANCE in Part TP100 Old=Tolerance New=TOLERANCE
Change Value of Parameter VALUE in Part TP100 Old=Value New=VALUE
Change Value of Parameter EE_SPEC in Part TP110 Old=EE Spec New=EE_SPEC
Change Value of Parameter MANUFACTURER in Part TP110 Old=Manufacturer New=MANUFACTURER
Change Value of Parameter PART DESCRIPTION in Part TP110 Old=Part Description New=PART DESCRIPTION
Change Value of Parameter TOLERANCE in Part TP110 Old=Tolerance New=TOLERANCE
Change Value of Parameter VALUE in Part TP110 Old=Value New=VALUE
Change Value of Parameter EE_SPEC in Part TP111 Old=EE Spec New=EE_SPEC
Change Value of Parameter MANUFACTURER in Part TP111 Old=Manufacturer New=MANUFACTURER
Change Value of Parameter PART DESCRIPTION in Part TP111 Old=Part Description New=PART DESCRIPTION
Change Value of Parameter TOLERANCE in Part TP111 Old=Tolerance New=TOLERANCE
Change Value of Parameter VALUE in Part TP111 Old=Value New=VALUE
Change Value of Parameter EE_SPEC in Part TP112 Old=EE Spec New=EE_SPEC
Change Value of Parameter MANUFACTURER in Part TP112 Old=Manufacturer New=MANUFACTURER
Change Value of Parameter PART DESCRIPTION in Part TP112 Old=Part Description New=PART DESCRIPTION
Change Value of Parameter TOLERANCE in Part TP112 Old=Tolerance New=TOLERANCE
Change Value of Parameter VALUE in Part TP112 Old=Value New=VALUE
Change Value of Parameter EE_SPEC in Part TP113 Old=EE Spec New=EE_SPEC
Change Value of Parameter MANUFACTURER in Part TP113 Old=Manufacturer New=MANUFACTURER
Change Value of Parameter PART DESCRIPTION in Part TP113 Old=Part Description New=PART DESCRIPTION
Change Value of Parameter TOLERANCE in Part TP113 Old=Tolerance New=TOLERANCE
Change Value of Parameter VALUE in Part TP113 Old=Value New=VALUE
Change Value of Parameter EE_SPEC in Part TP114 Old=EE Spec New=EE_SPEC
Change Value of Parameter MANUFACTURER in Part TP114 Old=Manufacturer New=MANUFACTURER
Change Value of Parameter PART DESCRIPTION in Part TP114 Old=Part Description New=PART DESCRIPTION
Change Value of Parameter TOLERANCE in Part TP114 Old=Tolerance New=TOLERANCE
Change Value of Parameter VALUE in Part TP114 Old=Value New=VALUE
Change Value of Parameter EE_SPEC in Part TP115 Old=EE Spec New=EE_SPEC
Change Value of Parameter MANUFACTURER in Part TP115 Old=Manufacturer New=MANUFACTURER
Change Value of Parameter PART DESCRIPTION in Part TP115 Old=Part Description New=PART DESCRIPTION
Change Value of Parameter TOLERANCE in Part TP115 Old=Tolerance New=TOLERANCE
Change Value of Parameter VALUE in Part TP115 Old=Value New=VALUE
Change Value of Parameter EE_SPEC in Part TVS17 Old=EE Spec New=EE_SPEC
Change Value of Parameter MANUFACTURER in Part TVS17 Old=Manufacturer New=MANUFACTURER
Change Value of Parameter PART DESCRIPTION in Part TVS17 Old=Part Description New=PART DESCRIPTION
Change Value of Parameter TOLERANCE in Part TVS17 Old=Tolerance New=TOLERANCE
Change Value of Parameter EE_SPEC in Part TVS18 Old=EE Spec New=EE_SPEC
Change Value of Parameter MANUFACTURER in Part TVS18 Old=Manufacturer New=MANUFACTURER
Change Value of Parameter PART DESCRIPTION in Part TVS18 Old=Part Description New=PART DESCRIPTION
Change Value of Parameter TOLERANCE in Part TVS18 Old=Tolerance New=TOLERANCE
Change Value of Parameter EE_SPEC in Part TVS19 Old=EE Spec New=EE_SPEC
Change Value of Parameter MANUFACTURER in Part TVS19 Old=Manufacturer New=MANUFACTURER
Change Value of Parameter PART DESCRIPTION in Part TVS19 Old=Part Description New=PART DESCRIPTION
Change Value of Parameter TOLERANCE in Part TVS19 Old=Tolerance New=TOLERANCE
Change Value of Parameter EE_SPEC in Part TVS20 Old=EE Spec New=EE_SPEC
Change Value of Parameter MANUFACTURER in Part TVS20 Old=Manufacturer New=MANUFACTURER
Change Value of Parameter PART DESCRIPTION in Part TVS20 Old=Part Description New=PART DESCRIPTION
Change Value of Parameter TOLERANCE in Part TVS20 Old=Tolerance New=TOLERANCE
Change Value of Parameter EE_SPEC in Part U14 Old=EE Spec New=EE_SPEC
Change Value of Parameter MANUFACTURER in Part U14 Old=Manufacturer New=MANUFACTURER
Change Value of Parameter PART DESCRIPTION in Part U14 Old=Part Description New=PART DESCRIPTION
Change Value of Parameter TOLERANCE in Part U14 Old=Tolerance New=TOLERANCE
Change Value of Parameter VALUE in Part U14 Old=Value New=VALUE
