Change Value of Parameter EE_SPEC in Part C47 Old=EE Spec New=EE_SPEC
Change Value of Parameter MANUFACTURER in Part C47 Old=Manufacturer New=MANUFACTURER
Change Value of Parameter PART DESCRIPTION in Part C47 Old=Part Description New=PART DESCRIPTION
Change Value of Parameter TOLERANCE in Part C47 Old=Tolerance New=TOLERANCE
Change Value of Parameter EE_SPEC in Part C48 Old=EE Spec New=EE_SPEC
Change Value of Parameter MANUFACTURER in Part C48 Old=Manufacturer New=MANUFACTURER
Change Value of Parameter PART DESCRIPTION in Part C48 Old=Part Description New=PART DESCRIPTION
Change Value of Parameter TOLERANCE in Part C48 Old=Tolerance New=TOLERANCE
Change Value of Parameter EE_SPEC in Part C58 Old=EE Spec New=EE_SPEC
Change Value of Parameter MANUFACTURER in Part C58 Old=Manufacturer New=MANUFACTURER
Change Value of Parameter PART DESCRIPTION in Part C58 Old=Part Description New=PART DESCRIPTION
Change Value of Parameter TOLERANCE in Part C58 Old=Tolerance New=TOLERANCE
Change Value of Parameter EE_SPEC in Part C59 Old=EE Spec New=EE_SPEC
Change Value of Parameter MANUFACTURER in Part C59 Old=Manufacturer New=MANUFACTURER
Change Value of Parameter PART DESCRIPTION in Part C59 Old=Part Description New=PART DESCRIPTION
Change Value of Parameter TOLERANCE in Part C59 Old=Tolerance New=TOLERANCE
Change Value of Parameter EE_SPEC in Part C87 Old=EE Spec New=EE_SPEC
Change Value of Parameter MANUFACTURER in Part C87 Old=Manufacturer New=MANUFACTURER
Change Value of Parameter PART DESCRIPTION in Part C87 Old=Part Description New=PART DESCRIPTION
Change Value of Parameter TOLERANCE in Part C87 Old=Tolerance New=TOLERANCE
Change Value of Parameter VALUE in Part C87 Old=Value New=VALUE
Change Value of Parameter EE_SPEC in Part C88 Old=EE Spec New=EE_SPEC
Change Value of Parameter MANUFACTURER in Part C88 Old=Manufacturer New=MANUFACTURER
Change Value of Parameter PART DESCRIPTION in Part C88 Old=Part Description New=PART DESCRIPTION
Change Value of Parameter TOLERANCE in Part C88 Old=Tolerance New=TOLERANCE
Change Value of Parameter VALUE in Part C88 Old=Value New=VALUE
Change Value of Parameter EE_SPEC in Part C89 Old=EE Spec New=EE_SPEC
Change Value of Parameter MANUFACTURER in Part C89 Old=Manufacturer New=MANUFACTURER
Change Value of Parameter PART DESCRIPTION in Part C89 Old=Part Description New=PART DESCRIPTION
Change Value of Parameter TOLERANCE in Part C89 Old=Tolerance New=TOLERANCE
Change Value of Parameter EE_SPEC in Part C91 Old=EE Spec New=EE_SPEC
Change Value of Parameter MANUFACTURER in Part C91 Old=Manufacturer New=MANUFACTURER
Change Value of Parameter PART DESCRIPTION in Part C91 Old=Part Description New=PART DESCRIPTION
Change Value of Parameter TOLERANCE in Part C91 Old=Tolerance New=TOLERANCE
Change Value of Parameter VALUE in Part C91 Old=Value New=VALUE
Change Value of Parameter EE_SPEC in Part C92 Old=EE Spec New=EE_SPEC
Change Value of Parameter MANUFACTURER in Part C92 Old=Manufacturer New=MANUFACTURER
Change Value of Parameter PART DESCRIPTION in Part C92 Old=Part Description New=PART DESCRIPTION
Change Value of Parameter TOLERANCE in Part C92 Old=Tolerance New=TOLERANCE
Change Value of Parameter VALUE in Part C92 Old=Value New=VALUE
Change Value of Parameter EE_SPEC in Part C96 Old=EE Spec New=EE_SPEC
Change Value of Parameter MANUFACTURER in Part C96 Old=Manufacturer New=MANUFACTURER
Change Value of Parameter PART DESCRIPTION in Part C96 Old=Part Description New=PART DESCRIPTION
Change Value of Parameter TOLERANCE in Part C96 Old=Tolerance New=TOLERANCE
Change Value of Parameter EE_SPEC in Part C97 Old=EE Spec New=EE_SPEC
Change Value of Parameter MANUFACTURER in Part C97 Old=Manufacturer New=MANUFACTURER
Change Value of Parameter PART DESCRIPTION in Part C97 Old=Part Description New=PART DESCRIPTION
Change Value of Parameter TOLERANCE in Part C97 Old=Tolerance New=TOLERANCE
Change Value of Parameter EE_SPEC in Part C98 Old=EE Spec New=EE_SPEC
Change Value of Parameter MANUFACTURER in Part C98 Old=Manufacturer New=MANUFACTURER
Change Value of Parameter PART DESCRIPTION in Part C98 Old=Part Description New=PART DESCRIPTION
Change Value of Parameter TOLERANCE in Part C98 Old=Tolerance New=TOLERANCE
Change Value of Parameter EE_SPEC in Part C99 Old=EE Spec New=EE_SPEC
Change Value of Parameter MANUFACTURER in Part C99 Old=Manufacturer New=MANUFACTURER
Change Value of Parameter PART DESCRIPTION in Part C99 Old=Part Description New=PART DESCRIPTION
Change Value of Parameter TOLERANCE in Part C99 Old=Tolerance New=TOLERANCE
Change Value of Parameter EE_SPEC in Part C114 Old=EE Spec New=EE_SPEC
Change Value of Parameter MANUFACTURER in Part C114 Old=Manufacturer New=MANUFACTURER
Change Value of Parameter PART DESCRIPTION in Part C114 Old=Part Description New=PART DESCRIPTION
Change Value of Parameter TOLERANCE in Part C114 Old=Tolerance New=TOLERANCE
Change Value of Parameter EE_SPEC in Part C118 Old=EE Spec New=EE_SPEC
Change Value of Parameter MANUFACTURER in Part C118 Old=Manufacturer New=MANUFACTURER
Change Value of Parameter PART DESCRIPTION in Part C118 Old=Part Description New=PART DESCRIPTION
Change Value of Parameter TOLERANCE in Part C118 Old=Tolerance New=TOLERANCE
Change Value of Parameter EE_SPEC in Part C149 Old=EE Spec New=EE_SPEC
Change Value of Parameter MANUFACTURER in Part C149 Old=Manufacturer New=MANUFACTURER
Change Value of Parameter PART DESCRIPTION in Part C149 Old=Part Description New=PART DESCRIPTION
Change Value of Parameter TOLERANCE in Part C149 Old=Tolerance New=TOLERANCE
Change Value of Parameter VALUE in Part C149 Old=Value New=VALUE
Change Value of Parameter EE_SPEC in Part FB1 Old=EE Spec New=EE_SPEC
Change Value of Parameter MANUFACTURER in Part FB1 Old=Manufacturer New=MANUFACTURER
Change Value of Parameter PART DESCRIPTION in Part FB1 Old=Part Description New=PART DESCRIPTION
Change Value of Parameter TOLERANCE in Part FB1 Old=Tolerance New=TOLERANCE
Change Value of Parameter VALUE in Part FB1 Old=Value New=VALUE
Change Value of Parameter EE_SPEC in Part FB2 Old=EE Spec New=EE_SPEC
Change Value of Parameter MANUFACTURER in Part FB2 Old=Manufacturer New=MANUFACTURER
Change Value of Parameter PART DESCRIPTION in Part FB2 Old=Part Description New=PART DESCRIPTION
Change Value of Parameter TOLERANCE in Part FB2 Old=Tolerance New=TOLERANCE
Change Value of Parameter VALUE in Part FB2 Old=Value New=VALUE
Change Value of Parameter EE_SPEC in Part FB3 Old=EE Spec New=EE_SPEC
Change Value of Parameter MANUFACTURER in Part FB3 Old=Manufacturer New=MANUFACTURER
Change Value of Parameter PART DESCRIPTION in Part FB3 Old=Part Description New=PART DESCRIPTION
Change Value of Parameter TOLERANCE in Part FB3 Old=Tolerance New=TOLERANCE
Change Value of Parameter VALUE in Part FB3 Old=Value New=VALUE
Change Value of Parameter EE_SPEC in Part FB4 Old=EE Spec New=EE_SPEC
Change Value of Parameter MANUFACTURER in Part FB4 Old=Manufacturer New=MANUFACTURER
Change Value of Parameter PART DESCRIPTION in Part FB4 Old=Part Description New=PART DESCRIPTION
Change Value of Parameter TOLERANCE in Part FB4 Old=Tolerance New=TOLERANCE
Change Value of Parameter VALUE in Part FB4 Old=Value New=VALUE
Change Value of Parameter EE_SPEC in Part FB22 Old=EE Spec New=EE_SPEC
Change Value of Parameter MANUFACTURER in Part FB22 Old=Manufacturer New=MANUFACTURER
Change Value of Parameter PART DESCRIPTION in Part FB22 Old=Part Description New=PART DESCRIPTION
Change Value of Parameter TOLERANCE in Part FB22 Old=Tolerance New=TOLERANCE
Change Value of Parameter VALUE in Part FB22 Old=Value New=VALUE
Change Value of Parameter EE_SPEC in Part J22 Old=EE Spec New=EE_SPEC
Change Value of Parameter MANUFACTURER in Part J22 Old=Manufacturer New=MANUFACTURER
Change Value of Parameter PART DESCRIPTION in Part J22 Old=Part Description New=PART DESCRIPTION
Change Value of Parameter TOLERANCE in Part J22 Old=Tolerance New=TOLERANCE
Change Value of Parameter VALUE in Part J22 Old=Value New=VALUE
Change Value of Parameter EE_SPEC in Part R56 Old=EE Spec New=EE_SPEC
Change Value of Parameter MANUFACTURER in Part R56 Old=Manufacturer New=MANUFACTURER
Change Value of Parameter PART DESCRIPTION in Part R56 Old=Part Description New=PART DESCRIPTION
Change Value of Parameter TOLERANCE in Part R56 Old=Tolerance New=TOLERANCE
Change Value of Parameter EE_SPEC in Part R57 Old=EE Spec New=EE_SPEC
Change Value of Parameter MANUFACTURER in Part R57 Old=Manufacturer New=MANUFACTURER
Change Value of Parameter PART DESCRIPTION in Part R57 Old=Part Description New=PART DESCRIPTION
Change Value of Parameter TOLERANCE in Part R57 Old=Tolerance New=TOLERANCE
Change Value of Parameter EE_SPEC in Part R58 Old=EE Spec New=EE_SPEC
Change Value of Parameter MANUFACTURER in Part R58 Old=Manufacturer New=MANUFACTURER
Change Value of Parameter PART DESCRIPTION in Part R58 Old=Part Description New=PART DESCRIPTION
Change Value of Parameter TOLERANCE in Part R58 Old=Tolerance New=TOLERANCE
Change Value of Parameter EE_SPEC in Part R59 Old=EE Spec New=EE_SPEC
Change Value of Parameter MANUFACTURER in Part R59 Old=Manufacturer New=MANUFACTURER
Change Value of Parameter PART DESCRIPTION in Part R59 Old=Part Description New=PART DESCRIPTION
Change Value of Parameter TOLERANCE in Part R59 Old=Tolerance New=TOLERANCE
Change Value of Parameter EE_SPEC in Part R121 Old=EE Spec New=EE_SPEC
Change Value of Parameter MANUFACTURER in Part R121 Old=Manufacturer New=MANUFACTURER
Change Value of Parameter PART DESCRIPTION in Part R121 Old=Part Description New=PART DESCRIPTION
Change Value of Parameter TOLERANCE in Part R121 Old=Tolerance New=TOLERANCE
Change Value of Parameter VALUE in Part R121 Old=Value New=VALUE
Change Value of Parameter EE_SPEC in Part R122 Old=EE Spec New=EE_SPEC
Change Value of Parameter MANUFACTURER in Part R122 Old=Manufacturer New=MANUFACTURER
Change Value of Parameter PART DESCRIPTION in Part R122 Old=Part Description New=PART DESCRIPTION
Change Value of Parameter TOLERANCE in Part R122 Old=Tolerance New=TOLERANCE
Change Value of Parameter VALUE in Part R122 Old=Value New=VALUE
Change Value of Parameter EE_SPEC in Part R129 Old=EE Spec New=EE_SPEC
Change Value of Parameter MANUFACTURER in Part R129 Old=Manufacturer New=MANUFACTURER
Change Value of Parameter PART DESCRIPTION in Part R129 Old=Part Description New=PART DESCRIPTION
Change Value of Parameter TOLERANCE in Part R129 Old=Tolerance New=TOLERANCE
Change Value of Parameter EE_SPEC in Part TP1 Old=EE Spec New=EE_SPEC
Change Value of Parameter MANUFACTURER in Part TP1 Old=Manufacturer New=MANUFACTURER
Change Value of Parameter PART DESCRIPTION in Part TP1 Old=Part Description New=PART DESCRIPTION
Change Value of Parameter TOLERANCE in Part TP1 Old=Tolerance New=TOLERANCE
Change Value of Parameter VALUE in Part TP1 Old=Value New=VALUE
Change Value of Parameter EE_SPEC in Part TP2 Old=EE Spec New=EE_SPEC
Change Value of Parameter MANUFACTURER in Part TP2 Old=Manufacturer New=MANUFACTURER
Change Value of Parameter PART DESCRIPTION in Part TP2 Old=Part Description New=PART DESCRIPTION
Change Value of Parameter TOLERANCE in Part TP2 Old=Tolerance New=TOLERANCE
Change Value of Parameter VALUE in Part TP2 Old=Value New=VALUE
Change Value of Parameter EE_SPEC in Part TP18 Old=EE Spec New=EE_SPEC
Change Value of Parameter MANUFACTURER in Part TP18 Old=Manufacturer New=MANUFACTURER
Change Value of Parameter PART DESCRIPTION in Part TP18 Old=Part Description New=PART DESCRIPTION
Change Value of Parameter TOLERANCE in Part TP18 Old=Tolerance New=TOLERANCE
Change Value of Parameter VALUE in Part TP18 Old=Value New=VALUE
Change Value of Parameter EE_SPEC in Part TP19 Old=EE Spec New=EE_SPEC
Change Value of Parameter MANUFACTURER in Part TP19 Old=Manufacturer New=MANUFACTURER
Change Value of Parameter PART DESCRIPTION in Part TP19 Old=Part Description New=PART DESCRIPTION
Change Value of Parameter TOLERANCE in Part TP19 Old=Tolerance New=TOLERANCE
Change Value of Parameter VALUE in Part TP19 Old=Value New=VALUE
Change Value of Parameter EE_SPEC in Part TP25 Old=EE Spec New=EE_SPEC
Change Value of Parameter MANUFACTURER in Part TP25 Old=Manufacturer New=MANUFACTURER
Change Value of Parameter PART DESCRIPTION in Part TP25 Old=Part Description New=PART DESCRIPTION
Change Value of Parameter TOLERANCE in Part TP25 Old=Tolerance New=TOLERANCE
Change Value of Parameter VALUE in Part TP25 Old=Value New=VALUE
Change Value of Parameter EE_SPEC in Part TP80 Old=EE Spec New=EE_SPEC
Change Value of Parameter MANUFACTURER in Part TP80 Old=Manufacturer New=MANUFACTURER
Change Value of Parameter PART DESCRIPTION in Part TP80 Old=Part Description New=PART DESCRIPTION
Change Value of Parameter TOLERANCE in Part TP80 Old=Tolerance New=TOLERANCE
Change Value of Parameter VALUE in Part TP80 Old=Value New=VALUE
Change Value of Parameter EE_SPEC in Part TP81 Old=EE Spec New=EE_SPEC
Change Value of Parameter MANUFACTURER in Part TP81 Old=Manufacturer New=MANUFACTURER
Change Value of Parameter PART DESCRIPTION in Part TP81 Old=Part Description New=PART DESCRIPTION
Change Value of Parameter TOLERANCE in Part TP81 Old=Tolerance New=TOLERANCE
Change Value of Parameter VALUE in Part TP81 Old=Value New=VALUE
Change Value of Parameter EE_SPEC in Part TP82 Old=EE Spec New=EE_SPEC
Change Value of Parameter MANUFACTURER in Part TP82 Old=Manufacturer New=MANUFACTURER
Change Value of Parameter PART DESCRIPTION in Part TP82 Old=Part Description New=PART DESCRIPTION
Change Value of Parameter TOLERANCE in Part TP82 Old=Tolerance New=TOLERANCE
Change Value of Parameter VALUE in Part TP82 Old=Value New=VALUE
Change Value of Parameter EE_SPEC in Part TP102 Old=EE Spec New=EE_SPEC
Change Value of Parameter MANUFACTURER in Part TP102 Old=Manufacturer New=MANUFACTURER
Change Value of Parameter PART DESCRIPTION in Part TP102 Old=Part Description New=PART DESCRIPTION
Change Value of Parameter TOLERANCE in Part TP102 Old=Tolerance New=TOLERANCE
Change Value of Parameter VALUE in Part TP102 Old=Value New=VALUE
Change Value of Parameter EE_SPEC in Part TP103 Old=EE Spec New=EE_SPEC
Change Value of Parameter MANUFACTURER in Part TP103 Old=Manufacturer New=MANUFACTURER
Change Value of Parameter PART DESCRIPTION in Part TP103 Old=Part Description New=PART DESCRIPTION
Change Value of Parameter TOLERANCE in Part TP103 Old=Tolerance New=TOLERANCE
Change Value of Parameter VALUE in Part TP103 Old=Value New=VALUE
Change Value of Parameter EE_SPEC in Part TP104 Old=EE Spec New=EE_SPEC
Change Value of Parameter MANUFACTURER in Part TP104 Old=Manufacturer New=MANUFACTURER
Change Value of Parameter PART DESCRIPTION in Part TP104 Old=Part Description New=PART DESCRIPTION
Change Value of Parameter TOLERANCE in Part TP104 Old=Tolerance New=TOLERANCE
Change Value of Parameter VALUE in Part TP104 Old=Value New=VALUE
Change Value of Parameter EE_SPEC in Part TVS1 Old=EE Spec New=EE_SPEC
Change Value of Parameter MANUFACTURER in Part TVS1 Old=Manufacturer New=MANUFACTURER
Change Value of Parameter PART DESCRIPTION in Part TVS1 Old=Part Description New=PART DESCRIPTION
Change Value of Parameter TOLERANCE in Part TVS1 Old=Tolerance New=TOLERANCE
Change Value of Parameter EE_SPEC in Part TVS2 Old=EE Spec New=EE_SPEC
Change Value of Parameter MANUFACTURER in Part TVS2 Old=Manufacturer New=MANUFACTURER
Change Value of Parameter PART DESCRIPTION in Part TVS2 Old=Part Description New=PART DESCRIPTION
Change Value of Parameter TOLERANCE in Part TVS2 Old=Tolerance New=TOLERANCE
Change Value of Parameter EE_SPEC in Part TVS3 Old=EE Spec New=EE_SPEC
Change Value of Parameter MANUFACTURER in Part TVS3 Old=Manufacturer New=MANUFACTURER
Change Value of Parameter PART DESCRIPTION in Part TVS3 Old=Part Description New=PART DESCRIPTION
Change Value of Parameter TOLERANCE in Part TVS3 Old=Tolerance New=TOLERANCE
Change Value of Parameter EE_SPEC in Part TVS4 Old=EE Spec New=EE_SPEC
Change Value of Parameter MANUFACTURER in Part TVS4 Old=Manufacturer New=MANUFACTURER
Change Value of Parameter PART DESCRIPTION in Part TVS4 Old=Part Description New=PART DESCRIPTION
Change Value of Parameter TOLERANCE in Part TVS4 Old=Tolerance New=TOLERANCE
Change Value of Parameter EE_SPEC in Part U13 Old=EE Spec New=EE_SPEC
Change Value of Parameter MANUFACTURER in Part U13 Old=Manufacturer New=MANUFACTURER
Change Value of Parameter PART DESCRIPTION in Part U13 Old=Part Description New=PART DESCRIPTION
Change Value of Parameter TOLERANCE in Part U13 Old=Tolerance New=TOLERANCE
Change Value of Parameter VALUE in Part U13 Old=Value New=VALUE
