Added Parameter DNI= to Part C100
Added Parameter DNI= to Part C102
Added Parameter DNI= to Part C104
Added Parameter DNI= to Part C106
Added Parameter DNI= to Part C110
Added Parameter DNI= to Part C113
Added Parameter DNI= to Part C117
Added Parameter DNI= to Part C121
Added Parameter DNI= to Part C125
Added Parameter DNI= to Part C126
Added Parameter DNI= to Part C127
Added Parameter DNI= to Part C128
Added Parameter DNI= to Part C129
Added Parameter DNI= to Part C130
Added Parameter DNI= to Part C131
Added Parameter DNI= to Part C132
Added Parameter DNI= to Part FB9
Added Parameter DNI= to Part FB10
Added Parameter DNI= to Part FB11
Added Parameter DNI= to Part FB12
Added Parameter DNI= to Part FB25
Added Parameter DNI= to Part J27
Added Parameter DNI= to Part R60
Added Parameter DNI= to Part R84
Added Parameter DNI= to Part R105
Added Parameter DNI= to Part R106
Added Parameter DNI= to Part R113
Added Parameter DNI= to Part R116
Added Parameter DNI= to Part R130
Added Parameter DNI= to Part TP3
Added Parameter DNI= to Part TP85
Added Parameter DNI= to Part TP86
Added Parameter DNI= to Part TP87
Added Parameter DNI= to Part TP88
Added Parameter DNI= to Part TP122
Added Parameter DNI= to Part TP123
Added Parameter DNI= to Part TP124
Added Parameter DNI= to Part TP125
Added Parameter DNI= to Part TP126
Added Parameter DNI= to Part TP127
Added Parameter DNI= to Part TVS9
Added Parameter DNI= to Part TVS10
Added Parameter DNI= to Part TVS11
Added Parameter DNI= to Part TVS12
Added Parameter DNI= to Part U17
