Change Value of Parameter DISTRIBUTOR # in Part C117 Old= New=399-5089-2-ND
Change Value of Parameter DISTRIBUTOR in Part C117 Old= New=Digikey
Change Value of Parameter Manufacturer in Part C117 Old= New=Kemet
Change Value of Parameter PART in Part C117 Old= New=100nF 50V X7R 0603
Change Value of Parameter Part Description in Part C117 Old= New=0.10µF ±10% 50V Ceramic Capacitor X7R 0603 (1608 Metric)
Change Value of Parameter Tolerance in Part C117 Old= New=10%
Change Value of Parameter Voltage in Part C117 Old= New=50V 
Change Value of Parameter DISTRIBUTOR # in Part C121 Old= New=399-5089-2-ND
Change Value of Parameter DISTRIBUTOR in Part C121 Old= New=Digikey
Change Value of Parameter Manufacturer in Part C121 Old= New=Kemet
Change Value of Parameter PART in Part C121 Old= New=100nF 50V X7R 0603
Change Value of Parameter Part Description in Part C121 Old= New=0.10µF ±10% 50V Ceramic Capacitor X7R 0603 (1608 Metric)
Change Value of Parameter Tolerance in Part C121 Old= New=10%
Change Value of Parameter Voltage in Part C121 Old= New=50V 
Change Value of Parameter DISTRIBUTOR # in Part FB9 Old= New=1276-6350-2-ND
Change Value of Parameter DISTRIBUTOR in Part FB9 Old= New=Digikey
Change Value of Parameter PART in Part FB9 Old= New=Ferrite 220R 0603
Change Value of Parameter Part Description in Part FB9 Old= New=FERRITE BEAD 220 OHM 0603 1LN
Change Value of Parameter Tolerance in Part FB9 Old= New=-NA-
Change Value of Parameter Value in Part FB9 Old=220R New=220Rfb
Change Value of Parameter Voltage in Part FB9 Old= New=2.5A
Change Value of Parameter DISTRIBUTOR # in Part FB10 Old= New=1276-6350-2-ND
Change Value of Parameter DISTRIBUTOR in Part FB10 Old= New=Digikey
Change Value of Parameter PART in Part FB10 Old= New=Ferrite 220R 0603
Change Value of Parameter Part Description in Part FB10 Old= New=FERRITE BEAD 220 OHM 0603 1LN
Change Value of Parameter Tolerance in Part FB10 Old= New=-NA-
Change Value of Parameter Value in Part FB10 Old=220R New=220Rfb
Change Value of Parameter Voltage in Part FB10 Old= New=2.5A
Change Value of Parameter DISTRIBUTOR # in Part FB11 Old= New=1276-6350-2-ND
Change Value of Parameter DISTRIBUTOR in Part FB11 Old= New=Digikey
Change Value of Parameter PART in Part FB11 Old= New=Ferrite 220R 0603
Change Value of Parameter Part Description in Part FB11 Old= New=FERRITE BEAD 220 OHM 0603 1LN
Change Value of Parameter Tolerance in Part FB11 Old= New=-NA-
Change Value of Parameter Value in Part FB11 Old=220R New=220Rfb
Change Value of Parameter Voltage in Part FB11 Old= New=2.5A
Change Value of Parameter DISTRIBUTOR # in Part FB12 Old= New=1276-6350-2-ND
Change Value of Parameter DISTRIBUTOR in Part FB12 Old= New=Digikey
Change Value of Parameter PART in Part FB12 Old= New=Ferrite 220R 0603
Change Value of Parameter Part Description in Part FB12 Old= New=FERRITE BEAD 220 OHM 0603 1LN
Change Value of Parameter Tolerance in Part FB12 Old= New=-NA-
Change Value of Parameter Value in Part FB12 Old=220R New=220Rfb
Change Value of Parameter Voltage in Part FB12 Old= New=2.5A
Change Value of Parameter DISTRIBUTOR # in Part FB25 Old= New=1276-6350-2-ND
Change Value of Parameter DISTRIBUTOR in Part FB25 Old= New=Digikey
Change Value of Parameter PART in Part FB25 Old= New=Ferrite 220R 0603
Change Value of Parameter Part Description in Part FB25 Old= New=FERRITE BEAD 220 OHM 0603 1LN
Change Value of Parameter Tolerance in Part FB25 Old= New=-NA-
Change Value of Parameter Value in Part FB25 Old=220R New=220Rfb
Change Value of Parameter Voltage in Part FB25 Old= New=2.5A
