Added Parameter DISTRIBUTOR #= to Part C108
Added Parameter DISTRIBUTOR #= to Part C115
Added Parameter DISTRIBUTOR #= to Part C119
Added Parameter DISTRIBUTOR #= to Part C133
Added Parameter DISTRIBUTOR #= to Part C134
Added Parameter DISTRIBUTOR #= to Part C135
Added Parameter DISTRIBUTOR #= to Part C136
Added Parameter DISTRIBUTOR #= to Part C137
Added Parameter DISTRIBUTOR #= to Part C138
Added Parameter DISTRIBUTOR #= to Part C139
Added Parameter DISTRIBUTOR #= to Part C140
Added Parameter DISTRIBUTOR #= to Part C152
Added Parameter DISTRIBUTOR #= to Part C154
Added Parameter DISTRIBUTOR #= to Part FB17
Added Parameter DISTRIBUTOR #= to Part FB18
Added Parameter DISTRIBUTOR #= to Part FB19
Added Parameter DISTRIBUTOR #= to Part FB20
Added Parameter DISTRIBUTOR #= to Part FB23
Added Parameter DISTRIBUTOR #= to Part J23
Added Parameter DISTRIBUTOR #= to Part R88
Added Parameter DISTRIBUTOR #= to Part R102
Added Parameter DISTRIBUTOR #= to Part R110
Added Parameter DISTRIBUTOR #= to Part R115
Added Parameter DISTRIBUTOR #= to Part TP83
Added Parameter DISTRIBUTOR #= to Part TP97
Added Parameter DISTRIBUTOR #= to Part TP98
Added Parameter DISTRIBUTOR #= to Part TP99
Added Parameter DISTRIBUTOR #= to Part TP100
Added Parameter DISTRIBUTOR #= to Part TP110
Added Parameter DISTRIBUTOR #= to Part TP111
Added Parameter DISTRIBUTOR #= to Part TP112
Added Parameter DISTRIBUTOR #= to Part TP113
Added Parameter DISTRIBUTOR #= to Part TP114
Added Parameter DISTRIBUTOR #= to Part TP115
Added Parameter DISTRIBUTOR #= to Part TVS17
Added Parameter DISTRIBUTOR #= to Part TVS18
Added Parameter DISTRIBUTOR #= to Part TVS19
Added Parameter DISTRIBUTOR #= to Part TVS20
Added Parameter DISTRIBUTOR #= to Part U14
Added Parameter DISTRIBUTOR= to Part C108
Added Parameter DISTRIBUTOR= to Part C115
Added Parameter DISTRIBUTOR= to Part C119
Added Parameter DISTRIBUTOR= to Part C133
Added Parameter DISTRIBUTOR= to Part C134
Added Parameter DISTRIBUTOR= to Part C135
Added Parameter DISTRIBUTOR= to Part C136
Added Parameter DISTRIBUTOR= to Part C137
Added Parameter DISTRIBUTOR= to Part C138
Added Parameter DISTRIBUTOR= to Part C139
Added Parameter DISTRIBUTOR= to Part C140
Added Parameter DISTRIBUTOR= to Part C152
Added Parameter DISTRIBUTOR= to Part C154
Added Parameter DISTRIBUTOR= to Part FB17
Added Parameter DISTRIBUTOR= to Part FB18
Added Parameter DISTRIBUTOR= to Part FB19
Added Parameter DISTRIBUTOR= to Part FB20
Added Parameter DISTRIBUTOR= to Part FB23
Added Parameter DISTRIBUTOR= to Part J23
Added Parameter DISTRIBUTOR= to Part R88
Added Parameter DISTRIBUTOR= to Part R102
Added Parameter DISTRIBUTOR= to Part R110
Added Parameter DISTRIBUTOR= to Part R115
Added Parameter DISTRIBUTOR= to Part TP83
Added Parameter DISTRIBUTOR= to Part TP97
Added Parameter DISTRIBUTOR= to Part TP98
Added Parameter DISTRIBUTOR= to Part TP99
Added Parameter DISTRIBUTOR= to Part TP100
Added Parameter DISTRIBUTOR= to Part TP110
Added Parameter DISTRIBUTOR= to Part TP111
Added Parameter DISTRIBUTOR= to Part TP112
Added Parameter DISTRIBUTOR= to Part TP113
Added Parameter DISTRIBUTOR= to Part TP114
Added Parameter DISTRIBUTOR= to Part TP115
Added Parameter DISTRIBUTOR= to Part TVS17
Added Parameter DISTRIBUTOR= to Part TVS18
Added Parameter DISTRIBUTOR= to Part TVS19
Added Parameter DISTRIBUTOR= to Part TVS20
Added Parameter DISTRIBUTOR= to Part U14
Added Parameter PART= to Part C108
Added Parameter PART= to Part C115
Added Parameter PART= to Part C119
Added Parameter PART= to Part C133
Added Parameter PART= to Part C134
Added Parameter PART= to Part C135
Added Parameter PART= to Part C136
Added Parameter PART= to Part C137
Added Parameter PART= to Part C138
Added Parameter PART= to Part C139
Added Parameter PART= to Part C140
Added Parameter PART= to Part C150
Added Parameter PART= to Part C151
Added Parameter PART= to Part C152
Added Parameter PART= to Part C153
Added Parameter PART= to Part C154
Added Parameter PART= to Part FB17
Added Parameter PART= to Part FB18
Added Parameter PART= to Part FB19
Added Parameter PART= to Part FB20
Added Parameter PART= to Part FB23
Added Parameter PART= to Part J23
Added Parameter PART= to Part R88
Added Parameter PART= to Part R102
Added Parameter PART= to Part R110
Added Parameter PART= to Part R115
Added Parameter PART= to Part R119
Added Parameter PART= to Part R123
Added Parameter PART= to Part R124
Added Parameter PART= to Part TP83
Added Parameter PART= to Part TP97
Added Parameter PART= to Part TP98
Added Parameter PART= to Part TP99
Added Parameter PART= to Part TP100
Added Parameter PART= to Part TP110
Added Parameter PART= to Part TP111
Added Parameter PART= to Part TP112
Added Parameter PART= to Part TP113
Added Parameter PART= to Part TP114
Added Parameter PART= to Part TP115
Added Parameter PART= to Part TVS17
Added Parameter PART= to Part TVS18
Added Parameter PART= to Part TVS19
Added Parameter PART= to Part TVS20
Added Parameter PART= to Part U14
Added Parameter Part Description= to Part C108
Added Parameter Part Description= to Part C115
Added Parameter Part Description= to Part C119
Added Parameter Part Description= to Part C133
Added Parameter Part Description= to Part C134
Added Parameter Part Description= to Part C135
Added Parameter Part Description= to Part C136
Added Parameter Part Description= to Part C137
Added Parameter Part Description= to Part C138
Added Parameter Part Description= to Part C139
Added Parameter Part Description= to Part C140
Added Parameter Part Description= to Part C154
Added Parameter Part Description= to Part FB17
Added Parameter Part Description= to Part FB18
Added Parameter Part Description= to Part FB19
Added Parameter Part Description= to Part FB20
Added Parameter Part Description= to Part FB23
Added Parameter Part Description= to Part J23
Added Parameter Part Description= to Part R88
Added Parameter Part Description= to Part R102
Added Parameter Part Description= to Part R110
Added Parameter Part Description= to Part R115
Added Parameter Part Description= to Part R119
Added Parameter Part Description= to Part R123
Added Parameter Part Description= to Part R124
Added Parameter Part Description= to Part TP83
Added Parameter Part Description= to Part TP97
Added Parameter Part Description= to Part TP98
Added Parameter Part Description= to Part TP99
Added Parameter Part Description= to Part TP100
Added Parameter Part Description= to Part TP110
Added Parameter Part Description= to Part TP111
Added Parameter Part Description= to Part TP112
Added Parameter Part Description= to Part TP113
Added Parameter Part Description= to Part TP114
Added Parameter Part Description= to Part TP115
Added Parameter Part Description= to Part TVS17
Added Parameter Part Description= to Part TVS18
Added Parameter Part Description= to Part TVS19
Added Parameter Part Description= to Part TVS20
Added Parameter Part Description= to Part U14
Added Parameter Tolerance= to Part C108
Added Parameter Tolerance= to Part C115
Added Parameter Tolerance= to Part C119
Added Parameter Tolerance= to Part C133
Added Parameter Tolerance= to Part C134
Added Parameter Tolerance= to Part C135
Added Parameter Tolerance= to Part C136
Added Parameter Tolerance= to Part C137
Added Parameter Tolerance= to Part C138
Added Parameter Tolerance= to Part C139
Added Parameter Tolerance= to Part C140
Added Parameter Tolerance= to Part C154
Added Parameter Tolerance= to Part FB17
Added Parameter Tolerance= to Part FB18
Added Parameter Tolerance= to Part FB19
Added Parameter Tolerance= to Part FB20
Added Parameter Tolerance= to Part FB23
Added Parameter Tolerance= to Part J23
Added Parameter Tolerance= to Part R88
Added Parameter Tolerance= to Part R102
Added Parameter Tolerance= to Part R110
Added Parameter Tolerance= to Part R115
Added Parameter Tolerance= to Part R119
Added Parameter Tolerance= to Part R123
Added Parameter Tolerance= to Part R124
Added Parameter Tolerance= to Part TP83
Added Parameter Tolerance= to Part TP97
Added Parameter Tolerance= to Part TP98
Added Parameter Tolerance= to Part TP99
Added Parameter Tolerance= to Part TP100
Added Parameter Tolerance= to Part TP110
Added Parameter Tolerance= to Part TP111
Added Parameter Tolerance= to Part TP112
Added Parameter Tolerance= to Part TP113
Added Parameter Tolerance= to Part TP114
Added Parameter Tolerance= to Part TP115
Added Parameter Tolerance= to Part TVS17
Added Parameter Tolerance= to Part TVS18
Added Parameter Tolerance= to Part TVS19
Added Parameter Tolerance= to Part TVS20
Added Parameter Value= to Part J23
Added Parameter Value= to Part TP83
Added Parameter Value= to Part TP97
Added Parameter Value= to Part TP98
Added Parameter Value= to Part TP99
Added Parameter Value= to Part TP100
Added Parameter Value= to Part TP110
Added Parameter Value= to Part TP111
Added Parameter Value= to Part TP112
Added Parameter Value= to Part TP113
Added Parameter Value= to Part TP114
Added Parameter Value= to Part TP115
Added Parameter Value= to Part U14
Added Parameter Voltage= to Part C108
Added Parameter Voltage= to Part C115
Added Parameter Voltage= to Part C119
Added Parameter Voltage= to Part C133
Added Parameter Voltage= to Part C134
Added Parameter Voltage= to Part C135
Added Parameter Voltage= to Part C136
Added Parameter Voltage= to Part C137
Added Parameter Voltage= to Part C138
Added Parameter Voltage= to Part C139
Added Parameter Voltage= to Part C140
Added Parameter Voltage= to Part C154
Added Parameter Voltage= to Part FB17
Added Parameter Voltage= to Part FB18
Added Parameter Voltage= to Part FB19
Added Parameter Voltage= to Part FB20
Added Parameter Voltage= to Part FB23
Added Parameter Voltage= to Part J23
Added Parameter Voltage= to Part R88
Added Parameter Voltage= to Part R102
Added Parameter Voltage= to Part R110
Added Parameter Voltage= to Part R115
Added Parameter Voltage= to Part R119
Added Parameter Voltage= to Part R123
Added Parameter Voltage= to Part R124
Added Parameter Voltage= to Part TP83
Added Parameter Voltage= to Part TP97
Added Parameter Voltage= to Part TP98
Added Parameter Voltage= to Part TP99
Added Parameter Voltage= to Part TP100
Added Parameter Voltage= to Part TP110
Added Parameter Voltage= to Part TP111
Added Parameter Voltage= to Part TP112
Added Parameter Voltage= to Part TP113
Added Parameter Voltage= to Part TP114
Added Parameter Voltage= to Part TP115
Added Parameter Voltage= to Part TVS17
Added Parameter Voltage= to Part TVS18
Added Parameter Voltage= to Part TVS19
Added Parameter Voltage= to Part TVS20
