Removed Parameter Height:0.5 ±0.05mm from Part C60
Removed Parameter Height:0.5 ±0.05mm from Part C85
Removed Parameter Height:0.5 ±0.05mm from Part C107
Removed Parameter Height:0.5 ±0.05mm from Part C123
Removed Parameter Height:1.2mm from Part U15
Removed Parameter Height:7.70mm from Part C90
Removed Parameter LatestRevisionDate:10 - Dec - 2014 from Part C60
Removed Parameter LatestRevisionDate:10 - Dec - 2014 from Part C85
Removed Parameter LatestRevisionDate:10 - Dec - 2014 from Part C107
Removed Parameter LatestRevisionDate:10 - Dec - 2014 from Part C123
Removed Parameter LatestRevisionDate:17-Jul-2002 from Part TP67
Removed Parameter LatestRevisionDate:17-Jul-2002 from Part TP69
Removed Parameter LatestRevisionDate:17-Jul-2002 from Part TP70
Removed Parameter LatestRevisionDate:17-Jul-2002 from Part TP71
Removed Parameter LatestRevisionDate:17-Jul-2002 from Part TP72
Removed Parameter LatestRevisionDate:17-Jul-2002 from Part TP73
Removed Parameter LatestRevisionDate:17-Jul-2002 from Part TP84
Removed Parameter LatestRevisionDate:17-Jul-2002 from Part TP93
Removed Parameter LatestRevisionDate:17-Jul-2002 from Part TP94
Removed Parameter LatestRevisionDate:17-Jul-2002 from Part TP95
Removed Parameter LatestRevisionDate:17-Jul-2002 from Part TP96
Removed Parameter LatestRevisionNote:Re-released for DXP Platform. from Part TP67
Removed Parameter LatestRevisionNote:Re-released for DXP Platform. from Part TP69
Removed Parameter LatestRevisionNote:Re-released for DXP Platform. from Part TP70
Removed Parameter LatestRevisionNote:Re-released for DXP Platform. from Part TP71
Removed Parameter LatestRevisionNote:Re-released for DXP Platform. from Part TP72
Removed Parameter LatestRevisionNote:Re-released for DXP Platform. from Part TP73
Removed Parameter LatestRevisionNote:Re-released for DXP Platform. from Part TP84
Removed Parameter LatestRevisionNote:Re-released for DXP Platform. from Part TP93
Removed Parameter LatestRevisionNote:Re-released for DXP Platform. from Part TP94
Removed Parameter LatestRevisionNote:Re-released for DXP Platform. from Part TP95
Removed Parameter LatestRevisionNote:Re-released for DXP Platform. from Part TP96
Removed Parameter LatestRevisionNote:Ultimachine Footprint Added from Part C60
Removed Parameter LatestRevisionNote:Ultimachine Footprint Added from Part C85
Removed Parameter LatestRevisionNote:Ultimachine Footprint Added from Part C107
Removed Parameter LatestRevisionNote:Ultimachine Footprint Added from Part C123
