Change Value of Parameter EE Spec in Part C101 Old=Voltage New=EE Spec
Change Value of Parameter EE Spec in Part C105 Old=Voltage New=EE Spec
Change Value of Parameter EE Spec in Part C112 Old=Voltage New=EE Spec
Change Value of Parameter EE Spec in Part C116 Old=Voltage New=EE Spec
Change Value of Parameter EE Spec in Part C120 Old=Voltage New=EE Spec
Change Value of Parameter EE Spec in Part C124 Old=Voltage New=EE Spec
Change Value of Parameter EE Spec in Part C141 Old=Voltage New=EE Spec
Change Value of Parameter EE Spec in Part C142 Old=Voltage New=EE Spec
Change Value of Parameter EE Spec in Part C143 Old=Voltage New=EE Spec
Change Value of Parameter EE Spec in Part C144 Old=Voltage New=EE Spec
Change Value of Parameter EE Spec in Part C145 Old=Voltage New=EE Spec
Change Value of Parameter EE Spec in Part C146 Old=Voltage New=EE Spec
Change Value of Parameter EE Spec in Part C147 Old=Voltage New=EE Spec
Change Value of Parameter EE Spec in Part C148 Old=Voltage New=EE Spec
Change Value of Parameter EE Spec in Part C155 Old=Voltage New=EE Spec
Change Value of Parameter EE Spec in Part C156 Old=Voltage New=EE Spec
Change Value of Parameter EE Spec in Part FB13 Old=Voltage New=EE Spec
Change Value of Parameter EE Spec in Part FB14 Old=Voltage New=EE Spec
Change Value of Parameter EE Spec in Part FB15 Old=Voltage New=EE Spec
Change Value of Parameter EE Spec in Part FB16 Old=Voltage New=EE Spec
Change Value of Parameter EE Spec in Part FB24 Old=Voltage New=EE Spec
Change Value of Parameter EE Spec in Part J26 Old=Voltage New=EE Spec
Change Value of Parameter EE Spec in Part R86 Old=Voltage New=EE Spec
Change Value of Parameter EE Spec in Part R103 Old=Voltage New=EE Spec
Change Value of Parameter EE Spec in Part R104 Old=Voltage New=EE Spec
Change Value of Parameter EE Spec in Part R112 Old=Voltage New=EE Spec
Change Value of Parameter EE Spec in Part R118 Old=Voltage New=EE Spec
Change Value of Parameter EE Spec in Part R127 Old=Voltage New=EE Spec
Change Value of Parameter EE Spec in Part R128 Old=Voltage New=EE Spec
Change Value of Parameter EE Spec in Part TP4 Old=Voltage New=EE Spec
Change Value of Parameter EE Spec in Part TP89 Old=Voltage New=EE Spec
Change Value of Parameter EE Spec in Part TP90 Old=Voltage New=EE Spec
Change Value of Parameter EE Spec in Part TP91 Old=Voltage New=EE Spec
Change Value of Parameter EE Spec in Part TP92 Old=Voltage New=EE Spec
Change Value of Parameter EE Spec in Part TP116 Old=Voltage New=EE Spec
Change Value of Parameter EE Spec in Part TP117 Old=Voltage New=EE Spec
Change Value of Parameter EE Spec in Part TP118 Old=Voltage New=EE Spec
Change Value of Parameter EE Spec in Part TP119 Old=Voltage New=EE Spec
Change Value of Parameter EE Spec in Part TP120 Old=Voltage New=EE Spec
Change Value of Parameter EE Spec in Part TP121 Old=Voltage New=EE Spec
Change Value of Parameter EE Spec in Part TVS13 Old=Voltage New=EE Spec
Change Value of Parameter EE Spec in Part TVS14 Old=Voltage New=EE Spec
Change Value of Parameter EE Spec in Part TVS15 Old=Voltage New=EE Spec
Change Value of Parameter EE Spec in Part TVS16 Old=Voltage New=EE Spec
Change Value of Parameter EE Spec in Part U16 Old=Voltage New=EE Spec
