Removed Parameter Component Type: from Part C101
Removed Parameter Component Type: from Part C105
Removed Parameter Component Type: from Part C124
Removed Parameter Component Type: from Part C155
Removed Parameter Datasheet: from Part C101
Removed Parameter Datasheet: from Part C105
Removed Parameter Datasheet: from Part C124
Removed Parameter Datasheet: from Part C155
Removed Parameter Datasheet: from Part U16
Removed Parameter MFR:Murata from Part C101
Removed Parameter MFR:Murata from Part C105
Removed Parameter MFR:Murata from Part C124
Removed Parameter MFR:Murata from Part C155
Removed Parameter MFR:Stackpole ELectronics Inc from Part R127
Removed Parameter MFR:Stackpole ELectronics Inc from Part R128
Change Value of Parameter Manufacturer in Part C101 Old= New=Murata
Change Value of Parameter Manufacturer in Part C105 Old= New=Murata
Change Value of Parameter Manufacturer in Part C124 Old= New=Murata
Change Value of Parameter Manufacturer in Part C155 Old= New=Murata
Change Value of Parameter Manufacturer in Part R127 Old= New=Stackpole ELectronics Inc
Change Value of Parameter Manufacturer in Part R128 Old= New=Stackpole ELectronics Inc
