Removed Parameter ComponentLink1Description: from Part C108
Removed Parameter ComponentLink1Description: from Part C115
Removed Parameter ComponentLink1Description: from Part C119
Removed Parameter ComponentLink1Description: from Part C133
Removed Parameter ComponentLink1Description: from Part C134
Removed Parameter ComponentLink1Description: from Part C135
Removed Parameter ComponentLink1Description: from Part C136
Removed Parameter ComponentLink1Description: from Part C137
Removed Parameter ComponentLink1Description: from Part C138
Removed Parameter ComponentLink1Description: from Part C139
Removed Parameter ComponentLink1Description: from Part C140
Removed Parameter ComponentLink1Description: from Part FB17
Removed Parameter ComponentLink1Description: from Part FB18
Removed Parameter ComponentLink1Description: from Part FB19
Removed Parameter ComponentLink1Description: from Part FB20
Removed Parameter ComponentLink1Description: from Part FB23
Removed Parameter ComponentLink1Description: from Part R88
Removed Parameter ComponentLink1Description: from Part R102
Removed Parameter ComponentLink1Description: from Part R110
Removed Parameter ComponentLink1Description: from Part R115
Removed Parameter ComponentLink1Description: from Part R119
Removed Parameter ComponentLink1Description: from Part TVS17
Removed Parameter ComponentLink1Description: from Part TVS18
Removed Parameter ComponentLink1Description: from Part TVS19
Removed Parameter ComponentLink1Description: from Part TVS20
Removed Parameter ComponentLink1URL: from Part C108
Removed Parameter ComponentLink1URL: from Part C115
Removed Parameter ComponentLink1URL: from Part C119
Removed Parameter ComponentLink1URL: from Part C133
Removed Parameter ComponentLink1URL: from Part C134
Removed Parameter ComponentLink1URL: from Part C135
Removed Parameter ComponentLink1URL: from Part C136
Removed Parameter ComponentLink1URL: from Part C137
Removed Parameter ComponentLink1URL: from Part C138
Removed Parameter ComponentLink1URL: from Part C139
Removed Parameter ComponentLink1URL: from Part C140
Removed Parameter ComponentLink1URL: from Part FB17
Removed Parameter ComponentLink1URL: from Part FB18
Removed Parameter ComponentLink1URL: from Part FB19
Removed Parameter ComponentLink1URL: from Part FB20
Removed Parameter ComponentLink1URL: from Part FB23
Removed Parameter ComponentLink1URL: from Part R88
Removed Parameter ComponentLink1URL: from Part R102
Removed Parameter ComponentLink1URL: from Part R110
Removed Parameter ComponentLink1URL: from Part R115
Removed Parameter ComponentLink1URL: from Part R119
Removed Parameter ComponentLink1URL: from Part TVS17
Removed Parameter ComponentLink1URL: from Part TVS18
Removed Parameter ComponentLink1URL: from Part TVS19
Removed Parameter ComponentLink1URL: from Part TVS20
Removed Parameter LastRevisionDate:23-Apr-2014 from Part C108
Removed Parameter LastRevisionDate:23-Apr-2014 from Part C115
Removed Parameter LastRevisionDate:23-Apr-2014 from Part C119
Removed Parameter LastRevisionDate:23-Apr-2014 from Part C133
Removed Parameter LastRevisionDate:23-Apr-2014 from Part C134
Removed Parameter LastRevisionDate:23-Apr-2014 from Part C135
Removed Parameter LastRevisionDate:23-Apr-2014 from Part C136
Removed Parameter LastRevisionDate:23-Apr-2014 from Part C137
Removed Parameter LastRevisionDate:23-Apr-2014 from Part C138
Removed Parameter LastRevisionDate:23-Apr-2014 from Part C139
Removed Parameter LastRevisionDate:23-Apr-2014 from Part C140
Removed Parameter LastRevisionDate:23-Apr-2014 from Part FB17
Removed Parameter LastRevisionDate:23-Apr-2014 from Part FB18
Removed Parameter LastRevisionDate:23-Apr-2014 from Part FB19
Removed Parameter LastRevisionDate:23-Apr-2014 from Part FB20
Removed Parameter LastRevisionDate:23-Apr-2014 from Part FB23
Removed Parameter LastRevisionDate:23-Apr-2014 from Part R88
Removed Parameter LastRevisionDate:23-Apr-2014 from Part R102
Removed Parameter LastRevisionDate:23-Apr-2014 from Part R110
Removed Parameter LastRevisionDate:23-Apr-2014 from Part R115
Removed Parameter LastRevisionDate:23-Apr-2014 from Part R119
Removed Parameter LastRevisionDate:23-Apr-2014 from Part TVS17
Removed Parameter LastRevisionDate:23-Apr-2014 from Part TVS18
Removed Parameter LastRevisionDate:23-Apr-2014 from Part TVS19
Removed Parameter LastRevisionDate:23-Apr-2014 from Part TVS20
Removed Parameter LastRevisionNote:ImportComponents from Part C108
Removed Parameter LastRevisionNote:ImportComponents from Part C115
Removed Parameter LastRevisionNote:ImportComponents from Part C119
Removed Parameter LastRevisionNote:ImportComponents from Part C133
Removed Parameter LastRevisionNote:ImportComponents from Part C134
Removed Parameter LastRevisionNote:ImportComponents from Part C135
Removed Parameter LastRevisionNote:ImportComponents from Part C136
Removed Parameter LastRevisionNote:ImportComponents from Part C137
Removed Parameter LastRevisionNote:ImportComponents from Part C138
Removed Parameter LastRevisionNote:ImportComponents from Part C139
Removed Parameter LastRevisionNote:ImportComponents from Part C140
Removed Parameter LastRevisionNote:ImportComponents from Part FB17
Removed Parameter LastRevisionNote:ImportComponents from Part FB18
Removed Parameter LastRevisionNote:ImportComponents from Part FB19
Removed Parameter LastRevisionNote:ImportComponents from Part FB20
Removed Parameter LastRevisionNote:ImportComponents from Part FB23
Removed Parameter LastRevisionNote:ImportComponents from Part R88
Removed Parameter LastRevisionNote:ImportComponents from Part R102
Removed Parameter LastRevisionNote:ImportComponents from Part R110
Removed Parameter LastRevisionNote:ImportComponents from Part R115
Removed Parameter LastRevisionNote:ImportComponents from Part R119
Removed Parameter LastRevisionNote:ImportComponents from Part TVS17
Removed Parameter LastRevisionNote:ImportComponents from Part TVS18
Removed Parameter LastRevisionNote:ImportComponents from Part TVS19
Removed Parameter LastRevisionNote:ImportComponents from Part TVS20
Removed Parameter Published:10 - Dec - 2014 from Part C150
Removed Parameter Published:10 - Dec - 2014 from Part C151
Removed Parameter Published:10 - Dec - 2014 from Part C152
Removed Parameter Published:10 - Dec - 2014 from Part C153
Removed Parameter Published:23-Apr-2014 from Part C108
Removed Parameter Published:23-Apr-2014 from Part C115
Removed Parameter Published:23-Apr-2014 from Part C119
Removed Parameter Published:23-Apr-2014 from Part C133
Removed Parameter Published:23-Apr-2014 from Part C134
Removed Parameter Published:23-Apr-2014 from Part C135
Removed Parameter Published:23-Apr-2014 from Part C136
Removed Parameter Published:23-Apr-2014 from Part C137
Removed Parameter Published:23-Apr-2014 from Part C138
Removed Parameter Published:23-Apr-2014 from Part C139
Removed Parameter Published:23-Apr-2014 from Part C140
Removed Parameter Published:23-Apr-2014 from Part FB17
Removed Parameter Published:23-Apr-2014 from Part FB18
Removed Parameter Published:23-Apr-2014 from Part FB19
Removed Parameter Published:23-Apr-2014 from Part FB20
Removed Parameter Published:23-Apr-2014 from Part FB23
Removed Parameter Published:23-Apr-2014 from Part R88
Removed Parameter Published:23-Apr-2014 from Part R102
Removed Parameter Published:23-Apr-2014 from Part R110
Removed Parameter Published:23-Apr-2014 from Part R115
Removed Parameter Published:23-Apr-2014 from Part R119
Removed Parameter Published:23-Apr-2014 from Part TVS17
Removed Parameter Published:23-Apr-2014 from Part TVS18
Removed Parameter Published:23-Apr-2014 from Part TVS19
Removed Parameter Published:23-Apr-2014 from Part TVS20
Removed Parameter Publisher:Altium Limited from Part TP83
Removed Parameter Publisher:Altium Limited from Part TP97
Removed Parameter Publisher:Altium Limited from Part TP98
Removed Parameter Publisher:Altium Limited from Part TP99
Removed Parameter Publisher:Altium Limited from Part TP100
Removed Parameter Publisher:Altium Limited from Part TP110
Removed Parameter Publisher:Altium Limited from Part TP111
Removed Parameter Publisher:Altium Limited from Part TP112
Removed Parameter Publisher:Altium Limited from Part TP113
Removed Parameter Publisher:Altium Limited from Part TP114
Removed Parameter Publisher:Altium Limited from Part TP115
Removed Parameter Publisher:UltiMachine from Part C108
Removed Parameter Publisher:UltiMachine from Part C115
Removed Parameter Publisher:UltiMachine from Part C119
Removed Parameter Publisher:UltiMachine from Part C133
Removed Parameter Publisher:UltiMachine from Part C134
Removed Parameter Publisher:UltiMachine from Part C135
Removed Parameter Publisher:UltiMachine from Part C136
Removed Parameter Publisher:UltiMachine from Part C137
Removed Parameter Publisher:UltiMachine from Part C138
Removed Parameter Publisher:UltiMachine from Part C139
Removed Parameter Publisher:UltiMachine from Part C140
Removed Parameter Publisher:Ultimachine from Part C150
Removed Parameter Publisher:Ultimachine from Part C151
Removed Parameter Publisher:Ultimachine from Part C152
Removed Parameter Publisher:Ultimachine from Part C153
Removed Parameter Publisher:UltiMachine from Part FB17
Removed Parameter Publisher:UltiMachine from Part FB18
Removed Parameter Publisher:UltiMachine from Part FB19
Removed Parameter Publisher:UltiMachine from Part FB20
Removed Parameter Publisher:UltiMachine from Part FB23
Removed Parameter Publisher:UltiMachine from Part R88
Removed Parameter Publisher:UltiMachine from Part R102
Removed Parameter Publisher:UltiMachine from Part R110
Removed Parameter Publisher:UltiMachine from Part R115
Removed Parameter Publisher:UltiMachine from Part R119
Removed Parameter Publisher:UltiMachine from Part TVS17
Removed Parameter Publisher:UltiMachine from Part TVS18
Removed Parameter Publisher:UltiMachine from Part TVS19
Removed Parameter Publisher:UltiMachine from Part TVS20
