Change Value of Parameter EE_SPEC in Part C1 Old=EE Spec New=EE_SPEC
Change Value of Parameter MANUFACTURER in Part C1 Old=Manufacturer New=MANUFACTURER
Change Value of Parameter PART DESCRIPTION in Part C1 Old=Part Description New=PART DESCRIPTION
Change Value of Parameter TOLERANCE in Part C1 Old=Tolerance New=TOLERANCE
Change Value of Parameter EE_SPEC in Part C2 Old=EE Spec New=EE_SPEC
Change Value of Parameter MANUFACTURER in Part C2 Old=Manufacturer New=MANUFACTURER
Change Value of Parameter PART DESCRIPTION in Part C2 Old=Part Description New=PART DESCRIPTION
Change Value of Parameter TOLERANCE in Part C2 Old=Tolerance New=TOLERANCE
Change Value of Parameter VALUE in Part C2 Old=Value New=VALUE
Change Value of Parameter EE_SPEC in Part C3 Old=EE Spec New=EE_SPEC
Change Value of Parameter MANUFACTURER in Part C3 Old=Manufacturer New=MANUFACTURER
Change Value of Parameter PART DESCRIPTION in Part C3 Old=Part Description New=PART DESCRIPTION
Change Value of Parameter TOLERANCE in Part C3 Old=Tolerance New=TOLERANCE
Change Value of Parameter EE_SPEC in Part C4 Old=EE Spec New=EE_SPEC
Change Value of Parameter MANUFACTURER in Part C4 Old=Manufacturer New=MANUFACTURER
Change Value of Parameter PART DESCRIPTION in Part C4 Old=Part Description New=PART DESCRIPTION
Change Value of Parameter TOLERANCE in Part C4 Old=Tolerance New=TOLERANCE
Change Value of Parameter EE_SPEC in Part C5 Old=EE Spec New=EE_SPEC
Change Value of Parameter MANUFACTURER in Part C5 Old=Manufacturer New=MANUFACTURER
Change Value of Parameter PART DESCRIPTION in Part C5 Old=Part Description New=PART DESCRIPTION
Change Value of Parameter TOLERANCE in Part C5 Old=Tolerance New=TOLERANCE
Change Value of Parameter EE_SPEC in Part C6 Old=EE Spec New=EE_SPEC
Change Value of Parameter MANUFACTURER in Part C6 Old=Manufacturer New=MANUFACTURER
Change Value of Parameter PART DESCRIPTION in Part C6 Old=Part Description New=PART DESCRIPTION
Change Value of Parameter TOLERANCE in Part C6 Old=Tolerance New=TOLERANCE
Change Value of Parameter EE_SPEC in Part C7 Old=EE Spec New=EE_SPEC
Change Value of Parameter MANUFACTURER in Part C7 Old=Manufacturer New=MANUFACTURER
Change Value of Parameter PART DESCRIPTION in Part C7 Old=Part Description New=PART DESCRIPTION
Change Value of Parameter TOLERANCE in Part C7 Old=Tolerance New=TOLERANCE
Change Value of Parameter EE_SPEC in Part C12 Old=EE Spec New=EE_SPEC
Change Value of Parameter MANUFACTURER in Part C12 Old=Manufacturer New=MANUFACTURER
Change Value of Parameter PART DESCRIPTION in Part C12 Old=Part Description New=PART DESCRIPTION
Change Value of Parameter TOLERANCE in Part C12 Old=Tolerance New=TOLERANCE
Change Value of Parameter EE_SPEC in Part C13 Old=EE Spec New=EE_SPEC
Change Value of Parameter MANUFACTURER in Part C13 Old=Manufacturer New=MANUFACTURER
Change Value of Parameter PART DESCRIPTION in Part C13 Old=Part Description New=PART DESCRIPTION
Change Value of Parameter TOLERANCE in Part C13 Old=Tolerance New=TOLERANCE
Change Value of Parameter EE_SPEC in Part C15 Old=EE Spec New=EE_SPEC
Change Value of Parameter MANUFACTURER in Part C15 Old=Manufacturer New=MANUFACTURER
Change Value of Parameter PART DESCRIPTION in Part C15 Old=Part Description New=PART DESCRIPTION
Change Value of Parameter TOLERANCE in Part C15 Old=Tolerance New=TOLERANCE
Change Value of Parameter EE_SPEC in Part C16 Old=EE Spec New=EE_SPEC
Change Value of Parameter MANUFACTURER in Part C16 Old=Manufacturer New=MANUFACTURER
Change Value of Parameter PART DESCRIPTION in Part C16 Old=Part Description New=PART DESCRIPTION
Change Value of Parameter TOLERANCE in Part C16 Old=Tolerance New=TOLERANCE
Change Value of Parameter EE_SPEC in Part C24 Old=EE Spec New=EE_SPEC
Change Value of Parameter MANUFACTURER in Part C24 Old=Manufacturer New=MANUFACTURER
Change Value of Parameter PART DESCRIPTION in Part C24 Old=Part Description New=PART DESCRIPTION
Change Value of Parameter TOLERANCE in Part C24 Old=Tolerance New=TOLERANCE
Change Value of Parameter EE_SPEC in Part C25 Old=EE Spec New=EE_SPEC
Change Value of Parameter MANUFACTURER in Part C25 Old=Manufacturer New=MANUFACTURER
Change Value of Parameter PART DESCRIPTION in Part C25 Old=Part Description New=PART DESCRIPTION
Change Value of Parameter TOLERANCE in Part C25 Old=Tolerance New=TOLERANCE
Change Value of Parameter VALUE in Part C25 Old=Value New=VALUE
Change Value of Parameter EE_SPEC in Part C26 Old=EE Spec New=EE_SPEC
Change Value of Parameter MANUFACTURER in Part C26 Old=Manufacturer New=MANUFACTURER
Change Value of Parameter PART DESCRIPTION in Part C26 Old=Part Description New=PART DESCRIPTION
Change Value of Parameter TOLERANCE in Part C26 Old=Tolerance New=TOLERANCE
Change Value of Parameter EE_SPEC in Part C30 Old=EE Spec New=EE_SPEC
Change Value of Parameter MANUFACTURER in Part C30 Old=Manufacturer New=MANUFACTURER
Change Value of Parameter PART DESCRIPTION in Part C30 Old=Part Description New=PART DESCRIPTION
Change Value of Parameter TOLERANCE in Part C30 Old=Tolerance New=TOLERANCE
Change Value of Parameter EE_SPEC in Part C34 Old=EE Spec New=EE_SPEC
Change Value of Parameter MANUFACTURER in Part C34 Old=Manufacturer New=MANUFACTURER
Change Value of Parameter PART DESCRIPTION in Part C34 Old=Part Description New=PART DESCRIPTION
Change Value of Parameter TOLERANCE in Part C34 Old=Tolerance New=TOLERANCE
Change Value of Parameter EE_SPEC in Part C35 Old=EE Spec New=EE_SPEC
Change Value of Parameter MANUFACTURER in Part C35 Old=Manufacturer New=MANUFACTURER
Change Value of Parameter PART DESCRIPTION in Part C35 Old=Part Description New=PART DESCRIPTION
Change Value of Parameter TOLERANCE in Part C35 Old=Tolerance New=TOLERANCE
Change Value of Parameter EE_SPEC in Part C36 Old=EE Spec New=EE_SPEC
Change Value of Parameter MANUFACTURER in Part C36 Old=Manufacturer New=MANUFACTURER
Change Value of Parameter PART DESCRIPTION in Part C36 Old=Part Description New=PART DESCRIPTION
Change Value of Parameter TOLERANCE in Part C36 Old=Tolerance New=TOLERANCE
Change Value of Parameter EE_SPEC in Part C37 Old=EE Spec New=EE_SPEC
Change Value of Parameter MANUFACTURER in Part C37 Old=Manufacturer New=MANUFACTURER
Change Value of Parameter PART DESCRIPTION in Part C37 Old=Part Description New=PART DESCRIPTION
Change Value of Parameter TOLERANCE in Part C37 Old=Tolerance New=TOLERANCE
Change Value of Parameter VALUE in Part C37 Old=Value New=VALUE
Change Value of Parameter EE_SPEC in Part C38 Old=EE Spec New=EE_SPEC
Change Value of Parameter MANUFACTURER in Part C38 Old=Manufacturer New=MANUFACTURER
Change Value of Parameter PART DESCRIPTION in Part C38 Old=Part Description New=PART DESCRIPTION
Change Value of Parameter TOLERANCE in Part C38 Old=Tolerance New=TOLERANCE
Change Value of Parameter EE_SPEC in Part C44 Old=EE Spec New=EE_SPEC
Change Value of Parameter MANUFACTURER in Part C44 Old=Manufacturer New=MANUFACTURER
Change Value of Parameter PART DESCRIPTION in Part C44 Old=Part Description New=PART DESCRIPTION
Change Value of Parameter TOLERANCE in Part C44 Old=Tolerance New=TOLERANCE
Change Value of Parameter EE_SPEC in Part C45 Old=EE Spec New=EE_SPEC
Change Value of Parameter MANUFACTURER in Part C45 Old=Manufacturer New=MANUFACTURER
Change Value of Parameter PART DESCRIPTION in Part C45 Old=Part Description New=PART DESCRIPTION
Change Value of Parameter TOLERANCE in Part C45 Old=Tolerance New=TOLERANCE
Change Value of Parameter EE_SPEC in Part C46 Old=EE Spec New=EE_SPEC
Change Value of Parameter MANUFACTURER in Part C46 Old=Manufacturer New=MANUFACTURER
Change Value of Parameter PART DESCRIPTION in Part C46 Old=Part Description New=PART DESCRIPTION
Change Value of Parameter TOLERANCE in Part C46 Old=Tolerance New=TOLERANCE
Change Value of Parameter EE_SPEC in Part C51 Old=EE Spec New=EE_SPEC
Change Value of Parameter MANUFACTURER in Part C51 Old=Manufacturer New=MANUFACTURER
Change Value of Parameter PART DESCRIPTION in Part C51 Old=Part Description New=PART DESCRIPTION
Change Value of Parameter TOLERANCE in Part C51 Old=Tolerance New=TOLERANCE
Change Value of Parameter EE_SPEC in Part C52 Old=EE Spec New=EE_SPEC
Change Value of Parameter MANUFACTURER in Part C52 Old=Manufacturer New=MANUFACTURER
Change Value of Parameter PART DESCRIPTION in Part C52 Old=Part Description New=PART DESCRIPTION
Change Value of Parameter TOLERANCE in Part C52 Old=Tolerance New=TOLERANCE
Change Value of Parameter EE_SPEC in Part C53 Old=EE Spec New=EE_SPEC
Change Value of Parameter MANUFACTURER in Part C53 Old=Manufacturer New=MANUFACTURER
Change Value of Parameter PART DESCRIPTION in Part C53 Old=Part Description New=PART DESCRIPTION
Change Value of Parameter TOLERANCE in Part C53 Old=Tolerance New=TOLERANCE
Change Value of Parameter VALUE in Part C53 Old=Value New=VALUE
Change Value of Parameter EE_SPEC in Part C54 Old=EE Spec New=EE_SPEC
Change Value of Parameter MANUFACTURER in Part C54 Old=Manufacturer New=MANUFACTURER
Change Value of Parameter PART DESCRIPTION in Part C54 Old=Part Description New=PART DESCRIPTION
Change Value of Parameter TOLERANCE in Part C54 Old=Tolerance New=TOLERANCE
Change Value of Parameter EE_SPEC in Part C55 Old=EE Spec New=EE_SPEC
Change Value of Parameter MANUFACTURER in Part C55 Old=Manufacturer New=MANUFACTURER
Change Value of Parameter PART DESCRIPTION in Part C55 Old=Part Description New=PART DESCRIPTION
Change Value of Parameter TOLERANCE in Part C55 Old=Tolerance New=TOLERANCE
Change Value of Parameter VALUE in Part C55 Old=Value New=VALUE
Change Value of Parameter EE_SPEC in Part C56 Old=EE Spec New=EE_SPEC
Change Value of Parameter MANUFACTURER in Part C56 Old=Manufacturer New=MANUFACTURER
Change Value of Parameter PART DESCRIPTION in Part C56 Old=Part Description New=PART DESCRIPTION
Change Value of Parameter TOLERANCE in Part C56 Old=Tolerance New=TOLERANCE
Change Value of Parameter EE_SPEC in Part C57 Old=EE Spec New=EE_SPEC
Change Value of Parameter MANUFACTURER in Part C57 Old=Manufacturer New=MANUFACTURER
Change Value of Parameter PART DESCRIPTION in Part C57 Old=Part Description New=PART DESCRIPTION
Change Value of Parameter TOLERANCE in Part C57 Old=Tolerance New=TOLERANCE
Change Value of Parameter VALUE in Part C57 Old=Value New=VALUE
Change Value of Parameter EE_SPEC in Part C63 Old=EE Spec New=EE_SPEC
Change Value of Parameter MANUFACTURER in Part C63 Old=Manufacturer New=MANUFACTURER
Change Value of Parameter PART DESCRIPTION in Part C63 Old=Part Description New=PART DESCRIPTION
Change Value of Parameter TOLERANCE in Part C63 Old=Tolerance New=TOLERANCE
Change Value of Parameter EE_SPEC in Part C65 Old=EE Spec New=EE_SPEC
Change Value of Parameter MANUFACTURER in Part C65 Old=Manufacturer New=MANUFACTURER
Change Value of Parameter PART DESCRIPTION in Part C65 Old=Part Description New=PART DESCRIPTION
Change Value of Parameter TOLERANCE in Part C65 Old=Tolerance New=TOLERANCE
Change Value of Parameter EE_SPEC in Part C67 Old=EE Spec New=EE_SPEC
Change Value of Parameter MANUFACTURER in Part C67 Old=Manufacturer New=MANUFACTURER
Change Value of Parameter PART DESCRIPTION in Part C67 Old=Part Description New=PART DESCRIPTION
Change Value of Parameter TOLERANCE in Part C67 Old=Tolerance New=TOLERANCE
Change Value of Parameter EE_SPEC in Part C68 Old=EE Spec New=EE_SPEC
Change Value of Parameter MANUFACTURER in Part C68 Old=Manufacturer New=MANUFACTURER
Change Value of Parameter PART DESCRIPTION in Part C68 Old=Part Description New=PART DESCRIPTION
Change Value of Parameter TOLERANCE in Part C68 Old=Tolerance New=TOLERANCE
Change Value of Parameter EE_SPEC in Part C69 Old=EE Spec New=EE_SPEC
Change Value of Parameter MANUFACTURER in Part C69 Old=Manufacturer New=MANUFACTURER
Change Value of Parameter PART DESCRIPTION in Part C69 Old=Part Description New=PART DESCRIPTION
Change Value of Parameter TOLERANCE in Part C69 Old=Tolerance New=TOLERANCE
Change Value of Parameter EE_SPEC in Part C72 Old=EE Spec New=EE_SPEC
Change Value of Parameter MANUFACTURER in Part C72 Old=Manufacturer New=MANUFACTURER
Change Value of Parameter PART DESCRIPTION in Part C72 Old=Part Description New=PART DESCRIPTION
Change Value of Parameter TOLERANCE in Part C72 Old=Tolerance New=TOLERANCE
Change Value of Parameter VALUE in Part C72 Old=Value New=VALUE
Change Value of Parameter EE_SPEC in Part C73 Old=EE Spec New=EE_SPEC
Change Value of Parameter MANUFACTURER in Part C73 Old=Manufacturer New=MANUFACTURER
Change Value of Parameter PART DESCRIPTION in Part C73 Old=Part Description New=PART DESCRIPTION
Change Value of Parameter TOLERANCE in Part C73 Old=Tolerance New=TOLERANCE
Change Value of Parameter EE_SPEC in Part C80 Old=EE Spec New=EE_SPEC
Change Value of Parameter MANUFACTURER in Part C80 Old=Manufacturer New=MANUFACTURER
Change Value of Parameter PART DESCRIPTION in Part C80 Old=Part Description New=PART DESCRIPTION
Change Value of Parameter TOLERANCE in Part C80 Old=Tolerance New=TOLERANCE
Change Value of Parameter EE_SPEC in Part C81 Old=EE Spec New=EE_SPEC
Change Value of Parameter MANUFACTURER in Part C81 Old=Manufacturer New=MANUFACTURER
Change Value of Parameter PART DESCRIPTION in Part C81 Old=Part Description New=PART DESCRIPTION
Change Value of Parameter TOLERANCE in Part C81 Old=Tolerance New=TOLERANCE
Change Value of Parameter EE_SPEC in Part C93 Old=EE Spec New=EE_SPEC
Change Value of Parameter MANUFACTURER in Part C93 Old=Manufacturer New=MANUFACTURER
Change Value of Parameter PART DESCRIPTION in Part C93 Old=Part Description New=PART DESCRIPTION
Change Value of Parameter TOLERANCE in Part C93 Old=Tolerance New=TOLERANCE
Change Value of Parameter EE_SPEC in Part C94 Old=EE Spec New=EE_SPEC
Change Value of Parameter MANUFACTURER in Part C94 Old=Manufacturer New=MANUFACTURER
Change Value of Parameter PART DESCRIPTION in Part C94 Old=Part Description New=PART DESCRIPTION
Change Value of Parameter TOLERANCE in Part C94 Old=Tolerance New=TOLERANCE
Change Value of Parameter EE_SPEC in Part C95 Old=EE Spec New=EE_SPEC
Change Value of Parameter MANUFACTURER in Part C95 Old=Manufacturer New=MANUFACTURER
Change Value of Parameter PART DESCRIPTION in Part C95 Old=Part Description New=PART DESCRIPTION
Change Value of Parameter TOLERANCE in Part C95 Old=Tolerance New=TOLERANCE
Change Value of Parameter EE_SPEC in Part C168 Old=EE Spec New=EE_SPEC
Change Value of Parameter MANUFACTURER in Part C168 Old=Manufacturer New=MANUFACTURER
Change Value of Parameter PART DESCRIPTION in Part C168 Old=Part Description New=PART DESCRIPTION
Change Value of Parameter TOLERANCE in Part C168 Old=Tolerance New=TOLERANCE
Change Value of Parameter EE_SPEC in Part C170 Old=EE Spec New=EE_SPEC
Change Value of Parameter MANUFACTURER in Part C170 Old=Manufacturer New=MANUFACTURER
Change Value of Parameter PART DESCRIPTION in Part C170 Old=Part Description New=PART DESCRIPTION
Change Value of Parameter TOLERANCE in Part C170 Old=Tolerance New=TOLERANCE
Change Value of Parameter EE_SPEC in Part D1 Old=EE Spec New=EE_SPEC
Change Value of Parameter MANUFACTURER in Part D1 Old=Manufacturer New=MANUFACTURER
Change Value of Parameter PART DESCRIPTION in Part D1 Old=Part Description New=PART DESCRIPTION
Change Value of Parameter TOLERANCE in Part D1 Old=Tolerance New=TOLERANCE
Change Value of Parameter VALUE in Part D1 Old=Value New=VALUE
Change Value of Parameter EE_SPEC in Part D2 Old=EE Spec New=EE_SPEC
Change Value of Parameter MANUFACTURER in Part D2 Old=Manufacturer New=MANUFACTURER
Change Value of Parameter PART DESCRIPTION in Part D2 Old=Part Description New=PART DESCRIPTION
Change Value of Parameter TOLERANCE in Part D2 Old=Tolerance New=TOLERANCE
Change Value of Parameter VALUE in Part D2 Old=Value New=VALUE
Change Value of Parameter EE_SPEC in Part D5 Old=EE Spec New=EE_SPEC
Change Value of Parameter MANUFACTURER in Part D5 Old=Manufacturer New=MANUFACTURER
Change Value of Parameter PART DESCRIPTION in Part D5 Old=Part Description New=PART DESCRIPTION
Change Value of Parameter TOLERANCE in Part D5 Old=Tolerance New=TOLERANCE
Change Value of Parameter VALUE in Part D5 Old=Value New=VALUE
Change Value of Parameter EE_SPEC in Part D22 Old=EE Spec New=EE_SPEC
Change Value of Parameter MANUFACTURER in Part D22 Old=Manufacturer New=MANUFACTURER
Change Value of Parameter PART DESCRIPTION in Part D22 Old=Part Description New=PART DESCRIPTION
Change Value of Parameter TOLERANCE in Part D22 Old=Tolerance New=TOLERANCE
Change Value of Parameter VALUE in Part D22 Old=Value New=VALUE
Change Value of Parameter EE_SPEC in Part D23 Old=EE Spec New=EE_SPEC
Change Value of Parameter MANUFACTURER in Part D23 Old=Manufacturer New=MANUFACTURER
Change Value of Parameter PART DESCRIPTION in Part D23 Old=Part Description New=PART DESCRIPTION
Change Value of Parameter TOLERANCE in Part D23 Old=Tolerance New=TOLERANCE
Change Value of Parameter EE_SPEC in Part D43 Old=EE Spec New=EE_SPEC
Change Value of Parameter MANUFACTURER in Part D43 Old=Manufacturer New=MANUFACTURER
Change Value of Parameter PART DESCRIPTION in Part D43 Old=Part Description New=PART DESCRIPTION
Change Value of Parameter TOLERANCE in Part D43 Old=Tolerance New=TOLERANCE
Change Value of Parameter VALUE in Part D43 Old=Value New=VALUE
Change Value of Parameter EE_SPEC in Part F1 Old=EE Spec New=EE_SPEC
Change Value of Parameter MANUFACTURER in Part F1 Old=Manufacturer New=MANUFACTURER
Change Value of Parameter PART DESCRIPTION in Part F1 Old=Part Description New=PART DESCRIPTION
Change Value of Parameter TOLERANCE in Part F1 Old=Tolerance New=TOLERANCE
Change Value of Parameter VALUE in Part F1 Old=Value New=VALUE
Change Value of Parameter EE_SPEC in Part F2 Old=EE Spec New=EE_SPEC
Change Value of Parameter MANUFACTURER in Part F2 Old=Manufacturer New=MANUFACTURER
Change Value of Parameter PART DESCRIPTION in Part F2 Old=Part Description New=PART DESCRIPTION
Change Value of Parameter TOLERANCE in Part F2 Old=Tolerance New=TOLERANCE
Change Value of Parameter VALUE in Part F2 Old=Value New=VALUE
Change Value of Parameter EE_SPEC in Part F3 Old=EE Spec New=EE_SPEC
Change Value of Parameter MANUFACTURER in Part F3 Old=Manufacturer New=MANUFACTURER
Change Value of Parameter PART DESCRIPTION in Part F3 Old=Part Description New=PART DESCRIPTION
Change Value of Parameter TOLERANCE in Part F3 Old=Tolerance New=TOLERANCE
Change Value of Parameter VALUE in Part F3 Old=Value New=VALUE
Change Value of Parameter EE_SPEC in Part FB26 Old=EE Spec New=EE_SPEC
Change Value of Parameter MANUFACTURER in Part FB26 Old=Manufacturer New=MANUFACTURER
Change Value of Parameter PART DESCRIPTION in Part FB26 Old=Part Description New=PART DESCRIPTION
Change Value of Parameter TOLERANCE in Part FB26 Old=Tolerance New=TOLERANCE
Change Value of Parameter VALUE in Part FB26 Old=Value New=VALUE
Change Value of Parameter EE_SPEC in Part FB27 Old=EE Spec New=EE_SPEC
Change Value of Parameter MANUFACTURER in Part FB27 Old=Manufacturer New=MANUFACTURER
Change Value of Parameter PART DESCRIPTION in Part FB27 Old=Part Description New=PART DESCRIPTION
Change Value of Parameter TOLERANCE in Part FB27 Old=Tolerance New=TOLERANCE
Change Value of Parameter VALUE in Part FB27 Old=Value New=VALUE
Change Value of Parameter EE_SPEC in Part FB28 Old=EE Spec New=EE_SPEC
Change Value of Parameter MANUFACTURER in Part FB28 Old=Manufacturer New=MANUFACTURER
Change Value of Parameter PART DESCRIPTION in Part FB28 Old=Part Description New=PART DESCRIPTION
Change Value of Parameter TOLERANCE in Part FB28 Old=Tolerance New=TOLERANCE
Change Value of Parameter VALUE in Part FB28 Old=Value New=VALUE
Change Value of Parameter EE_SPEC in Part FB30 Old=EE Spec New=EE_SPEC
Change Value of Parameter MANUFACTURER in Part FB30 Old=Manufacturer New=MANUFACTURER
Change Value of Parameter PART DESCRIPTION in Part FB30 Old=Part Description New=PART DESCRIPTION
Change Value of Parameter TOLERANCE in Part FB30 Old=Tolerance New=TOLERANCE
Change Value of Parameter VALUE in Part FB30 Old=Value New=VALUE
Change Value of Parameter EE_SPEC in Part H1 Old=EE Spec New=EE_SPEC
Change Value of Parameter MANUFACTURER in Part H1 Old=Manufacturer New=MANUFACTURER
Change Value of Parameter PART DESCRIPTION in Part H1 Old=Part Description New=PART DESCRIPTION
Change Value of Parameter TOLERANCE in Part H1 Old=Tolerance New=TOLERANCE
Change Value of Parameter VALUE in Part H1 Old=Value New=VALUE
Change Value of Parameter EE_SPEC in Part H2 Old=EE Spec New=EE_SPEC
Change Value of Parameter MANUFACTURER in Part H2 Old=Manufacturer New=MANUFACTURER
Change Value of Parameter PART DESCRIPTION in Part H2 Old=Part Description New=PART DESCRIPTION
Change Value of Parameter TOLERANCE in Part H2 Old=Tolerance New=TOLERANCE
Change Value of Parameter VALUE in Part H2 Old=Value New=VALUE
Change Value of Parameter EE_SPEC in Part H3 Old=EE Spec New=EE_SPEC
Change Value of Parameter MANUFACTURER in Part H3 Old=Manufacturer New=MANUFACTURER
Change Value of Parameter PART DESCRIPTION in Part H3 Old=Part Description New=PART DESCRIPTION
Change Value of Parameter TOLERANCE in Part H3 Old=Tolerance New=TOLERANCE
Change Value of Parameter VALUE in Part H3 Old=Value New=VALUE
Change Value of Parameter EE_SPEC in Part H4 Old=EE Spec New=EE_SPEC
Change Value of Parameter MANUFACTURER in Part H4 Old=Manufacturer New=MANUFACTURER
Change Value of Parameter PART DESCRIPTION in Part H4 Old=Part Description New=PART DESCRIPTION
Change Value of Parameter TOLERANCE in Part H4 Old=Tolerance New=TOLERANCE
Change Value of Parameter VALUE in Part H4 Old=Value New=VALUE
Change Value of Parameter EE_SPEC in Part H5 Old=EE Spec New=EE_SPEC
Change Value of Parameter MANUFACTURER in Part H5 Old=Manufacturer New=MANUFACTURER
Change Value of Parameter PART DESCRIPTION in Part H5 Old=Part Description New=PART DESCRIPTION
Change Value of Parameter TOLERANCE in Part H5 Old=Tolerance New=TOLERANCE
Change Value of Parameter VALUE in Part H5 Old=Value New=VALUE
Change Value of Parameter EE_SPEC in Part H6 Old=EE Spec New=EE_SPEC
Change Value of Parameter MANUFACTURER in Part H6 Old=Manufacturer New=MANUFACTURER
Change Value of Parameter PART DESCRIPTION in Part H6 Old=Part Description New=PART DESCRIPTION
Change Value of Parameter TOLERANCE in Part H6 Old=Tolerance New=TOLERANCE
Change Value of Parameter VALUE in Part H6 Old=Value New=VALUE
Change Value of Parameter EE_SPEC in Part H7 Old=EE Spec New=EE_SPEC
Change Value of Parameter MANUFACTURER in Part H7 Old=Manufacturer New=MANUFACTURER
Change Value of Parameter PART DESCRIPTION in Part H7 Old=Part Description New=PART DESCRIPTION
Change Value of Parameter TOLERANCE in Part H7 Old=Tolerance New=TOLERANCE
Change Value of Parameter VALUE in Part H7 Old=Value New=VALUE
Change Value of Parameter EE_SPEC in Part J3 Old=EE Spec New=EE_SPEC
Change Value of Parameter MANUFACTURER in Part J3 Old=Manufacturer New=MANUFACTURER
Change Value of Parameter PART DESCRIPTION in Part J3 Old=Part Description New=PART DESCRIPTION
Change Value of Parameter TOLERANCE in Part J3 Old=Tolerance New=TOLERANCE
Change Value of Parameter VALUE in Part J3 Old=Value New=VALUE
Change Value of Parameter EE_SPEC in Part J3 Old=EE Spec New=EE_SPEC
Change Value of Parameter MANUFACTURER in Part J3 Old=Manufacturer New=MANUFACTURER
Change Value of Parameter PART DESCRIPTION in Part J3 Old=Part Description New=PART DESCRIPTION
Change Value of Parameter TOLERANCE in Part J3 Old=Tolerance New=TOLERANCE
Change Value of Parameter VALUE in Part J3 Old=Value New=VALUE
Change Value of Parameter EE_SPEC in Part J3 Old=EE Spec New=EE_SPEC
Change Value of Parameter MANUFACTURER in Part J3 Old=Manufacturer New=MANUFACTURER
Change Value of Parameter PART DESCRIPTION in Part J3 Old=Part Description New=PART DESCRIPTION
Change Value of Parameter TOLERANCE in Part J3 Old=Tolerance New=TOLERANCE
Change Value of Parameter VALUE in Part J3 Old=Value New=VALUE
Change Value of Parameter EE_SPEC in Part J3 Old=EE Spec New=EE_SPEC
Change Value of Parameter MANUFACTURER in Part J3 Old=Manufacturer New=MANUFACTURER
Change Value of Parameter PART DESCRIPTION in Part J3 Old=Part Description New=PART DESCRIPTION
Change Value of Parameter TOLERANCE in Part J3 Old=Tolerance New=TOLERANCE
Change Value of Parameter VALUE in Part J3 Old=Value New=VALUE
Change Value of Parameter EE_SPEC in Part J3 Old=EE Spec New=EE_SPEC
Change Value of Parameter MANUFACTURER in Part J3 Old=Manufacturer New=MANUFACTURER
Change Value of Parameter PART DESCRIPTION in Part J3 Old=Part Description New=PART DESCRIPTION
Change Value of Parameter TOLERANCE in Part J3 Old=Tolerance New=TOLERANCE
Change Value of Parameter VALUE in Part J3 Old=Value New=VALUE
Change Value of Parameter EE_SPEC in Part J3 Old=EE Spec New=EE_SPEC
Change Value of Parameter MANUFACTURER in Part J3 Old=Manufacturer New=MANUFACTURER
Change Value of Parameter PART DESCRIPTION in Part J3 Old=Part Description New=PART DESCRIPTION
Change Value of Parameter TOLERANCE in Part J3 Old=Tolerance New=TOLERANCE
Change Value of Parameter VALUE in Part J3 Old=Value New=VALUE
Change Value of Parameter EE_SPEC in Part J21 Old=EE Spec New=EE_SPEC
Change Value of Parameter MANUFACTURER in Part J21 Old=Manufacturer New=MANUFACTURER
Change Value of Parameter PART DESCRIPTION in Part J21 Old=Part Description New=PART DESCRIPTION
Change Value of Parameter TOLERANCE in Part J21 Old=Tolerance New=TOLERANCE
Change Value of Parameter VALUE in Part J21 Old=Value New=VALUE
Change Value of Parameter EE_SPEC in Part J21 Old=EE Spec New=EE_SPEC
Change Value of Parameter MANUFACTURER in Part J21 Old=Manufacturer New=MANUFACTURER
Change Value of Parameter PART DESCRIPTION in Part J21 Old=Part Description New=PART DESCRIPTION
Change Value of Parameter TOLERANCE in Part J21 Old=Tolerance New=TOLERANCE
Change Value of Parameter VALUE in Part J21 Old=Value New=VALUE
Change Value of Parameter EE_SPEC in Part J21 Old=EE Spec New=EE_SPEC
Change Value of Parameter MANUFACTURER in Part J21 Old=Manufacturer New=MANUFACTURER
Change Value of Parameter PART DESCRIPTION in Part J21 Old=Part Description New=PART DESCRIPTION
Change Value of Parameter TOLERANCE in Part J21 Old=Tolerance New=TOLERANCE
Change Value of Parameter VALUE in Part J21 Old=Value New=VALUE
Change Value of Parameter EE_SPEC in Part J21 Old=EE Spec New=EE_SPEC
Change Value of Parameter MANUFACTURER in Part J21 Old=Manufacturer New=MANUFACTURER
Change Value of Parameter PART DESCRIPTION in Part J21 Old=Part Description New=PART DESCRIPTION
Change Value of Parameter TOLERANCE in Part J21 Old=Tolerance New=TOLERANCE
Change Value of Parameter VALUE in Part J21 Old=Value New=VALUE
Change Value of Parameter EE_SPEC in Part L1 Old=EE Spec New=EE_SPEC
Change Value of Parameter MANUFACTURER in Part L1 Old=Manufacturer New=MANUFACTURER
Change Value of Parameter PART DESCRIPTION in Part L1 Old=Part Description New=PART DESCRIPTION
Change Value of Parameter TOLERANCE in Part L1 Old=Tolerance New=TOLERANCE
Change Value of Parameter VALUE in Part L1 Old=Value New=VALUE
Change Value of Parameter EE_SPEC in Part P1 Old=EE Spec New=EE_SPEC
Change Value of Parameter MANUFACTURER in Part P1 Old=Manufacturer New=MANUFACTURER
Change Value of Parameter PART DESCRIPTION in Part P1 Old=Part Description New=PART DESCRIPTION
Change Value of Parameter TOLERANCE in Part P1 Old=Tolerance New=TOLERANCE
Change Value of Parameter VALUE in Part P1 Old=Value New=VALUE
Change Value of Parameter EE_SPEC in Part R1 Old=EE Spec New=EE_SPEC
Change Value of Parameter MANUFACTURER in Part R1 Old=Manufacturer New=MANUFACTURER
Change Value of Parameter PART DESCRIPTION in Part R1 Old=Part Description New=PART DESCRIPTION
Change Value of Parameter TOLERANCE in Part R1 Old=Tolerance New=TOLERANCE
Change Value of Parameter EE_SPEC in Part R2 Old=EE Spec New=EE_SPEC
Change Value of Parameter MANUFACTURER in Part R2 Old=Manufacturer New=MANUFACTURER
Change Value of Parameter PART DESCRIPTION in Part R2 Old=Part Description New=PART DESCRIPTION
Change Value of Parameter TOLERANCE in Part R2 Old=Tolerance New=TOLERANCE
Change Value of Parameter EE_SPEC in Part R3 Old=EE Spec New=EE_SPEC
Change Value of Parameter MANUFACTURER in Part R3 Old=Manufacturer New=MANUFACTURER
Change Value of Parameter PART DESCRIPTION in Part R3 Old=Part Description New=PART DESCRIPTION
Change Value of Parameter TOLERANCE in Part R3 Old=Tolerance New=TOLERANCE
Change Value of Parameter EE_SPEC in Part R4 Old=EE Spec New=EE_SPEC
Change Value of Parameter MANUFACTURER in Part R4 Old=Manufacturer New=MANUFACTURER
Change Value of Parameter PART DESCRIPTION in Part R4 Old=Part Description New=PART DESCRIPTION
Change Value of Parameter TOLERANCE in Part R4 Old=Tolerance New=TOLERANCE
Change Value of Parameter EE_SPEC in Part R5 Old=EE Spec New=EE_SPEC
Change Value of Parameter MANUFACTURER in Part R5 Old=Manufacturer New=MANUFACTURER
Change Value of Parameter PART DESCRIPTION in Part R5 Old=Part Description New=PART DESCRIPTION
Change Value of Parameter TOLERANCE in Part R5 Old=Tolerance New=TOLERANCE
Change Value of Parameter EE_SPEC in Part R10 Old=EE Spec New=EE_SPEC
Change Value of Parameter MANUFACTURER in Part R10 Old=Manufacturer New=MANUFACTURER
Change Value of Parameter PART DESCRIPTION in Part R10 Old=Part Description New=PART DESCRIPTION
Change Value of Parameter TOLERANCE in Part R10 Old=Tolerance New=TOLERANCE
Change Value of Parameter EE_SPEC in Part R11 Old=EE Spec New=EE_SPEC
Change Value of Parameter MANUFACTURER in Part R11 Old=Manufacturer New=MANUFACTURER
Change Value of Parameter PART DESCRIPTION in Part R11 Old=Part Description New=PART DESCRIPTION
Change Value of Parameter TOLERANCE in Part R11 Old=Tolerance New=TOLERANCE
Change Value of Parameter EE_SPEC in Part R13 Old=EE Spec New=EE_SPEC
Change Value of Parameter MANUFACTURER in Part R13 Old=Manufacturer New=MANUFACTURER
Change Value of Parameter PART DESCRIPTION in Part R13 Old=Part Description New=PART DESCRIPTION
Change Value of Parameter TOLERANCE in Part R13 Old=Tolerance New=TOLERANCE
Change Value of Parameter EE_SPEC in Part R32 Old=EE Spec New=EE_SPEC
Change Value of Parameter MANUFACTURER in Part R32 Old=Manufacturer New=MANUFACTURER
Change Value of Parameter PART DESCRIPTION in Part R32 Old=Part Description New=PART DESCRIPTION
Change Value of Parameter TOLERANCE in Part R32 Old=Tolerance New=TOLERANCE
Change Value of Parameter EE_SPEC in Part R33 Old=EE Spec New=EE_SPEC
Change Value of Parameter MANUFACTURER in Part R33 Old=Manufacturer New=MANUFACTURER
Change Value of Parameter PART DESCRIPTION in Part R33 Old=Part Description New=PART DESCRIPTION
Change Value of Parameter TOLERANCE in Part R33 Old=Tolerance New=TOLERANCE
Change Value of Parameter EE_SPEC in Part R66 Old=EE Spec New=EE_SPEC
Change Value of Parameter MANUFACTURER in Part R66 Old=Manufacturer New=MANUFACTURER
Change Value of Parameter PART DESCRIPTION in Part R66 Old=Part Description New=PART DESCRIPTION
Change Value of Parameter TOLERANCE in Part R66 Old=Tolerance New=TOLERANCE
Change Value of Parameter EE_SPEC in Part R131 Old=EE Spec New=EE_SPEC
Change Value of Parameter MANUFACTURER in Part R131 Old=Manufacturer New=MANUFACTURER
Change Value of Parameter PART DESCRIPTION in Part R131 Old=Part Description New=PART DESCRIPTION
Change Value of Parameter TOLERANCE in Part R131 Old=Tolerance New=TOLERANCE
Change Value of Parameter EE_SPEC in Part R132 Old=EE Spec New=EE_SPEC
Change Value of Parameter MANUFACTURER in Part R132 Old=Manufacturer New=MANUFACTURER
Change Value of Parameter PART DESCRIPTION in Part R132 Old=Part Description New=PART DESCRIPTION
Change Value of Parameter TOLERANCE in Part R132 Old=Tolerance New=TOLERANCE
Change Value of Parameter EE_SPEC in Part TP23 Old=EE Spec New=EE_SPEC
Change Value of Parameter MANUFACTURER in Part TP23 Old=Manufacturer New=MANUFACTURER
Change Value of Parameter PART DESCRIPTION in Part TP23 Old=Part Description New=PART DESCRIPTION
Change Value of Parameter TOLERANCE in Part TP23 Old=Tolerance New=TOLERANCE
Change Value of Parameter VALUE in Part TP23 Old=Value New=VALUE
Change Value of Parameter EE_SPEC in Part TP24 Old=EE Spec New=EE_SPEC
Change Value of Parameter MANUFACTURER in Part TP24 Old=Manufacturer New=MANUFACTURER
Change Value of Parameter PART DESCRIPTION in Part TP24 Old=Part Description New=PART DESCRIPTION
Change Value of Parameter TOLERANCE in Part TP24 Old=Tolerance New=TOLERANCE
Change Value of Parameter VALUE in Part TP24 Old=Value New=VALUE
Change Value of Parameter EE_SPEC in Part TP26 Old=EE Spec New=EE_SPEC
Change Value of Parameter MANUFACTURER in Part TP26 Old=Manufacturer New=MANUFACTURER
Change Value of Parameter PART DESCRIPTION in Part TP26 Old=Part Description New=PART DESCRIPTION
Change Value of Parameter TOLERANCE in Part TP26 Old=Tolerance New=TOLERANCE
Change Value of Parameter VALUE in Part TP26 Old=Value New=VALUE
Change Value of Parameter EE_SPEC in Part TP27 Old=EE Spec New=EE_SPEC
Change Value of Parameter MANUFACTURER in Part TP27 Old=Manufacturer New=MANUFACTURER
Change Value of Parameter PART DESCRIPTION in Part TP27 Old=Part Description New=PART DESCRIPTION
Change Value of Parameter TOLERANCE in Part TP27 Old=Tolerance New=TOLERANCE
Change Value of Parameter VALUE in Part TP27 Old=Value New=VALUE
Change Value of Parameter EE_SPEC in Part TP28 Old=EE Spec New=EE_SPEC
Change Value of Parameter MANUFACTURER in Part TP28 Old=Manufacturer New=MANUFACTURER
Change Value of Parameter PART DESCRIPTION in Part TP28 Old=Part Description New=PART DESCRIPTION
Change Value of Parameter TOLERANCE in Part TP28 Old=Tolerance New=TOLERANCE
Change Value of Parameter VALUE in Part TP28 Old=Value New=VALUE
Change Value of Parameter EE_SPEC in Part TP29 Old=EE Spec New=EE_SPEC
Change Value of Parameter MANUFACTURER in Part TP29 Old=Manufacturer New=MANUFACTURER
Change Value of Parameter PART DESCRIPTION in Part TP29 Old=Part Description New=PART DESCRIPTION
Change Value of Parameter TOLERANCE in Part TP29 Old=Tolerance New=TOLERANCE
Change Value of Parameter VALUE in Part TP29 Old=Value New=VALUE
Change Value of Parameter EE_SPEC in Part TP36 Old=EE Spec New=EE_SPEC
Change Value of Parameter MANUFACTURER in Part TP36 Old=Manufacturer New=MANUFACTURER
Change Value of Parameter PART DESCRIPTION in Part TP36 Old=Part Description New=PART DESCRIPTION
Change Value of Parameter TOLERANCE in Part TP36 Old=Tolerance New=TOLERANCE
Change Value of Parameter VALUE in Part TP36 Old=Value New=VALUE
Change Value of Parameter EE_SPEC in Part TP43 Old=EE Spec New=EE_SPEC
Change Value of Parameter MANUFACTURER in Part TP43 Old=Manufacturer New=MANUFACTURER
Change Value of Parameter PART DESCRIPTION in Part TP43 Old=Part Description New=PART DESCRIPTION
Change Value of Parameter TOLERANCE in Part TP43 Old=Tolerance New=TOLERANCE
Change Value of Parameter VALUE in Part TP43 Old=Value New=VALUE
Change Value of Parameter EE_SPEC in Part TP44 Old=EE Spec New=EE_SPEC
Change Value of Parameter MANUFACTURER in Part TP44 Old=Manufacturer New=MANUFACTURER
Change Value of Parameter PART DESCRIPTION in Part TP44 Old=Part Description New=PART DESCRIPTION
Change Value of Parameter TOLERANCE in Part TP44 Old=Tolerance New=TOLERANCE
Change Value of Parameter VALUE in Part TP44 Old=Value New=VALUE
Change Value of Parameter EE_SPEC in Part TP45 Old=EE Spec New=EE_SPEC
Change Value of Parameter MANUFACTURER in Part TP45 Old=Manufacturer New=MANUFACTURER
Change Value of Parameter PART DESCRIPTION in Part TP45 Old=Part Description New=PART DESCRIPTION
Change Value of Parameter TOLERANCE in Part TP45 Old=Tolerance New=TOLERANCE
Change Value of Parameter VALUE in Part TP45 Old=Value New=VALUE
Change Value of Parameter EE_SPEC in Part TP46 Old=EE Spec New=EE_SPEC
Change Value of Parameter MANUFACTURER in Part TP46 Old=Manufacturer New=MANUFACTURER
Change Value of Parameter PART DESCRIPTION in Part TP46 Old=Part Description New=PART DESCRIPTION
Change Value of Parameter TOLERANCE in Part TP46 Old=Tolerance New=TOLERANCE
Change Value of Parameter VALUE in Part TP46 Old=Value New=VALUE
Change Value of Parameter EE_SPEC in Part TP47 Old=EE Spec New=EE_SPEC
Change Value of Parameter MANUFACTURER in Part TP47 Old=Manufacturer New=MANUFACTURER
Change Value of Parameter PART DESCRIPTION in Part TP47 Old=Part Description New=PART DESCRIPTION
Change Value of Parameter TOLERANCE in Part TP47 Old=Tolerance New=TOLERANCE
Change Value of Parameter VALUE in Part TP47 Old=Value New=VALUE
Change Value of Parameter EE_SPEC in Part TP48 Old=EE Spec New=EE_SPEC
Change Value of Parameter MANUFACTURER in Part TP48 Old=Manufacturer New=MANUFACTURER
Change Value of Parameter PART DESCRIPTION in Part TP48 Old=Part Description New=PART DESCRIPTION
Change Value of Parameter TOLERANCE in Part TP48 Old=Tolerance New=TOLERANCE
Change Value of Parameter VALUE in Part TP48 Old=Value New=VALUE
Change Value of Parameter EE_SPEC in Part TP51 Old=EE Spec New=EE_SPEC
Change Value of Parameter MANUFACTURER in Part TP51 Old=Manufacturer New=MANUFACTURER
Change Value of Parameter PART DESCRIPTION in Part TP51 Old=Part Description New=PART DESCRIPTION
Change Value of Parameter TOLERANCE in Part TP51 Old=Tolerance New=TOLERANCE
Change Value of Parameter VALUE in Part TP51 Old=Value New=VALUE
Change Value of Parameter EE_SPEC in Part TP57 Old=EE Spec New=EE_SPEC
Change Value of Parameter MANUFACTURER in Part TP57 Old=Manufacturer New=MANUFACTURER
Change Value of Parameter PART DESCRIPTION in Part TP57 Old=Part Description New=PART DESCRIPTION
Change Value of Parameter TOLERANCE in Part TP57 Old=Tolerance New=TOLERANCE
Change Value of Parameter VALUE in Part TP57 Old=Value New=VALUE
Change Value of Parameter EE_SPEC in Part TP68 Old=EE Spec New=EE_SPEC
Change Value of Parameter MANUFACTURER in Part TP68 Old=Manufacturer New=MANUFACTURER
Change Value of Parameter PART DESCRIPTION in Part TP68 Old=Part Description New=PART DESCRIPTION
Change Value of Parameter TOLERANCE in Part TP68 Old=Tolerance New=TOLERANCE
Change Value of Parameter VALUE in Part TP68 Old=Value New=VALUE
Change Value of Parameter EE_SPEC in Part TP79 Old=EE Spec New=EE_SPEC
Change Value of Parameter MANUFACTURER in Part TP79 Old=Manufacturer New=MANUFACTURER
Change Value of Parameter PART DESCRIPTION in Part TP79 Old=Part Description New=PART DESCRIPTION
Change Value of Parameter TOLERANCE in Part TP79 Old=Tolerance New=TOLERANCE
Change Value of Parameter VALUE in Part TP79 Old=Value New=VALUE
Change Value of Parameter EE_SPEC in Part TP128 Old=EE Spec New=EE_SPEC
Change Value of Parameter MANUFACTURER in Part TP128 Old=Manufacturer New=MANUFACTURER
Change Value of Parameter PART DESCRIPTION in Part TP128 Old=Part Description New=PART DESCRIPTION
Change Value of Parameter TOLERANCE in Part TP128 Old=Tolerance New=TOLERANCE
Change Value of Parameter VALUE in Part TP128 Old=Value New=VALUE
Change Value of Parameter EE_SPEC in Part TP129 Old=EE Spec New=EE_SPEC
Change Value of Parameter MANUFACTURER in Part TP129 Old=Manufacturer New=MANUFACTURER
Change Value of Parameter PART DESCRIPTION in Part TP129 Old=Part Description New=PART DESCRIPTION
Change Value of Parameter TOLERANCE in Part TP129 Old=Tolerance New=TOLERANCE
Change Value of Parameter VALUE in Part TP129 Old=Value New=VALUE
Change Value of Parameter EE_SPEC in Part U1 Old=EE Spec New=EE_SPEC
Change Value of Parameter MANUFACTURER in Part U1 Old=Manufacturer New=MANUFACTURER
Change Value of Parameter PART DESCRIPTION in Part U1 Old=Part Description New=PART DESCRIPTION
Change Value of Parameter TOLERANCE in Part U1 Old=Tolerance New=TOLERANCE
Change Value of Parameter VALUE in Part U1 Old=Value New=VALUE
Change Value of Parameter EE_SPEC in Part U8 Old=EE Spec New=EE_SPEC
Change Value of Parameter MANUFACTURER in Part U8 Old=Manufacturer New=MANUFACTURER
Change Value of Parameter PART DESCRIPTION in Part U8 Old=Part Description New=PART DESCRIPTION
Change Value of Parameter TOLERANCE in Part U8 Old=Tolerance New=TOLERANCE
Change Value of Parameter VALUE in Part U8 Old=Value New=VALUE
Change Value of Parameter EE_SPEC in Part U11 Old=EE Spec New=EE_SPEC
Change Value of Parameter MANUFACTURER in Part U11 Old=Manufacturer New=MANUFACTURER
Change Value of Parameter PART DESCRIPTION in Part U11 Old=Part Description New=PART DESCRIPTION
Change Value of Parameter TOLERANCE in Part U11 Old=Tolerance New=TOLERANCE
Change Value of Parameter VALUE in Part U11 Old=Value New=VALUE
