Change Value of Parameter DISTRIBUTOR # in Part J3 Old= New=WM7849-ND
Change Value of Parameter DISTRIBUTOR in Part J3 Old= New=Digikey
Change Value of Parameter MANUFACTURER # in Part J3 Old= New=39532-1006
Change Value of Parameter Manufacturer in Part J3 Old= New=Molex
Change Value of Parameter PART in Part J3 Old= New=6 Pin Conn RA
Change Value of Parameter Part Description in Part J3 Old= New=6 Position Terminal Block Header, Male Pins, Shrouded (4 Side) 0.200" (5.08mm) 90°, Right Angle Through Hole
Change Value of Parameter Tolerance in Part J3 Old= New=-NA-
Change Value of Parameter Value in Part J3 Old= New=HDR6
Change Value of Parameter Voltage in Part J3 Old= New=-NA-
Change Value of Parameter DISTRIBUTOR # in Part J3 Old= New=WM7849-ND
Change Value of Parameter DISTRIBUTOR in Part J3 Old= New=Digikey
Change Value of Parameter MANUFACTURER # in Part J3 Old= New=39532-1006
Change Value of Parameter Manufacturer in Part J3 Old= New=Molex
Change Value of Parameter PART in Part J3 Old= New=6 Pin Conn RA
Change Value of Parameter Part Description in Part J3 Old= New=6 Position Terminal Block Header, Male Pins, Shrouded (4 Side) 0.200" (5.08mm) 90°, Right Angle Through Hole
Change Value of Parameter Tolerance in Part J3 Old= New=-NA-
Change Value of Parameter Value in Part J3 Old= New=HDR6
Change Value of Parameter Voltage in Part J3 Old= New=-NA-
Change Value of Parameter DISTRIBUTOR # in Part J3 Old= New=WM7849-ND
Change Value of Parameter DISTRIBUTOR in Part J3 Old= New=Digikey
Change Value of Parameter MANUFACTURER # in Part J3 Old= New=39532-1006
Change Value of Parameter Manufacturer in Part J3 Old= New=Molex
Change Value of Parameter PART in Part J3 Old= New=6 Pin Conn RA
Change Value of Parameter Part Description in Part J3 Old= New=6 Position Terminal Block Header, Male Pins, Shrouded (4 Side) 0.200" (5.08mm) 90°, Right Angle Through Hole
Change Value of Parameter Tolerance in Part J3 Old= New=-NA-
Change Value of Parameter Value in Part J3 Old= New=HDR6
Change Value of Parameter Voltage in Part J3 Old= New=-NA-
Change Value of Parameter DISTRIBUTOR # in Part J3 Old= New=WM7849-ND
Change Value of Parameter DISTRIBUTOR in Part J3 Old= New=Digikey
Change Value of Parameter MANUFACTURER # in Part J3 Old= New=39532-1006
Change Value of Parameter Manufacturer in Part J3 Old= New=Molex
Change Value of Parameter PART in Part J3 Old= New=6 Pin Conn RA
Change Value of Parameter Part Description in Part J3 Old= New=6 Position Terminal Block Header, Male Pins, Shrouded (4 Side) 0.200" (5.08mm) 90°, Right Angle Through Hole
Change Value of Parameter Tolerance in Part J3 Old= New=-NA-
Change Value of Parameter Value in Part J3 Old= New=HDR6
Change Value of Parameter Voltage in Part J3 Old= New=-NA-
Change Value of Parameter DISTRIBUTOR # in Part J3 Old= New=WM7849-ND
Change Value of Parameter DISTRIBUTOR in Part J3 Old= New=Digikey
Change Value of Parameter MANUFACTURER # in Part J3 Old= New=39532-1006
Change Value of Parameter Manufacturer in Part J3 Old= New=Molex
Change Value of Parameter PART in Part J3 Old= New=6 Pin Conn RA
Change Value of Parameter Part Description in Part J3 Old= New=6 Position Terminal Block Header, Male Pins, Shrouded (4 Side) 0.200" (5.08mm) 90°, Right Angle Through Hole
Change Value of Parameter Tolerance in Part J3 Old= New=-NA-
Change Value of Parameter Value in Part J3 Old= New=HDR6
Change Value of Parameter Voltage in Part J3 Old= New=-NA-
Change Value of Parameter DISTRIBUTOR # in Part J3 Old= New=WM7849-ND
Change Value of Parameter DISTRIBUTOR in Part J3 Old= New=Digikey
Change Value of Parameter MANUFACTURER # in Part J3 Old= New=39532-1006
Change Value of Parameter Manufacturer in Part J3 Old= New=Molex
Change Value of Parameter PART in Part J3 Old= New=6 Pin Conn RA
Change Value of Parameter Part Description in Part J3 Old= New=6 Position Terminal Block Header, Male Pins, Shrouded (4 Side) 0.200" (5.08mm) 90°, Right Angle Through Hole
Change Value of Parameter Tolerance in Part J3 Old= New=-NA-
Change Value of Parameter Value in Part J3 Old= New=HDR6
Change Value of Parameter Voltage in Part J3 Old= New=-NA-
Change Value of Parameter DISTRIBUTOR # in Part J21 Old=WM4802-ND New=WM4826-ND
Change Value of Parameter MANUFACTURER # in Part J21 Old=0705430003 New=0705430038
Change Value of Parameter Part Description in Part J21 Old=4 Positions Header, Shrouded Connector 0.100" (2.54mm) Through Hole Gold New=4 Positions Header, Shrouded Connector 0.100" (2.54mm) Through Hole Tin
Change Value of Parameter Value in Part J21 Old=-NA- New=HDR4
Change Value of Parameter DISTRIBUTOR # in Part J21 Old=WM4802-ND New=WM4826-ND
Change Value of Parameter MANUFACTURER # in Part J21 Old=0705430003 New=0705430038
Change Value of Parameter Part Description in Part J21 Old=4 Positions Header, Shrouded Connector 0.100" (2.54mm) Through Hole Gold New=4 Positions Header, Shrouded Connector 0.100" (2.54mm) Through Hole Tin
Change Value of Parameter Value in Part J21 Old=-NA- New=HDR4
Change Value of Parameter DISTRIBUTOR # in Part J21 Old=WM4802-ND New=WM4826-ND
Change Value of Parameter MANUFACTURER # in Part J21 Old=0705430003 New=0705430038
Change Value of Parameter Part Description in Part J21 Old=4 Positions Header, Shrouded Connector 0.100" (2.54mm) Through Hole Gold New=4 Positions Header, Shrouded Connector 0.100" (2.54mm) Through Hole Tin
Change Value of Parameter Value in Part J21 Old=-NA- New=HDR4
Change Value of Parameter DISTRIBUTOR # in Part J21 Old=WM4802-ND New=WM4826-ND
Change Value of Parameter MANUFACTURER # in Part J21 Old=0705430003 New=0705430038
Change Value of Parameter Part Description in Part J21 Old=4 Positions Header, Shrouded Connector 0.100" (2.54mm) Through Hole Gold New=4 Positions Header, Shrouded Connector 0.100" (2.54mm) Through Hole Tin
Change Value of Parameter Value in Part J21 Old=-NA- New=HDR4
