Change Value of Parameter DISTRIBUTOR # in Part C5 Old= New=490-3261-2-ND
Change Value of Parameter DISTRIBUTOR in Part C5 Old= New=Digikey
Change Value of Parameter Manufacturer in Part C5 Old= New=Murata
Change Value of Parameter PART in Part C5 Old= New=0.1uF 16V X7R 0402
Change Value of Parameter Part Description in Part C5 Old= New=0.10µF ±10% 16V Ceramic Capacitor X7R 0402 (1005 Metric)
Change Value of Parameter Tolerance in Part C5 Old= New=10%
Change Value of Parameter Voltage in Part C5 Old= New=16V
Change Value of Parameter DISTRIBUTOR # in Part C26 Old= New=490-3261-2-ND
Change Value of Parameter DISTRIBUTOR in Part C26 Old= New=Digikey
Change Value of Parameter Manufacturer in Part C26 Old= New=Murata
Change Value of Parameter PART in Part C26 Old= New=0.1uF 16V X7R 0402
Change Value of Parameter Part Description in Part C26 Old= New=0.10µF ±10% 16V Ceramic Capacitor X7R 0402 (1005 Metric)
Change Value of Parameter Tolerance in Part C26 Old= New=10%
Change Value of Parameter Voltage in Part C26 Old= New=16V
Change Value of Parameter DISTRIBUTOR # in Part C30 Old= New=490-3261-2-ND
Change Value of Parameter DISTRIBUTOR in Part C30 Old= New=Digikey
Change Value of Parameter Manufacturer in Part C30 Old= New=Murata
Change Value of Parameter PART in Part C30 Old= New=0.1uF 16V X7R 0402
Change Value of Parameter Part Description in Part C30 Old= New=0.10µF ±10% 16V Ceramic Capacitor X7R 0402 (1005 Metric)
Change Value of Parameter Tolerance in Part C30 Old= New=10%
Change Value of Parameter Voltage in Part C30 Old= New=16V
Change Value of Parameter DISTRIBUTOR # in Part C44 Old= New=490-3261-2-ND
Change Value of Parameter DISTRIBUTOR in Part C44 Old= New=Digikey
Change Value of Parameter Manufacturer in Part C44 Old= New=Murata
Change Value of Parameter PART in Part C44 Old= New=0.1uF 16V X7R 0402
Change Value of Parameter Part Description in Part C44 Old= New=0.10µF ±10% 16V Ceramic Capacitor X7R 0402 (1005 Metric)
Change Value of Parameter Tolerance in Part C44 Old= New=10%
Change Value of Parameter Voltage in Part C44 Old= New=16V
Change Value of Parameter DISTRIBUTOR # in Part C45 Old= New=490-3261-2-ND
Change Value of Parameter DISTRIBUTOR in Part C45 Old= New=Digikey
Change Value of Parameter Manufacturer in Part C45 Old= New=Murata
Change Value of Parameter PART in Part C45 Old= New=0.1uF 16V X7R 0402
Change Value of Parameter Part Description in Part C45 Old= New=0.10µF ±10% 16V Ceramic Capacitor X7R 0402 (1005 Metric)
Change Value of Parameter Tolerance in Part C45 Old= New=10%
Change Value of Parameter Voltage in Part C45 Old= New=16V
Change Value of Parameter DISTRIBUTOR # in Part C46 Old= New=490-3261-2-ND
Change Value of Parameter DISTRIBUTOR in Part C46 Old= New=Digikey
Change Value of Parameter Manufacturer in Part C46 Old= New=Murata
Change Value of Parameter PART in Part C46 Old= New=0.1uF 16V X7R 0402
Change Value of Parameter Part Description in Part C46 Old= New=0.10µF ±10% 16V Ceramic Capacitor X7R 0402 (1005 Metric)
Change Value of Parameter Tolerance in Part C46 Old= New=10%
Change Value of Parameter Voltage in Part C46 Old= New=16V
Change Value of Parameter DISTRIBUTOR # in Part C51 Old= New=490-3261-2-ND
Change Value of Parameter DISTRIBUTOR in Part C51 Old= New=Digikey
Change Value of Parameter Manufacturer in Part C51 Old= New=Murata
Change Value of Parameter PART in Part C51 Old= New=0.1uF 16V X7R 0402
Change Value of Parameter Part Description in Part C51 Old= New=0.10µF ±10% 16V Ceramic Capacitor X7R 0402 (1005 Metric)
Change Value of Parameter Tolerance in Part C51 Old= New=10%
Change Value of Parameter Voltage in Part C51 Old= New=16V
Change Value of Parameter DISTRIBUTOR # in Part C52 Old= New=490-3261-2-ND
Change Value of Parameter DISTRIBUTOR in Part C52 Old= New=Digikey
Change Value of Parameter Manufacturer in Part C52 Old= New=Murata
Change Value of Parameter PART in Part C52 Old= New=0.1uF 16V X7R 0402
Change Value of Parameter Part Description in Part C52 Old= New=0.10µF ±10% 16V Ceramic Capacitor X7R 0402 (1005 Metric)
Change Value of Parameter Tolerance in Part C52 Old= New=10%
Change Value of Parameter Voltage in Part C52 Old= New=16V
Change Value of Parameter DISTRIBUTOR # in Part C54 Old= New=490-3261-2-ND
Change Value of Parameter DISTRIBUTOR in Part C54 Old= New=Digikey
Change Value of Parameter Manufacturer in Part C54 Old= New=Murata
Change Value of Parameter PART in Part C54 Old= New=0.1uF 16V X7R 0402
Change Value of Parameter Part Description in Part C54 Old= New=0.10µF ±10% 16V Ceramic Capacitor X7R 0402 (1005 Metric)
Change Value of Parameter Tolerance in Part C54 Old= New=10%
Change Value of Parameter Voltage in Part C54 Old= New=16V
Change Value of Parameter DISTRIBUTOR # in Part C56 Old= New=490-3261-2-ND
Change Value of Parameter DISTRIBUTOR in Part C56 Old= New=Digikey
Change Value of Parameter Manufacturer in Part C56 Old= New=Murata
Change Value of Parameter PART in Part C56 Old= New=0.1uF 16V X7R 0402
Change Value of Parameter Part Description in Part C56 Old= New=0.10µF ±10% 16V Ceramic Capacitor X7R 0402 (1005 Metric)
Change Value of Parameter Tolerance in Part C56 Old= New=10%
Change Value of Parameter Voltage in Part C56 Old= New=16V
Change Value of Parameter DISTRIBUTOR # in Part C63 Old= New=490-3261-2-ND
Change Value of Parameter DISTRIBUTOR in Part C63 Old= New=Digikey
Change Value of Parameter Manufacturer in Part C63 Old= New=Murata
Change Value of Parameter PART in Part C63 Old= New=0.1uF 16V X7R 0402
Change Value of Parameter Part Description in Part C63 Old= New=0.10µF ±10% 16V Ceramic Capacitor X7R 0402 (1005 Metric)
Change Value of Parameter Tolerance in Part C63 Old= New=10%
Change Value of Parameter Voltage in Part C63 Old= New=16V
Change Value of Parameter DISTRIBUTOR # in Part C65 Old= New=490-3261-2-ND
Change Value of Parameter DISTRIBUTOR in Part C65 Old= New=Digikey
Change Value of Parameter Manufacturer in Part C65 Old= New=Murata
Change Value of Parameter PART in Part C65 Old= New=0.1uF 16V X7R 0402
Change Value of Parameter Part Description in Part C65 Old= New=0.10µF ±10% 16V Ceramic Capacitor X7R 0402 (1005 Metric)
Change Value of Parameter Tolerance in Part C65 Old= New=10%
Change Value of Parameter Voltage in Part C65 Old= New=16V
Change Value of Parameter DISTRIBUTOR # in Part C68 Old= New=490-3261-2-ND
Change Value of Parameter DISTRIBUTOR in Part C68 Old= New=Digikey
Change Value of Parameter Manufacturer in Part C68 Old= New=Murata
Change Value of Parameter PART in Part C68 Old= New=0.1uF 16V X7R 0402
Change Value of Parameter Part Description in Part C68 Old= New=0.10µF ±10% 16V Ceramic Capacitor X7R 0402 (1005 Metric)
Change Value of Parameter Tolerance in Part C68 Old= New=10%
Change Value of Parameter Voltage in Part C68 Old= New=16V
Change Value of Parameter DISTRIBUTOR # in Part C69 Old= New=490-3261-2-ND
Change Value of Parameter DISTRIBUTOR in Part C69 Old= New=Digikey
Change Value of Parameter Manufacturer in Part C69 Old= New=Murata
Change Value of Parameter PART in Part C69 Old= New=0.1uF 16V X7R 0402
Change Value of Parameter Part Description in Part C69 Old= New=0.10µF ±10% 16V Ceramic Capacitor X7R 0402 (1005 Metric)
Change Value of Parameter Tolerance in Part C69 Old= New=10%
Change Value of Parameter Voltage in Part C69 Old= New=16V
Change Value of Parameter DISTRIBUTOR # in Part C73 Old= New=490-3261-2-ND
Change Value of Parameter DISTRIBUTOR in Part C73 Old= New=Digikey
Change Value of Parameter Manufacturer in Part C73 Old= New=Murata
Change Value of Parameter PART in Part C73 Old= New=0.1uF 16V X7R 0402
Change Value of Parameter Part Description in Part C73 Old= New=0.10µF ±10% 16V Ceramic Capacitor X7R 0402 (1005 Metric)
Change Value of Parameter Tolerance in Part C73 Old= New=10%
Change Value of Parameter Voltage in Part C73 Old= New=16V
Change Value of Parameter DISTRIBUTOR # in Part C80 Old= New=490-3261-2-ND
Change Value of Parameter DISTRIBUTOR in Part C80 Old= New=Digikey
Change Value of Parameter Manufacturer in Part C80 Old= New=Murata
Change Value of Parameter PART in Part C80 Old= New=0.1uF 16V X7R 0402
Change Value of Parameter Part Description in Part C80 Old= New=0.10µF ±10% 16V Ceramic Capacitor X7R 0402 (1005 Metric)
Change Value of Parameter Tolerance in Part C80 Old= New=10%
Change Value of Parameter Voltage in Part C80 Old= New=16V
Change Value of Parameter DISTRIBUTOR # in Part C81 Old= New=490-3261-2-ND
Change Value of Parameter DISTRIBUTOR in Part C81 Old= New=Digikey
Change Value of Parameter Manufacturer in Part C81 Old= New=Murata
Change Value of Parameter PART in Part C81 Old= New=0.1uF 16V X7R 0402
Change Value of Parameter Part Description in Part C81 Old= New=0.10µF ±10% 16V Ceramic Capacitor X7R 0402 (1005 Metric)
Change Value of Parameter Tolerance in Part C81 Old= New=10%
Change Value of Parameter Voltage in Part C81 Old= New=16V
Change Value of Parameter DISTRIBUTOR # in Part C168 Old= New=490-3261-2-ND
Change Value of Parameter DISTRIBUTOR in Part C168 Old= New=Digikey
Change Value of Parameter Manufacturer in Part C168 Old= New=Murata
Change Value of Parameter PART in Part C168 Old= New=0.1uF 16V X7R 0402
Change Value of Parameter Part Description in Part C168 Old= New=0.10µF ±10% 16V Ceramic Capacitor X7R 0402 (1005 Metric)
Change Value of Parameter Tolerance in Part C168 Old= New=10%
Change Value of Parameter Voltage in Part C168 Old= New=16V
Change Value of Parameter DISTRIBUTOR # in Part C170 Old= New=490-3261-2-ND
Change Value of Parameter DISTRIBUTOR in Part C170 Old= New=Digikey
Change Value of Parameter Manufacturer in Part C170 Old= New=Murata
Change Value of Parameter PART in Part C170 Old= New=0.1uF 16V X7R 0402
Change Value of Parameter Part Description in Part C170 Old= New=0.10µF ±10% 16V Ceramic Capacitor X7R 0402 (1005 Metric)
Change Value of Parameter Tolerance in Part C170 Old= New=10%
Change Value of Parameter Voltage in Part C170 Old= New=16V
