Change Value of Parameter DISTRIBUTOR # in Part C13 Old= New=490-1303-2-ND
Change Value of Parameter DISTRIBUTOR in Part C13 Old= New=Digikey
Change Value of Parameter Manufacturer in Part C13 Old= New=Murata
Change Value of Parameter PART in Part C13 Old= New=1nF 50V X7R 0402
Change Value of Parameter Part Description in Part C13 Old= New=1000pF ±10% 50V Ceramic Capacitor X7R 0402 (1005 Metric)
Change Value of Parameter Tolerance in Part C13 Old= New=10%
Change Value of Parameter Voltage in Part C13 Old= New=50V
Change Value of Parameter DISTRIBUTOR # in Part C35 Old= New=490-1303-2-ND
Change Value of Parameter DISTRIBUTOR in Part C35 Old= New=Digikey
Change Value of Parameter Manufacturer in Part C35 Old= New=Murata
Change Value of Parameter PART in Part C35 Old= New=1nF 50V X7R 0402
Change Value of Parameter Part Description in Part C35 Old= New=1000pF ±10% 50V Ceramic Capacitor X7R 0402 (1005 Metric)
Change Value of Parameter Tolerance in Part C35 Old= New=10%
Change Value of Parameter Voltage in Part C35 Old= New=50V
Change Value of Parameter DISTRIBUTOR # in Part C94 Old= New=490-1303-2-ND
Change Value of Parameter DISTRIBUTOR in Part C94 Old= New=Digikey
Change Value of Parameter Manufacturer in Part C94 Old= New=Murata
Change Value of Parameter PART in Part C94 Old= New=1nF 50V X7R 0402
Change Value of Parameter Part Description in Part C94 Old= New=1000pF ±10% 50V Ceramic Capacitor X7R 0402 (1005 Metric)
Change Value of Parameter Tolerance in Part C94 Old= New=10%
Change Value of Parameter Voltage in Part C94 Old= New=50V
