Change Value of Parameter DISTRIBUTOR # in Part J21 Old= New=WM4802-ND
Change Value of Parameter DISTRIBUTOR in Part J21 Old= New=Digikey
Change Value of Parameter MANUFACTURER # in Part J21 Old= New=0705430003
Change Value of Parameter Manufacturer in Part J21 Old= New=Molex
Change Value of Parameter PART in Part J21 Old= New=4 Pin Conn
Change Value of Parameter Part Description in Part J21 Old= New=4 Positions Header, Shrouded Connector 0.100" (2.54mm) Through Hole Gold
Change Value of Parameter Tolerance in Part J21 Old= New=-NA-
Change Value of Parameter Value in Part J21 Old= New=-NA-
Change Value of Parameter Voltage in Part J21 Old= New=-NA-
Change Value of Parameter DISTRIBUTOR # in Part J21 Old= New=WM4802-ND
Change Value of Parameter DISTRIBUTOR in Part J21 Old= New=Digikey
Change Value of Parameter MANUFACTURER # in Part J21 Old= New=0705430003
Change Value of Parameter Manufacturer in Part J21 Old= New=Molex
Change Value of Parameter PART in Part J21 Old= New=4 Pin Conn
Change Value of Parameter Part Description in Part J21 Old= New=4 Positions Header, Shrouded Connector 0.100" (2.54mm) Through Hole Gold
Change Value of Parameter Tolerance in Part J21 Old= New=-NA-
Change Value of Parameter Value in Part J21 Old= New=-NA-
Change Value of Parameter Voltage in Part J21 Old= New=-NA-
Change Value of Parameter DISTRIBUTOR # in Part J21 Old= New=WM4802-ND
Change Value of Parameter DISTRIBUTOR in Part J21 Old= New=Digikey
Change Value of Parameter MANUFACTURER # in Part J21 Old= New=0705430003
Change Value of Parameter Manufacturer in Part J21 Old= New=Molex
Change Value of Parameter PART in Part J21 Old= New=4 Pin Conn
Change Value of Parameter Part Description in Part J21 Old= New=4 Positions Header, Shrouded Connector 0.100" (2.54mm) Through Hole Gold
Change Value of Parameter Tolerance in Part J21 Old= New=-NA-
Change Value of Parameter Value in Part J21 Old= New=-NA-
Change Value of Parameter Voltage in Part J21 Old= New=-NA-
Change Value of Parameter DISTRIBUTOR # in Part J21 Old= New=WM4802-ND
Change Value of Parameter DISTRIBUTOR in Part J21 Old= New=Digikey
Change Value of Parameter MANUFACTURER # in Part J21 Old= New=0705430003
Change Value of Parameter Manufacturer in Part J21 Old= New=Molex
Change Value of Parameter PART in Part J21 Old= New=4 Pin Conn
Change Value of Parameter Part Description in Part J21 Old= New=4 Positions Header, Shrouded Connector 0.100" (2.54mm) Through Hole Gold
Change Value of Parameter Tolerance in Part J21 Old= New=-NA-
Change Value of Parameter Value in Part J21 Old= New=-NA-
Change Value of Parameter Voltage in Part J21 Old= New=-NA-
