Change Value of Parameter DISTRIBUTOR # in Part R2 Old= New=YAG1249TR-ND
Change Value of Parameter DISTRIBUTOR in Part R2 Old= New=Digikey
Change Value of Parameter Manufacturer in Part R2 Old= New=Yageo
Change Value of Parameter PART in Part R2 Old= New=10k 1% 0402
Change Value of Parameter Part Description in Part R2 Old= New=10k Ohm ±1% 0.063W, 1/16W Chip Resistor 0402 (1005 Metric) Moisture Resistant Thick Film
Change Value of Parameter Tolerance in Part R2 Old= New=1%
Change Value of Parameter Voltage in Part R2 Old= New=1/16W
Change Value of Parameter DISTRIBUTOR # in Part R10 Old= New=YAG1249TR-ND
Change Value of Parameter DISTRIBUTOR in Part R10 Old= New=Digikey
Change Value of Parameter Manufacturer in Part R10 Old= New=Yageo
Change Value of Parameter PART in Part R10 Old= New=10k 1% 0402
Change Value of Parameter Part Description in Part R10 Old= New=10k Ohm ±1% 0.063W, 1/16W Chip Resistor 0402 (1005 Metric) Moisture Resistant Thick Film
Change Value of Parameter Tolerance in Part R10 Old= New=1%
Change Value of Parameter Voltage in Part R10 Old= New=1/16W
Change Value of Parameter DISTRIBUTOR # in Part R11 Old= New=YAG1249TR-ND
Change Value of Parameter DISTRIBUTOR in Part R11 Old= New=Digikey
Change Value of Parameter Manufacturer in Part R11 Old= New=Yageo
Change Value of Parameter PART in Part R11 Old= New=10k 1% 0402
Change Value of Parameter Part Description in Part R11 Old= New=10k Ohm ±1% 0.063W, 1/16W Chip Resistor 0402 (1005 Metric) Moisture Resistant Thick Film
Change Value of Parameter Tolerance in Part R11 Old= New=1%
Change Value of Parameter Voltage in Part R11 Old= New=1/16W
