Change Value of Parameter DISTRIBUTOR # in Part F1 Old= New=36-3557-2-ND
Change Value of Parameter DISTRIBUTOR in Part F1 Old= New=Digikey
Change Value of Parameter Manufacturer in Part F1 Old= New=Keystone
Change Value of Parameter PART in Part F1 Old= New=Fuse Holder
Change Value of Parameter Part Description in Part F1 Old= New=Fuse Block 30A 500V 1 Circuit Blade PCB
Change Value of Parameter Tolerance in Part F1 Old= New=-NA-
Change Value of Parameter Value in Part F1 Old= New=-NA-
Change Value of Parameter Voltage in Part F1 Old= New=500V
Change Value of Parameter DISTRIBUTOR # in Part F2 Old= New=36-3557-2-ND
Change Value of Parameter DISTRIBUTOR in Part F2 Old= New=Digikey
Change Value of Parameter Manufacturer in Part F2 Old= New=Keystone
Change Value of Parameter PART in Part F2 Old= New=Fuse Holder
Change Value of Parameter Part Description in Part F2 Old= New=Fuse Block 30A 500V 1 Circuit Blade PCB
Change Value of Parameter Tolerance in Part F2 Old= New=-NA-
Change Value of Parameter Value in Part F2 Old= New=-NA-
Change Value of Parameter Voltage in Part F2 Old= New=500V
Change Value of Parameter DISTRIBUTOR # in Part F3 Old= New=36-3557-2-ND
Change Value of Parameter DISTRIBUTOR in Part F3 Old= New=Digikey
Change Value of Parameter Manufacturer in Part F3 Old= New=Keystone
Change Value of Parameter PART in Part F3 Old= New=Fuse Holder
Change Value of Parameter Part Description in Part F3 Old= New=Fuse Block 30A 500V 1 Circuit Blade PCB
Change Value of Parameter Tolerance in Part F3 Old= New=-NA-
Change Value of Parameter Value in Part F3 Old= New=-NA-
Change Value of Parameter Voltage in Part F3 Old= New=500V
