Change Value of Parameter DISTRIBUTOR # in Part C2 Old= New=493-2203-2-ND
Change Value of Parameter DISTRIBUTOR in Part C2 Old= New=Digikey
Change Value of Parameter Manufacturer in Part C2 Old= New=Nichicon
Change Value of Parameter PART in Part C2 Old= New=100uF 35V SMD Al-El 
Change Value of Parameter Part Description in Part C2 Old= New=100µF 35V Aluminum Capacitors Radial, Can - SMD 1000 Hrs @ 105°C
Change Value of Parameter Tolerance in Part C2 Old= New=20%
Change Value of Parameter Voltage in Part C2 Old= New=35V
Change Value of Parameter DISTRIBUTOR # in Part C25 Old= New=493-2203-2-ND
Change Value of Parameter DISTRIBUTOR in Part C25 Old= New=Digikey
Change Value of Parameter Manufacturer in Part C25 Old= New=Nichicon
Change Value of Parameter PART in Part C25 Old= New=100uF 35V SMD Al-El 
Change Value of Parameter Part Description in Part C25 Old= New=100µF 35V Aluminum Capacitors Radial, Can - SMD 1000 Hrs @ 105°C
Change Value of Parameter Tolerance in Part C25 Old= New=20%
Change Value of Parameter Voltage in Part C25 Old= New=35V
Change Value of Parameter DISTRIBUTOR # in Part D2 Old= New=SK310A-TPTR-ND
Change Value of Parameter DISTRIBUTOR in Part D2 Old= New=Digikey
Change Value of Parameter Manufacturer in Part D2 Old= New=MCC
Change Value of Parameter PART in Part D2 Old= New=Schottky Diode 100V 3A
Change Value of Parameter Part Description in Part D2 Old= New=Diode Schottky 100V 3A Surface Mount DO-214AC (HSMA)
Change Value of Parameter Tolerance in Part D2 Old= New=-NA-
Change Value of Parameter Value in Part D2 Old= New=-NA-
Change Value of Parameter Voltage in Part D2 Old= New=100V 3A
Change Value of Parameter DISTRIBUTOR # in Part R5 Old= New=311-0.06TTR-ND
Change Value of Parameter DISTRIBUTOR in Part R5 Old= New=Digikey
Change Value of Parameter Manufacturer in Part R5 Old= New=Yageo
Change Value of Parameter PART in Part R5 Old= New=0.6R 1% 2512
Change Value of Parameter Part Description in Part R5 Old= New=0.06 Ohm ±1% 1W Chip Resistor 2512 (6432 Metric) Automotive AEC-Q200, Current Sense, Moisture Resistant Thick Film
Change Value of Parameter Tolerance in Part R5 Old= New=1%
Change Value of Parameter VALUE in Part R5 Old=0.6r New=0.6R
Change Value of Parameter Voltage in Part R5 Old= New=1W
