Change Value of Parameter DISTRIBUTOR # in Part C3 Old= New=399-4925-2-ND
Change Value of Parameter DISTRIBUTOR in Part C3 Old= New=Digikey
Change Value of Parameter Manufacturer in Part C3 Old= New=Kemet
Change Value of Parameter PART in Part C3 Old= New=10uF 10V X5R 0805
Change Value of Parameter Part Description in Part C3 Old= New=10µF ±10% 10V Ceramic Capacitor X5R 0805 (2012 Metric)
Change Value of Parameter Tolerance in Part C3 Old= New=10%
Change Value of Parameter Voltage in Part C3 Old= New=10V
Change Value of Parameter DISTRIBUTOR # in Part C4 Old= New=399-5507-2-ND
Change Value of Parameter DISTRIBUTOR in Part C4 Old= New=Digikey
Change Value of Parameter Manufacturer in Part C4 Old= New=Kemet
Change Value of Parameter PART in Part C4 Old= New=4.7uF 50V X5R 1206
Change Value of Parameter Part Description in Part C4 Old= New=4.7µF ±10% 50V Ceramic Capacitor X5R 1206 (3216 Metric)
Change Value of Parameter Tolerance in Part C4 Old= New=10%
Change Value of Parameter Voltage in Part C4 Old= New=50V 
Change Value of Parameter DISTRIBUTOR # in Part C6 Old= New=399-5089-2-ND
Change Value of Parameter DISTRIBUTOR in Part C6 Old= New=Digikey
Change Value of Parameter Manufacturer in Part C6 Old= New=Kemet
Change Value of Parameter PART in Part C6 Old= New=100nF 50V X7R 0603
Change Value of Parameter Part Description in Part C6 Old= New=0.10µF ±10% 50V Ceramic Capacitor X7R 0603 (1608 Metric)
Change Value of Parameter Tolerance in Part C6 Old= New=10%
Change Value of Parameter Voltage in Part C6 Old= New=50V 
Change Value of Parameter DISTRIBUTOR # in Part C15 Old= New=399-5089-2-ND
Change Value of Parameter DISTRIBUTOR in Part C15 Old= New=Digikey
Change Value of Parameter Manufacturer in Part C15 Old= New=Kemet
Change Value of Parameter PART in Part C15 Old= New=100nF 50V X7R 0603
Change Value of Parameter Part Description in Part C15 Old= New=0.10µF ±10% 50V Ceramic Capacitor X7R 0603 (1608 Metric)
Change Value of Parameter Tolerance in Part C15 Old= New=10%
Change Value of Parameter Voltage in Part C15 Old= New=50V 
Change Value of Parameter DISTRIBUTOR # in Part C24 Old= New=399-4925-2-ND
Change Value of Parameter DISTRIBUTOR in Part C24 Old= New=Digikey
Change Value of Parameter Manufacturer in Part C24 Old= New=Kemet
Change Value of Parameter PART in Part C24 Old= New=10uF 10V X5R 0805
Change Value of Parameter Part Description in Part C24 Old= New=10µF ±10% 10V Ceramic Capacitor X5R 0805 (2012 Metric)
Change Value of Parameter Tolerance in Part C24 Old= New=10%
Change Value of Parameter Voltage in Part C24 Old= New=10V
Change Value of Parameter DISTRIBUTOR # in Part C36 Old= New=399-5089-2-ND
Change Value of Parameter DISTRIBUTOR in Part C36 Old= New=Digikey
Change Value of Parameter Manufacturer in Part C36 Old= New=Kemet
Change Value of Parameter PART in Part C36 Old= New=100nF 50V X7R 0603
Change Value of Parameter Part Description in Part C36 Old= New=0.10µF ±10% 50V Ceramic Capacitor X7R 0603 (1608 Metric)
Change Value of Parameter Tolerance in Part C36 Old= New=10%
Change Value of Parameter Voltage in Part C36 Old= New=50V 
Change Value of Parameter PART in Part C37 Old= New=10µF ±10% 6.3V Ceramic Capacitor JB 0603 (1608 Metric)
Change Value of Parameter PART in Part C53 Old= New=10µF ±10% 6.3V Ceramic Capacitor JB 0603 (1608 Metric)
Change Value of Parameter PART in Part C55 Old= New=10µF ±10% 6.3V Ceramic Capacitor JB 0603 (1608 Metric)
Change Value of Parameter PART in Part C57 Old= New=10µF ±10% 6.3V Ceramic Capacitor JB 0603 (1608 Metric)
Change Value of Parameter PART in Part C72 Old= New=10µF ±10% 6.3V Ceramic Capacitor JB 0603 (1608 Metric)
Change Value of Parameter DISTRIBUTOR # in Part C95 Old= New=399-5089-2-ND
Change Value of Parameter DISTRIBUTOR in Part C95 Old= New=Digikey
Change Value of Parameter Manufacturer in Part C95 Old= New=Kemet
Change Value of Parameter PART in Part C95 Old= New=100nF 50V X7R 0603
Change Value of Parameter Part Description in Part C95 Old= New=0.10µF ±10% 50V Ceramic Capacitor X7R 0603 (1608 Metric)
Change Value of Parameter Tolerance in Part C95 Old= New=10%
Change Value of Parameter Voltage in Part C95 Old= New=50V 
Change Value of Parameter DISTRIBUTOR # in Part FB26 Old= New=1276-6350-2-ND
Change Value of Parameter DISTRIBUTOR in Part FB26 Old= New=Digikey
Change Value of Parameter PART in Part FB26 Old= New=Ferrite 220R 0603
Change Value of Parameter Part Description in Part FB26 Old= New=FERRITE BEAD 220 OHM 0603 1LN
Change Value of Parameter Tolerance in Part FB26 Old= New=-NA-
Change Value of Parameter Value in Part FB26 Old=220R New=220Rfb
Change Value of Parameter Voltage in Part FB26 Old= New=2.5A
Change Value of Parameter DISTRIBUTOR # in Part FB27 Old= New=1276-6350-2-ND
Change Value of Parameter DISTRIBUTOR in Part FB27 Old= New=Digikey
Change Value of Parameter PART in Part FB27 Old= New=Ferrite 220R 0603
Change Value of Parameter Part Description in Part FB27 Old= New=FERRITE BEAD 220 OHM 0603 1LN
Change Value of Parameter Tolerance in Part FB27 Old= New=-NA-
Change Value of Parameter Value in Part FB27 Old=220R New=220Rfb
Change Value of Parameter Voltage in Part FB27 Old= New=2.5A
Change Value of Parameter DISTRIBUTOR # in Part FB28 Old= New=1276-6350-2-ND
Change Value of Parameter DISTRIBUTOR in Part FB28 Old= New=Digikey
Change Value of Parameter PART in Part FB28 Old= New=Ferrite 220R 0603
Change Value of Parameter Part Description in Part FB28 Old= New=FERRITE BEAD 220 OHM 0603 1LN
Change Value of Parameter Tolerance in Part FB28 Old= New=-NA-
Change Value of Parameter Value in Part FB28 Old=220R New=220Rfb
Change Value of Parameter Voltage in Part FB28 Old= New=2.5A
Change Value of Parameter DISTRIBUTOR # in Part FB30 Old= New=1276-6350-2-ND
Change Value of Parameter DISTRIBUTOR in Part FB30 Old= New=Digikey
Change Value of Parameter PART in Part FB30 Old= New=Ferrite 220R 0603
Change Value of Parameter Part Description in Part FB30 Old= New=FERRITE BEAD 220 OHM 0603 1LN
Change Value of Parameter Tolerance in Part FB30 Old= New=-NA-
Change Value of Parameter Value in Part FB30 Old=220R New=220Rfb
Change Value of Parameter Voltage in Part FB30 Old= New=2.5A
