Added Parameter DNI= to Part C1
Added Parameter DNI= to Part C2
Added Parameter DNI= to Part C3
Added Parameter DNI= to Part C4
Added Parameter DNI= to Part C5
Added Parameter DNI= to Part C6
Added Parameter DNI= to Part C7
Added Parameter DNI= to Part C12
Added Parameter DNI= to Part C13
Added Parameter DNI= to Part C15
Added Parameter DNI= to Part C24
Added Parameter DNI= to Part C25
Added Parameter DNI= to Part C26
Added Parameter DNI= to Part C30
Added Parameter DNI= to Part C34
Added Parameter DNI= to Part C35
Added Parameter DNI= to Part C36
Added Parameter DNI= to Part C37
Added Parameter DNI= to Part C38
Added Parameter DNI= to Part C44
Added Parameter DNI= to Part C45
Added Parameter DNI= to Part C46
Added Parameter DNI= to Part C51
Added Parameter DNI= to Part C52
Added Parameter DNI= to Part C53
Added Parameter DNI= to Part C54
Added Parameter DNI= to Part C55
Added Parameter DNI= to Part C56
Added Parameter DNI= to Part C57
Added Parameter DNI= to Part C63
Added Parameter DNI= to Part C65
Added Parameter DNI= to Part C67
Added Parameter DNI= to Part C68
Added Parameter DNI= to Part C69
Added Parameter DNI= to Part C72
Added Parameter DNI= to Part C73
Added Parameter DNI= to Part C80
Added Parameter DNI= to Part C81
Added Parameter DNI= to Part C93
Added Parameter DNI= to Part C94
Added Parameter DNI= to Part C95
Added Parameter DNI= to Part C168
Added Parameter DNI= to Part C170
Added Parameter DNI= to Part D1
Added Parameter DNI= to Part D2
Added Parameter DNI= to Part D5
Added Parameter DNI= to Part D22
Added Parameter DNI= to Part D23
Added Parameter DNI= to Part D43
Added Parameter DNI= to Part F1
Added Parameter DNI= to Part F2
Added Parameter DNI= to Part F3
Added Parameter DNI= to Part FB26
Added Parameter DNI= to Part FB27
Added Parameter DNI= to Part FB28
Added Parameter DNI= to Part FB30
Added Parameter DNI= to Part H1
Added Parameter DNI= to Part H2
Added Parameter DNI= to Part H3
Added Parameter DNI= to Part H4
Added Parameter DNI= to Part H5
Added Parameter DNI= to Part H6
Added Parameter DNI= to Part H7
Added Parameter DNI= to Part J3
Added Parameter DNI= to Part J3
Added Parameter DNI= to Part J3
Added Parameter DNI= to Part J3
Added Parameter DNI= to Part J3
Added Parameter DNI= to Part J3
Added Parameter DNI= to Part J21
Added Parameter DNI= to Part J21
Added Parameter DNI= to Part J21
Added Parameter DNI= to Part J21
Added Parameter DNI= to Part L1
Added Parameter DNI= to Part P1
Added Parameter DNI= to Part R1
Added Parameter DNI= to Part R2
Added Parameter DNI= to Part R3
Added Parameter DNI= to Part R4
Added Parameter DNI= to Part R5
Added Parameter DNI= to Part R10
Added Parameter DNI= to Part R11
Added Parameter DNI= to Part R13
Added Parameter DNI= to Part R32
Added Parameter DNI= to Part R33
Added Parameter DNI= to Part R66
Added Parameter DNI= to Part R131
Added Parameter DNI= to Part R132
Added Parameter DNI= to Part TP23
Added Parameter DNI= to Part TP24
Added Parameter DNI= to Part TP26
Added Parameter DNI= to Part TP27
Added Parameter DNI= to Part TP28
Added Parameter DNI= to Part TP29
Added Parameter DNI= to Part TP36
Added Parameter DNI= to Part TP43
Added Parameter DNI= to Part TP44
Added Parameter DNI= to Part TP45
Added Parameter DNI= to Part TP46
Added Parameter DNI= to Part TP47
Added Parameter DNI= to Part TP48
Added Parameter DNI= to Part TP51
Added Parameter DNI= to Part TP57
Added Parameter DNI= to Part TP68
Added Parameter DNI= to Part TP79
Added Parameter DNI= to Part TP128
Added Parameter DNI= to Part TP129
Added Parameter DNI= to Part U1
Added Parameter DNI= to Part U8
Added Parameter DNI= to Part U11
