Added Parameter DISTRIBUTOR #= to Part C1
Added Parameter DISTRIBUTOR #= to Part C2
Added Parameter DISTRIBUTOR #= to Part C3
Added Parameter DISTRIBUTOR #= to Part C4
Added Parameter DISTRIBUTOR #= to Part C5
Added Parameter DISTRIBUTOR #= to Part C6
Added Parameter DISTRIBUTOR #= to Part C7
Added Parameter DISTRIBUTOR #= to Part C12
Added Parameter DISTRIBUTOR #= to Part C13
Added Parameter DISTRIBUTOR #= to Part C15
Added Parameter DISTRIBUTOR #= to Part C16
Added Parameter DISTRIBUTOR #= to Part C24
Added Parameter DISTRIBUTOR #= to Part C25
Added Parameter DISTRIBUTOR #= to Part C26
Added Parameter DISTRIBUTOR #= to Part C30
Added Parameter DISTRIBUTOR #= to Part C34
Added Parameter DISTRIBUTOR #= to Part C35
Added Parameter DISTRIBUTOR #= to Part C36
Added Parameter DISTRIBUTOR #= to Part C38
Added Parameter DISTRIBUTOR #= to Part C44
Added Parameter DISTRIBUTOR #= to Part C45
Added Parameter DISTRIBUTOR #= to Part C46
Added Parameter DISTRIBUTOR #= to Part C51
Added Parameter DISTRIBUTOR #= to Part C52
Added Parameter DISTRIBUTOR #= to Part C54
Added Parameter DISTRIBUTOR #= to Part C56
Added Parameter DISTRIBUTOR #= to Part C63
Added Parameter DISTRIBUTOR #= to Part C65
Added Parameter DISTRIBUTOR #= to Part C67
Added Parameter DISTRIBUTOR #= to Part C68
Added Parameter DISTRIBUTOR #= to Part C69
Added Parameter DISTRIBUTOR #= to Part C73
Added Parameter DISTRIBUTOR #= to Part C80
Added Parameter DISTRIBUTOR #= to Part C81
Added Parameter DISTRIBUTOR #= to Part C93
Added Parameter DISTRIBUTOR #= to Part C94
Added Parameter DISTRIBUTOR #= to Part C95
Added Parameter DISTRIBUTOR #= to Part C168
Added Parameter DISTRIBUTOR #= to Part C170
Added Parameter DISTRIBUTOR #= to Part D1
Added Parameter DISTRIBUTOR #= to Part D2
Added Parameter DISTRIBUTOR #= to Part D5
Added Parameter DISTRIBUTOR #= to Part D22
Added Parameter DISTRIBUTOR #= to Part D23
Added Parameter DISTRIBUTOR #= to Part D43
Added Parameter DISTRIBUTOR #= to Part F1
Added Parameter DISTRIBUTOR #= to Part F2
Added Parameter DISTRIBUTOR #= to Part F3
Added Parameter DISTRIBUTOR #= to Part FB26
Added Parameter DISTRIBUTOR #= to Part FB27
Added Parameter DISTRIBUTOR #= to Part FB28
Added Parameter DISTRIBUTOR #= to Part FB30
Added Parameter DISTRIBUTOR #= to Part H1
Added Parameter DISTRIBUTOR #= to Part H2
Added Parameter DISTRIBUTOR #= to Part H3
Added Parameter DISTRIBUTOR #= to Part H4
Added Parameter DISTRIBUTOR #= to Part H5
Added Parameter DISTRIBUTOR #= to Part H6
Added Parameter DISTRIBUTOR #= to Part H7
Added Parameter DISTRIBUTOR #= to Part J3
Added Parameter DISTRIBUTOR #= to Part J3
Added Parameter DISTRIBUTOR #= to Part J3
Added Parameter DISTRIBUTOR #= to Part J3
Added Parameter DISTRIBUTOR #= to Part J3
Added Parameter DISTRIBUTOR #= to Part J3
Added Parameter DISTRIBUTOR #= to Part J21
Added Parameter DISTRIBUTOR #= to Part J21
Added Parameter DISTRIBUTOR #= to Part J21
Added Parameter DISTRIBUTOR #= to Part J21
Added Parameter DISTRIBUTOR #= to Part L1
Added Parameter DISTRIBUTOR #= to Part P1
Added Parameter DISTRIBUTOR #= to Part R1
Added Parameter DISTRIBUTOR #= to Part R2
Added Parameter DISTRIBUTOR #= to Part R3
Added Parameter DISTRIBUTOR #= to Part R4
Added Parameter DISTRIBUTOR #= to Part R5
Added Parameter DISTRIBUTOR #= to Part R10
Added Parameter DISTRIBUTOR #= to Part R11
Added Parameter DISTRIBUTOR #= to Part R13
Added Parameter DISTRIBUTOR #= to Part R32
Added Parameter DISTRIBUTOR #= to Part R33
Added Parameter DISTRIBUTOR #= to Part R66
Added Parameter DISTRIBUTOR #= to Part R131
Added Parameter DISTRIBUTOR #= to Part R132
Added Parameter DISTRIBUTOR #= to Part TP23
Added Parameter DISTRIBUTOR #= to Part TP24
Added Parameter DISTRIBUTOR #= to Part TP26
Added Parameter DISTRIBUTOR #= to Part TP27
Added Parameter DISTRIBUTOR #= to Part TP28
Added Parameter DISTRIBUTOR #= to Part TP29
Added Parameter DISTRIBUTOR #= to Part TP36
Added Parameter DISTRIBUTOR #= to Part TP43
Added Parameter DISTRIBUTOR #= to Part TP44
Added Parameter DISTRIBUTOR #= to Part TP45
Added Parameter DISTRIBUTOR #= to Part TP46
Added Parameter DISTRIBUTOR #= to Part TP47
Added Parameter DISTRIBUTOR #= to Part TP48
Added Parameter DISTRIBUTOR #= to Part TP51
Added Parameter DISTRIBUTOR #= to Part TP57
Added Parameter DISTRIBUTOR #= to Part TP68
Added Parameter DISTRIBUTOR #= to Part TP79
Added Parameter DISTRIBUTOR #= to Part TP128
Added Parameter DISTRIBUTOR #= to Part TP129
Added Parameter DISTRIBUTOR #= to Part U1
Added Parameter DISTRIBUTOR #= to Part U8
Added Parameter DISTRIBUTOR #= to Part U11
Added Parameter DISTRIBUTOR= to Part C1
Added Parameter DISTRIBUTOR= to Part C2
Added Parameter DISTRIBUTOR= to Part C3
Added Parameter DISTRIBUTOR= to Part C4
Added Parameter DISTRIBUTOR= to Part C5
Added Parameter DISTRIBUTOR= to Part C6
Added Parameter DISTRIBUTOR= to Part C7
Added Parameter DISTRIBUTOR= to Part C12
Added Parameter DISTRIBUTOR= to Part C13
Added Parameter DISTRIBUTOR= to Part C15
Added Parameter DISTRIBUTOR= to Part C16
Added Parameter DISTRIBUTOR= to Part C24
Added Parameter DISTRIBUTOR= to Part C25
Added Parameter DISTRIBUTOR= to Part C26
Added Parameter DISTRIBUTOR= to Part C30
Added Parameter DISTRIBUTOR= to Part C34
Added Parameter DISTRIBUTOR= to Part C35
Added Parameter DISTRIBUTOR= to Part C36
Added Parameter DISTRIBUTOR= to Part C38
Added Parameter DISTRIBUTOR= to Part C44
Added Parameter DISTRIBUTOR= to Part C45
Added Parameter DISTRIBUTOR= to Part C46
Added Parameter DISTRIBUTOR= to Part C51
Added Parameter DISTRIBUTOR= to Part C52
Added Parameter DISTRIBUTOR= to Part C54
Added Parameter DISTRIBUTOR= to Part C56
Added Parameter DISTRIBUTOR= to Part C63
Added Parameter DISTRIBUTOR= to Part C65
Added Parameter DISTRIBUTOR= to Part C67
Added Parameter DISTRIBUTOR= to Part C68
Added Parameter DISTRIBUTOR= to Part C69
Added Parameter DISTRIBUTOR= to Part C73
Added Parameter DISTRIBUTOR= to Part C80
Added Parameter DISTRIBUTOR= to Part C81
Added Parameter DISTRIBUTOR= to Part C93
Added Parameter DISTRIBUTOR= to Part C94
Added Parameter DISTRIBUTOR= to Part C95
Added Parameter DISTRIBUTOR= to Part C168
Added Parameter DISTRIBUTOR= to Part C170
Added Parameter DISTRIBUTOR= to Part D1
Added Parameter DISTRIBUTOR= to Part D2
Added Parameter DISTRIBUTOR= to Part D5
Added Parameter DISTRIBUTOR= to Part D22
Added Parameter DISTRIBUTOR= to Part D23
Added Parameter DISTRIBUTOR= to Part D43
Added Parameter DISTRIBUTOR= to Part F1
Added Parameter DISTRIBUTOR= to Part F2
Added Parameter DISTRIBUTOR= to Part F3
Added Parameter DISTRIBUTOR= to Part FB26
Added Parameter DISTRIBUTOR= to Part FB27
Added Parameter DISTRIBUTOR= to Part FB28
Added Parameter DISTRIBUTOR= to Part FB30
Added Parameter DISTRIBUTOR= to Part H1
Added Parameter DISTRIBUTOR= to Part H2
Added Parameter DISTRIBUTOR= to Part H3
Added Parameter DISTRIBUTOR= to Part H4
Added Parameter DISTRIBUTOR= to Part H5
Added Parameter DISTRIBUTOR= to Part H6
Added Parameter DISTRIBUTOR= to Part H7
Added Parameter DISTRIBUTOR= to Part J3
Added Parameter DISTRIBUTOR= to Part J3
Added Parameter DISTRIBUTOR= to Part J3
Added Parameter DISTRIBUTOR= to Part J3
Added Parameter DISTRIBUTOR= to Part J3
Added Parameter DISTRIBUTOR= to Part J3
Added Parameter DISTRIBUTOR= to Part J21
Added Parameter DISTRIBUTOR= to Part J21
Added Parameter DISTRIBUTOR= to Part J21
Added Parameter DISTRIBUTOR= to Part J21
Added Parameter DISTRIBUTOR= to Part L1
Added Parameter DISTRIBUTOR= to Part P1
Added Parameter DISTRIBUTOR= to Part R1
Added Parameter DISTRIBUTOR= to Part R2
Added Parameter DISTRIBUTOR= to Part R3
Added Parameter DISTRIBUTOR= to Part R4
Added Parameter DISTRIBUTOR= to Part R5
Added Parameter DISTRIBUTOR= to Part R10
Added Parameter DISTRIBUTOR= to Part R11
Added Parameter DISTRIBUTOR= to Part R13
Added Parameter DISTRIBUTOR= to Part R32
Added Parameter DISTRIBUTOR= to Part R33
Added Parameter DISTRIBUTOR= to Part R66
Added Parameter DISTRIBUTOR= to Part R131
Added Parameter DISTRIBUTOR= to Part R132
Added Parameter DISTRIBUTOR= to Part TP23
Added Parameter DISTRIBUTOR= to Part TP24
Added Parameter DISTRIBUTOR= to Part TP26
Added Parameter DISTRIBUTOR= to Part TP27
Added Parameter DISTRIBUTOR= to Part TP28
Added Parameter DISTRIBUTOR= to Part TP29
Added Parameter DISTRIBUTOR= to Part TP36
Added Parameter DISTRIBUTOR= to Part TP43
Added Parameter DISTRIBUTOR= to Part TP44
Added Parameter DISTRIBUTOR= to Part TP45
Added Parameter DISTRIBUTOR= to Part TP46
Added Parameter DISTRIBUTOR= to Part TP47
Added Parameter DISTRIBUTOR= to Part TP48
Added Parameter DISTRIBUTOR= to Part TP51
Added Parameter DISTRIBUTOR= to Part TP57
Added Parameter DISTRIBUTOR= to Part TP68
Added Parameter DISTRIBUTOR= to Part TP79
Added Parameter DISTRIBUTOR= to Part TP128
Added Parameter DISTRIBUTOR= to Part TP129
Added Parameter DISTRIBUTOR= to Part U1
Added Parameter DISTRIBUTOR= to Part U8
Added Parameter DISTRIBUTOR= to Part U11
Added Parameter PART= to Part C1
Added Parameter PART= to Part C2
Added Parameter PART= to Part C3
Added Parameter PART= to Part C4
Added Parameter PART= to Part C5
Added Parameter PART= to Part C6
Added Parameter PART= to Part C7
Added Parameter PART= to Part C12
Added Parameter PART= to Part C13
Added Parameter PART= to Part C15
Added Parameter PART= to Part C16
Added Parameter PART= to Part C24
Added Parameter PART= to Part C25
Added Parameter PART= to Part C26
Added Parameter PART= to Part C30
Added Parameter PART= to Part C34
Added Parameter PART= to Part C35
Added Parameter PART= to Part C36
Added Parameter PART= to Part C37
Added Parameter PART= to Part C38
Added Parameter PART= to Part C44
Added Parameter PART= to Part C45
Added Parameter PART= to Part C46
Added Parameter PART= to Part C51
Added Parameter PART= to Part C52
Added Parameter PART= to Part C53
Added Parameter PART= to Part C54
Added Parameter PART= to Part C55
Added Parameter PART= to Part C56
Added Parameter PART= to Part C57
Added Parameter PART= to Part C63
Added Parameter PART= to Part C65
Added Parameter PART= to Part C67
Added Parameter PART= to Part C68
Added Parameter PART= to Part C69
Added Parameter PART= to Part C72
Added Parameter PART= to Part C73
Added Parameter PART= to Part C80
Added Parameter PART= to Part C81
Added Parameter PART= to Part C93
Added Parameter PART= to Part C94
Added Parameter PART= to Part C95
Added Parameter PART= to Part C168
Added Parameter PART= to Part C170
Added Parameter PART= to Part D1
Added Parameter PART= to Part D2
Added Parameter PART= to Part D5
Added Parameter PART= to Part D22
Added Parameter PART= to Part D23
Added Parameter PART= to Part D43
Added Parameter PART= to Part F1
Added Parameter PART= to Part F2
Added Parameter PART= to Part F3
Added Parameter PART= to Part FB26
Added Parameter PART= to Part FB27
Added Parameter PART= to Part FB28
Added Parameter PART= to Part FB30
Added Parameter PART= to Part H1
Added Parameter PART= to Part H2
Added Parameter PART= to Part H3
Added Parameter PART= to Part H4
Added Parameter PART= to Part H5
Added Parameter PART= to Part H6
Added Parameter PART= to Part H7
Added Parameter PART= to Part J3
Added Parameter PART= to Part J3
Added Parameter PART= to Part J3
Added Parameter PART= to Part J3
Added Parameter PART= to Part J3
Added Parameter PART= to Part J3
Added Parameter PART= to Part J21
Added Parameter PART= to Part J21
Added Parameter PART= to Part J21
Added Parameter PART= to Part J21
Added Parameter PART= to Part L1
Added Parameter PART= to Part P1
Added Parameter PART= to Part R1
Added Parameter PART= to Part R2
Added Parameter PART= to Part R3
Added Parameter PART= to Part R4
Added Parameter PART= to Part R5
Added Parameter PART= to Part R10
Added Parameter PART= to Part R11
Added Parameter PART= to Part R13
Added Parameter PART= to Part R32
Added Parameter PART= to Part R33
Added Parameter PART= to Part R66
Added Parameter PART= to Part R131
Added Parameter PART= to Part R132
Added Parameter PART= to Part TP23
Added Parameter PART= to Part TP24
Added Parameter PART= to Part TP26
Added Parameter PART= to Part TP27
Added Parameter PART= to Part TP28
Added Parameter PART= to Part TP29
Added Parameter PART= to Part TP36
Added Parameter PART= to Part TP43
Added Parameter PART= to Part TP44
Added Parameter PART= to Part TP45
Added Parameter PART= to Part TP46
Added Parameter PART= to Part TP47
Added Parameter PART= to Part TP48
Added Parameter PART= to Part TP51
Added Parameter PART= to Part TP57
Added Parameter PART= to Part TP68
Added Parameter PART= to Part TP79
Added Parameter PART= to Part TP128
Added Parameter PART= to Part TP129
Added Parameter PART= to Part U1
Added Parameter PART= to Part U8
Added Parameter PART= to Part U11
Added Parameter Part Description= to Part C1
Added Parameter Part Description= to Part C2
Added Parameter Part Description= to Part C3
Added Parameter Part Description= to Part C4
Added Parameter Part Description= to Part C5
Added Parameter Part Description= to Part C6
Added Parameter Part Description= to Part C7
Added Parameter Part Description= to Part C12
Added Parameter Part Description= to Part C13
Added Parameter Part Description= to Part C15
Added Parameter Part Description= to Part C16
Added Parameter Part Description= to Part C24
Added Parameter Part Description= to Part C25
Added Parameter Part Description= to Part C26
Added Parameter Part Description= to Part C30
Added Parameter Part Description= to Part C34
Added Parameter Part Description= to Part C35
Added Parameter Part Description= to Part C36
Added Parameter Part Description= to Part C38
Added Parameter Part Description= to Part C44
Added Parameter Part Description= to Part C45
Added Parameter Part Description= to Part C46
Added Parameter Part Description= to Part C51
Added Parameter Part Description= to Part C52
Added Parameter Part Description= to Part C54
Added Parameter Part Description= to Part C56
Added Parameter Part Description= to Part C63
Added Parameter Part Description= to Part C65
Added Parameter Part Description= to Part C67
Added Parameter Part Description= to Part C68
Added Parameter Part Description= to Part C69
Added Parameter Part Description= to Part C73
Added Parameter Part Description= to Part C80
Added Parameter Part Description= to Part C81
Added Parameter Part Description= to Part C93
Added Parameter Part Description= to Part C94
Added Parameter Part Description= to Part C95
Added Parameter Part Description= to Part C168
Added Parameter Part Description= to Part C170
Added Parameter Part Description= to Part D1
Added Parameter Part Description= to Part D2
Added Parameter Part Description= to Part D5
Added Parameter Part Description= to Part D22
Added Parameter Part Description= to Part D23
Added Parameter Part Description= to Part D43
Added Parameter Part Description= to Part F1
Added Parameter Part Description= to Part F2
Added Parameter Part Description= to Part F3
Added Parameter Part Description= to Part FB26
Added Parameter Part Description= to Part FB27
Added Parameter Part Description= to Part FB28
Added Parameter Part Description= to Part FB30
Added Parameter Part Description= to Part H1
Added Parameter Part Description= to Part H2
Added Parameter Part Description= to Part H3
Added Parameter Part Description= to Part H4
Added Parameter Part Description= to Part H5
Added Parameter Part Description= to Part H6
Added Parameter Part Description= to Part H7
Added Parameter Part Description= to Part J3
Added Parameter Part Description= to Part J3
Added Parameter Part Description= to Part J3
Added Parameter Part Description= to Part J3
Added Parameter Part Description= to Part J3
Added Parameter Part Description= to Part J3
Added Parameter Part Description= to Part J21
Added Parameter Part Description= to Part J21
Added Parameter Part Description= to Part J21
Added Parameter Part Description= to Part J21
Added Parameter Part Description= to Part L1
Added Parameter Part Description= to Part P1
Added Parameter Part Description= to Part R1
Added Parameter Part Description= to Part R2
Added Parameter Part Description= to Part R3
Added Parameter Part Description= to Part R4
Added Parameter Part Description= to Part R5
Added Parameter Part Description= to Part R10
Added Parameter Part Description= to Part R11
Added Parameter Part Description= to Part R13
Added Parameter Part Description= to Part R32
Added Parameter Part Description= to Part R33
Added Parameter Part Description= to Part R66
Added Parameter Part Description= to Part R131
Added Parameter Part Description= to Part R132
Added Parameter Part Description= to Part TP23
Added Parameter Part Description= to Part TP24
Added Parameter Part Description= to Part TP26
Added Parameter Part Description= to Part TP27
Added Parameter Part Description= to Part TP28
Added Parameter Part Description= to Part TP29
Added Parameter Part Description= to Part TP36
Added Parameter Part Description= to Part TP43
Added Parameter Part Description= to Part TP44
Added Parameter Part Description= to Part TP45
Added Parameter Part Description= to Part TP46
Added Parameter Part Description= to Part TP47
Added Parameter Part Description= to Part TP48
Added Parameter Part Description= to Part TP51
Added Parameter Part Description= to Part TP57
Added Parameter Part Description= to Part TP68
Added Parameter Part Description= to Part TP79
Added Parameter Part Description= to Part TP128
Added Parameter Part Description= to Part TP129
Added Parameter Part Description= to Part U1
Added Parameter Part Description= to Part U8
Added Parameter Part Description= to Part U11
Added Parameter Tolerance= to Part C1
Added Parameter Tolerance= to Part C2
Added Parameter Tolerance= to Part C3
Added Parameter Tolerance= to Part C4
Added Parameter Tolerance= to Part C5
Added Parameter Tolerance= to Part C6
Added Parameter Tolerance= to Part C7
Added Parameter Tolerance= to Part C12
Added Parameter Tolerance= to Part C13
Added Parameter Tolerance= to Part C15
Added Parameter Tolerance= to Part C16
Added Parameter Tolerance= to Part C24
Added Parameter Tolerance= to Part C25
Added Parameter Tolerance= to Part C26
Added Parameter Tolerance= to Part C30
Added Parameter Tolerance= to Part C34
Added Parameter Tolerance= to Part C35
Added Parameter Tolerance= to Part C36
Added Parameter Tolerance= to Part C38
Added Parameter Tolerance= to Part C44
Added Parameter Tolerance= to Part C45
Added Parameter Tolerance= to Part C46
Added Parameter Tolerance= to Part C51
Added Parameter Tolerance= to Part C52
Added Parameter Tolerance= to Part C54
Added Parameter Tolerance= to Part C56
Added Parameter Tolerance= to Part C63
Added Parameter Tolerance= to Part C65
Added Parameter Tolerance= to Part C67
Added Parameter Tolerance= to Part C68
Added Parameter Tolerance= to Part C69
Added Parameter Tolerance= to Part C73
Added Parameter Tolerance= to Part C80
Added Parameter Tolerance= to Part C81
Added Parameter Tolerance= to Part C93
Added Parameter Tolerance= to Part C94
Added Parameter Tolerance= to Part C95
Added Parameter Tolerance= to Part C168
Added Parameter Tolerance= to Part C170
Added Parameter Tolerance= to Part D1
Added Parameter Tolerance= to Part D2
Added Parameter Tolerance= to Part D5
Added Parameter Tolerance= to Part D22
Added Parameter Tolerance= to Part D23
Added Parameter Tolerance= to Part D43
Added Parameter Tolerance= to Part F1
Added Parameter Tolerance= to Part F2
Added Parameter Tolerance= to Part F3
Added Parameter Tolerance= to Part FB26
Added Parameter Tolerance= to Part FB27
Added Parameter Tolerance= to Part FB28
Added Parameter Tolerance= to Part FB30
Added Parameter Tolerance= to Part H1
Added Parameter Tolerance= to Part H2
Added Parameter Tolerance= to Part H3
Added Parameter Tolerance= to Part H4
Added Parameter Tolerance= to Part H5
Added Parameter Tolerance= to Part H6
Added Parameter Tolerance= to Part H7
Added Parameter Tolerance= to Part J3
Added Parameter Tolerance= to Part J3
Added Parameter Tolerance= to Part J3
Added Parameter Tolerance= to Part J3
Added Parameter Tolerance= to Part J3
Added Parameter Tolerance= to Part J3
Added Parameter Tolerance= to Part J21
Added Parameter Tolerance= to Part J21
Added Parameter Tolerance= to Part J21
Added Parameter Tolerance= to Part J21
Added Parameter Tolerance= to Part L1
Added Parameter Tolerance= to Part P1
Added Parameter Tolerance= to Part R1
Added Parameter Tolerance= to Part R2
Added Parameter Tolerance= to Part R3
Added Parameter Tolerance= to Part R4
Added Parameter Tolerance= to Part R5
Added Parameter Tolerance= to Part R10
Added Parameter Tolerance= to Part R11
Added Parameter Tolerance= to Part R13
Added Parameter Tolerance= to Part R32
Added Parameter Tolerance= to Part R33
Added Parameter Tolerance= to Part R66
Added Parameter Tolerance= to Part R131
Added Parameter Tolerance= to Part R132
Added Parameter Tolerance= to Part TP23
Added Parameter Tolerance= to Part TP24
Added Parameter Tolerance= to Part TP26
Added Parameter Tolerance= to Part TP27
Added Parameter Tolerance= to Part TP28
Added Parameter Tolerance= to Part TP29
Added Parameter Tolerance= to Part TP36
Added Parameter Tolerance= to Part TP43
Added Parameter Tolerance= to Part TP44
Added Parameter Tolerance= to Part TP45
Added Parameter Tolerance= to Part TP46
Added Parameter Tolerance= to Part TP47
Added Parameter Tolerance= to Part TP48
Added Parameter Tolerance= to Part TP51
Added Parameter Tolerance= to Part TP57
Added Parameter Tolerance= to Part TP68
Added Parameter Tolerance= to Part TP79
Added Parameter Tolerance= to Part TP128
Added Parameter Tolerance= to Part TP129
Added Parameter Tolerance= to Part U1
Added Parameter Tolerance= to Part U8
Added Parameter Tolerance= to Part U11
Added Parameter Value= to Part D2
Added Parameter Value= to Part D5
Added Parameter Value= to Part F1
Added Parameter Value= to Part F2
Added Parameter Value= to Part F3
Added Parameter Value= to Part H1
Added Parameter Value= to Part H2
Added Parameter Value= to Part H3
Added Parameter Value= to Part H4
Added Parameter Value= to Part H5
Added Parameter Value= to Part H6
Added Parameter Value= to Part H7
Added Parameter Value= to Part J3
Added Parameter Value= to Part J3
Added Parameter Value= to Part J3
Added Parameter Value= to Part J3
Added Parameter Value= to Part J3
Added Parameter Value= to Part J3
Added Parameter Value= to Part J21
Added Parameter Value= to Part J21
Added Parameter Value= to Part J21
Added Parameter Value= to Part J21
Added Parameter Value= to Part P1
Added Parameter Value= to Part TP23
Added Parameter Value= to Part TP24
Added Parameter Value= to Part TP26
Added Parameter Value= to Part TP27
Added Parameter Value= to Part TP28
Added Parameter Value= to Part TP29
Added Parameter Value= to Part TP36
Added Parameter Value= to Part TP43
Added Parameter Value= to Part TP44
Added Parameter Value= to Part TP45
Added Parameter Value= to Part TP46
Added Parameter Value= to Part TP47
Added Parameter Value= to Part TP48
Added Parameter Value= to Part TP51
Added Parameter Value= to Part TP57
Added Parameter Value= to Part TP68
Added Parameter Value= to Part TP79
Added Parameter Value= to Part TP128
Added Parameter Value= to Part TP129
Added Parameter Value= to Part U8
Added Parameter Value= to Part U11
Added Parameter Voltage= to Part C1
Added Parameter Voltage= to Part C2
Added Parameter Voltage= to Part C3
Added Parameter Voltage= to Part C4
Added Parameter Voltage= to Part C5
Added Parameter Voltage= to Part C6
Added Parameter Voltage= to Part C7
Added Parameter Voltage= to Part C12
Added Parameter Voltage= to Part C13
Added Parameter Voltage= to Part C15
Added Parameter Voltage= to Part C16
Added Parameter Voltage= to Part C24
Added Parameter Voltage= to Part C25
Added Parameter Voltage= to Part C26
Added Parameter Voltage= to Part C30
Added Parameter Voltage= to Part C34
Added Parameter Voltage= to Part C35
Added Parameter Voltage= to Part C36
Added Parameter Voltage= to Part C38
Added Parameter Voltage= to Part C44
Added Parameter Voltage= to Part C45
Added Parameter Voltage= to Part C46
Added Parameter Voltage= to Part C51
Added Parameter Voltage= to Part C52
Added Parameter Voltage= to Part C54
Added Parameter Voltage= to Part C56
Added Parameter Voltage= to Part C63
Added Parameter Voltage= to Part C65
Added Parameter Voltage= to Part C67
Added Parameter Voltage= to Part C68
Added Parameter Voltage= to Part C69
Added Parameter Voltage= to Part C73
Added Parameter Voltage= to Part C80
Added Parameter Voltage= to Part C81
Added Parameter Voltage= to Part C93
Added Parameter Voltage= to Part C94
Added Parameter Voltage= to Part C95
Added Parameter Voltage= to Part C168
Added Parameter Voltage= to Part C170
Added Parameter Voltage= to Part D1
Added Parameter Voltage= to Part D2
Added Parameter Voltage= to Part D5
Added Parameter Voltage= to Part D22
Added Parameter Voltage= to Part D23
Added Parameter Voltage= to Part D43
Added Parameter Voltage= to Part F1
Added Parameter Voltage= to Part F2
Added Parameter Voltage= to Part F3
Added Parameter Voltage= to Part FB26
Added Parameter Voltage= to Part FB27
Added Parameter Voltage= to Part FB28
Added Parameter Voltage= to Part FB30
Added Parameter Voltage= to Part H1
Added Parameter Voltage= to Part H2
Added Parameter Voltage= to Part H3
Added Parameter Voltage= to Part H4
Added Parameter Voltage= to Part H5
Added Parameter Voltage= to Part H6
Added Parameter Voltage= to Part H7
Added Parameter Voltage= to Part J3
Added Parameter Voltage= to Part J3
Added Parameter Voltage= to Part J3
Added Parameter Voltage= to Part J3
Added Parameter Voltage= to Part J3
Added Parameter Voltage= to Part J3
Added Parameter Voltage= to Part J21
Added Parameter Voltage= to Part J21
Added Parameter Voltage= to Part J21
Added Parameter Voltage= to Part J21
Added Parameter Voltage= to Part L1
Added Parameter Voltage= to Part P1
Added Parameter Voltage= to Part R1
Added Parameter Voltage= to Part R2
Added Parameter Voltage= to Part R3
Added Parameter Voltage= to Part R4
Added Parameter Voltage= to Part R5
Added Parameter Voltage= to Part R10
Added Parameter Voltage= to Part R11
Added Parameter Voltage= to Part R13
Added Parameter Voltage= to Part R32
Added Parameter Voltage= to Part R33
Added Parameter Voltage= to Part R66
Added Parameter Voltage= to Part R131
Added Parameter Voltage= to Part R132
Added Parameter Voltage= to Part TP23
Added Parameter Voltage= to Part TP24
Added Parameter Voltage= to Part TP26
Added Parameter Voltage= to Part TP27
Added Parameter Voltage= to Part TP28
Added Parameter Voltage= to Part TP29
Added Parameter Voltage= to Part TP36
Added Parameter Voltage= to Part TP43
Added Parameter Voltage= to Part TP44
Added Parameter Voltage= to Part TP45
Added Parameter Voltage= to Part TP46
Added Parameter Voltage= to Part TP47
Added Parameter Voltage= to Part TP48
Added Parameter Voltage= to Part TP51
Added Parameter Voltage= to Part TP57
Added Parameter Voltage= to Part TP68
Added Parameter Voltage= to Part TP79
Added Parameter Voltage= to Part TP128
Added Parameter Voltage= to Part TP129
Added Parameter Voltage= to Part U1
Added Parameter Voltage= to Part U8
Added Parameter Voltage= to Part U11
