Change Value of Parameter DNI in Part C12 Old= New=DNI
Change Value of Parameter DNI in Part C67 Old= New=DNI
Change Value of Parameter DISTRIBUTOR # in Part D1 Old= New=S3A-FDITR-ND
Change Value of Parameter DISTRIBUTOR in Part D1 Old= New=Digikey
Change Value of Parameter MANUFACTURER # in Part D1 Old= New=S3A-13-F
Change Value of Parameter Manufacturer in Part D1 Old= New=Diodes Incorporated
Change Value of Parameter PART in Part D1 Old= New=Diode 50V 3A
Change Value of Parameter Part Description in Part D1 Old= New=Diode Standard 50V 3A Surface Mount SMC
Change Value of Parameter Tolerance in Part D1 Old= New=-NA-
Change Value of Parameter Voltage in Part D1 Old= New=50V 3A
Change Value of Parameter DISTRIBUTOR # in Part D22 Old= New=S3A-FDITR-ND
Change Value of Parameter DISTRIBUTOR in Part D22 Old= New=Digikey
Change Value of Parameter MANUFACTURER # in Part D22 Old= New=S3A-13-F
Change Value of Parameter Manufacturer in Part D22 Old= New=Diodes Incorporated
Change Value of Parameter PART in Part D22 Old= New=Diode 50V 3A
Change Value of Parameter Part Description in Part D22 Old= New=Diode Standard 50V 3A Surface Mount SMC
Change Value of Parameter Tolerance in Part D22 Old= New=-NA-
Change Value of Parameter Voltage in Part D22 Old= New=50V 3A
Change Value of Parameter DISTRIBUTOR # in Part D23 Old= New=350-2038-2-ND
Change Value of Parameter DISTRIBUTOR in Part D23 Old= New=Digikey
Change Value of Parameter MANUFACTURER # in Part D23 Old= New=5988110107F
Change Value of Parameter Manufacturer in Part D23 Old= New=Dialight
Change Value of Parameter PART in Part D23 Old= New=LED Red 0805
Change Value of Parameter Part Description in Part D23 Old= New=Red 635nm LED Indication - Discrete 2.2V 0805 (2012 Metric)
Change Value of Parameter Tolerance in Part D23 Old= New=-NA-
Change Value of Parameter VALUE in Part D23 Old=5988170107F New=Red
Change Value of Parameter Voltage in Part D23 Old= New=Vf=2.2V
Change Value of Parameter DISTRIBUTOR # in Part D43 Old= New=S3A-FDITR-ND
Change Value of Parameter DISTRIBUTOR in Part D43 Old= New=Digikey
Change Value of Parameter MANUFACTURER # in Part D43 Old= New=S3A-13-F
Change Value of Parameter Manufacturer in Part D43 Old= New=Diodes Incorporated
Change Value of Parameter PART in Part D43 Old= New=Diode 50V 3A
Change Value of Parameter Part Description in Part D43 Old= New=Diode Standard 50V 3A Surface Mount SMC
Change Value of Parameter Tolerance in Part D43 Old= New=-NA-
Change Value of Parameter Voltage in Part D43 Old= New=50V 3A
Change Value of Parameter DISTRIBUTOR # in Part L1 Old= New=XAL5050-153MEB
Change Value of Parameter DISTRIBUTOR in Part L1 Old= New=Coilcraft
Change Value of Parameter Manufacturer in Part L1 Old= New=Coilcraft
Change Value of Parameter PART in Part L1 Old= New=0.1uF 16V X7R 0402
Change Value of Parameter Tolerance in Part L1 Old= New=20%
Change Value of Parameter Voltage in Part L1 Old= New=Isat=3.7 Irms=3.4
Change Value of Parameter DNI in Part R3 Old= New=DNI
Change Value of Parameter DNI in Part R4 Old= New=DNI
Change Value of Parameter DNI in Part R32 Old= New=DNI
Change Value of Parameter DNI in Part R66 Old= New=DNI
Change Value of Parameter DNI in Part R131 Old= New=DNI
Change Value of Parameter DNI in Part R132 Old= New=DNI
Change Value of Parameter MANUFACTURER # in Part TP23 Old= New=NOTAPART-Testpoint
Change Value of Parameter MANUFACTURER # in Part TP24 Old= New=NOTAPART-Testpoint
Change Value of Parameter MANUFACTURER # in Part TP26 Old= New=NOTAPART-Testpoint
Change Value of Parameter MANUFACTURER # in Part TP27 Old= New=NOTAPART-Testpoint
Change Value of Parameter MANUFACTURER # in Part TP28 Old= New=NOTAPART-Testpoint
Change Value of Parameter MANUFACTURER # in Part TP29 Old= New=NOTAPART-Testpoint
Change Value of Parameter MANUFACTURER # in Part TP36 Old= New=NOTAPART-Testpoint
Change Value of Parameter MANUFACTURER # in Part TP43 Old= New=NOTAPART-Testpoint
Change Value of Parameter MANUFACTURER # in Part TP44 Old= New=NOTAPART-Testpoint
Change Value of Parameter MANUFACTURER # in Part TP45 Old= New=NOTAPART-Testpoint
Change Value of Parameter MANUFACTURER # in Part TP46 Old= New=NOTAPART-Testpoint
Change Value of Parameter MANUFACTURER # in Part TP47 Old= New=NOTAPART-Testpoint
Change Value of Parameter MANUFACTURER # in Part TP48 Old= New=NOTAPART-Testpoint
Change Value of Parameter MANUFACTURER # in Part TP51 Old= New=NOTAPART-Testpoint
Change Value of Parameter MANUFACTURER # in Part TP57 Old= New=NOTAPART-Testpoint
Change Value of Parameter MANUFACTURER # in Part TP68 Old= New=NOTAPART-Testpoint
Change Value of Parameter MANUFACTURER # in Part TP79 Old= New=NOTAPART-Testpoint
Change Value of Parameter MANUFACTURER # in Part TP128 Old= New=NOTAPART-Testpoint
Change Value of Parameter MANUFACTURER # in Part TP129 Old= New=NOTAPART-Testpoint
Change Value of Parameter DISTRIBUTOR # in Part U1 Old= New=LM25011MY/NOPBTR-ND
Change Value of Parameter DISTRIBUTOR in Part U1 Old= New=Digikey
Change Value of Parameter MANUFACTURER # in Part U1 Old= New=LM25011MY/NOPB
Change Value of Parameter Manufacturer in Part U1 Old= New=Texas Instruments
Change Value of Parameter PART in Part U1 Old= New=IC VREG BUCK ADJ 2A 10MSOP
Change Value of Parameter Part Description in Part U1 Old= New=Buck Switching Regulator IC Positive Adjustable 2.51V 1 Output 2A 10-TFSOP, 10-MSOP (0.118", 3.00mm Width) Exposed Pad
Change Value of Parameter Tolerance in Part U1 Old= New=-NA-
Change Value of Parameter Voltage in Part U1 Old= New=2A 42Vin_max
