Removed Parameter Height:0.9mm from Part C37
Removed Parameter Height:0.9mm from Part C53
Removed Parameter Height:0.9mm from Part C55
Removed Parameter Height:0.9mm from Part C57
Removed Parameter Height:0.9mm from Part C72
Removed Parameter Height:7.70mm from Part C2
Removed Parameter Height:7.70mm from Part C25
Removed Parameter LatestRevisionDate:10 - Dec - 2014 from Part C37
Removed Parameter LatestRevisionDate:10 - Dec - 2014 from Part C53
Removed Parameter LatestRevisionDate:10 - Dec - 2014 from Part C55
Removed Parameter LatestRevisionDate:10 - Dec - 2014 from Part C57
Removed Parameter LatestRevisionDate:10 - Dec - 2014 from Part C72
Removed Parameter LatestRevisionDate:17-Jul-2002 from Part P1
Removed Parameter LatestRevisionDate:17-Jul-2002 from Part TP23
Removed Parameter LatestRevisionDate:17-Jul-2002 from Part TP24
Removed Parameter LatestRevisionDate:17-Jul-2002 from Part TP26
Removed Parameter LatestRevisionDate:17-Jul-2002 from Part TP27
Removed Parameter LatestRevisionDate:17-Jul-2002 from Part TP28
Removed Parameter LatestRevisionDate:17-Jul-2002 from Part TP29
Removed Parameter LatestRevisionDate:17-Jul-2002 from Part TP36
Removed Parameter LatestRevisionDate:17-Jul-2002 from Part TP43
Removed Parameter LatestRevisionDate:17-Jul-2002 from Part TP44
Removed Parameter LatestRevisionDate:17-Jul-2002 from Part TP45
Removed Parameter LatestRevisionDate:17-Jul-2002 from Part TP46
Removed Parameter LatestRevisionDate:17-Jul-2002 from Part TP47
Removed Parameter LatestRevisionDate:17-Jul-2002 from Part TP48
Removed Parameter LatestRevisionDate:17-Jul-2002 from Part TP51
Removed Parameter LatestRevisionDate:17-Jul-2002 from Part TP57
Removed Parameter LatestRevisionDate:17-Jul-2002 from Part TP68
Removed Parameter LatestRevisionDate:17-Jul-2002 from Part TP79
Removed Parameter LatestRevisionDate:17-Jul-2002 from Part TP128
Removed Parameter LatestRevisionDate:17-Jul-2002 from Part TP129
Removed Parameter LatestRevisionNote:Re-released for DXP Platform. from Part P1
Removed Parameter LatestRevisionNote:Re-released for DXP Platform. from Part TP23
Removed Parameter LatestRevisionNote:Re-released for DXP Platform. from Part TP24
Removed Parameter LatestRevisionNote:Re-released for DXP Platform. from Part TP26
Removed Parameter LatestRevisionNote:Re-released for DXP Platform. from Part TP27
Removed Parameter LatestRevisionNote:Re-released for DXP Platform. from Part TP28
Removed Parameter LatestRevisionNote:Re-released for DXP Platform. from Part TP29
Removed Parameter LatestRevisionNote:Re-released for DXP Platform. from Part TP36
Removed Parameter LatestRevisionNote:Re-released for DXP Platform. from Part TP43
Removed Parameter LatestRevisionNote:Re-released for DXP Platform. from Part TP44
Removed Parameter LatestRevisionNote:Re-released for DXP Platform. from Part TP45
Removed Parameter LatestRevisionNote:Re-released for DXP Platform. from Part TP46
Removed Parameter LatestRevisionNote:Re-released for DXP Platform. from Part TP47
Removed Parameter LatestRevisionNote:Re-released for DXP Platform. from Part TP48
Removed Parameter LatestRevisionNote:Re-released for DXP Platform. from Part TP51
Removed Parameter LatestRevisionNote:Re-released for DXP Platform. from Part TP57
Removed Parameter LatestRevisionNote:Re-released for DXP Platform. from Part TP68
Removed Parameter LatestRevisionNote:Re-released for DXP Platform. from Part TP79
Removed Parameter LatestRevisionNote:Re-released for DXP Platform. from Part TP128
Removed Parameter LatestRevisionNote:Re-released for DXP Platform. from Part TP129
