Removed Parameter ComponentLink1Description: from Part C1
Removed Parameter ComponentLink1Description: from Part C3
Removed Parameter ComponentLink1Description: from Part C4
Removed Parameter ComponentLink1Description: from Part C5
Removed Parameter ComponentLink1Description: from Part C6
Removed Parameter ComponentLink1Description: from Part C7
Removed Parameter ComponentLink1Description: from Part C12
Removed Parameter ComponentLink1Description: from Part C13
Removed Parameter ComponentLink1Description: from Part C15
Removed Parameter ComponentLink1Description: from Part C16
Removed Parameter ComponentLink1Description: from Part C24
Removed Parameter ComponentLink1Description: from Part C26
Removed Parameter ComponentLink1Description: from Part C30
Removed Parameter ComponentLink1Description: from Part C34
Removed Parameter ComponentLink1Description: from Part C35
Removed Parameter ComponentLink1Description: from Part C36
Removed Parameter ComponentLink1Description: from Part C38
Removed Parameter ComponentLink1Description: from Part C44
Removed Parameter ComponentLink1Description: from Part C45
Removed Parameter ComponentLink1Description: from Part C46
Removed Parameter ComponentLink1Description: from Part C51
Removed Parameter ComponentLink1Description: from Part C52
Removed Parameter ComponentLink1Description: from Part C54
Removed Parameter ComponentLink1Description: from Part C56
Removed Parameter ComponentLink1Description: from Part C63
Removed Parameter ComponentLink1Description: from Part C65
Removed Parameter ComponentLink1Description: from Part C67
Removed Parameter ComponentLink1Description: from Part C68
Removed Parameter ComponentLink1Description: from Part C69
Removed Parameter ComponentLink1Description: from Part C73
Removed Parameter ComponentLink1Description: from Part C80
Removed Parameter ComponentLink1Description: from Part C81
Removed Parameter ComponentLink1Description: from Part C93
Removed Parameter ComponentLink1Description: from Part C94
Removed Parameter ComponentLink1Description: from Part C95
Removed Parameter ComponentLink1Description: from Part C168
Removed Parameter ComponentLink1Description: from Part C170
Removed Parameter ComponentLink1Description: from Part D1
Removed Parameter ComponentLink1Description: from Part D2
Removed Parameter ComponentLink1Description: from Part D22
Removed Parameter ComponentLink1Description: from Part D23
Removed Parameter ComponentLink1Description: from Part D43
Removed Parameter ComponentLink1Description: from Part F1
Removed Parameter ComponentLink1Description: from Part F2
Removed Parameter ComponentLink1Description: from Part F3
Removed Parameter ComponentLink1Description: from Part FB26
Removed Parameter ComponentLink1Description: from Part FB27
Removed Parameter ComponentLink1Description: from Part FB28
Removed Parameter ComponentLink1Description: from Part FB30
Removed Parameter ComponentLink1Description: from Part J3
Removed Parameter ComponentLink1Description: from Part J3
Removed Parameter ComponentLink1Description: from Part J3
Removed Parameter ComponentLink1Description: from Part J3
Removed Parameter ComponentLink1Description: from Part J3
Removed Parameter ComponentLink1Description: from Part J3
Removed Parameter ComponentLink1Description: from Part L1
Removed Parameter ComponentLink1Description: from Part R1
Removed Parameter ComponentLink1Description: from Part R2
Removed Parameter ComponentLink1Description: from Part R3
Removed Parameter ComponentLink1Description: from Part R4
Removed Parameter ComponentLink1Description: from Part R5
Removed Parameter ComponentLink1Description: from Part R10
Removed Parameter ComponentLink1Description: from Part R11
Removed Parameter ComponentLink1Description: from Part R13
Removed Parameter ComponentLink1Description: from Part R32
Removed Parameter ComponentLink1Description: from Part R33
Removed Parameter ComponentLink1Description: from Part R66
Removed Parameter ComponentLink1Description: from Part R131
Removed Parameter ComponentLink1Description: from Part R132
Removed Parameter ComponentLink1URL: from Part C1
Removed Parameter ComponentLink1URL: from Part C3
Removed Parameter ComponentLink1URL: from Part C4
Removed Parameter ComponentLink1URL: from Part C5
Removed Parameter ComponentLink1URL: from Part C6
Removed Parameter ComponentLink1URL: from Part C7
Removed Parameter ComponentLink1URL: from Part C12
Removed Parameter ComponentLink1URL: from Part C13
Removed Parameter ComponentLink1URL: from Part C15
Removed Parameter ComponentLink1URL: from Part C16
Removed Parameter ComponentLink1URL: from Part C24
Removed Parameter ComponentLink1URL: from Part C26
Removed Parameter ComponentLink1URL: from Part C30
Removed Parameter ComponentLink1URL: from Part C34
Removed Parameter ComponentLink1URL: from Part C35
Removed Parameter ComponentLink1URL: from Part C36
Removed Parameter ComponentLink1URL: from Part C38
Removed Parameter ComponentLink1URL: from Part C44
Removed Parameter ComponentLink1URL: from Part C45
Removed Parameter ComponentLink1URL: from Part C46
Removed Parameter ComponentLink1URL: from Part C51
Removed Parameter ComponentLink1URL: from Part C52
Removed Parameter ComponentLink1URL: from Part C54
Removed Parameter ComponentLink1URL: from Part C56
Removed Parameter ComponentLink1URL: from Part C63
Removed Parameter ComponentLink1URL: from Part C65
Removed Parameter ComponentLink1URL: from Part C67
Removed Parameter ComponentLink1URL: from Part C68
Removed Parameter ComponentLink1URL: from Part C69
Removed Parameter ComponentLink1URL: from Part C73
Removed Parameter ComponentLink1URL: from Part C80
Removed Parameter ComponentLink1URL: from Part C81
Removed Parameter ComponentLink1URL: from Part C93
Removed Parameter ComponentLink1URL: from Part C94
Removed Parameter ComponentLink1URL: from Part C95
Removed Parameter ComponentLink1URL: from Part C168
Removed Parameter ComponentLink1URL: from Part C170
Removed Parameter ComponentLink1URL: from Part D1
Removed Parameter ComponentLink1URL: from Part D2
Removed Parameter ComponentLink1URL: from Part D22
Removed Parameter ComponentLink1URL: from Part D23
Removed Parameter ComponentLink1URL: from Part D43
Removed Parameter ComponentLink1URL: from Part F1
Removed Parameter ComponentLink1URL: from Part F2
Removed Parameter ComponentLink1URL: from Part F3
Removed Parameter ComponentLink1URL: from Part FB26
Removed Parameter ComponentLink1URL: from Part FB27
Removed Parameter ComponentLink1URL: from Part FB28
Removed Parameter ComponentLink1URL: from Part FB30
Removed Parameter ComponentLink1URL: from Part J3
Removed Parameter ComponentLink1URL: from Part J3
Removed Parameter ComponentLink1URL: from Part J3
Removed Parameter ComponentLink1URL: from Part J3
Removed Parameter ComponentLink1URL: from Part J3
Removed Parameter ComponentLink1URL: from Part J3
Removed Parameter ComponentLink1URL: from Part L1
Removed Parameter ComponentLink1URL: from Part R1
Removed Parameter ComponentLink1URL: from Part R2
Removed Parameter ComponentLink1URL: from Part R3
Removed Parameter ComponentLink1URL: from Part R4
Removed Parameter ComponentLink1URL: from Part R5
Removed Parameter ComponentLink1URL: from Part R10
Removed Parameter ComponentLink1URL: from Part R11
Removed Parameter ComponentLink1URL: from Part R13
Removed Parameter ComponentLink1URL: from Part R32
Removed Parameter ComponentLink1URL: from Part R33
Removed Parameter ComponentLink1URL: from Part R66
Removed Parameter ComponentLink1URL: from Part R131
Removed Parameter ComponentLink1URL: from Part R132
Removed Parameter LastRevisionDate:23-Apr-2014 from Part C1
Removed Parameter LastRevisionDate:23-Apr-2014 from Part C3
Removed Parameter LastRevisionDate:23-Apr-2014 from Part C4
Removed Parameter LastRevisionDate:23-Apr-2014 from Part C5
Removed Parameter LastRevisionDate:23-Apr-2014 from Part C6
Removed Parameter LastRevisionDate:23-Apr-2014 from Part C7
Removed Parameter LastRevisionDate:23-Apr-2014 from Part C12
Removed Parameter LastRevisionDate:23-Apr-2014 from Part C13
Removed Parameter LastRevisionDate:23-Apr-2014 from Part C15
Removed Parameter LastRevisionDate:23-Apr-2014 from Part C24
Removed Parameter LastRevisionDate:23-Apr-2014 from Part C26
Removed Parameter LastRevisionDate:23-Apr-2014 from Part C30
Removed Parameter LastRevisionDate:23-Apr-2014 from Part C34
Removed Parameter LastRevisionDate:23-Apr-2014 from Part C35
Removed Parameter LastRevisionDate:23-Apr-2014 from Part C36
Removed Parameter LastRevisionDate:23-Apr-2014 from Part C44
Removed Parameter LastRevisionDate:23-Apr-2014 from Part C45
Removed Parameter LastRevisionDate:23-Apr-2014 from Part C46
Removed Parameter LastRevisionDate:23-Apr-2014 from Part C51
Removed Parameter LastRevisionDate:23-Apr-2014 from Part C52
Removed Parameter LastRevisionDate:23-Apr-2014 from Part C54
Removed Parameter LastRevisionDate:23-Apr-2014 from Part C56
Removed Parameter LastRevisionDate:23-Apr-2014 from Part C63
Removed Parameter LastRevisionDate:23-Apr-2014 from Part C65
Removed Parameter LastRevisionDate:23-Apr-2014 from Part C67
Removed Parameter LastRevisionDate:23-Apr-2014 from Part C68
Removed Parameter LastRevisionDate:23-Apr-2014 from Part C69
Removed Parameter LastRevisionDate:23-Apr-2014 from Part C73
Removed Parameter LastRevisionDate:23-Apr-2014 from Part C80
Removed Parameter LastRevisionDate:23-Apr-2014 from Part C81
Removed Parameter LastRevisionDate:23-Apr-2014 from Part C94
Removed Parameter LastRevisionDate:23-Apr-2014 from Part C95
Removed Parameter LastRevisionDate:23-Apr-2014 from Part C168
Removed Parameter LastRevisionDate:23-Apr-2014 from Part C170
Removed Parameter LastRevisionDate:23-Apr-2014 from Part D1
Removed Parameter LastRevisionDate:23-Apr-2014 from Part D2
Removed Parameter LastRevisionDate:23-Apr-2014 from Part D22
Removed Parameter LastRevisionDate:23-Apr-2014 from Part D23
Removed Parameter LastRevisionDate:23-Apr-2014 from Part D43
Removed Parameter LastRevisionDate:23-Apr-2014 from Part F1
Removed Parameter LastRevisionDate:23-Apr-2014 from Part F2
Removed Parameter LastRevisionDate:23-Apr-2014 from Part F3
Removed Parameter LastRevisionDate:23-Apr-2014 from Part FB26
Removed Parameter LastRevisionDate:23-Apr-2014 from Part FB27
Removed Parameter LastRevisionDate:23-Apr-2014 from Part FB28
Removed Parameter LastRevisionDate:23-Apr-2014 from Part FB30
Removed Parameter LastRevisionDate:23-Apr-2014 from Part J3
Removed Parameter LastRevisionDate:23-Apr-2014 from Part J3
Removed Parameter LastRevisionDate:23-Apr-2014 from Part J3
Removed Parameter LastRevisionDate:23-Apr-2014 from Part J3
Removed Parameter LastRevisionDate:23-Apr-2014 from Part J3
Removed Parameter LastRevisionDate:23-Apr-2014 from Part J3
Removed Parameter LastRevisionDate:23-Apr-2014 from Part L1
Removed Parameter LastRevisionDate:23-Apr-2014 from Part R1
Removed Parameter LastRevisionDate:23-Apr-2014 from Part R2
Removed Parameter LastRevisionDate:23-Apr-2014 from Part R3
Removed Parameter LastRevisionDate:23-Apr-2014 from Part R4
Removed Parameter LastRevisionDate:23-Apr-2014 from Part R5
Removed Parameter LastRevisionDate:23-Apr-2014 from Part R10
Removed Parameter LastRevisionDate:23-Apr-2014 from Part R11
Removed Parameter LastRevisionDate:23-Apr-2014 from Part R13
Removed Parameter LastRevisionDate:23-Apr-2014 from Part R32
Removed Parameter LastRevisionDate:23-Apr-2014 from Part R33
Removed Parameter LastRevisionDate:23-Apr-2014 from Part R66
Removed Parameter LastRevisionDate:23-Apr-2014 from Part R131
Removed Parameter LastRevisionDate:23-Apr-2014 from Part R132
Removed Parameter LastRevisionDate:25-mar-2015 from Part C16
Removed Parameter LastRevisionDate:25-mar-2015 from Part C38
Removed Parameter LastRevisionDate:25-mar-2015 from Part C93
Removed Parameter LastRevisionNote:ImportComponents from Part C1
Removed Parameter LastRevisionNote:ImportComponents from Part C3
Removed Parameter LastRevisionNote:ImportComponents from Part C4
Removed Parameter LastRevisionNote:ImportComponents from Part C5
Removed Parameter LastRevisionNote:ImportComponents from Part C6
Removed Parameter LastRevisionNote:ImportComponents from Part C7
Removed Parameter LastRevisionNote:ImportComponents from Part C12
Removed Parameter LastRevisionNote:ImportComponents from Part C13
Removed Parameter LastRevisionNote:ImportComponents from Part C15
Removed Parameter LastRevisionNote:ImportComponents from Part C16
Removed Parameter LastRevisionNote:ImportComponents from Part C24
Removed Parameter LastRevisionNote:ImportComponents from Part C26
Removed Parameter LastRevisionNote:ImportComponents from Part C30
Removed Parameter LastRevisionNote:ImportComponents from Part C34
Removed Parameter LastRevisionNote:ImportComponents from Part C35
Removed Parameter LastRevisionNote:ImportComponents from Part C36
Removed Parameter LastRevisionNote:ImportComponents from Part C38
Removed Parameter LastRevisionNote:ImportComponents from Part C44
Removed Parameter LastRevisionNote:ImportComponents from Part C45
Removed Parameter LastRevisionNote:ImportComponents from Part C46
Removed Parameter LastRevisionNote:ImportComponents from Part C51
Removed Parameter LastRevisionNote:ImportComponents from Part C52
Removed Parameter LastRevisionNote:ImportComponents from Part C54
Removed Parameter LastRevisionNote:ImportComponents from Part C56
Removed Parameter LastRevisionNote:ImportComponents from Part C63
Removed Parameter LastRevisionNote:ImportComponents from Part C65
Removed Parameter LastRevisionNote:ImportComponents from Part C67
Removed Parameter LastRevisionNote:ImportComponents from Part C68
Removed Parameter LastRevisionNote:ImportComponents from Part C69
Removed Parameter LastRevisionNote:ImportComponents from Part C73
Removed Parameter LastRevisionNote:ImportComponents from Part C80
Removed Parameter LastRevisionNote:ImportComponents from Part C81
Removed Parameter LastRevisionNote:ImportComponents from Part C93
Removed Parameter LastRevisionNote:ImportComponents from Part C94
Removed Parameter LastRevisionNote:ImportComponents from Part C95
Removed Parameter LastRevisionNote:ImportComponents from Part C168
Removed Parameter LastRevisionNote:ImportComponents from Part C170
Removed Parameter LastRevisionNote:ImportComponents from Part D1
Removed Parameter LastRevisionNote:ImportComponents from Part D2
Removed Parameter LastRevisionNote:ImportComponents from Part D22
Removed Parameter LastRevisionNote:ImportComponents from Part D23
Removed Parameter LastRevisionNote:ImportComponents from Part D43
Removed Parameter LastRevisionNote:ImportComponents from Part F1
Removed Parameter LastRevisionNote:ImportComponents from Part F2
Removed Parameter LastRevisionNote:ImportComponents from Part F3
Removed Parameter LastRevisionNote:ImportComponents from Part FB26
Removed Parameter LastRevisionNote:ImportComponents from Part FB27
Removed Parameter LastRevisionNote:ImportComponents from Part FB28
Removed Parameter LastRevisionNote:ImportComponents from Part FB30
Removed Parameter LastRevisionNote:ImportComponents from Part J3
Removed Parameter LastRevisionNote:ImportComponents from Part J3
Removed Parameter LastRevisionNote:ImportComponents from Part J3
Removed Parameter LastRevisionNote:ImportComponents from Part J3
Removed Parameter LastRevisionNote:ImportComponents from Part J3
Removed Parameter LastRevisionNote:ImportComponents from Part J3
Removed Parameter LastRevisionNote:ImportComponents from Part L1
Removed Parameter LastRevisionNote:ImportComponents from Part R1
Removed Parameter LastRevisionNote:ImportComponents from Part R2
Removed Parameter LastRevisionNote:ImportComponents from Part R3
Removed Parameter LastRevisionNote:ImportComponents from Part R4
Removed Parameter LastRevisionNote:ImportComponents from Part R5
Removed Parameter LastRevisionNote:ImportComponents from Part R10
Removed Parameter LastRevisionNote:ImportComponents from Part R11
Removed Parameter LastRevisionNote:ImportComponents from Part R13
Removed Parameter LastRevisionNote:ImportComponents from Part R32
Removed Parameter LastRevisionNote:ImportComponents from Part R33
Removed Parameter LastRevisionNote:ImportComponents from Part R66
Removed Parameter LastRevisionNote:ImportComponents from Part R131
Removed Parameter LastRevisionNote:ImportComponents from Part R132
Removed Parameter Published:10 - Dec - 2014 from Part C37
Removed Parameter Published:10 - Dec - 2014 from Part C53
Removed Parameter Published:10 - Dec - 2014 from Part C55
Removed Parameter Published:10 - Dec - 2014 from Part C57
Removed Parameter Published:10 - Dec - 2014 from Part C72
Removed Parameter Published:23-Apr-2014 from Part C1
Removed Parameter Published:23-Apr-2014 from Part C3
Removed Parameter Published:23-Apr-2014 from Part C4
Removed Parameter Published:23-Apr-2014 from Part C5
Removed Parameter Published:23-Apr-2014 from Part C6
Removed Parameter Published:23-Apr-2014 from Part C7
Removed Parameter Published:23-Apr-2014 from Part C12
Removed Parameter Published:23-Apr-2014 from Part C13
Removed Parameter Published:23-Apr-2014 from Part C15
Removed Parameter Published:23-Apr-2014 from Part C24
Removed Parameter Published:23-Apr-2014 from Part C26
Removed Parameter Published:23-Apr-2014 from Part C30
Removed Parameter Published:23-Apr-2014 from Part C34
Removed Parameter Published:23-Apr-2014 from Part C35
Removed Parameter Published:23-Apr-2014 from Part C36
Removed Parameter Published:23-Apr-2014 from Part C44
Removed Parameter Published:23-Apr-2014 from Part C45
Removed Parameter Published:23-Apr-2014 from Part C46
Removed Parameter Published:23-Apr-2014 from Part C51
Removed Parameter Published:23-Apr-2014 from Part C52
Removed Parameter Published:23-Apr-2014 from Part C54
Removed Parameter Published:23-Apr-2014 from Part C56
Removed Parameter Published:23-Apr-2014 from Part C63
Removed Parameter Published:23-Apr-2014 from Part C65
Removed Parameter Published:23-Apr-2014 from Part C67
Removed Parameter Published:23-Apr-2014 from Part C68
Removed Parameter Published:23-Apr-2014 from Part C69
Removed Parameter Published:23-Apr-2014 from Part C73
Removed Parameter Published:23-Apr-2014 from Part C80
Removed Parameter Published:23-Apr-2014 from Part C81
Removed Parameter Published:23-Apr-2014 from Part C94
Removed Parameter Published:23-Apr-2014 from Part C95
Removed Parameter Published:23-Apr-2014 from Part C168
Removed Parameter Published:23-Apr-2014 from Part C170
Removed Parameter Published:23-Apr-2014 from Part D1
Removed Parameter Published:23-Apr-2014 from Part D2
Removed Parameter Published:23-Apr-2014 from Part D22
Removed Parameter Published:23-Apr-2014 from Part D23
Removed Parameter Published:23-Apr-2014 from Part D43
Removed Parameter Published:23-Apr-2014 from Part F1
Removed Parameter Published:23-Apr-2014 from Part F2
Removed Parameter Published:23-Apr-2014 from Part F3
Removed Parameter Published:23-Apr-2014 from Part FB26
Removed Parameter Published:23-Apr-2014 from Part FB27
Removed Parameter Published:23-Apr-2014 from Part FB28
Removed Parameter Published:23-Apr-2014 from Part FB30
Removed Parameter Published:23-Apr-2014 from Part J3
Removed Parameter Published:23-Apr-2014 from Part J3
Removed Parameter Published:23-Apr-2014 from Part J3
Removed Parameter Published:23-Apr-2014 from Part J3
Removed Parameter Published:23-Apr-2014 from Part J3
Removed Parameter Published:23-Apr-2014 from Part J3
Removed Parameter Published:23-Apr-2014 from Part L1
Removed Parameter Published:23-Apr-2014 from Part R1
Removed Parameter Published:23-Apr-2014 from Part R2
Removed Parameter Published:23-Apr-2014 from Part R3
Removed Parameter Published:23-Apr-2014 from Part R4
Removed Parameter Published:23-Apr-2014 from Part R5
Removed Parameter Published:23-Apr-2014 from Part R10
Removed Parameter Published:23-Apr-2014 from Part R11
Removed Parameter Published:23-Apr-2014 from Part R13
Removed Parameter Published:23-Apr-2014 from Part R32
Removed Parameter Published:23-Apr-2014 from Part R33
Removed Parameter Published:23-Apr-2014 from Part R66
Removed Parameter Published:23-Apr-2014 from Part R131
Removed Parameter Published:23-Apr-2014 from Part R132
Removed Parameter Published:25-mar-2015 from Part C16
Removed Parameter Published:25-mar-2015 from Part C38
Removed Parameter Published:25-mar-2015 from Part C93
Removed Parameter Publisher:Altium Limited from Part P1
Removed Parameter Publisher:Altium Limited from Part TP23
Removed Parameter Publisher:Altium Limited from Part TP24
Removed Parameter Publisher:Altium Limited from Part TP26
Removed Parameter Publisher:Altium Limited from Part TP27
Removed Parameter Publisher:Altium Limited from Part TP28
Removed Parameter Publisher:Altium Limited from Part TP29
Removed Parameter Publisher:Altium Limited from Part TP36
Removed Parameter Publisher:Altium Limited from Part TP43
Removed Parameter Publisher:Altium Limited from Part TP44
Removed Parameter Publisher:Altium Limited from Part TP45
Removed Parameter Publisher:Altium Limited from Part TP46
Removed Parameter Publisher:Altium Limited from Part TP47
Removed Parameter Publisher:Altium Limited from Part TP48
Removed Parameter Publisher:Altium Limited from Part TP51
Removed Parameter Publisher:Altium Limited from Part TP57
Removed Parameter Publisher:Altium Limited from Part TP68
Removed Parameter Publisher:Altium Limited from Part TP79
Removed Parameter Publisher:Altium Limited from Part TP128
Removed Parameter Publisher:Altium Limited from Part TP129
Removed Parameter Publisher:UltiMachine from Part C1
Removed Parameter Publisher:UltiMachine from Part C3
Removed Parameter Publisher:UltiMachine from Part C4
Removed Parameter Publisher:UltiMachine from Part C5
Removed Parameter Publisher:UltiMachine from Part C6
Removed Parameter Publisher:UltiMachine from Part C7
Removed Parameter Publisher:UltiMachine from Part C12
Removed Parameter Publisher:UltiMachine from Part C13
Removed Parameter Publisher:UltiMachine from Part C15
Removed Parameter Publisher:UltiMachine from Part C16
Removed Parameter Publisher:UltiMachine from Part C24
Removed Parameter Publisher:UltiMachine from Part C26
Removed Parameter Publisher:UltiMachine from Part C30
Removed Parameter Publisher:UltiMachine from Part C34
Removed Parameter Publisher:UltiMachine from Part C35
Removed Parameter Publisher:UltiMachine from Part C36
Removed Parameter Publisher:UltiMachine from Part C38
Removed Parameter Publisher:UltiMachine from Part C44
Removed Parameter Publisher:UltiMachine from Part C45
Removed Parameter Publisher:UltiMachine from Part C46
Removed Parameter Publisher:UltiMachine from Part C51
Removed Parameter Publisher:UltiMachine from Part C52
Removed Parameter Publisher:UltiMachine from Part C54
Removed Parameter Publisher:UltiMachine from Part C56
Removed Parameter Publisher:UltiMachine from Part C63
Removed Parameter Publisher:UltiMachine from Part C65
Removed Parameter Publisher:UltiMachine from Part C67
Removed Parameter Publisher:UltiMachine from Part C68
Removed Parameter Publisher:UltiMachine from Part C69
Removed Parameter Publisher:UltiMachine from Part C73
Removed Parameter Publisher:UltiMachine from Part C80
Removed Parameter Publisher:UltiMachine from Part C81
Removed Parameter Publisher:UltiMachine from Part C93
Removed Parameter Publisher:UltiMachine from Part C94
Removed Parameter Publisher:UltiMachine from Part C95
Removed Parameter Publisher:UltiMachine from Part C168
Removed Parameter Publisher:UltiMachine from Part C170
Removed Parameter Publisher:UltiMachine from Part D1
Removed Parameter Publisher:UltiMachine from Part D2
Removed Parameter Publisher:UltiMachine from Part D22
Removed Parameter Publisher:UltiMachine from Part D23
Removed Parameter Publisher:UltiMachine from Part D43
Removed Parameter Publisher:UltiMachine from Part F1
Removed Parameter Publisher:UltiMachine from Part F2
Removed Parameter Publisher:UltiMachine from Part F3
Removed Parameter Publisher:UltiMachine from Part FB26
Removed Parameter Publisher:UltiMachine from Part FB27
Removed Parameter Publisher:UltiMachine from Part FB28
Removed Parameter Publisher:UltiMachine from Part FB30
Removed Parameter Publisher:UltiMachine from Part J3
Removed Parameter Publisher:UltiMachine from Part J3
Removed Parameter Publisher:UltiMachine from Part J3
Removed Parameter Publisher:UltiMachine from Part J3
Removed Parameter Publisher:UltiMachine from Part J3
Removed Parameter Publisher:UltiMachine from Part J3
Removed Parameter Publisher:UltiMachine from Part L1
Removed Parameter Publisher:UltiMachine from Part R1
Removed Parameter Publisher:UltiMachine from Part R2
Removed Parameter Publisher:UltiMachine from Part R3
Removed Parameter Publisher:UltiMachine from Part R4
Removed Parameter Publisher:UltiMachine from Part R5
Removed Parameter Publisher:UltiMachine from Part R10
Removed Parameter Publisher:UltiMachine from Part R11
Removed Parameter Publisher:UltiMachine from Part R13
Removed Parameter Publisher:UltiMachine from Part R32
Removed Parameter Publisher:UltiMachine from Part R33
Removed Parameter Publisher:UltiMachine from Part R66
Removed Parameter Publisher:UltiMachine from Part R131
Removed Parameter Publisher:UltiMachine from Part R132
