Change Value of Parameter EE Spec in Part C1 Old=Voltage New=EE Spec
Change Value of Parameter EE Spec in Part C2 Old=Voltage New=EE Spec
Change Value of Parameter EE Spec in Part C3 Old=Voltage New=EE Spec
Change Value of Parameter EE Spec in Part C4 Old=Voltage New=EE Spec
Change Value of Parameter EE Spec in Part C5 Old=Voltage New=EE Spec
Change Value of Parameter EE Spec in Part C6 Old=Voltage New=EE Spec
Change Value of Parameter EE Spec in Part C7 Old=Voltage New=EE Spec
Change Value of Parameter EE Spec in Part C12 Old=Voltage New=EE Spec
Change Value of Parameter EE Spec in Part C13 Old=Voltage New=EE Spec
Change Value of Parameter EE Spec in Part C15 Old=Voltage New=EE Spec
Change Value of Parameter EE Spec in Part C16 Old=Voltage New=EE Spec
Change Value of Parameter EE Spec in Part C24 Old=Voltage New=EE Spec
Change Value of Parameter EE Spec in Part C25 Old=Voltage New=EE Spec
Change Value of Parameter EE Spec in Part C26 Old=Voltage New=EE Spec
Change Value of Parameter EE Spec in Part C30 Old=Voltage New=EE Spec
Change Value of Parameter EE Spec in Part C34 Old=Voltage New=EE Spec
Change Value of Parameter EE Spec in Part C35 Old=Voltage New=EE Spec
Change Value of Parameter EE Spec in Part C36 Old=Voltage New=EE Spec
Change Value of Parameter EE Spec in Part C37 Old=Voltage New=EE Spec
Change Value of Parameter EE Spec in Part C38 Old=Voltage New=EE Spec
Change Value of Parameter EE Spec in Part C44 Old=Voltage New=EE Spec
Change Value of Parameter EE Spec in Part C45 Old=Voltage New=EE Spec
Change Value of Parameter EE Spec in Part C46 Old=Voltage New=EE Spec
Change Value of Parameter EE Spec in Part C51 Old=Voltage New=EE Spec
Change Value of Parameter EE Spec in Part C52 Old=Voltage New=EE Spec
Change Value of Parameter EE Spec in Part C53 Old=Voltage New=EE Spec
Change Value of Parameter EE Spec in Part C54 Old=Voltage New=EE Spec
Change Value of Parameter EE Spec in Part C55 Old=Voltage New=EE Spec
Change Value of Parameter EE Spec in Part C56 Old=Voltage New=EE Spec
Change Value of Parameter EE Spec in Part C57 Old=Voltage New=EE Spec
Change Value of Parameter EE Spec in Part C63 Old=Voltage New=EE Spec
Change Value of Parameter EE Spec in Part C65 Old=Voltage New=EE Spec
Change Value of Parameter EE Spec in Part C67 Old=Voltage New=EE Spec
Change Value of Parameter EE Spec in Part C68 Old=Voltage New=EE Spec
Change Value of Parameter EE Spec in Part C69 Old=Voltage New=EE Spec
Change Value of Parameter EE Spec in Part C72 Old=Voltage New=EE Spec
Change Value of Parameter EE Spec in Part C73 Old=Voltage New=EE Spec
Change Value of Parameter EE Spec in Part C80 Old=Voltage New=EE Spec
Change Value of Parameter EE Spec in Part C81 Old=Voltage New=EE Spec
Change Value of Parameter EE Spec in Part C93 Old=Voltage New=EE Spec
Change Value of Parameter EE Spec in Part C94 Old=Voltage New=EE Spec
Change Value of Parameter EE Spec in Part C95 Old=Voltage New=EE Spec
Change Value of Parameter EE Spec in Part C168 Old=Voltage New=EE Spec
Change Value of Parameter EE Spec in Part C170 Old=Voltage New=EE Spec
Change Value of Parameter EE Spec in Part D1 Old=Voltage New=EE Spec
Change Value of Parameter EE Spec in Part D2 Old=Voltage New=EE Spec
Change Value of Parameter EE Spec in Part D5 Old=Voltage New=EE Spec
Change Value of Parameter EE Spec in Part D22 Old=Voltage New=EE Spec
Change Value of Parameter EE Spec in Part D23 Old=Voltage New=EE Spec
Change Value of Parameter EE Spec in Part D43 Old=Voltage New=EE Spec
Change Value of Parameter EE Spec in Part F1 Old=Voltage New=EE Spec
Change Value of Parameter EE Spec in Part F2 Old=Voltage New=EE Spec
Change Value of Parameter EE Spec in Part F3 Old=Voltage New=EE Spec
Change Value of Parameter EE Spec in Part FB26 Old=Voltage New=EE Spec
Change Value of Parameter EE Spec in Part FB27 Old=Voltage New=EE Spec
Change Value of Parameter EE Spec in Part FB28 Old=Voltage New=EE Spec
Change Value of Parameter EE Spec in Part FB30 Old=Voltage New=EE Spec
Change Value of Parameter EE Spec in Part H1 Old=Voltage New=EE Spec
Change Value of Parameter EE Spec in Part H2 Old=Voltage New=EE Spec
Change Value of Parameter EE Spec in Part H3 Old=Voltage New=EE Spec
Change Value of Parameter EE Spec in Part H4 Old=Voltage New=EE Spec
Change Value of Parameter EE Spec in Part H5 Old=Voltage New=EE Spec
Change Value of Parameter EE Spec in Part H6 Old=Voltage New=EE Spec
Change Value of Parameter EE Spec in Part H7 Old=Voltage New=EE Spec
Change Value of Parameter EE Spec in Part J3 Old=Voltage New=EE Spec
Change Value of Parameter EE Spec in Part J3 Old=Voltage New=EE Spec
Change Value of Parameter EE Spec in Part J3 Old=Voltage New=EE Spec
Change Value of Parameter EE Spec in Part J3 Old=Voltage New=EE Spec
Change Value of Parameter EE Spec in Part J3 Old=Voltage New=EE Spec
Change Value of Parameter EE Spec in Part J3 Old=Voltage New=EE Spec
Change Value of Parameter EE Spec in Part J21 Old=Voltage New=EE Spec
Change Value of Parameter EE Spec in Part J21 Old=Voltage New=EE Spec
Change Value of Parameter EE Spec in Part J21 Old=Voltage New=EE Spec
Change Value of Parameter EE Spec in Part J21 Old=Voltage New=EE Spec
Change Value of Parameter EE Spec in Part L1 Old=Voltage New=EE Spec
Change Value of Parameter EE Spec in Part P1 Old=Voltage New=EE Spec
Change Value of Parameter EE Spec in Part R1 Old=Voltage New=EE Spec
Change Value of Parameter EE Spec in Part R2 Old=Voltage New=EE Spec
Change Value of Parameter EE Spec in Part R3 Old=Voltage New=EE Spec
Change Value of Parameter EE Spec in Part R4 Old=Voltage New=EE Spec
Change Value of Parameter EE Spec in Part R5 Old=Voltage New=EE Spec
Change Value of Parameter EE Spec in Part R10 Old=Voltage New=EE Spec
Change Value of Parameter EE Spec in Part R11 Old=Voltage New=EE Spec
Change Value of Parameter EE Spec in Part R13 Old=Voltage New=EE Spec
Change Value of Parameter EE Spec in Part R32 Old=Voltage New=EE Spec
Change Value of Parameter EE Spec in Part R33 Old=Voltage New=EE Spec
Change Value of Parameter EE Spec in Part R66 Old=Voltage New=EE Spec
Change Value of Parameter EE Spec in Part R131 Old=Voltage New=EE Spec
Change Value of Parameter EE Spec in Part R132 Old=Voltage New=EE Spec
Change Value of Parameter EE Spec in Part TP23 Old=Voltage New=EE Spec
Change Value of Parameter EE Spec in Part TP24 Old=Voltage New=EE Spec
Change Value of Parameter EE Spec in Part TP26 Old=Voltage New=EE Spec
Change Value of Parameter EE Spec in Part TP27 Old=Voltage New=EE Spec
Change Value of Parameter EE Spec in Part TP28 Old=Voltage New=EE Spec
Change Value of Parameter EE Spec in Part TP29 Old=Voltage New=EE Spec
Change Value of Parameter EE Spec in Part TP36 Old=Voltage New=EE Spec
Change Value of Parameter EE Spec in Part TP43 Old=Voltage New=EE Spec
Change Value of Parameter EE Spec in Part TP44 Old=Voltage New=EE Spec
Change Value of Parameter EE Spec in Part TP45 Old=Voltage New=EE Spec
Change Value of Parameter EE Spec in Part TP46 Old=Voltage New=EE Spec
Change Value of Parameter EE Spec in Part TP47 Old=Voltage New=EE Spec
Change Value of Parameter EE Spec in Part TP48 Old=Voltage New=EE Spec
Change Value of Parameter EE Spec in Part TP51 Old=Voltage New=EE Spec
Change Value of Parameter EE Spec in Part TP57 Old=Voltage New=EE Spec
Change Value of Parameter EE Spec in Part TP68 Old=Voltage New=EE Spec
Change Value of Parameter EE Spec in Part TP79 Old=Voltage New=EE Spec
Change Value of Parameter EE Spec in Part TP128 Old=Voltage New=EE Spec
Change Value of Parameter EE Spec in Part TP129 Old=Voltage New=EE Spec
Change Value of Parameter EE Spec in Part U1 Old=Voltage New=EE Spec
Change Value of Parameter EE Spec in Part U8 Old=Voltage New=EE Spec
Change Value of Parameter EE Spec in Part U11 Old=Voltage New=EE Spec
