Removed Parameter ComponentLink1Description: from Part C103
Removed Parameter ComponentLink1Description: from Part C161
Removed Parameter ComponentLink1Description: from Part C162
Removed Parameter ComponentLink1Description: from Part C163
Removed Parameter ComponentLink1Description: from Part D28
Removed Parameter ComponentLink1Description: from Part D29
Removed Parameter ComponentLink1Description: from Part D36
Removed Parameter ComponentLink1Description: from Part D37
Removed Parameter ComponentLink1Description: from Part D38
Removed Parameter ComponentLink1Description: from Part D39
Removed Parameter ComponentLink1Description: from Part D40
Removed Parameter ComponentLink1Description: from Part D41
Removed Parameter ComponentLink1Description: from Part J14
Removed Parameter ComponentLink1Description: from Part J14
Removed Parameter ComponentLink1Description: from Part J15
Removed Parameter ComponentLink1Description: from Part J15
Removed Parameter ComponentLink1Description: from Part J16
Removed Parameter ComponentLink1Description: from Part J16
Removed Parameter ComponentLink1Description: from Part J17
Removed Parameter ComponentLink1Description: from Part J17
Removed Parameter ComponentLink1Description: from Part R44
Removed Parameter ComponentLink1Description: from Part R50
Removed Parameter ComponentLink1Description: from Part R62
Removed Parameter ComponentLink1Description: from Part R80
Removed Parameter ComponentLink1Description: from Part R81
Removed Parameter ComponentLink1Description: from Part R87
Removed Parameter ComponentLink1Description: from Part R90
Removed Parameter ComponentLink1Description: from Part R91
Removed Parameter ComponentLink1Description: from Part R92
Removed Parameter ComponentLink1Description: from Part R93
Removed Parameter ComponentLink1Description: from Part R94
Removed Parameter ComponentLink1Description: from Part R95
Removed Parameter ComponentLink1URL: from Part C103
Removed Parameter ComponentLink1URL: from Part C161
Removed Parameter ComponentLink1URL: from Part C162
Removed Parameter ComponentLink1URL: from Part C163
Removed Parameter ComponentLink1URL: from Part D28
Removed Parameter ComponentLink1URL: from Part D29
Removed Parameter ComponentLink1URL: from Part D36
Removed Parameter ComponentLink1URL: from Part D37
Removed Parameter ComponentLink1URL: from Part D38
Removed Parameter ComponentLink1URL: from Part D39
Removed Parameter ComponentLink1URL: from Part D40
Removed Parameter ComponentLink1URL: from Part D41
Removed Parameter ComponentLink1URL: from Part J14
Removed Parameter ComponentLink1URL: from Part J14
Removed Parameter ComponentLink1URL: from Part J15
Removed Parameter ComponentLink1URL: from Part J15
Removed Parameter ComponentLink1URL: from Part J16
Removed Parameter ComponentLink1URL: from Part J16
Removed Parameter ComponentLink1URL: from Part J17
Removed Parameter ComponentLink1URL: from Part J17
Removed Parameter ComponentLink1URL: from Part R44
Removed Parameter ComponentLink1URL: from Part R50
Removed Parameter ComponentLink1URL: from Part R62
Removed Parameter ComponentLink1URL: from Part R80
Removed Parameter ComponentLink1URL: from Part R81
Removed Parameter ComponentLink1URL: from Part R87
Removed Parameter ComponentLink1URL: from Part R90
Removed Parameter ComponentLink1URL: from Part R91
Removed Parameter ComponentLink1URL: from Part R92
Removed Parameter ComponentLink1URL: from Part R93
Removed Parameter ComponentLink1URL: from Part R94
Removed Parameter ComponentLink1URL: from Part R95
Removed Parameter LastRevisionDate:23-Apr-2014 from Part C103
Removed Parameter LastRevisionDate:23-Apr-2014 from Part C161
Removed Parameter LastRevisionDate:23-Apr-2014 from Part C162
Removed Parameter LastRevisionDate:23-Apr-2014 from Part C163
Removed Parameter LastRevisionDate:23-Apr-2014 from Part D28
Removed Parameter LastRevisionDate:23-Apr-2014 from Part D29
Removed Parameter LastRevisionDate:23-Apr-2014 from Part D36
Removed Parameter LastRevisionDate:23-Apr-2014 from Part D37
Removed Parameter LastRevisionDate:23-Apr-2014 from Part D38
Removed Parameter LastRevisionDate:23-Apr-2014 from Part D39
Removed Parameter LastRevisionDate:23-Apr-2014 from Part D40
Removed Parameter LastRevisionDate:23-Apr-2014 from Part D41
Removed Parameter LastRevisionDate:23-Apr-2014 from Part J14
Removed Parameter LastRevisionDate:23-Apr-2014 from Part J14
Removed Parameter LastRevisionDate:23-Apr-2014 from Part J15
Removed Parameter LastRevisionDate:23-Apr-2014 from Part J15
Removed Parameter LastRevisionDate:23-Apr-2014 from Part J16
Removed Parameter LastRevisionDate:23-Apr-2014 from Part J16
Removed Parameter LastRevisionDate:23-Apr-2014 from Part J17
Removed Parameter LastRevisionDate:23-Apr-2014 from Part J17
Removed Parameter LastRevisionDate:23-Apr-2014 from Part R44
Removed Parameter LastRevisionDate:23-Apr-2014 from Part R50
Removed Parameter LastRevisionDate:23-Apr-2014 from Part R62
Removed Parameter LastRevisionDate:23-Apr-2014 from Part R80
Removed Parameter LastRevisionDate:23-Apr-2014 from Part R81
Removed Parameter LastRevisionDate:23-Apr-2014 from Part R87
Removed Parameter LastRevisionDate:23-Apr-2014 from Part R90
Removed Parameter LastRevisionDate:23-Apr-2014 from Part R91
Removed Parameter LastRevisionDate:23-Apr-2014 from Part R92
Removed Parameter LastRevisionDate:23-Apr-2014 from Part R93
Removed Parameter LastRevisionDate:23-Apr-2014 from Part R94
Removed Parameter LastRevisionDate:23-Apr-2014 from Part R95
Removed Parameter LastRevisionNote:ImportComponents from Part C103
Removed Parameter LastRevisionNote:ImportComponents from Part C161
Removed Parameter LastRevisionNote:ImportComponents from Part C162
Removed Parameter LastRevisionNote:ImportComponents from Part C163
Removed Parameter LastRevisionNote:ImportComponents from Part D28
Removed Parameter LastRevisionNote:ImportComponents from Part D29
Removed Parameter LastRevisionNote:ImportComponents from Part D36
Removed Parameter LastRevisionNote:ImportComponents from Part D37
Removed Parameter LastRevisionNote:ImportComponents from Part D38
Removed Parameter LastRevisionNote:ImportComponents from Part D39
Removed Parameter LastRevisionNote:ImportComponents from Part D40
Removed Parameter LastRevisionNote:ImportComponents from Part D41
Removed Parameter LastRevisionNote:ImportComponents from Part J14
Removed Parameter LastRevisionNote:ImportComponents from Part J14
Removed Parameter LastRevisionNote:ImportComponents from Part J15
Removed Parameter LastRevisionNote:ImportComponents from Part J15
Removed Parameter LastRevisionNote:ImportComponents from Part J16
Removed Parameter LastRevisionNote:ImportComponents from Part J16
Removed Parameter LastRevisionNote:ImportComponents from Part J17
Removed Parameter LastRevisionNote:ImportComponents from Part J17
Removed Parameter LastRevisionNote:ImportComponents from Part R44
Removed Parameter LastRevisionNote:ImportComponents from Part R50
Removed Parameter LastRevisionNote:ImportComponents from Part R62
Removed Parameter LastRevisionNote:ImportComponents from Part R80
Removed Parameter LastRevisionNote:ImportComponents from Part R81
Removed Parameter LastRevisionNote:ImportComponents from Part R87
Removed Parameter LastRevisionNote:ImportComponents from Part R90
Removed Parameter LastRevisionNote:ImportComponents from Part R91
Removed Parameter LastRevisionNote:ImportComponents from Part R92
Removed Parameter LastRevisionNote:ImportComponents from Part R93
Removed Parameter LastRevisionNote:ImportComponents from Part R94
Removed Parameter LastRevisionNote:ImportComponents from Part R95
Removed Parameter Published:23-Apr-2014 from Part C103
Removed Parameter Published:23-Apr-2014 from Part C161
Removed Parameter Published:23-Apr-2014 from Part C162
Removed Parameter Published:23-Apr-2014 from Part C163
Removed Parameter Published:23-Apr-2014 from Part D28
Removed Parameter Published:23-Apr-2014 from Part D29
Removed Parameter Published:23-Apr-2014 from Part D36
Removed Parameter Published:23-Apr-2014 from Part D37
Removed Parameter Published:23-Apr-2014 from Part D38
Removed Parameter Published:23-Apr-2014 from Part D39
Removed Parameter Published:23-Apr-2014 from Part D40
Removed Parameter Published:23-Apr-2014 from Part D41
Removed Parameter Published:23-Apr-2014 from Part J14
Removed Parameter Published:23-Apr-2014 from Part J14
Removed Parameter Published:23-Apr-2014 from Part J15
Removed Parameter Published:23-Apr-2014 from Part J15
Removed Parameter Published:23-Apr-2014 from Part J16
Removed Parameter Published:23-Apr-2014 from Part J16
Removed Parameter Published:23-Apr-2014 from Part J17
Removed Parameter Published:23-Apr-2014 from Part J17
Removed Parameter Published:23-Apr-2014 from Part R44
Removed Parameter Published:23-Apr-2014 from Part R50
Removed Parameter Published:23-Apr-2014 from Part R62
Removed Parameter Published:23-Apr-2014 from Part R80
Removed Parameter Published:23-Apr-2014 from Part R81
Removed Parameter Published:23-Apr-2014 from Part R87
Removed Parameter Published:23-Apr-2014 from Part R90
Removed Parameter Published:23-Apr-2014 from Part R91
Removed Parameter Published:23-Apr-2014 from Part R92
Removed Parameter Published:23-Apr-2014 from Part R93
Removed Parameter Published:23-Apr-2014 from Part R94
Removed Parameter Published:23-Apr-2014 from Part R95
Removed Parameter Publisher:Altium Limited from Part TP9
Removed Parameter Publisher:Altium Limited from Part TP10
Removed Parameter Publisher:Altium Limited from Part TP12
Removed Parameter Publisher:Altium Limited from Part TP101
Removed Parameter Publisher:Altium Limited from Part TP106
Removed Parameter Publisher:Altium Limited from Part TP107
Removed Parameter Publisher:Altium Limited from Part TP108
Removed Parameter Publisher:Altium Limited from Part TP109
Removed Parameter Publisher:UltiMachine from Part C103
Removed Parameter Publisher:UltiMachine from Part C161
Removed Parameter Publisher:UltiMachine from Part C162
Removed Parameter Publisher:UltiMachine from Part C163
Removed Parameter Publisher:UltiMachine from Part D28
Removed Parameter Publisher:UltiMachine from Part D29
Removed Parameter Publisher:UltiMachine from Part D36
Removed Parameter Publisher:UltiMachine from Part D37
Removed Parameter Publisher:UltiMachine from Part D38
Removed Parameter Publisher:UltiMachine from Part D39
Removed Parameter Publisher:UltiMachine from Part D40
Removed Parameter Publisher:UltiMachine from Part D41
Removed Parameter Publisher:UltiMachine from Part J14
Removed Parameter Publisher:UltiMachine from Part J14
Removed Parameter Publisher:UltiMachine from Part J15
Removed Parameter Publisher:UltiMachine from Part J15
Removed Parameter Publisher:UltiMachine from Part J16
Removed Parameter Publisher:UltiMachine from Part J16
Removed Parameter Publisher:UltiMachine from Part J17
Removed Parameter Publisher:UltiMachine from Part J17
Removed Parameter Publisher:UltiMachine from Part R44
Removed Parameter Publisher:UltiMachine from Part R50
Removed Parameter Publisher:UltiMachine from Part R62
Removed Parameter Publisher:UltiMachine from Part R80
Removed Parameter Publisher:UltiMachine from Part R81
Removed Parameter Publisher:UltiMachine from Part R87
Removed Parameter Publisher:UltiMachine from Part R90
Removed Parameter Publisher:UltiMachine from Part R91
Removed Parameter Publisher:UltiMachine from Part R92
Removed Parameter Publisher:UltiMachine from Part R93
Removed Parameter Publisher:UltiMachine from Part R94
Removed Parameter Publisher:UltiMachine from Part R95
