Added Parameter DNI= to Part C103
Added Parameter DNI= to Part C161
Added Parameter DNI= to Part C162
Added Parameter DNI= to Part C163
Added Parameter DNI= to Part D28
Added Parameter DNI= to Part D29
Added Parameter DNI= to Part D36
Added Parameter DNI= to Part D37
Added Parameter DNI= to Part D38
Added Parameter DNI= to Part D39
Added Parameter DNI= to Part D40
Added Parameter DNI= to Part D41
Added Parameter DNI= to Part J14
Added Parameter DNI= to Part J14
Added Parameter DNI= to Part J15
Added Parameter DNI= to Part J15
Added Parameter DNI= to Part J16
Added Parameter DNI= to Part J16
Added Parameter DNI= to Part J17
Added Parameter DNI= to Part J17
Added Parameter DNI= to Part R44
Added Parameter DNI= to Part R50
Added Parameter DNI= to Part R62
Added Parameter DNI= to Part R80
Added Parameter DNI= to Part R81
Added Parameter DNI= to Part R87
Added Parameter DNI= to Part R90
Added Parameter DNI= to Part R91
Added Parameter DNI= to Part R92
Added Parameter DNI= to Part R93
Added Parameter DNI= to Part R94
Added Parameter DNI= to Part R95
Added Parameter DNI= to Part TP9
Added Parameter DNI= to Part TP10
Added Parameter DNI= to Part TP12
Added Parameter DNI= to Part TP101
Added Parameter DNI= to Part TP106
Added Parameter DNI= to Part TP107
Added Parameter DNI= to Part TP108
Added Parameter DNI= to Part TP109
