Added Parameter DISTRIBUTOR #= to Part C103
Added Parameter DISTRIBUTOR #= to Part C161
Added Parameter DISTRIBUTOR #= to Part C162
Added Parameter DISTRIBUTOR #= to Part C163
Added Parameter DISTRIBUTOR #= to Part D28
Added Parameter DISTRIBUTOR #= to Part D29
Added Parameter DISTRIBUTOR #= to Part D36
Added Parameter DISTRIBUTOR #= to Part D37
Added Parameter DISTRIBUTOR #= to Part D38
Added Parameter DISTRIBUTOR #= to Part D39
Added Parameter DISTRIBUTOR #= to Part D40
Added Parameter DISTRIBUTOR #= to Part D41
Added Parameter DISTRIBUTOR #= to Part J14
Added Parameter DISTRIBUTOR #= to Part J14
Added Parameter DISTRIBUTOR #= to Part J15
Added Parameter DISTRIBUTOR #= to Part J15
Added Parameter DISTRIBUTOR #= to Part J16
Added Parameter DISTRIBUTOR #= to Part J16
Added Parameter DISTRIBUTOR #= to Part J17
Added Parameter DISTRIBUTOR #= to Part J17
Added Parameter DISTRIBUTOR #= to Part R44
Added Parameter DISTRIBUTOR #= to Part R50
Added Parameter DISTRIBUTOR #= to Part R62
Added Parameter DISTRIBUTOR #= to Part R80
Added Parameter DISTRIBUTOR #= to Part R81
Added Parameter DISTRIBUTOR #= to Part R87
Added Parameter DISTRIBUTOR #= to Part R90
Added Parameter DISTRIBUTOR #= to Part R91
Added Parameter DISTRIBUTOR #= to Part R92
Added Parameter DISTRIBUTOR #= to Part R93
Added Parameter DISTRIBUTOR #= to Part R94
Added Parameter DISTRIBUTOR #= to Part R95
Added Parameter DISTRIBUTOR #= to Part TP9
Added Parameter DISTRIBUTOR #= to Part TP10
Added Parameter DISTRIBUTOR #= to Part TP12
Added Parameter DISTRIBUTOR #= to Part TP101
Added Parameter DISTRIBUTOR #= to Part TP106
Added Parameter DISTRIBUTOR #= to Part TP107
Added Parameter DISTRIBUTOR #= to Part TP108
Added Parameter DISTRIBUTOR #= to Part TP109
Added Parameter DISTRIBUTOR= to Part C103
Added Parameter DISTRIBUTOR= to Part C161
Added Parameter DISTRIBUTOR= to Part C162
Added Parameter DISTRIBUTOR= to Part C163
Added Parameter DISTRIBUTOR= to Part D28
Added Parameter DISTRIBUTOR= to Part D29
Added Parameter DISTRIBUTOR= to Part D36
Added Parameter DISTRIBUTOR= to Part D37
Added Parameter DISTRIBUTOR= to Part D38
Added Parameter DISTRIBUTOR= to Part D39
Added Parameter DISTRIBUTOR= to Part D40
Added Parameter DISTRIBUTOR= to Part D41
Added Parameter DISTRIBUTOR= to Part J14
Added Parameter DISTRIBUTOR= to Part J14
Added Parameter DISTRIBUTOR= to Part J15
Added Parameter DISTRIBUTOR= to Part J15
Added Parameter DISTRIBUTOR= to Part J16
Added Parameter DISTRIBUTOR= to Part J16
Added Parameter DISTRIBUTOR= to Part J17
Added Parameter DISTRIBUTOR= to Part J17
Added Parameter DISTRIBUTOR= to Part R44
Added Parameter DISTRIBUTOR= to Part R50
Added Parameter DISTRIBUTOR= to Part R62
Added Parameter DISTRIBUTOR= to Part R80
Added Parameter DISTRIBUTOR= to Part R81
Added Parameter DISTRIBUTOR= to Part R87
Added Parameter DISTRIBUTOR= to Part R90
Added Parameter DISTRIBUTOR= to Part R91
Added Parameter DISTRIBUTOR= to Part R92
Added Parameter DISTRIBUTOR= to Part R93
Added Parameter DISTRIBUTOR= to Part R94
Added Parameter DISTRIBUTOR= to Part R95
Added Parameter DISTRIBUTOR= to Part TP9
Added Parameter DISTRIBUTOR= to Part TP10
Added Parameter DISTRIBUTOR= to Part TP12
Added Parameter DISTRIBUTOR= to Part TP101
Added Parameter DISTRIBUTOR= to Part TP106
Added Parameter DISTRIBUTOR= to Part TP107
Added Parameter DISTRIBUTOR= to Part TP108
Added Parameter DISTRIBUTOR= to Part TP109
Added Parameter PART= to Part C103
Added Parameter PART= to Part C161
Added Parameter PART= to Part C162
Added Parameter PART= to Part C163
Added Parameter PART= to Part D28
Added Parameter PART= to Part D29
Added Parameter PART= to Part D36
Added Parameter PART= to Part D37
Added Parameter PART= to Part D38
Added Parameter PART= to Part D39
Added Parameter PART= to Part D40
Added Parameter PART= to Part D41
Added Parameter PART= to Part J14
Added Parameter PART= to Part J14
Added Parameter PART= to Part J15
Added Parameter PART= to Part J15
Added Parameter PART= to Part J16
Added Parameter PART= to Part J16
Added Parameter PART= to Part J17
Added Parameter PART= to Part J17
Added Parameter PART= to Part R44
Added Parameter PART= to Part R50
Added Parameter PART= to Part R62
Added Parameter PART= to Part R80
Added Parameter PART= to Part R81
Added Parameter PART= to Part R87
Added Parameter PART= to Part R90
Added Parameter PART= to Part R91
Added Parameter PART= to Part R92
Added Parameter PART= to Part R93
Added Parameter PART= to Part R94
Added Parameter PART= to Part R95
Added Parameter PART= to Part TP9
Added Parameter PART= to Part TP10
Added Parameter PART= to Part TP12
Added Parameter PART= to Part TP101
Added Parameter PART= to Part TP106
Added Parameter PART= to Part TP107
Added Parameter PART= to Part TP108
Added Parameter PART= to Part TP109
Added Parameter Part Description= to Part C103
Added Parameter Part Description= to Part C161
Added Parameter Part Description= to Part C162
Added Parameter Part Description= to Part C163
Added Parameter Part Description= to Part D28
Added Parameter Part Description= to Part D29
Added Parameter Part Description= to Part D36
Added Parameter Part Description= to Part D37
Added Parameter Part Description= to Part D38
Added Parameter Part Description= to Part D39
Added Parameter Part Description= to Part D40
Added Parameter Part Description= to Part D41
Added Parameter Part Description= to Part J14
Added Parameter Part Description= to Part J14
Added Parameter Part Description= to Part J15
Added Parameter Part Description= to Part J15
Added Parameter Part Description= to Part J16
Added Parameter Part Description= to Part J16
Added Parameter Part Description= to Part J17
Added Parameter Part Description= to Part J17
Added Parameter Part Description= to Part R44
Added Parameter Part Description= to Part R50
Added Parameter Part Description= to Part R62
Added Parameter Part Description= to Part R80
Added Parameter Part Description= to Part R81
Added Parameter Part Description= to Part R87
Added Parameter Part Description= to Part R90
Added Parameter Part Description= to Part R91
Added Parameter Part Description= to Part R92
Added Parameter Part Description= to Part R93
Added Parameter Part Description= to Part R94
Added Parameter Part Description= to Part R95
Added Parameter Part Description= to Part TP9
Added Parameter Part Description= to Part TP10
Added Parameter Part Description= to Part TP12
Added Parameter Part Description= to Part TP101
Added Parameter Part Description= to Part TP106
Added Parameter Part Description= to Part TP107
Added Parameter Part Description= to Part TP108
Added Parameter Part Description= to Part TP109
Added Parameter Tolerance= to Part C103
Added Parameter Tolerance= to Part C161
Added Parameter Tolerance= to Part C162
Added Parameter Tolerance= to Part C163
Added Parameter Tolerance= to Part D28
Added Parameter Tolerance= to Part D29
Added Parameter Tolerance= to Part D36
Added Parameter Tolerance= to Part D37
Added Parameter Tolerance= to Part D38
Added Parameter Tolerance= to Part D39
Added Parameter Tolerance= to Part D40
Added Parameter Tolerance= to Part D41
Added Parameter Tolerance= to Part J14
Added Parameter Tolerance= to Part J14
Added Parameter Tolerance= to Part J15
Added Parameter Tolerance= to Part J15
Added Parameter Tolerance= to Part J16
Added Parameter Tolerance= to Part J16
Added Parameter Tolerance= to Part J17
Added Parameter Tolerance= to Part J17
Added Parameter Tolerance= to Part R44
Added Parameter Tolerance= to Part R50
Added Parameter Tolerance= to Part R62
Added Parameter Tolerance= to Part R80
Added Parameter Tolerance= to Part R81
Added Parameter Tolerance= to Part R87
Added Parameter Tolerance= to Part R90
Added Parameter Tolerance= to Part R91
Added Parameter Tolerance= to Part R92
Added Parameter Tolerance= to Part R93
Added Parameter Tolerance= to Part R94
Added Parameter Tolerance= to Part R95
Added Parameter Tolerance= to Part TP9
Added Parameter Tolerance= to Part TP10
Added Parameter Tolerance= to Part TP12
Added Parameter Tolerance= to Part TP101
Added Parameter Tolerance= to Part TP106
Added Parameter Tolerance= to Part TP107
Added Parameter Tolerance= to Part TP108
Added Parameter Tolerance= to Part TP109
Added Parameter Value= to Part J14
Added Parameter Value= to Part J14
Added Parameter Value= to Part J15
Added Parameter Value= to Part J15
Added Parameter Value= to Part J16
Added Parameter Value= to Part J16
Added Parameter Value= to Part J17
Added Parameter Value= to Part J17
Added Parameter Value= to Part TP9
Added Parameter Value= to Part TP10
Added Parameter Value= to Part TP12
Added Parameter Value= to Part TP101
Added Parameter Value= to Part TP106
Added Parameter Value= to Part TP107
Added Parameter Value= to Part TP108
Added Parameter Value= to Part TP109
Added Parameter Voltage= to Part C103
Added Parameter Voltage= to Part C161
Added Parameter Voltage= to Part C162
Added Parameter Voltage= to Part C163
Added Parameter Voltage= to Part D28
Added Parameter Voltage= to Part D29
Added Parameter Voltage= to Part D36
Added Parameter Voltage= to Part D37
Added Parameter Voltage= to Part D38
Added Parameter Voltage= to Part D39
Added Parameter Voltage= to Part D40
Added Parameter Voltage= to Part D41
Added Parameter Voltage= to Part J14
Added Parameter Voltage= to Part J14
Added Parameter Voltage= to Part J15
Added Parameter Voltage= to Part J15
Added Parameter Voltage= to Part J16
Added Parameter Voltage= to Part J16
Added Parameter Voltage= to Part J17
Added Parameter Voltage= to Part J17
Added Parameter Voltage= to Part R44
Added Parameter Voltage= to Part R50
Added Parameter Voltage= to Part R62
Added Parameter Voltage= to Part R80
Added Parameter Voltage= to Part R81
Added Parameter Voltage= to Part R87
Added Parameter Voltage= to Part R90
Added Parameter Voltage= to Part R91
Added Parameter Voltage= to Part R92
Added Parameter Voltage= to Part R93
Added Parameter Voltage= to Part R94
Added Parameter Voltage= to Part R95
Added Parameter Voltage= to Part TP9
Added Parameter Voltage= to Part TP10
Added Parameter Voltage= to Part TP12
Added Parameter Voltage= to Part TP101
Added Parameter Voltage= to Part TP106
Added Parameter Voltage= to Part TP107
Added Parameter Voltage= to Part TP108
Added Parameter Voltage= to Part TP109
