Change Value of Parameter EE Spec in Part C103 Old=Voltage New=EE Spec
Change Value of Parameter EE Spec in Part C161 Old=Voltage New=EE Spec
Change Value of Parameter EE Spec in Part C162 Old=Voltage New=EE Spec
Change Value of Parameter EE Spec in Part C163 Old=Voltage New=EE Spec
Change Value of Parameter EE Spec in Part D28 Old=Voltage New=EE Spec
Change Value of Parameter EE Spec in Part D29 Old=Voltage New=EE Spec
Change Value of Parameter EE Spec in Part D36 Old=Voltage New=EE Spec
Change Value of Parameter EE Spec in Part D37 Old=Voltage New=EE Spec
Change Value of Parameter EE Spec in Part D38 Old=Voltage New=EE Spec
Change Value of Parameter EE Spec in Part D39 Old=Voltage New=EE Spec
Change Value of Parameter EE Spec in Part D40 Old=Voltage New=EE Spec
Change Value of Parameter EE Spec in Part D41 Old=Voltage New=EE Spec
Change Value of Parameter EE Spec in Part J14 Old=Voltage New=EE Spec
Change Value of Parameter EE Spec in Part J14 Old=Voltage New=EE Spec
Change Value of Parameter EE Spec in Part J15 Old=Voltage New=EE Spec
Change Value of Parameter EE Spec in Part J15 Old=Voltage New=EE Spec
Change Value of Parameter EE Spec in Part J16 Old=Voltage New=EE Spec
Change Value of Parameter EE Spec in Part J16 Old=Voltage New=EE Spec
Change Value of Parameter EE Spec in Part J17 Old=Voltage New=EE Spec
Change Value of Parameter EE Spec in Part J17 Old=Voltage New=EE Spec
Change Value of Parameter EE Spec in Part R44 Old=Voltage New=EE Spec
Change Value of Parameter EE Spec in Part R50 Old=Voltage New=EE Spec
Change Value of Parameter EE Spec in Part R62 Old=Voltage New=EE Spec
Change Value of Parameter EE Spec in Part R80 Old=Voltage New=EE Spec
Change Value of Parameter EE Spec in Part R81 Old=Voltage New=EE Spec
Change Value of Parameter EE Spec in Part R87 Old=Voltage New=EE Spec
Change Value of Parameter EE Spec in Part R90 Old=Voltage New=EE Spec
Change Value of Parameter EE Spec in Part R91 Old=Voltage New=EE Spec
Change Value of Parameter EE Spec in Part R92 Old=Voltage New=EE Spec
Change Value of Parameter EE Spec in Part R93 Old=Voltage New=EE Spec
Change Value of Parameter EE Spec in Part R94 Old=Voltage New=EE Spec
Change Value of Parameter EE Spec in Part R95 Old=Voltage New=EE Spec
Change Value of Parameter EE Spec in Part TP9 Old=Voltage New=EE Spec
Change Value of Parameter EE Spec in Part TP10 Old=Voltage New=EE Spec
Change Value of Parameter EE Spec in Part TP12 Old=Voltage New=EE Spec
Change Value of Parameter EE Spec in Part TP101 Old=Voltage New=EE Spec
Change Value of Parameter EE Spec in Part TP106 Old=Voltage New=EE Spec
Change Value of Parameter EE Spec in Part TP107 Old=Voltage New=EE Spec
Change Value of Parameter EE Spec in Part TP108 Old=Voltage New=EE Spec
Change Value of Parameter EE Spec in Part TP109 Old=Voltage New=EE Spec
