Change Value of Parameter DISTRIBUTOR # in Part J14 Old= New=WM4800-ND
Change Value of Parameter DISTRIBUTOR in Part J14 Old= New=Digikey
Change Value of Parameter MANUFACTURER # in Part J14 Old= New=0705430001
Change Value of Parameter Manufacturer in Part J14 Old= New=Molex
Change Value of Parameter PART in Part J14 Old= New=10 Pin Conn
Change Value of Parameter Part Description in Part J14 Old= New=2 Positions Header, Shrouded Connector 0.100" (2.54mm) Through Hole Gold
Change Value of Parameter Tolerance in Part J14 Old= New=-NA-
Change Value of Parameter Value in Part J14 Old= New=HDR2
Change Value of Parameter Voltage in Part J14 Old= New=-NA-
Change Value of Parameter DISTRIBUTOR # in Part J14 Old= New=WM4800-ND
Change Value of Parameter DISTRIBUTOR in Part J14 Old= New=Digikey
Change Value of Parameter MANUFACTURER # in Part J14 Old= New=0705430001
Change Value of Parameter Manufacturer in Part J14 Old= New=Molex
Change Value of Parameter PART in Part J14 Old= New=10 Pin Conn
Change Value of Parameter Part Description in Part J14 Old= New=2 Positions Header, Shrouded Connector 0.100" (2.54mm) Through Hole Gold
Change Value of Parameter Tolerance in Part J14 Old= New=-NA-
Change Value of Parameter Value in Part J14 Old= New=HDR2
Change Value of Parameter Voltage in Part J14 Old= New=-NA-
Change Value of Parameter DISTRIBUTOR # in Part J15 Old= New=WM4800-ND
Change Value of Parameter DISTRIBUTOR in Part J15 Old= New=Digikey
Change Value of Parameter MANUFACTURER # in Part J15 Old= New=0705430001
Change Value of Parameter Manufacturer in Part J15 Old= New=Molex
Change Value of Parameter PART in Part J15 Old= New=10 Pin Conn
Change Value of Parameter Part Description in Part J15 Old= New=2 Positions Header, Shrouded Connector 0.100" (2.54mm) Through Hole Gold
Change Value of Parameter Tolerance in Part J15 Old= New=-NA-
Change Value of Parameter Value in Part J15 Old= New=HDR2
Change Value of Parameter Voltage in Part J15 Old= New=-NA-
Change Value of Parameter DISTRIBUTOR # in Part J15 Old= New=WM4800-ND
Change Value of Parameter DISTRIBUTOR in Part J15 Old= New=Digikey
Change Value of Parameter MANUFACTURER # in Part J15 Old= New=0705430001
Change Value of Parameter Manufacturer in Part J15 Old= New=Molex
Change Value of Parameter PART in Part J15 Old= New=10 Pin Conn
Change Value of Parameter Part Description in Part J15 Old= New=2 Positions Header, Shrouded Connector 0.100" (2.54mm) Through Hole Gold
Change Value of Parameter Tolerance in Part J15 Old= New=-NA-
Change Value of Parameter Value in Part J15 Old= New=HDR2
Change Value of Parameter Voltage in Part J15 Old= New=-NA-
Change Value of Parameter DISTRIBUTOR # in Part J16 Old= New=WM4800-ND
Change Value of Parameter DISTRIBUTOR in Part J16 Old= New=Digikey
Change Value of Parameter MANUFACTURER # in Part J16 Old= New=0705430001
Change Value of Parameter Manufacturer in Part J16 Old= New=Molex
Change Value of Parameter PART in Part J16 Old= New=10 Pin Conn
Change Value of Parameter Part Description in Part J16 Old= New=2 Positions Header, Shrouded Connector 0.100" (2.54mm) Through Hole Gold
Change Value of Parameter Tolerance in Part J16 Old= New=-NA-
Change Value of Parameter Value in Part J16 Old= New=HDR2
Change Value of Parameter Voltage in Part J16 Old= New=-NA-
Change Value of Parameter DISTRIBUTOR # in Part J16 Old= New=WM4800-ND
Change Value of Parameter DISTRIBUTOR in Part J16 Old= New=Digikey
Change Value of Parameter MANUFACTURER # in Part J16 Old= New=0705430001
Change Value of Parameter Manufacturer in Part J16 Old= New=Molex
Change Value of Parameter PART in Part J16 Old= New=10 Pin Conn
Change Value of Parameter Part Description in Part J16 Old= New=2 Positions Header, Shrouded Connector 0.100" (2.54mm) Through Hole Gold
Change Value of Parameter Tolerance in Part J16 Old= New=-NA-
Change Value of Parameter Value in Part J16 Old= New=HDR2
Change Value of Parameter Voltage in Part J16 Old= New=-NA-
Change Value of Parameter DISTRIBUTOR # in Part J17 Old= New=WM4800-ND
Change Value of Parameter DISTRIBUTOR in Part J17 Old= New=Digikey
Change Value of Parameter MANUFACTURER # in Part J17 Old= New=0705430001
Change Value of Parameter Manufacturer in Part J17 Old= New=Molex
Change Value of Parameter PART in Part J17 Old= New=10 Pin Conn
Change Value of Parameter Part Description in Part J17 Old= New=2 Positions Header, Shrouded Connector 0.100" (2.54mm) Through Hole Gold
Change Value of Parameter Tolerance in Part J17 Old= New=-NA-
Change Value of Parameter Value in Part J17 Old= New=HDR2
Change Value of Parameter Voltage in Part J17 Old= New=-NA-
Change Value of Parameter DISTRIBUTOR # in Part J17 Old= New=WM4800-ND
Change Value of Parameter DISTRIBUTOR in Part J17 Old= New=Digikey
Change Value of Parameter MANUFACTURER # in Part J17 Old= New=0705430001
Change Value of Parameter Manufacturer in Part J17 Old= New=Molex
Change Value of Parameter PART in Part J17 Old= New=10 Pin Conn
Change Value of Parameter Part Description in Part J17 Old= New=2 Positions Header, Shrouded Connector 0.100" (2.54mm) Through Hole Gold
Change Value of Parameter Tolerance in Part J17 Old= New=-NA-
Change Value of Parameter Value in Part J17 Old= New=HDR2
Change Value of Parameter Voltage in Part J17 Old= New=-NA-
