Change Value of Parameter DISTRIBUTOR # in Part C103 Old= New=490-3261-2-ND
Change Value of Parameter DISTRIBUTOR in Part C103 Old= New=Digikey
Change Value of Parameter Manufacturer in Part C103 Old= New=Murata
Change Value of Parameter PART in Part C103 Old= New=0.1uF 16V X7R 0402
Change Value of Parameter Part Description in Part C103 Old= New=0.10µF ±10% 16V Ceramic Capacitor X7R 0402 (1005 Metric)
Change Value of Parameter Tolerance in Part C103 Old= New=10%
Change Value of Parameter Voltage in Part C103 Old= New=16V
Change Value of Parameter DISTRIBUTOR # in Part C161 Old= New=490-3261-2-ND
Change Value of Parameter DISTRIBUTOR in Part C161 Old= New=Digikey
Change Value of Parameter Manufacturer in Part C161 Old= New=Murata
Change Value of Parameter PART in Part C161 Old= New=0.1uF 16V X7R 0402
Change Value of Parameter Part Description in Part C161 Old= New=0.10µF ±10% 16V Ceramic Capacitor X7R 0402 (1005 Metric)
Change Value of Parameter Tolerance in Part C161 Old= New=10%
Change Value of Parameter Voltage in Part C161 Old= New=16V
Change Value of Parameter DISTRIBUTOR # in Part C162 Old= New=490-3261-2-ND
Change Value of Parameter DISTRIBUTOR in Part C162 Old= New=Digikey
Change Value of Parameter Manufacturer in Part C162 Old= New=Murata
Change Value of Parameter PART in Part C162 Old= New=0.1uF 16V X7R 0402
Change Value of Parameter Part Description in Part C162 Old= New=0.10µF ±10% 16V Ceramic Capacitor X7R 0402 (1005 Metric)
Change Value of Parameter Tolerance in Part C162 Old= New=10%
Change Value of Parameter Voltage in Part C162 Old= New=16V
Change Value of Parameter DISTRIBUTOR # in Part C163 Old= New=490-3261-2-ND
Change Value of Parameter DISTRIBUTOR in Part C163 Old= New=Digikey
Change Value of Parameter Manufacturer in Part C163 Old= New=Murata
Change Value of Parameter PART in Part C163 Old= New=0.1uF 16V X7R 0402
Change Value of Parameter Part Description in Part C163 Old= New=0.10µF ±10% 16V Ceramic Capacitor X7R 0402 (1005 Metric)
Change Value of Parameter Tolerance in Part C163 Old= New=10%
Change Value of Parameter Voltage in Part C163 Old= New=16V
