Change Value of Parameter DISTRIBUTOR # in Part D28 Old= New=BAT54WT-7DI-ND
Change Value of Parameter DISTRIBUTOR in Part D28 Old= New=Digikey
Change Value of Parameter PART in Part D28 Old= New=Schottky Diode
Change Value of Parameter Part Description in Part D28 Old= New=Diode Schottky 30V 100mA Surface Mount SOD-523
Change Value of Parameter Tolerance in Part D28 Old= New=-NA-
Change Value of Parameter Voltage in Part D28 Old= New=30V 100mA
Change Value of Parameter DISTRIBUTOR # in Part D29 Old= New=BAT54WT-7DI-ND
Change Value of Parameter DISTRIBUTOR in Part D29 Old= New=Digikey
Change Value of Parameter PART in Part D29 Old= New=Schottky Diode
Change Value of Parameter Part Description in Part D29 Old= New=Diode Schottky 30V 100mA Surface Mount SOD-523
Change Value of Parameter Tolerance in Part D29 Old= New=-NA-
Change Value of Parameter Voltage in Part D29 Old= New=30V 100mA
Change Value of Parameter DISTRIBUTOR # in Part D36 Old= New=BAT54WT-7DI-ND
Change Value of Parameter DISTRIBUTOR in Part D36 Old= New=Digikey
Change Value of Parameter PART in Part D36 Old= New=Schottky Diode
Change Value of Parameter Part Description in Part D36 Old= New=Diode Schottky 30V 100mA Surface Mount SOD-523
Change Value of Parameter Tolerance in Part D36 Old= New=-NA-
Change Value of Parameter Voltage in Part D36 Old= New=30V 100mA
Change Value of Parameter DISTRIBUTOR # in Part D37 Old= New=BAT54WT-7DI-ND
Change Value of Parameter DISTRIBUTOR in Part D37 Old= New=Digikey
Change Value of Parameter PART in Part D37 Old= New=Schottky Diode
Change Value of Parameter Part Description in Part D37 Old= New=Diode Schottky 30V 100mA Surface Mount SOD-523
Change Value of Parameter Tolerance in Part D37 Old= New=-NA-
Change Value of Parameter Voltage in Part D37 Old= New=30V 100mA
Change Value of Parameter DISTRIBUTOR # in Part D38 Old= New=BAT54WT-7DI-ND
Change Value of Parameter DISTRIBUTOR in Part D38 Old= New=Digikey
Change Value of Parameter PART in Part D38 Old= New=Schottky Diode
Change Value of Parameter Part Description in Part D38 Old= New=Diode Schottky 30V 100mA Surface Mount SOD-523
Change Value of Parameter Tolerance in Part D38 Old= New=-NA-
Change Value of Parameter Voltage in Part D38 Old= New=30V 100mA
Change Value of Parameter DISTRIBUTOR # in Part D39 Old= New=BAT54WT-7DI-ND
Change Value of Parameter DISTRIBUTOR in Part D39 Old= New=Digikey
Change Value of Parameter PART in Part D39 Old= New=Schottky Diode
Change Value of Parameter Part Description in Part D39 Old= New=Diode Schottky 30V 100mA Surface Mount SOD-523
Change Value of Parameter Tolerance in Part D39 Old= New=-NA-
Change Value of Parameter Voltage in Part D39 Old= New=30V 100mA
Change Value of Parameter DISTRIBUTOR # in Part D40 Old= New=BAT54WT-7DI-ND
Change Value of Parameter DISTRIBUTOR in Part D40 Old= New=Digikey
Change Value of Parameter PART in Part D40 Old= New=Schottky Diode
Change Value of Parameter Part Description in Part D40 Old= New=Diode Schottky 30V 100mA Surface Mount SOD-523
Change Value of Parameter Tolerance in Part D40 Old= New=-NA-
Change Value of Parameter Voltage in Part D40 Old= New=30V 100mA
Change Value of Parameter DISTRIBUTOR # in Part D41 Old= New=BAT54WT-7DI-ND
Change Value of Parameter DISTRIBUTOR in Part D41 Old= New=Digikey
Change Value of Parameter PART in Part D41 Old= New=Schottky Diode
Change Value of Parameter Part Description in Part D41 Old= New=Diode Schottky 30V 100mA Surface Mount SOD-523
Change Value of Parameter Tolerance in Part D41 Old= New=-NA-
Change Value of Parameter Voltage in Part D41 Old= New=30V 100mA
