Change Value of Parameter EE_SPEC in Part C103 Old=EE Spec New=EE_SPEC
Change Value of Parameter MANUFACTURER in Part C103 Old=Manufacturer New=MANUFACTURER
Change Value of Parameter PART DESCRIPTION in Part C103 Old=Part Description New=PART DESCRIPTION
Change Value of Parameter TOLERANCE in Part C103 Old=Tolerance New=TOLERANCE
Change Value of Parameter EE_SPEC in Part C161 Old=EE Spec New=EE_SPEC
Change Value of Parameter MANUFACTURER in Part C161 Old=Manufacturer New=MANUFACTURER
Change Value of Parameter PART DESCRIPTION in Part C161 Old=Part Description New=PART DESCRIPTION
Change Value of Parameter TOLERANCE in Part C161 Old=Tolerance New=TOLERANCE
Change Value of Parameter EE_SPEC in Part C162 Old=EE Spec New=EE_SPEC
Change Value of Parameter MANUFACTURER in Part C162 Old=Manufacturer New=MANUFACTURER
Change Value of Parameter PART DESCRIPTION in Part C162 Old=Part Description New=PART DESCRIPTION
Change Value of Parameter TOLERANCE in Part C162 Old=Tolerance New=TOLERANCE
Change Value of Parameter EE_SPEC in Part C163 Old=EE Spec New=EE_SPEC
Change Value of Parameter MANUFACTURER in Part C163 Old=Manufacturer New=MANUFACTURER
Change Value of Parameter PART DESCRIPTION in Part C163 Old=Part Description New=PART DESCRIPTION
Change Value of Parameter TOLERANCE in Part C163 Old=Tolerance New=TOLERANCE
Change Value of Parameter EE_SPEC in Part D28 Old=EE Spec New=EE_SPEC
Change Value of Parameter MANUFACTURER in Part D28 Old=Manufacturer New=MANUFACTURER
Change Value of Parameter PART DESCRIPTION in Part D28 Old=Part Description New=PART DESCRIPTION
Change Value of Parameter TOLERANCE in Part D28 Old=Tolerance New=TOLERANCE
Change Value of Parameter VALUE in Part D28 Old=Value New=VALUE
Change Value of Parameter EE_SPEC in Part D29 Old=EE Spec New=EE_SPEC
Change Value of Parameter MANUFACTURER in Part D29 Old=Manufacturer New=MANUFACTURER
Change Value of Parameter PART DESCRIPTION in Part D29 Old=Part Description New=PART DESCRIPTION
Change Value of Parameter TOLERANCE in Part D29 Old=Tolerance New=TOLERANCE
Change Value of Parameter VALUE in Part D29 Old=Value New=VALUE
Change Value of Parameter EE_SPEC in Part D36 Old=EE Spec New=EE_SPEC
Change Value of Parameter MANUFACTURER in Part D36 Old=Manufacturer New=MANUFACTURER
Change Value of Parameter PART DESCRIPTION in Part D36 Old=Part Description New=PART DESCRIPTION
Change Value of Parameter TOLERANCE in Part D36 Old=Tolerance New=TOLERANCE
Change Value of Parameter VALUE in Part D36 Old=Value New=VALUE
Change Value of Parameter EE_SPEC in Part D37 Old=EE Spec New=EE_SPEC
Change Value of Parameter MANUFACTURER in Part D37 Old=Manufacturer New=MANUFACTURER
Change Value of Parameter PART DESCRIPTION in Part D37 Old=Part Description New=PART DESCRIPTION
Change Value of Parameter TOLERANCE in Part D37 Old=Tolerance New=TOLERANCE
Change Value of Parameter VALUE in Part D37 Old=Value New=VALUE
Change Value of Parameter EE_SPEC in Part D38 Old=EE Spec New=EE_SPEC
Change Value of Parameter MANUFACTURER in Part D38 Old=Manufacturer New=MANUFACTURER
Change Value of Parameter PART DESCRIPTION in Part D38 Old=Part Description New=PART DESCRIPTION
Change Value of Parameter TOLERANCE in Part D38 Old=Tolerance New=TOLERANCE
Change Value of Parameter VALUE in Part D38 Old=Value New=VALUE
Change Value of Parameter EE_SPEC in Part D39 Old=EE Spec New=EE_SPEC
Change Value of Parameter MANUFACTURER in Part D39 Old=Manufacturer New=MANUFACTURER
Change Value of Parameter PART DESCRIPTION in Part D39 Old=Part Description New=PART DESCRIPTION
Change Value of Parameter TOLERANCE in Part D39 Old=Tolerance New=TOLERANCE
Change Value of Parameter VALUE in Part D39 Old=Value New=VALUE
Change Value of Parameter EE_SPEC in Part D40 Old=EE Spec New=EE_SPEC
Change Value of Parameter MANUFACTURER in Part D40 Old=Manufacturer New=MANUFACTURER
Change Value of Parameter PART DESCRIPTION in Part D40 Old=Part Description New=PART DESCRIPTION
Change Value of Parameter TOLERANCE in Part D40 Old=Tolerance New=TOLERANCE
Change Value of Parameter VALUE in Part D40 Old=Value New=VALUE
Change Value of Parameter EE_SPEC in Part D41 Old=EE Spec New=EE_SPEC
Change Value of Parameter MANUFACTURER in Part D41 Old=Manufacturer New=MANUFACTURER
Change Value of Parameter PART DESCRIPTION in Part D41 Old=Part Description New=PART DESCRIPTION
Change Value of Parameter TOLERANCE in Part D41 Old=Tolerance New=TOLERANCE
Change Value of Parameter VALUE in Part D41 Old=Value New=VALUE
Change Value of Parameter EE_SPEC in Part J14 Old=EE Spec New=EE_SPEC
Change Value of Parameter MANUFACTURER in Part J14 Old=Manufacturer New=MANUFACTURER
Change Value of Parameter PART DESCRIPTION in Part J14 Old=Part Description New=PART DESCRIPTION
Change Value of Parameter TOLERANCE in Part J14 Old=Tolerance New=TOLERANCE
Change Value of Parameter VALUE in Part J14 Old=Value New=VALUE
Change Value of Parameter EE_SPEC in Part J14 Old=EE Spec New=EE_SPEC
Change Value of Parameter MANUFACTURER in Part J14 Old=Manufacturer New=MANUFACTURER
Change Value of Parameter PART DESCRIPTION in Part J14 Old=Part Description New=PART DESCRIPTION
Change Value of Parameter TOLERANCE in Part J14 Old=Tolerance New=TOLERANCE
Change Value of Parameter VALUE in Part J14 Old=Value New=VALUE
Change Value of Parameter EE_SPEC in Part J15 Old=EE Spec New=EE_SPEC
Change Value of Parameter MANUFACTURER in Part J15 Old=Manufacturer New=MANUFACTURER
Change Value of Parameter PART DESCRIPTION in Part J15 Old=Part Description New=PART DESCRIPTION
Change Value of Parameter TOLERANCE in Part J15 Old=Tolerance New=TOLERANCE
Change Value of Parameter VALUE in Part J15 Old=Value New=VALUE
Change Value of Parameter EE_SPEC in Part J15 Old=EE Spec New=EE_SPEC
Change Value of Parameter MANUFACTURER in Part J15 Old=Manufacturer New=MANUFACTURER
Change Value of Parameter PART DESCRIPTION in Part J15 Old=Part Description New=PART DESCRIPTION
Change Value of Parameter TOLERANCE in Part J15 Old=Tolerance New=TOLERANCE
Change Value of Parameter VALUE in Part J15 Old=Value New=VALUE
Change Value of Parameter EE_SPEC in Part J16 Old=EE Spec New=EE_SPEC
Change Value of Parameter MANUFACTURER in Part J16 Old=Manufacturer New=MANUFACTURER
Change Value of Parameter PART DESCRIPTION in Part J16 Old=Part Description New=PART DESCRIPTION
Change Value of Parameter TOLERANCE in Part J16 Old=Tolerance New=TOLERANCE
Change Value of Parameter VALUE in Part J16 Old=Value New=VALUE
Change Value of Parameter EE_SPEC in Part J16 Old=EE Spec New=EE_SPEC
Change Value of Parameter MANUFACTURER in Part J16 Old=Manufacturer New=MANUFACTURER
Change Value of Parameter PART DESCRIPTION in Part J16 Old=Part Description New=PART DESCRIPTION
Change Value of Parameter TOLERANCE in Part J16 Old=Tolerance New=TOLERANCE
Change Value of Parameter VALUE in Part J16 Old=Value New=VALUE
Change Value of Parameter EE_SPEC in Part J17 Old=EE Spec New=EE_SPEC
Change Value of Parameter MANUFACTURER in Part J17 Old=Manufacturer New=MANUFACTURER
Change Value of Parameter PART DESCRIPTION in Part J17 Old=Part Description New=PART DESCRIPTION
Change Value of Parameter TOLERANCE in Part J17 Old=Tolerance New=TOLERANCE
Change Value of Parameter VALUE in Part J17 Old=Value New=VALUE
Change Value of Parameter EE_SPEC in Part J17 Old=EE Spec New=EE_SPEC
Change Value of Parameter MANUFACTURER in Part J17 Old=Manufacturer New=MANUFACTURER
Change Value of Parameter PART DESCRIPTION in Part J17 Old=Part Description New=PART DESCRIPTION
Change Value of Parameter TOLERANCE in Part J17 Old=Tolerance New=TOLERANCE
Change Value of Parameter VALUE in Part J17 Old=Value New=VALUE
Change Value of Parameter EE_SPEC in Part R44 Old=EE Spec New=EE_SPEC
Change Value of Parameter MANUFACTURER in Part R44 Old=Manufacturer New=MANUFACTURER
Change Value of Parameter PART DESCRIPTION in Part R44 Old=Part Description New=PART DESCRIPTION
Change Value of Parameter TOLERANCE in Part R44 Old=Tolerance New=TOLERANCE
Change Value of Parameter EE_SPEC in Part R50 Old=EE Spec New=EE_SPEC
Change Value of Parameter MANUFACTURER in Part R50 Old=Manufacturer New=MANUFACTURER
Change Value of Parameter PART DESCRIPTION in Part R50 Old=Part Description New=PART DESCRIPTION
Change Value of Parameter TOLERANCE in Part R50 Old=Tolerance New=TOLERANCE
Change Value of Parameter EE_SPEC in Part R62 Old=EE Spec New=EE_SPEC
Change Value of Parameter MANUFACTURER in Part R62 Old=Manufacturer New=MANUFACTURER
Change Value of Parameter PART DESCRIPTION in Part R62 Old=Part Description New=PART DESCRIPTION
Change Value of Parameter TOLERANCE in Part R62 Old=Tolerance New=TOLERANCE
Change Value of Parameter EE_SPEC in Part R80 Old=EE Spec New=EE_SPEC
Change Value of Parameter MANUFACTURER in Part R80 Old=Manufacturer New=MANUFACTURER
Change Value of Parameter PART DESCRIPTION in Part R80 Old=Part Description New=PART DESCRIPTION
Change Value of Parameter TOLERANCE in Part R80 Old=Tolerance New=TOLERANCE
Change Value of Parameter EE_SPEC in Part R81 Old=EE Spec New=EE_SPEC
Change Value of Parameter MANUFACTURER in Part R81 Old=Manufacturer New=MANUFACTURER
Change Value of Parameter PART DESCRIPTION in Part R81 Old=Part Description New=PART DESCRIPTION
Change Value of Parameter TOLERANCE in Part R81 Old=Tolerance New=TOLERANCE
Change Value of Parameter EE_SPEC in Part R87 Old=EE Spec New=EE_SPEC
Change Value of Parameter MANUFACTURER in Part R87 Old=Manufacturer New=MANUFACTURER
Change Value of Parameter PART DESCRIPTION in Part R87 Old=Part Description New=PART DESCRIPTION
Change Value of Parameter TOLERANCE in Part R87 Old=Tolerance New=TOLERANCE
Change Value of Parameter EE_SPEC in Part R90 Old=EE Spec New=EE_SPEC
Change Value of Parameter MANUFACTURER in Part R90 Old=Manufacturer New=MANUFACTURER
Change Value of Parameter PART DESCRIPTION in Part R90 Old=Part Description New=PART DESCRIPTION
Change Value of Parameter TOLERANCE in Part R90 Old=Tolerance New=TOLERANCE
Change Value of Parameter EE_SPEC in Part R91 Old=EE Spec New=EE_SPEC
Change Value of Parameter MANUFACTURER in Part R91 Old=Manufacturer New=MANUFACTURER
Change Value of Parameter PART DESCRIPTION in Part R91 Old=Part Description New=PART DESCRIPTION
Change Value of Parameter TOLERANCE in Part R91 Old=Tolerance New=TOLERANCE
Change Value of Parameter EE_SPEC in Part R92 Old=EE Spec New=EE_SPEC
Change Value of Parameter MANUFACTURER in Part R92 Old=Manufacturer New=MANUFACTURER
Change Value of Parameter PART DESCRIPTION in Part R92 Old=Part Description New=PART DESCRIPTION
Change Value of Parameter TOLERANCE in Part R92 Old=Tolerance New=TOLERANCE
Change Value of Parameter EE_SPEC in Part R93 Old=EE Spec New=EE_SPEC
Change Value of Parameter MANUFACTURER in Part R93 Old=Manufacturer New=MANUFACTURER
Change Value of Parameter PART DESCRIPTION in Part R93 Old=Part Description New=PART DESCRIPTION
Change Value of Parameter TOLERANCE in Part R93 Old=Tolerance New=TOLERANCE
Change Value of Parameter EE_SPEC in Part R94 Old=EE Spec New=EE_SPEC
Change Value of Parameter MANUFACTURER in Part R94 Old=Manufacturer New=MANUFACTURER
Change Value of Parameter PART DESCRIPTION in Part R94 Old=Part Description New=PART DESCRIPTION
Change Value of Parameter TOLERANCE in Part R94 Old=Tolerance New=TOLERANCE
Change Value of Parameter EE_SPEC in Part R95 Old=EE Spec New=EE_SPEC
Change Value of Parameter MANUFACTURER in Part R95 Old=Manufacturer New=MANUFACTURER
Change Value of Parameter PART DESCRIPTION in Part R95 Old=Part Description New=PART DESCRIPTION
Change Value of Parameter TOLERANCE in Part R95 Old=Tolerance New=TOLERANCE
Change Value of Parameter EE_SPEC in Part TP9 Old=EE Spec New=EE_SPEC
Change Value of Parameter MANUFACTURER in Part TP9 Old=Manufacturer New=MANUFACTURER
Change Value of Parameter PART DESCRIPTION in Part TP9 Old=Part Description New=PART DESCRIPTION
Change Value of Parameter TOLERANCE in Part TP9 Old=Tolerance New=TOLERANCE
Change Value of Parameter VALUE in Part TP9 Old=Value New=VALUE
Change Value of Parameter EE_SPEC in Part TP10 Old=EE Spec New=EE_SPEC
Change Value of Parameter MANUFACTURER in Part TP10 Old=Manufacturer New=MANUFACTURER
Change Value of Parameter PART DESCRIPTION in Part TP10 Old=Part Description New=PART DESCRIPTION
Change Value of Parameter TOLERANCE in Part TP10 Old=Tolerance New=TOLERANCE
Change Value of Parameter VALUE in Part TP10 Old=Value New=VALUE
Change Value of Parameter EE_SPEC in Part TP12 Old=EE Spec New=EE_SPEC
Change Value of Parameter MANUFACTURER in Part TP12 Old=Manufacturer New=MANUFACTURER
Change Value of Parameter PART DESCRIPTION in Part TP12 Old=Part Description New=PART DESCRIPTION
Change Value of Parameter TOLERANCE in Part TP12 Old=Tolerance New=TOLERANCE
Change Value of Parameter VALUE in Part TP12 Old=Value New=VALUE
Change Value of Parameter EE_SPEC in Part TP101 Old=EE Spec New=EE_SPEC
Change Value of Parameter MANUFACTURER in Part TP101 Old=Manufacturer New=MANUFACTURER
Change Value of Parameter PART DESCRIPTION in Part TP101 Old=Part Description New=PART DESCRIPTION
Change Value of Parameter TOLERANCE in Part TP101 Old=Tolerance New=TOLERANCE
Change Value of Parameter VALUE in Part TP101 Old=Value New=VALUE
Change Value of Parameter EE_SPEC in Part TP106 Old=EE Spec New=EE_SPEC
Change Value of Parameter MANUFACTURER in Part TP106 Old=Manufacturer New=MANUFACTURER
Change Value of Parameter PART DESCRIPTION in Part TP106 Old=Part Description New=PART DESCRIPTION
Change Value of Parameter TOLERANCE in Part TP106 Old=Tolerance New=TOLERANCE
Change Value of Parameter VALUE in Part TP106 Old=Value New=VALUE
Change Value of Parameter EE_SPEC in Part TP107 Old=EE Spec New=EE_SPEC
Change Value of Parameter MANUFACTURER in Part TP107 Old=Manufacturer New=MANUFACTURER
Change Value of Parameter PART DESCRIPTION in Part TP107 Old=Part Description New=PART DESCRIPTION
Change Value of Parameter TOLERANCE in Part TP107 Old=Tolerance New=TOLERANCE
Change Value of Parameter VALUE in Part TP107 Old=Value New=VALUE
Change Value of Parameter EE_SPEC in Part TP108 Old=EE Spec New=EE_SPEC
Change Value of Parameter MANUFACTURER in Part TP108 Old=Manufacturer New=MANUFACTURER
Change Value of Parameter PART DESCRIPTION in Part TP108 Old=Part Description New=PART DESCRIPTION
Change Value of Parameter TOLERANCE in Part TP108 Old=Tolerance New=TOLERANCE
Change Value of Parameter VALUE in Part TP108 Old=Value New=VALUE
Change Value of Parameter EE_SPEC in Part TP109 Old=EE Spec New=EE_SPEC
Change Value of Parameter MANUFACTURER in Part TP109 Old=Manufacturer New=MANUFACTURER
Change Value of Parameter PART DESCRIPTION in Part TP109 Old=Part Description New=PART DESCRIPTION
Change Value of Parameter TOLERANCE in Part TP109 Old=Tolerance New=TOLERANCE
Change Value of Parameter VALUE in Part TP109 Old=Value New=VALUE
