Change Value of Parameter DISTRIBUTOR # in Part R44 Old= New=311-2.37KLRTR-ND
Change Value of Parameter DISTRIBUTOR in Part R44 Old= New=Digikey
Change Value of Parameter PART in Part R44 Old= New=2.37k 1% 0402
Change Value of Parameter Part Description in Part R44 Old= New=2.37k Ohm ±1% 0.063W, 1/16W Chip Resistor 0402 (1005 Metric) Moisture Resistant Thick Film
Change Value of Parameter Tolerance in Part R44 Old= New=1%
Change Value of Parameter Voltage in Part R44 Old= New=1/16W
Change Value of Parameter DISTRIBUTOR # in Part R50 Old= New=311-2.37KLRTR-ND
Change Value of Parameter DISTRIBUTOR in Part R50 Old= New=Digikey
Change Value of Parameter PART in Part R50 Old= New=2.37k 1% 0402
Change Value of Parameter Part Description in Part R50 Old= New=2.37k Ohm ±1% 0.063W, 1/16W Chip Resistor 0402 (1005 Metric) Moisture Resistant Thick Film
Change Value of Parameter Tolerance in Part R50 Old= New=1%
Change Value of Parameter Voltage in Part R50 Old= New=1/16W
Change Value of Parameter DISTRIBUTOR # in Part R62 Old= New=311-4.7KLRTR-ND
Change Value of Parameter DISTRIBUTOR in Part R62 Old= New=Digikey
Change Value of Parameter PART in Part R62 Old= New=4.7k 1% 0402
Change Value of Parameter Part Description in Part R62 Old= New=4.7k Ohm ±1% 0.063W, 1/16W Chip Resistor 0402 (1005 Metric) Moisture Resistant Thick Film
Change Value of Parameter Tolerance in Part R62 Old= New=1%
Change Value of Parameter Voltage in Part R62 Old= New=1/16W
Change Value of Parameter DISTRIBUTOR # in Part R80 Old= New=311-4.7KLRTR-ND
Change Value of Parameter DISTRIBUTOR in Part R80 Old= New=Digikey
Change Value of Parameter PART in Part R80 Old= New=4.7k 1% 0402
Change Value of Parameter Part Description in Part R80 Old= New=4.7k Ohm ±1% 0.063W, 1/16W Chip Resistor 0402 (1005 Metric) Moisture Resistant Thick Film
Change Value of Parameter Tolerance in Part R80 Old= New=1%
Change Value of Parameter Voltage in Part R80 Old= New=1/16W
Change Value of Parameter DISTRIBUTOR # in Part R81 Old= New=311-2.37KLRTR-ND
Change Value of Parameter DISTRIBUTOR in Part R81 Old= New=Digikey
Change Value of Parameter PART in Part R81 Old= New=2.37k 1% 0402
Change Value of Parameter Part Description in Part R81 Old= New=2.37k Ohm ±1% 0.063W, 1/16W Chip Resistor 0402 (1005 Metric) Moisture Resistant Thick Film
Change Value of Parameter Tolerance in Part R81 Old= New=1%
Change Value of Parameter Voltage in Part R81 Old= New=1/16W
Change Value of Parameter DISTRIBUTOR # in Part R87 Old= New=311-2.37KLRTR-ND
Change Value of Parameter DISTRIBUTOR in Part R87 Old= New=Digikey
Change Value of Parameter PART in Part R87 Old= New=2.37k 1% 0402
Change Value of Parameter Part Description in Part R87 Old= New=2.37k Ohm ±1% 0.063W, 1/16W Chip Resistor 0402 (1005 Metric) Moisture Resistant Thick Film
Change Value of Parameter Tolerance in Part R87 Old= New=1%
Change Value of Parameter Voltage in Part R87 Old= New=1/16W
Change Value of Parameter DISTRIBUTOR # in Part R90 Old= New=311-4.7KLRTR-ND
Change Value of Parameter DISTRIBUTOR in Part R90 Old= New=Digikey
Change Value of Parameter PART in Part R90 Old= New=4.7k 1% 0402
Change Value of Parameter Part Description in Part R90 Old= New=4.7k Ohm ±1% 0.063W, 1/16W Chip Resistor 0402 (1005 Metric) Moisture Resistant Thick Film
Change Value of Parameter Tolerance in Part R90 Old= New=1%
Change Value of Parameter Voltage in Part R90 Old= New=1/16W
Change Value of Parameter DISTRIBUTOR # in Part R91 Old= New=311-2.37KLRTR-ND
Change Value of Parameter DISTRIBUTOR in Part R91 Old= New=Digikey
Change Value of Parameter PART in Part R91 Old= New=2.37k 1% 0402
Change Value of Parameter Part Description in Part R91 Old= New=2.37k Ohm ±1% 0.063W, 1/16W Chip Resistor 0402 (1005 Metric) Moisture Resistant Thick Film
Change Value of Parameter Tolerance in Part R91 Old= New=1%
Change Value of Parameter Voltage in Part R91 Old= New=1/16W
Change Value of Parameter DISTRIBUTOR # in Part R92 Old= New=311-2.37KLRTR-ND
Change Value of Parameter DISTRIBUTOR in Part R92 Old= New=Digikey
Change Value of Parameter PART in Part R92 Old= New=2.37k 1% 0402
Change Value of Parameter Part Description in Part R92 Old= New=2.37k Ohm ±1% 0.063W, 1/16W Chip Resistor 0402 (1005 Metric) Moisture Resistant Thick Film
Change Value of Parameter Tolerance in Part R92 Old= New=1%
Change Value of Parameter Voltage in Part R92 Old= New=1/16W
Change Value of Parameter DISTRIBUTOR # in Part R93 Old= New=311-4.7KLRTR-ND
Change Value of Parameter DISTRIBUTOR in Part R93 Old= New=Digikey
Change Value of Parameter PART in Part R93 Old= New=4.7k 1% 0402
Change Value of Parameter Part Description in Part R93 Old= New=4.7k Ohm ±1% 0.063W, 1/16W Chip Resistor 0402 (1005 Metric) Moisture Resistant Thick Film
Change Value of Parameter Tolerance in Part R93 Old= New=1%
Change Value of Parameter Voltage in Part R93 Old= New=1/16W
Change Value of Parameter DISTRIBUTOR # in Part R94 Old= New=311-2.37KLRTR-ND
Change Value of Parameter DISTRIBUTOR in Part R94 Old= New=Digikey
Change Value of Parameter PART in Part R94 Old= New=2.37k 1% 0402
Change Value of Parameter Part Description in Part R94 Old= New=2.37k Ohm ±1% 0.063W, 1/16W Chip Resistor 0402 (1005 Metric) Moisture Resistant Thick Film
Change Value of Parameter Tolerance in Part R94 Old= New=1%
Change Value of Parameter Voltage in Part R94 Old= New=1/16W
Change Value of Parameter DISTRIBUTOR # in Part R95 Old= New=311-2.37KLRTR-ND
Change Value of Parameter DISTRIBUTOR in Part R95 Old= New=Digikey
Change Value of Parameter PART in Part R95 Old= New=2.37k 1% 0402
Change Value of Parameter Part Description in Part R95 Old= New=2.37k Ohm ±1% 0.063W, 1/16W Chip Resistor 0402 (1005 Metric) Moisture Resistant Thick Film
Change Value of Parameter Tolerance in Part R95 Old= New=1%
Change Value of Parameter Voltage in Part R95 Old= New=1/16W
