Change Value of Parameter EE_SPEC in Part C27 Old=EE Spec New=EE_SPEC
Change Value of Parameter MANUFACTURER in Part C27 Old=Manufacturer New=MANUFACTURER
Change Value of Parameter PART DESCRIPTION in Part C27 Old=Part Description New=PART DESCRIPTION
Change Value of Parameter TOLERANCE in Part C27 Old=Tolerance New=TOLERANCE
Change Value of Parameter EE_SPEC in Part C28 Old=EE Spec New=EE_SPEC
Change Value of Parameter MANUFACTURER in Part C28 Old=Manufacturer New=MANUFACTURER
Change Value of Parameter PART DESCRIPTION in Part C28 Old=Part Description New=PART DESCRIPTION
Change Value of Parameter TOLERANCE in Part C28 Old=Tolerance New=TOLERANCE
Change Value of Parameter EE_SPEC in Part C29 Old=EE Spec New=EE_SPEC
Change Value of Parameter MANUFACTURER in Part C29 Old=Manufacturer New=MANUFACTURER
Change Value of Parameter PART DESCRIPTION in Part C29 Old=Part Description New=PART DESCRIPTION
Change Value of Parameter TOLERANCE in Part C29 Old=Tolerance New=TOLERANCE
Change Value of Parameter EE_SPEC in Part C32 Old=EE Spec New=EE_SPEC
Change Value of Parameter MANUFACTURER in Part C32 Old=Manufacturer New=MANUFACTURER
Change Value of Parameter PART DESCRIPTION in Part C32 Old=Part Description New=PART DESCRIPTION
Change Value of Parameter TOLERANCE in Part C32 Old=Tolerance New=TOLERANCE
Change Value of Parameter EE_SPEC in Part C33 Old=EE Spec New=EE_SPEC
Change Value of Parameter MANUFACTURER in Part C33 Old=Manufacturer New=MANUFACTURER
Change Value of Parameter PART DESCRIPTION in Part C33 Old=Part Description New=PART DESCRIPTION
Change Value of Parameter TOLERANCE in Part C33 Old=Tolerance New=TOLERANCE
Change Value of Parameter EE_SPEC in Part C39 Old=EE Spec New=EE_SPEC
Change Value of Parameter MANUFACTURER in Part C39 Old=Manufacturer New=MANUFACTURER
Change Value of Parameter PART DESCRIPTION in Part C39 Old=Part Description New=PART DESCRIPTION
Change Value of Parameter TOLERANCE in Part C39 Old=Tolerance New=TOLERANCE
Change Value of Parameter EE_SPEC in Part C41 Old=EE Spec New=EE_SPEC
Change Value of Parameter MANUFACTURER in Part C41 Old=Manufacturer New=MANUFACTURER
Change Value of Parameter PART DESCRIPTION in Part C41 Old=Part Description New=PART DESCRIPTION
Change Value of Parameter TOLERANCE in Part C41 Old=Tolerance New=TOLERANCE
Change Value of Parameter EE_SPEC in Part C42 Old=EE Spec New=EE_SPEC
Change Value of Parameter MANUFACTURER in Part C42 Old=Manufacturer New=MANUFACTURER
Change Value of Parameter PART DESCRIPTION in Part C42 Old=Part Description New=PART DESCRIPTION
Change Value of Parameter TOLERANCE in Part C42 Old=Tolerance New=TOLERANCE
Change Value of Parameter EE_SPEC in Part C43 Old=EE Spec New=EE_SPEC
Change Value of Parameter MANUFACTURER in Part C43 Old=Manufacturer New=MANUFACTURER
Change Value of Parameter PART DESCRIPTION in Part C43 Old=Part Description New=PART DESCRIPTION
Change Value of Parameter TOLERANCE in Part C43 Old=Tolerance New=TOLERANCE
Change Value of Parameter VALUE in Part C43 Old=Value New=VALUE
Change Value of Parameter EE_SPEC in Part C49 Old=EE Spec New=EE_SPEC
Change Value of Parameter MANUFACTURER in Part C49 Old=Manufacturer New=MANUFACTURER
Change Value of Parameter PART DESCRIPTION in Part C49 Old=Part Description New=PART DESCRIPTION
Change Value of Parameter TOLERANCE in Part C49 Old=Tolerance New=TOLERANCE
Change Value of Parameter VALUE in Part C49 Old=Value New=VALUE
Change Value of Parameter EE_SPEC in Part C50 Old=EE Spec New=EE_SPEC
Change Value of Parameter MANUFACTURER in Part C50 Old=Manufacturer New=MANUFACTURER
Change Value of Parameter PART DESCRIPTION in Part C50 Old=Part Description New=PART DESCRIPTION
Change Value of Parameter TOLERANCE in Part C50 Old=Tolerance New=TOLERANCE
Change Value of Parameter EE_SPEC in Part C76 Old=EE Spec New=EE_SPEC
Change Value of Parameter MANUFACTURER in Part C76 Old=Manufacturer New=MANUFACTURER
Change Value of Parameter PART DESCRIPTION in Part C76 Old=Part Description New=PART DESCRIPTION
Change Value of Parameter TOLERANCE in Part C76 Old=Tolerance New=TOLERANCE
Change Value of Parameter EE_SPEC in Part C77 Old=EE Spec New=EE_SPEC
Change Value of Parameter MANUFACTURER in Part C77 Old=Manufacturer New=MANUFACTURER
Change Value of Parameter PART DESCRIPTION in Part C77 Old=Part Description New=PART DESCRIPTION
Change Value of Parameter TOLERANCE in Part C77 Old=Tolerance New=TOLERANCE
Change Value of Parameter VALUE in Part C77 Old=Value New=VALUE
Change Value of Parameter EE_SPEC in Part C169 Old=EE Spec New=EE_SPEC
Change Value of Parameter MANUFACTURER in Part C169 Old=Manufacturer New=MANUFACTURER
Change Value of Parameter PART DESCRIPTION in Part C169 Old=Part Description New=PART DESCRIPTION
Change Value of Parameter TOLERANCE in Part C169 Old=Tolerance New=TOLERANCE
Change Value of Parameter EE_SPEC in Part D26 Old=EE Spec New=EE_SPEC
Change Value of Parameter MANUFACTURER in Part D26 Old=Manufacturer New=MANUFACTURER
Change Value of Parameter PART DESCRIPTION in Part D26 Old=Part Description New=PART DESCRIPTION
Change Value of Parameter TOLERANCE in Part D26 Old=Tolerance New=TOLERANCE
Change Value of Parameter VALUE in Part D26 Old=Value New=VALUE
Change Value of Parameter EE_SPEC in Part D27 Old=EE Spec New=EE_SPEC
Change Value of Parameter MANUFACTURER in Part D27 Old=Manufacturer New=MANUFACTURER
Change Value of Parameter PART DESCRIPTION in Part D27 Old=Part Description New=PART DESCRIPTION
Change Value of Parameter TOLERANCE in Part D27 Old=Tolerance New=TOLERANCE
Change Value of Parameter VALUE in Part D27 Old=Value New=VALUE
Change Value of Parameter EE_SPEC in Part FB29 Old=EE Spec New=EE_SPEC
Change Value of Parameter MANUFACTURER in Part FB29 Old=Manufacturer New=MANUFACTURER
Change Value of Parameter PART DESCRIPTION in Part FB29 Old=Part Description New=PART DESCRIPTION
Change Value of Parameter TOLERANCE in Part FB29 Old=Tolerance New=TOLERANCE
Change Value of Parameter VALUE in Part FB29 Old=Value New=VALUE
Change Value of Parameter EE_SPEC in Part J8 Old=EE Spec New=EE_SPEC
Change Value of Parameter MANUFACTURER in Part J8 Old=Manufacturer New=MANUFACTURER
Change Value of Parameter PART DESCRIPTION in Part J8 Old=Part Description New=PART DESCRIPTION
Change Value of Parameter TOLERANCE in Part J8 Old=Tolerance New=TOLERANCE
Change Value of Parameter VALUE in Part J8 Old=Value New=VALUE
Change Value of Parameter EE_SPEC in Part JP1 Old=EE Spec New=EE_SPEC
Change Value of Parameter MANUFACTURER in Part JP1 Old=Manufacturer New=MANUFACTURER
Change Value of Parameter PART DESCRIPTION in Part JP1 Old=Part Description New=PART DESCRIPTION
Change Value of Parameter TOLERANCE in Part JP1 Old=Tolerance New=TOLERANCE
Change Value of Parameter VALUE in Part JP1 Old=Value New=VALUE
Change Value of Parameter EE_SPEC in Part L5 Old=EE Spec New=EE_SPEC
Change Value of Parameter MANUFACTURER in Part L5 Old=Manufacturer New=MANUFACTURER
Change Value of Parameter PART DESCRIPTION in Part L5 Old=Part Description New=PART DESCRIPTION
Change Value of Parameter TOLERANCE in Part L5 Old=Tolerance New=TOLERANCE
Change Value of Parameter VALUE in Part L5 Old=Value New=VALUE
Change Value of Parameter EE_SPEC in Part Q8 Old=EE Spec New=EE_SPEC
Change Value of Parameter MANUFACTURER in Part Q8 Old=Manufacturer New=MANUFACTURER
Change Value of Parameter PART DESCRIPTION in Part Q8 Old=Part Description New=PART DESCRIPTION
Change Value of Parameter TOLERANCE in Part Q8 Old=Tolerance New=TOLERANCE
Change Value of Parameter VALUE in Part Q8 Old=Value New=VALUE
Change Value of Parameter EE_SPEC in Part R42 Old=EE Spec New=EE_SPEC
Change Value of Parameter MANUFACTURER in Part R42 Old=Manufacturer New=MANUFACTURER
Change Value of Parameter PART DESCRIPTION in Part R42 Old=Part Description New=PART DESCRIPTION
Change Value of Parameter TOLERANCE in Part R42 Old=Tolerance New=TOLERANCE
Change Value of Parameter EE_SPEC in Part R43 Old=EE Spec New=EE_SPEC
Change Value of Parameter MANUFACTURER in Part R43 Old=Manufacturer New=MANUFACTURER
Change Value of Parameter PART DESCRIPTION in Part R43 Old=Part Description New=PART DESCRIPTION
Change Value of Parameter TOLERANCE in Part R43 Old=Tolerance New=TOLERANCE
Change Value of Parameter EE_SPEC in Part R45 Old=EE Spec New=EE_SPEC
Change Value of Parameter MANUFACTURER in Part R45 Old=Manufacturer New=MANUFACTURER
Change Value of Parameter PART DESCRIPTION in Part R45 Old=Part Description New=PART DESCRIPTION
Change Value of Parameter TOLERANCE in Part R45 Old=Tolerance New=TOLERANCE
Change Value of Parameter EE_SPEC in Part R46 Old=EE Spec New=EE_SPEC
Change Value of Parameter MANUFACTURER in Part R46 Old=Manufacturer New=MANUFACTURER
Change Value of Parameter PART DESCRIPTION in Part R46 Old=Part Description New=PART DESCRIPTION
Change Value of Parameter TOLERANCE in Part R46 Old=Tolerance New=TOLERANCE
Change Value of Parameter EE_SPEC in Part R47 Old=EE Spec New=EE_SPEC
Change Value of Parameter MANUFACTURER in Part R47 Old=Manufacturer New=MANUFACTURER
Change Value of Parameter PART DESCRIPTION in Part R47 Old=Part Description New=PART DESCRIPTION
Change Value of Parameter TOLERANCE in Part R47 Old=Tolerance New=TOLERANCE
Change Value of Parameter EE_SPEC in Part R48 Old=EE Spec New=EE_SPEC
Change Value of Parameter MANUFACTURER in Part R48 Old=Manufacturer New=MANUFACTURER
Change Value of Parameter PART DESCRIPTION in Part R48 Old=Part Description New=PART DESCRIPTION
Change Value of Parameter TOLERANCE in Part R48 Old=Tolerance New=TOLERANCE
Change Value of Parameter EE_SPEC in Part R49 Old=EE Spec New=EE_SPEC
Change Value of Parameter MANUFACTURER in Part R49 Old=Manufacturer New=MANUFACTURER
Change Value of Parameter PART DESCRIPTION in Part R49 Old=Part Description New=PART DESCRIPTION
Change Value of Parameter TOLERANCE in Part R49 Old=Tolerance New=TOLERANCE
Change Value of Parameter EE_SPEC in Part R51 Old=EE Spec New=EE_SPEC
Change Value of Parameter MANUFACTURER in Part R51 Old=Manufacturer New=MANUFACTURER
Change Value of Parameter PART DESCRIPTION in Part R51 Old=Part Description New=PART DESCRIPTION
Change Value of Parameter TOLERANCE in Part R51 Old=Tolerance New=TOLERANCE
Change Value of Parameter EE_SPEC in Part R61 Old=EE Spec New=EE_SPEC
Change Value of Parameter MANUFACTURER in Part R61 Old=Manufacturer New=MANUFACTURER
Change Value of Parameter PART DESCRIPTION in Part R61 Old=Part Description New=PART DESCRIPTION
Change Value of Parameter TOLERANCE in Part R61 Old=Tolerance New=TOLERANCE
Change Value of Parameter EE_SPEC in Part R149 Old=EE Spec New=EE_SPEC
Change Value of Parameter MANUFACTURER in Part R149 Old=Manufacturer New=MANUFACTURER
Change Value of Parameter PART DESCRIPTION in Part R149 Old=Part Description New=PART DESCRIPTION
Change Value of Parameter TOLERANCE in Part R149 Old=Tolerance New=TOLERANCE
Change Value of Parameter EE_SPEC in Part R150 Old=EE Spec New=EE_SPEC
Change Value of Parameter MANUFACTURER in Part R150 Old=Manufacturer New=MANUFACTURER
Change Value of Parameter PART DESCRIPTION in Part R150 Old=Part Description New=PART DESCRIPTION
Change Value of Parameter TOLERANCE in Part R150 Old=Tolerance New=TOLERANCE
Change Value of Parameter EE_SPEC in Part R151 Old=EE Spec New=EE_SPEC
Change Value of Parameter MANUFACTURER in Part R151 Old=Manufacturer New=MANUFACTURER
Change Value of Parameter PART DESCRIPTION in Part R151 Old=Part Description New=PART DESCRIPTION
Change Value of Parameter TOLERANCE in Part R151 Old=Tolerance New=TOLERANCE
Change Value of Parameter EE_SPEC in Part R152 Old=EE Spec New=EE_SPEC
Change Value of Parameter MANUFACTURER in Part R152 Old=Manufacturer New=MANUFACTURER
Change Value of Parameter PART DESCRIPTION in Part R152 Old=Part Description New=PART DESCRIPTION
Change Value of Parameter TOLERANCE in Part R152 Old=Tolerance New=TOLERANCE
Change Value of Parameter EE_SPEC in Part TP30 Old=EE Spec New=EE_SPEC
Change Value of Parameter MANUFACTURER in Part TP30 Old=Manufacturer New=MANUFACTURER
Change Value of Parameter PART DESCRIPTION in Part TP30 Old=Part Description New=PART DESCRIPTION
Change Value of Parameter TOLERANCE in Part TP30 Old=Tolerance New=TOLERANCE
Change Value of Parameter VALUE in Part TP30 Old=Value New=VALUE
Change Value of Parameter EE_SPEC in Part TP31 Old=EE Spec New=EE_SPEC
Change Value of Parameter MANUFACTURER in Part TP31 Old=Manufacturer New=MANUFACTURER
Change Value of Parameter PART DESCRIPTION in Part TP31 Old=Part Description New=PART DESCRIPTION
Change Value of Parameter TOLERANCE in Part TP31 Old=Tolerance New=TOLERANCE
Change Value of Parameter VALUE in Part TP31 Old=Value New=VALUE
Change Value of Parameter EE_SPEC in Part TP32 Old=EE Spec New=EE_SPEC
Change Value of Parameter MANUFACTURER in Part TP32 Old=Manufacturer New=MANUFACTURER
Change Value of Parameter PART DESCRIPTION in Part TP32 Old=Part Description New=PART DESCRIPTION
Change Value of Parameter TOLERANCE in Part TP32 Old=Tolerance New=TOLERANCE
Change Value of Parameter VALUE in Part TP32 Old=Value New=VALUE
Change Value of Parameter EE_SPEC in Part TP55 Old=EE Spec New=EE_SPEC
Change Value of Parameter MANUFACTURER in Part TP55 Old=Manufacturer New=MANUFACTURER
Change Value of Parameter PART DESCRIPTION in Part TP55 Old=Part Description New=PART DESCRIPTION
Change Value of Parameter TOLERANCE in Part TP55 Old=Tolerance New=TOLERANCE
Change Value of Parameter VALUE in Part TP55 Old=Value New=VALUE
Change Value of Parameter EE_SPEC in Part TP60 Old=EE Spec New=EE_SPEC
Change Value of Parameter MANUFACTURER in Part TP60 Old=Manufacturer New=MANUFACTURER
Change Value of Parameter PART DESCRIPTION in Part TP60 Old=Part Description New=PART DESCRIPTION
Change Value of Parameter TOLERANCE in Part TP60 Old=Tolerance New=TOLERANCE
Change Value of Parameter VALUE in Part TP60 Old=Value New=VALUE
Change Value of Parameter EE_SPEC in Part TP61 Old=EE Spec New=EE_SPEC
Change Value of Parameter MANUFACTURER in Part TP61 Old=Manufacturer New=MANUFACTURER
Change Value of Parameter PART DESCRIPTION in Part TP61 Old=Part Description New=PART DESCRIPTION
Change Value of Parameter TOLERANCE in Part TP61 Old=Tolerance New=TOLERANCE
Change Value of Parameter VALUE in Part TP61 Old=Value New=VALUE
Change Value of Parameter EE_SPEC in Part U9 Old=EE Spec New=EE_SPEC
Change Value of Parameter MANUFACTURER in Part U9 Old=Manufacturer New=MANUFACTURER
Change Value of Parameter PART DESCRIPTION in Part U9 Old=Part Description New=PART DESCRIPTION
Change Value of Parameter TOLERANCE in Part U9 Old=Tolerance New=TOLERANCE
Change Value of Parameter VALUE in Part U9 Old=Value New=VALUE
Change Value of Parameter EE_SPEC in Part U11 Old=EE Spec New=EE_SPEC
Change Value of Parameter MANUFACTURER in Part U11 Old=Manufacturer New=MANUFACTURER
Change Value of Parameter PART DESCRIPTION in Part U11 Old=Part Description New=PART DESCRIPTION
Change Value of Parameter TOLERANCE in Part U11 Old=Tolerance New=TOLERANCE
Change Value of Parameter VALUE in Part U11 Old=Value New=VALUE
Change Value of Parameter EE_SPEC in Part U18 Old=EE Spec New=EE_SPEC
Change Value of Parameter PART DESCRIPTION in Part U18 Old=Part Description New=PART DESCRIPTION
Change Value of Parameter TOLERANCE in Part U18 Old=Tolerance New=TOLERANCE
Change Value of Parameter VALUE in Part U18 Old=Value New=VALUE
Change Value of Parameter EE_SPEC in Part X1 Old=EE Spec New=EE_SPEC
Change Value of Parameter MANUFACTURER in Part X1 Old=Manufacturer New=MANUFACTURER
Change Value of Parameter PART DESCRIPTION in Part X1 Old=Part Description New=PART DESCRIPTION
Change Value of Parameter TOLERANCE in Part X1 Old=Tolerance New=TOLERANCE
Change Value of Parameter VALUE in Part X1 Old=Value New=VALUE
