Added Parameter DNI= to Part C27
Added Parameter DNI= to Part C28
Added Parameter DNI= to Part C29
Added Parameter DNI= to Part C32
Added Parameter DNI= to Part C33
Added Parameter DNI= to Part C39
Added Parameter DNI= to Part C41
Added Parameter DNI= to Part C42
Added Parameter DNI= to Part C43
Added Parameter DNI= to Part C49
Added Parameter DNI= to Part C50
Added Parameter DNI= to Part C76
Added Parameter DNI= to Part C77
Added Parameter DNI= to Part C169
Added Parameter DNI= to Part D26
Added Parameter DNI= to Part D27
Added Parameter DNI= to Part FB29
Added Parameter DNI= to Part J8
Added Parameter DNI= to Part JP1
Added Parameter DNI= to Part L5
Added Parameter DNI= to Part Q8
Added Parameter DNI= to Part R42
Added Parameter DNI= to Part R43
Added Parameter DNI= to Part R45
Added Parameter DNI= to Part R46
Added Parameter DNI= to Part R47
Added Parameter DNI= to Part R48
Added Parameter DNI= to Part R49
Added Parameter DNI= to Part R51
Added Parameter DNI= to Part R61
Added Parameter DNI= to Part R149
Added Parameter DNI= to Part R150
Added Parameter DNI= to Part R151
Added Parameter DNI= to Part R152
Added Parameter DNI= to Part TP30
Added Parameter DNI= to Part TP31
Added Parameter DNI= to Part TP32
Added Parameter DNI= to Part TP55
Added Parameter DNI= to Part TP60
Added Parameter DNI= to Part TP61
Added Parameter DNI= to Part U9
Added Parameter DNI= to Part U11
Added Parameter DNI= to Part U18
Added Parameter DNI= to Part X1
