Change Value of Parameter DISTRIBUTOR # in Part C28 Old= New=490-3261-2-ND
Change Value of Parameter DISTRIBUTOR in Part C28 Old= New=Digikey
Change Value of Parameter Manufacturer in Part C28 Old= New=Murata
Change Value of Parameter PART in Part C28 Old= New=0.1uF 16V X7R 0402
Change Value of Parameter Part Description in Part C28 Old= New=0.10µF ±10% 16V Ceramic Capacitor X7R 0402 (1005 Metric)
Change Value of Parameter Tolerance in Part C28 Old= New=10%
Change Value of Parameter Voltage in Part C28 Old= New=16V
Change Value of Parameter DISTRIBUTOR # in Part C29 Old= New=490-3261-2-ND
Change Value of Parameter DISTRIBUTOR in Part C29 Old= New=Digikey
Change Value of Parameter Manufacturer in Part C29 Old= New=Murata
Change Value of Parameter PART in Part C29 Old= New=0.1uF 16V X7R 0402
Change Value of Parameter Part Description in Part C29 Old= New=0.10µF ±10% 16V Ceramic Capacitor X7R 0402 (1005 Metric)
Change Value of Parameter Tolerance in Part C29 Old= New=10%
Change Value of Parameter Voltage in Part C29 Old= New=16V
Change Value of Parameter DISTRIBUTOR # in Part C33 Old= New=490-3261-2-ND
Change Value of Parameter DISTRIBUTOR in Part C33 Old= New=Digikey
Change Value of Parameter Manufacturer in Part C33 Old= New=Murata
Change Value of Parameter PART in Part C33 Old= New=0.1uF 16V X7R 0402
Change Value of Parameter Part Description in Part C33 Old= New=0.10µF ±10% 16V Ceramic Capacitor X7R 0402 (1005 Metric)
Change Value of Parameter Tolerance in Part C33 Old= New=10%
Change Value of Parameter Voltage in Part C33 Old= New=16V
Change Value of Parameter DISTRIBUTOR # in Part C39 Old= New=490-3261-2-ND
Change Value of Parameter DISTRIBUTOR in Part C39 Old= New=Digikey
Change Value of Parameter Manufacturer in Part C39 Old= New=Murata
Change Value of Parameter PART in Part C39 Old= New=0.1uF 16V X7R 0402
Change Value of Parameter Part Description in Part C39 Old= New=0.10µF ±10% 16V Ceramic Capacitor X7R 0402 (1005 Metric)
Change Value of Parameter Tolerance in Part C39 Old= New=10%
Change Value of Parameter Voltage in Part C39 Old= New=16V
Change Value of Parameter DISTRIBUTOR # in Part C76 Old= New=490-3261-2-ND
Change Value of Parameter DISTRIBUTOR in Part C76 Old= New=Digikey
Change Value of Parameter Manufacturer in Part C76 Old= New=Murata
Change Value of Parameter PART in Part C76 Old= New=0.1uF 16V X7R 0402
Change Value of Parameter Part Description in Part C76 Old= New=0.10µF ±10% 16V Ceramic Capacitor X7R 0402 (1005 Metric)
Change Value of Parameter Tolerance in Part C76 Old= New=10%
Change Value of Parameter Voltage in Part C76 Old= New=16V
Change Value of Parameter DISTRIBUTOR # in Part C169 Old= New=490-3261-2-ND
Change Value of Parameter DISTRIBUTOR in Part C169 Old= New=Digikey
Change Value of Parameter Manufacturer in Part C169 Old= New=Murata
Change Value of Parameter PART in Part C169 Old= New=0.1uF 16V X7R 0402
Change Value of Parameter Part Description in Part C169 Old= New=0.10µF ±10% 16V Ceramic Capacitor X7R 0402 (1005 Metric)
Change Value of Parameter Tolerance in Part C169 Old= New=10%
Change Value of Parameter Voltage in Part C169 Old= New=16V
