Removed Parameter Height:0.4mm from Part R49
Removed Parameter Height:0.5 ±0.05mm from Part C43
Removed Parameter Height:0.5 ±0.05mm from Part C77
Removed Parameter Height:0.55mm from Part C49
Removed Parameter LatestRevisionDate:10 - Dec - 2014 from Part C43
Removed Parameter LatestRevisionDate:10 - Dec - 2014 from Part C49
Removed Parameter LatestRevisionDate:10 - Dec - 2014 from Part C77
Removed Parameter LatestRevisionDate:17-Jul-2002 from Part TP30
Removed Parameter LatestRevisionDate:17-Jul-2002 from Part TP31
Removed Parameter LatestRevisionDate:17-Jul-2002 from Part TP32
Removed Parameter LatestRevisionDate:17-Jul-2002 from Part TP55
Removed Parameter LatestRevisionDate:17-Jul-2002 from Part TP60
Removed Parameter LatestRevisionDate:17-Jul-2002 from Part TP61
Removed Parameter LatestRevisionNote:Re-released for DXP Platform. from Part TP30
Removed Parameter LatestRevisionNote:Re-released for DXP Platform. from Part TP31
Removed Parameter LatestRevisionNote:Re-released for DXP Platform. from Part TP32
Removed Parameter LatestRevisionNote:Re-released for DXP Platform. from Part TP55
Removed Parameter LatestRevisionNote:Re-released for DXP Platform. from Part TP60
Removed Parameter LatestRevisionNote:Re-released for DXP Platform. from Part TP61
Removed Parameter LatestRevisionNote:Ultimachine Footprint Added from Part C43
Removed Parameter LatestRevisionNote:Ultimachine Footprint Added from Part C49
Removed Parameter LatestRevisionNote:Ultimachine Footprint Added from Part C77
