Change Value of Parameter DISTRIBUTOR # in Part R42 Old= New=YAG3073TR-ND
Change Value of Parameter Manufacturer in Part R42 Old= New=Yageo
Change Value of Parameter PART in Part R42 Old= New=24R 1% 0402
Change Value of Parameter Part Description in Part R42 Old= New=24 Ohm ±1% 0.063W, 1/16W Chip Resistor 0402 (1005 Metric) Moisture Resistant Thick Film
Change Value of Parameter Tolerance in Part R42 Old= New=1%
Change Value of Parameter VALUE in Part R42 Old=24r New=24R
Change Value of Parameter Voltage in Part R42 Old= New=1/16W
Change Value of Parameter DISTRIBUTOR # in Part R43 Old= New=YAG3073TR-ND
Change Value of Parameter Manufacturer in Part R43 Old= New=Yageo
Change Value of Parameter PART in Part R43 Old= New=24R 1% 0402
Change Value of Parameter Part Description in Part R43 Old= New=24 Ohm ±1% 0.063W, 1/16W Chip Resistor 0402 (1005 Metric) Moisture Resistant Thick Film
Change Value of Parameter Tolerance in Part R43 Old= New=1%
Change Value of Parameter VALUE in Part R43 Old=24r New=24R
Change Value of Parameter Voltage in Part R43 Old= New=1/16W
Change Value of Parameter DISTRIBUTOR # in Part R45 Old= New=YAG3073TR-ND
Change Value of Parameter Manufacturer in Part R45 Old= New=Yageo
Change Value of Parameter PART in Part R45 Old= New=24R 1% 0402
Change Value of Parameter Part Description in Part R45 Old= New=24 Ohm ±1% 0.063W, 1/16W Chip Resistor 0402 (1005 Metric) Moisture Resistant Thick Film
Change Value of Parameter Tolerance in Part R45 Old= New=1%
Change Value of Parameter VALUE in Part R45 Old=24r New=24R
Change Value of Parameter Voltage in Part R45 Old= New=1/16W
Change Value of Parameter DISTRIBUTOR # in Part R46 Old= New=YAG3073TR-ND
Change Value of Parameter Manufacturer in Part R46 Old= New=Yageo
Change Value of Parameter PART in Part R46 Old= New=24R 1% 0402
Change Value of Parameter Part Description in Part R46 Old= New=24 Ohm ±1% 0.063W, 1/16W Chip Resistor 0402 (1005 Metric) Moisture Resistant Thick Film
Change Value of Parameter Tolerance in Part R46 Old= New=1%
Change Value of Parameter VALUE in Part R46 Old=24r New=24R
Change Value of Parameter Voltage in Part R46 Old= New=1/16W
Change Value of Parameter DISTRIBUTOR # in Part R47 Old= New=YAG3073TR-ND
Change Value of Parameter Manufacturer in Part R47 Old= New=Yageo
Change Value of Parameter PART in Part R47 Old= New=24R 1% 0402
Change Value of Parameter Part Description in Part R47 Old= New=24 Ohm ±1% 0.063W, 1/16W Chip Resistor 0402 (1005 Metric) Moisture Resistant Thick Film
Change Value of Parameter Tolerance in Part R47 Old= New=1%
Change Value of Parameter VALUE in Part R47 Old=24r New=24R
Change Value of Parameter Voltage in Part R47 Old= New=1/16W
Change Value of Parameter DISTRIBUTOR # in Part R48 Old= New=YAG3073TR-ND
Change Value of Parameter Manufacturer in Part R48 Old= New=Yageo
Change Value of Parameter PART in Part R48 Old= New=24R 1% 0402
Change Value of Parameter Part Description in Part R48 Old= New=24 Ohm ±1% 0.063W, 1/16W Chip Resistor 0402 (1005 Metric) Moisture Resistant Thick Film
Change Value of Parameter Tolerance in Part R48 Old= New=1%
Change Value of Parameter VALUE in Part R48 Old=24r New=24R
Change Value of Parameter Voltage in Part R48 Old= New=1/16W
Change Value of Parameter PART in Part R51 Old= New=100k 1% 0402
Change Value of Parameter Part Description in Part R51 Old= New=100k Ohm ±1% 0.063W, 1/16W Chip Resistor 0402 (1005 Metric) Moisture Resistant Thick Film
Change Value of Parameter Tolerance in Part R51 Old= New=1%
Change Value of Parameter Voltage in Part R51 Old= New=1/16W
