Removed Parameter ComponentLink1Description: from Part C27
Removed Parameter ComponentLink1Description: from Part C28
Removed Parameter ComponentLink1Description: from Part C29
Removed Parameter ComponentLink1Description: from Part C32
Removed Parameter ComponentLink1Description: from Part C33
Removed Parameter ComponentLink1Description: from Part C39
Removed Parameter ComponentLink1Description: from Part C41
Removed Parameter ComponentLink1Description: from Part C42
Removed Parameter ComponentLink1Description: from Part C50
Removed Parameter ComponentLink1Description: from Part C76
Removed Parameter ComponentLink1Description: from Part C169
Removed Parameter ComponentLink1Description: from Part FB29
Removed Parameter ComponentLink1Description: from Part JP1
Removed Parameter ComponentLink1Description: from Part R42
Removed Parameter ComponentLink1Description: from Part R43
Removed Parameter ComponentLink1Description: from Part R45
Removed Parameter ComponentLink1Description: from Part R46
Removed Parameter ComponentLink1Description: from Part R47
Removed Parameter ComponentLink1Description: from Part R48
Removed Parameter ComponentLink1Description: from Part R49
Removed Parameter ComponentLink1Description: from Part R51
Removed Parameter ComponentLink1Description: from Part R61
Removed Parameter ComponentLink1Description: from Part R149
Removed Parameter ComponentLink1Description: from Part R150
Removed Parameter ComponentLink1Description: from Part R151
Removed Parameter ComponentLink1Description: from Part R152
Removed Parameter ComponentLink1Description: from Part X1
Removed Parameter ComponentLink1URL: from Part C27
Removed Parameter ComponentLink1URL: from Part C28
Removed Parameter ComponentLink1URL: from Part C29
Removed Parameter ComponentLink1URL: from Part C32
Removed Parameter ComponentLink1URL: from Part C33
Removed Parameter ComponentLink1URL: from Part C39
Removed Parameter ComponentLink1URL: from Part C41
Removed Parameter ComponentLink1URL: from Part C42
Removed Parameter ComponentLink1URL: from Part C50
Removed Parameter ComponentLink1URL: from Part C76
Removed Parameter ComponentLink1URL: from Part C169
Removed Parameter ComponentLink1URL: from Part FB29
Removed Parameter ComponentLink1URL: from Part JP1
Removed Parameter ComponentLink1URL: from Part R42
Removed Parameter ComponentLink1URL: from Part R43
Removed Parameter ComponentLink1URL: from Part R45
Removed Parameter ComponentLink1URL: from Part R46
Removed Parameter ComponentLink1URL: from Part R47
Removed Parameter ComponentLink1URL: from Part R48
Removed Parameter ComponentLink1URL: from Part R49
Removed Parameter ComponentLink1URL: from Part R51
Removed Parameter ComponentLink1URL: from Part R61
Removed Parameter ComponentLink1URL: from Part R149
Removed Parameter ComponentLink1URL: from Part R150
Removed Parameter ComponentLink1URL: from Part R151
Removed Parameter ComponentLink1URL: from Part R152
Removed Parameter ComponentLink1URL: from Part X1
Removed Parameter LastRevisionDate:23-Apr-2014 from Part C27
Removed Parameter LastRevisionDate:23-Apr-2014 from Part C28
Removed Parameter LastRevisionDate:23-Apr-2014 from Part C29
Removed Parameter LastRevisionDate:23-Apr-2014 from Part C32
Removed Parameter LastRevisionDate:23-Apr-2014 from Part C33
Removed Parameter LastRevisionDate:23-Apr-2014 from Part C39
Removed Parameter LastRevisionDate:23-Apr-2014 from Part C41
Removed Parameter LastRevisionDate:23-Apr-2014 from Part C42
Removed Parameter LastRevisionDate:23-Apr-2014 from Part C50
Removed Parameter LastRevisionDate:23-Apr-2014 from Part C76
Removed Parameter LastRevisionDate:23-Apr-2014 from Part C169
Removed Parameter LastRevisionDate:23-Apr-2014 from Part FB29
Removed Parameter LastRevisionDate:23-Apr-2014 from Part JP1
Removed Parameter LastRevisionDate:23-Apr-2014 from Part R42
Removed Parameter LastRevisionDate:23-Apr-2014 from Part R43
Removed Parameter LastRevisionDate:23-Apr-2014 from Part R45
Removed Parameter LastRevisionDate:23-Apr-2014 from Part R46
Removed Parameter LastRevisionDate:23-Apr-2014 from Part R47
Removed Parameter LastRevisionDate:23-Apr-2014 from Part R48
Removed Parameter LastRevisionDate:23-Apr-2014 from Part R49
Removed Parameter LastRevisionDate:23-Apr-2014 from Part R51
Removed Parameter LastRevisionDate:23-Apr-2014 from Part R61
Removed Parameter LastRevisionDate:23-Apr-2014 from Part R149
Removed Parameter LastRevisionDate:23-Apr-2014 from Part R150
Removed Parameter LastRevisionDate:23-Apr-2014 from Part R151
Removed Parameter LastRevisionDate:23-Apr-2014 from Part R152
Removed Parameter LastRevisionDate:23-Apr-2014 from Part X1
Removed Parameter LastRevisionNote:ImportComponents from Part C27
Removed Parameter LastRevisionNote:ImportComponents from Part C28
Removed Parameter LastRevisionNote:ImportComponents from Part C29
Removed Parameter LastRevisionNote:ImportComponents from Part C32
Removed Parameter LastRevisionNote:ImportComponents from Part C33
Removed Parameter LastRevisionNote:ImportComponents from Part C39
Removed Parameter LastRevisionNote:ImportComponents from Part C41
Removed Parameter LastRevisionNote:ImportComponents from Part C42
Removed Parameter LastRevisionNote:ImportComponents from Part C50
Removed Parameter LastRevisionNote:ImportComponents from Part C76
Removed Parameter LastRevisionNote:ImportComponents from Part C169
Removed Parameter LastRevisionNote:ImportComponents from Part FB29
Removed Parameter LastRevisionNote:ImportComponents from Part JP1
Removed Parameter LastRevisionNote:ImportComponents from Part R42
Removed Parameter LastRevisionNote:ImportComponents from Part R43
Removed Parameter LastRevisionNote:ImportComponents from Part R45
Removed Parameter LastRevisionNote:ImportComponents from Part R46
Removed Parameter LastRevisionNote:ImportComponents from Part R47
Removed Parameter LastRevisionNote:ImportComponents from Part R48
Removed Parameter LastRevisionNote:ImportComponents from Part R49
Removed Parameter LastRevisionNote:ImportComponents from Part R51
Removed Parameter LastRevisionNote:ImportComponents from Part R61
Removed Parameter LastRevisionNote:ImportComponents from Part R149
Removed Parameter LastRevisionNote:ImportComponents from Part R150
Removed Parameter LastRevisionNote:ImportComponents from Part R151
Removed Parameter LastRevisionNote:ImportComponents from Part R152
Removed Parameter LastRevisionNote:ImportComponents from Part X1
Removed Parameter Published:10 - Dec - 2014 from Part C43
Removed Parameter Published:10 - Dec - 2014 from Part C49
Removed Parameter Published:10 - Dec - 2014 from Part C77
Removed Parameter Published:23-Apr-2014 from Part C27
Removed Parameter Published:23-Apr-2014 from Part C28
Removed Parameter Published:23-Apr-2014 from Part C29
Removed Parameter Published:23-Apr-2014 from Part C32
Removed Parameter Published:23-Apr-2014 from Part C33
Removed Parameter Published:23-Apr-2014 from Part C39
Removed Parameter Published:23-Apr-2014 from Part C41
Removed Parameter Published:23-Apr-2014 from Part C42
Removed Parameter Published:23-Apr-2014 from Part C50
Removed Parameter Published:23-Apr-2014 from Part C76
Removed Parameter Published:23-Apr-2014 from Part C169
Removed Parameter Published:23-Apr-2014 from Part FB29
Removed Parameter Published:23-Apr-2014 from Part JP1
Removed Parameter Published:23-Apr-2014 from Part R42
Removed Parameter Published:23-Apr-2014 from Part R43
Removed Parameter Published:23-Apr-2014 from Part R45
Removed Parameter Published:23-Apr-2014 from Part R46
Removed Parameter Published:23-Apr-2014 from Part R47
Removed Parameter Published:23-Apr-2014 from Part R48
Removed Parameter Published:23-Apr-2014 from Part R49
Removed Parameter Published:23-Apr-2014 from Part R51
Removed Parameter Published:23-Apr-2014 from Part R61
Removed Parameter Published:23-Apr-2014 from Part R149
Removed Parameter Published:23-Apr-2014 from Part R150
Removed Parameter Published:23-Apr-2014 from Part R151
Removed Parameter Published:23-Apr-2014 from Part R152
Removed Parameter Published:23-Apr-2014 from Part X1
Removed Parameter Publisher:Altium Limited from Part TP30
Removed Parameter Publisher:Altium Limited from Part TP31
Removed Parameter Publisher:Altium Limited from Part TP32
Removed Parameter Publisher:Altium Limited from Part TP55
Removed Parameter Publisher:Altium Limited from Part TP60
Removed Parameter Publisher:Altium Limited from Part TP61
Removed Parameter Publisher:UltiMachine from Part C27
Removed Parameter Publisher:UltiMachine from Part C28
Removed Parameter Publisher:UltiMachine from Part C29
Removed Parameter Publisher:UltiMachine from Part C32
Removed Parameter Publisher:UltiMachine from Part C33
Removed Parameter Publisher:UltiMachine from Part C39
Removed Parameter Publisher:UltiMachine from Part C41
Removed Parameter Publisher:UltiMachine from Part C42
Removed Parameter Publisher:Ultimachine from Part C43
Removed Parameter Publisher:Ultimachine from Part C49
Removed Parameter Publisher:UltiMachine from Part C50
Removed Parameter Publisher:UltiMachine from Part C76
Removed Parameter Publisher:Ultimachine from Part C77
Removed Parameter Publisher:UltiMachine from Part C169
Removed Parameter Publisher:UltiMachine from Part FB29
Removed Parameter Publisher:UltiMachine from Part JP1
Removed Parameter Publisher:UltiMachine from Part R42
Removed Parameter Publisher:UltiMachine from Part R43
Removed Parameter Publisher:UltiMachine from Part R45
Removed Parameter Publisher:UltiMachine from Part R46
Removed Parameter Publisher:UltiMachine from Part R47
Removed Parameter Publisher:UltiMachine from Part R48
Removed Parameter Publisher:UltiMachine from Part R49
Removed Parameter Publisher:UltiMachine from Part R51
Removed Parameter Publisher:UltiMachine from Part R61
Removed Parameter Publisher:UltiMachine from Part R149
Removed Parameter Publisher:UltiMachine from Part R150
Removed Parameter Publisher:UltiMachine from Part R151
Removed Parameter Publisher:UltiMachine from Part R152
Removed Parameter Publisher:UltiMachine from Part X1
