Change Value of Parameter EE Spec in Part C27 Old=Voltage New=EE Spec
Change Value of Parameter EE Spec in Part C28 Old=Voltage New=EE Spec
Change Value of Parameter EE Spec in Part C29 Old=Voltage New=EE Spec
Change Value of Parameter EE Spec in Part C32 Old=Voltage New=EE Spec
Change Value of Parameter EE Spec in Part C33 Old=Voltage New=EE Spec
Change Value of Parameter EE Spec in Part C39 Old=Voltage New=EE Spec
Change Value of Parameter EE Spec in Part C41 Old=Voltage New=EE Spec
Change Value of Parameter EE Spec in Part C42 Old=Voltage New=EE Spec
Change Value of Parameter EE Spec in Part C43 Old=Voltage New=EE Spec
Change Value of Parameter EE Spec in Part C49 Old=Voltage New=EE Spec
Change Value of Parameter EE Spec in Part C50 Old=Voltage New=EE Spec
Change Value of Parameter EE Spec in Part C76 Old=Voltage New=EE Spec
Change Value of Parameter EE Spec in Part C77 Old=Voltage New=EE Spec
Change Value of Parameter EE Spec in Part C169 Old=Voltage New=EE Spec
Change Value of Parameter EE Spec in Part D26 Old=Voltage New=EE Spec
Change Value of Parameter EE Spec in Part D27 Old=Voltage New=EE Spec
Change Value of Parameter EE Spec in Part FB29 Old=Voltage New=EE Spec
Change Value of Parameter EE Spec in Part J8 Old=Voltage New=EE Spec
Change Value of Parameter EE Spec in Part JP1 Old=Voltage New=EE Spec
Change Value of Parameter EE Spec in Part L5 Old=Voltage New=EE Spec
Change Value of Parameter EE Spec in Part Q8 Old=Voltage New=EE Spec
Change Value of Parameter EE Spec in Part R42 Old=Voltage New=EE Spec
Change Value of Parameter EE Spec in Part R43 Old=Voltage New=EE Spec
Change Value of Parameter EE Spec in Part R45 Old=Voltage New=EE Spec
Change Value of Parameter EE Spec in Part R46 Old=Voltage New=EE Spec
Change Value of Parameter EE Spec in Part R47 Old=Voltage New=EE Spec
Change Value of Parameter EE Spec in Part R48 Old=Voltage New=EE Spec
Change Value of Parameter EE Spec in Part R49 Old=Voltage New=EE Spec
Change Value of Parameter EE Spec in Part R51 Old=Voltage New=EE Spec
Change Value of Parameter EE Spec in Part R61 Old=Voltage New=EE Spec
Change Value of Parameter EE Spec in Part R149 Old=Voltage New=EE Spec
Change Value of Parameter EE Spec in Part R150 Old=Voltage New=EE Spec
Change Value of Parameter EE Spec in Part R151 Old=Voltage New=EE Spec
Change Value of Parameter EE Spec in Part R152 Old=Voltage New=EE Spec
Change Value of Parameter EE Spec in Part TP30 Old=Voltage New=EE Spec
Change Value of Parameter EE Spec in Part TP31 Old=Voltage New=EE Spec
Change Value of Parameter EE Spec in Part TP32 Old=Voltage New=EE Spec
Change Value of Parameter EE Spec in Part TP55 Old=Voltage New=EE Spec
Change Value of Parameter EE Spec in Part TP60 Old=Voltage New=EE Spec
Change Value of Parameter EE Spec in Part TP61 Old=Voltage New=EE Spec
Change Value of Parameter EE Spec in Part U9 Old=Voltage New=EE Spec
Change Value of Parameter EE Spec in Part U11 Old=Voltage New=EE Spec
Change Value of Parameter EE Spec in Part U18 Old=Voltage New=EE Spec
Change Value of Parameter EE Spec in Part X1 Old=Voltage New=EE Spec
