Change Value of Parameter Manufacturer in Part X1 Old= New=CTS
Added Parameter DISTRIBUTOR #= to Part C27
Added Parameter DISTRIBUTOR #= to Part C28
Added Parameter DISTRIBUTOR #= to Part C29
Added Parameter DISTRIBUTOR #= to Part C32
Added Parameter DISTRIBUTOR #= to Part C33
Added Parameter DISTRIBUTOR #= to Part C39
Added Parameter DISTRIBUTOR #= to Part C41
Added Parameter DISTRIBUTOR #= to Part C42
Added Parameter DISTRIBUTOR #= to Part C49
Added Parameter DISTRIBUTOR #= to Part C50
Added Parameter DISTRIBUTOR #= to Part C76
Added Parameter DISTRIBUTOR #= to Part C169
Added Parameter DISTRIBUTOR #= to Part D26
Added Parameter DISTRIBUTOR #= to Part D27
Added Parameter DISTRIBUTOR #= to Part FB29
Added Parameter DISTRIBUTOR #= to Part J8
Added Parameter DISTRIBUTOR #= to Part JP1
Added Parameter DISTRIBUTOR #= to Part L5
Added Parameter DISTRIBUTOR #= to Part Q8
Added Parameter DISTRIBUTOR #= to Part R42
Added Parameter DISTRIBUTOR #= to Part R43
Added Parameter DISTRIBUTOR #= to Part R45
Added Parameter DISTRIBUTOR #= to Part R46
Added Parameter DISTRIBUTOR #= to Part R47
Added Parameter DISTRIBUTOR #= to Part R48
Added Parameter DISTRIBUTOR #= to Part R49
Added Parameter DISTRIBUTOR #= to Part R61
Added Parameter DISTRIBUTOR #= to Part R149
Added Parameter DISTRIBUTOR #= to Part R150
Added Parameter DISTRIBUTOR #= to Part R151
Added Parameter DISTRIBUTOR #= to Part R152
Added Parameter DISTRIBUTOR #= to Part TP30
Added Parameter DISTRIBUTOR #= to Part TP31
Added Parameter DISTRIBUTOR #= to Part TP32
Added Parameter DISTRIBUTOR #= to Part TP55
Added Parameter DISTRIBUTOR #= to Part TP60
Added Parameter DISTRIBUTOR #= to Part TP61
Added Parameter DISTRIBUTOR #= to Part U9
Added Parameter DISTRIBUTOR #= to Part U11
Added Parameter DISTRIBUTOR #= to Part U18
Added Parameter DISTRIBUTOR #= to Part X1
Added Parameter DISTRIBUTOR= to Part C27
Added Parameter DISTRIBUTOR= to Part C28
Added Parameter DISTRIBUTOR= to Part C29
Added Parameter DISTRIBUTOR= to Part C32
Added Parameter DISTRIBUTOR= to Part C33
Added Parameter DISTRIBUTOR= to Part C39
Added Parameter DISTRIBUTOR= to Part C41
Added Parameter DISTRIBUTOR= to Part C42
Added Parameter DISTRIBUTOR= to Part C49
Added Parameter DISTRIBUTOR= to Part C50
Added Parameter DISTRIBUTOR= to Part C76
Added Parameter DISTRIBUTOR= to Part C169
Added Parameter DISTRIBUTOR= to Part D26
Added Parameter DISTRIBUTOR= to Part D27
Added Parameter DISTRIBUTOR= to Part FB29
Added Parameter DISTRIBUTOR= to Part J8
Added Parameter DISTRIBUTOR= to Part JP1
Added Parameter DISTRIBUTOR= to Part L5
Added Parameter DISTRIBUTOR= to Part Q8
Added Parameter DISTRIBUTOR= to Part R42
Added Parameter DISTRIBUTOR= to Part R43
Added Parameter DISTRIBUTOR= to Part R45
Added Parameter DISTRIBUTOR= to Part R46
Added Parameter DISTRIBUTOR= to Part R47
Added Parameter DISTRIBUTOR= to Part R48
Added Parameter DISTRIBUTOR= to Part R49
Added Parameter DISTRIBUTOR= to Part R61
Added Parameter DISTRIBUTOR= to Part R149
Added Parameter DISTRIBUTOR= to Part R150
Added Parameter DISTRIBUTOR= to Part R151
Added Parameter DISTRIBUTOR= to Part R152
Added Parameter DISTRIBUTOR= to Part TP30
Added Parameter DISTRIBUTOR= to Part TP31
Added Parameter DISTRIBUTOR= to Part TP32
Added Parameter DISTRIBUTOR= to Part TP55
Added Parameter DISTRIBUTOR= to Part TP60
Added Parameter DISTRIBUTOR= to Part TP61
Added Parameter DISTRIBUTOR= to Part U9
Added Parameter DISTRIBUTOR= to Part U11
Added Parameter DISTRIBUTOR= to Part U18
Added Parameter DISTRIBUTOR= to Part X1
Added Parameter PART= to Part C27
Added Parameter PART= to Part C28
Added Parameter PART= to Part C29
Added Parameter PART= to Part C32
Added Parameter PART= to Part C33
Added Parameter PART= to Part C39
Added Parameter PART= to Part C41
Added Parameter PART= to Part C42
Added Parameter PART= to Part C43
Added Parameter PART= to Part C49
Added Parameter PART= to Part C50
Added Parameter PART= to Part C76
Added Parameter PART= to Part C77
Added Parameter PART= to Part C169
Added Parameter PART= to Part D26
Added Parameter PART= to Part D27
Added Parameter PART= to Part FB29
Added Parameter PART= to Part J8
Added Parameter PART= to Part JP1
Added Parameter PART= to Part L5
Added Parameter PART= to Part Q8
Added Parameter PART= to Part R42
Added Parameter PART= to Part R43
Added Parameter PART= to Part R45
Added Parameter PART= to Part R46
Added Parameter PART= to Part R47
Added Parameter PART= to Part R48
Added Parameter PART= to Part R49
Added Parameter PART= to Part R51
Added Parameter PART= to Part R61
Added Parameter PART= to Part R149
Added Parameter PART= to Part R150
Added Parameter PART= to Part R151
Added Parameter PART= to Part R152
Added Parameter PART= to Part TP30
Added Parameter PART= to Part TP31
Added Parameter PART= to Part TP32
Added Parameter PART= to Part TP55
Added Parameter PART= to Part TP60
Added Parameter PART= to Part TP61
Added Parameter PART= to Part U9
Added Parameter PART= to Part U11
Added Parameter PART= to Part U18
Added Parameter PART= to Part X1
Added Parameter Part Description= to Part C27
Added Parameter Part Description= to Part C28
Added Parameter Part Description= to Part C29
Added Parameter Part Description= to Part C32
Added Parameter Part Description= to Part C33
Added Parameter Part Description= to Part C39
Added Parameter Part Description= to Part C41
Added Parameter Part Description= to Part C42
Added Parameter Part Description= to Part C50
Added Parameter Part Description= to Part C76
Added Parameter Part Description= to Part C169
Added Parameter Part Description= to Part D26
Added Parameter Part Description= to Part D27
Added Parameter Part Description= to Part FB29
Added Parameter Part Description= to Part J8
Added Parameter Part Description= to Part JP1
Added Parameter Part Description= to Part L5
Added Parameter Part Description= to Part Q8
Added Parameter Part Description= to Part R42
Added Parameter Part Description= to Part R43
Added Parameter Part Description= to Part R45
Added Parameter Part Description= to Part R46
Added Parameter Part Description= to Part R47
Added Parameter Part Description= to Part R48
Added Parameter Part Description= to Part R49
Added Parameter Part Description= to Part R51
Added Parameter Part Description= to Part R61
Added Parameter Part Description= to Part R149
Added Parameter Part Description= to Part R150
Added Parameter Part Description= to Part R151
Added Parameter Part Description= to Part R152
Added Parameter Part Description= to Part TP30
Added Parameter Part Description= to Part TP31
Added Parameter Part Description= to Part TP32
Added Parameter Part Description= to Part TP55
Added Parameter Part Description= to Part TP60
Added Parameter Part Description= to Part TP61
Added Parameter Part Description= to Part U9
Added Parameter Part Description= to Part U11
Added Parameter Part Description= to Part U18
Added Parameter Part Description= to Part X1
Added Parameter Tolerance= to Part C27
Added Parameter Tolerance= to Part C28
Added Parameter Tolerance= to Part C29
Added Parameter Tolerance= to Part C32
Added Parameter Tolerance= to Part C33
Added Parameter Tolerance= to Part C39
Added Parameter Tolerance= to Part C41
Added Parameter Tolerance= to Part C42
Added Parameter Tolerance= to Part C50
Added Parameter Tolerance= to Part C76
Added Parameter Tolerance= to Part C169
Added Parameter Tolerance= to Part D26
Added Parameter Tolerance= to Part D27
Added Parameter Tolerance= to Part FB29
Added Parameter Tolerance= to Part J8
Added Parameter Tolerance= to Part JP1
Added Parameter Tolerance= to Part L5
Added Parameter Tolerance= to Part Q8
Added Parameter Tolerance= to Part R42
Added Parameter Tolerance= to Part R43
Added Parameter Tolerance= to Part R45
Added Parameter Tolerance= to Part R46
Added Parameter Tolerance= to Part R47
Added Parameter Tolerance= to Part R48
Added Parameter Tolerance= to Part R49
Added Parameter Tolerance= to Part R51
Added Parameter Tolerance= to Part R61
Added Parameter Tolerance= to Part R149
Added Parameter Tolerance= to Part R150
Added Parameter Tolerance= to Part R151
Added Parameter Tolerance= to Part R152
Added Parameter Tolerance= to Part TP30
Added Parameter Tolerance= to Part TP31
Added Parameter Tolerance= to Part TP32
Added Parameter Tolerance= to Part TP55
Added Parameter Tolerance= to Part TP60
Added Parameter Tolerance= to Part TP61
Added Parameter Tolerance= to Part U9
Added Parameter Tolerance= to Part U11
Added Parameter Tolerance= to Part U18
Added Parameter Tolerance= to Part X1
Added Parameter Value= to Part D26
Added Parameter Value= to Part D27
Added Parameter Value= to Part J8
Added Parameter Value= to Part JP1
Added Parameter Value= to Part L5
Added Parameter Value= to Part Q8
Added Parameter Value= to Part TP30
Added Parameter Value= to Part TP31
Added Parameter Value= to Part TP32
Added Parameter Value= to Part TP55
Added Parameter Value= to Part TP60
Added Parameter Value= to Part TP61
Added Parameter Value= to Part U9
Added Parameter Value= to Part U11
Added Parameter Value= to Part U18
Added Parameter Value= to Part X1
Added Parameter Voltage= to Part C27
Added Parameter Voltage= to Part C28
Added Parameter Voltage= to Part C29
Added Parameter Voltage= to Part C32
Added Parameter Voltage= to Part C33
Added Parameter Voltage= to Part C39
Added Parameter Voltage= to Part C41
Added Parameter Voltage= to Part C42
Added Parameter Voltage= to Part C50
Added Parameter Voltage= to Part C76
Added Parameter Voltage= to Part C169
Added Parameter Voltage= to Part D26
Added Parameter Voltage= to Part D27
Added Parameter Voltage= to Part FB29
Added Parameter Voltage= to Part J8
Added Parameter Voltage= to Part JP1
Added Parameter Voltage= to Part L5
Added Parameter Voltage= to Part Q8
Added Parameter Voltage= to Part R42
Added Parameter Voltage= to Part R43
Added Parameter Voltage= to Part R45
Added Parameter Voltage= to Part R46
Added Parameter Voltage= to Part R47
Added Parameter Voltage= to Part R48
Added Parameter Voltage= to Part R49
Added Parameter Voltage= to Part R51
Added Parameter Voltage= to Part R61
Added Parameter Voltage= to Part R149
Added Parameter Voltage= to Part R150
Added Parameter Voltage= to Part R151
Added Parameter Voltage= to Part R152
Added Parameter Voltage= to Part TP30
Added Parameter Voltage= to Part TP31
Added Parameter Voltage= to Part TP32
Added Parameter Voltage= to Part TP55
Added Parameter Voltage= to Part TP60
Added Parameter Voltage= to Part TP61
Added Parameter Voltage= to Part U9
Added Parameter Voltage= to Part U11
Added Parameter Voltage= to Part U18
Added Parameter Voltage= to Part X1
