Change Value of Parameter DISTRIBUTOR # in Part C32 Old= New=490-1320-2-ND
Change Value of Parameter DISTRIBUTOR in Part C32 Old= New=Digikey
Change Value of Parameter Manufacturer in Part C32 Old= New=Murata
Change Value of Parameter PART in Part C32 Old= New=1uF 6.3V X5R 0402
Change Value of Parameter Part Description in Part C32 Old= New=1µF ±10% 6.3V Ceramic Capacitor X5R 0402 (1005 Metric)
Change Value of Parameter Tolerance in Part C32 Old= New=10%
Change Value of Parameter Voltage in Part C32 Old= New=6.3V 
Change Value of Parameter Voltage in Part C41 Old=50VDC New=50V 
Change Value of Parameter Voltage in Part C42 Old=50VDC New=50V 
Change Value of Parameter Voltage in Part C49 Old=50VDC New=50V 
Change Value of Parameter MANUFACTURER # in Part R42 Old=CRCW0402200KFKED New=RC0402FR-0724RL
Change Value of Parameter MANUFACTURER # in Part R43 Old=CRCW0402200KFKED New=RC0402FR-0724RL
Change Value of Parameter MANUFACTURER # in Part R45 Old=CRCW0402200KFKED New=RC0402FR-0724RL
Change Value of Parameter MANUFACTURER # in Part R46 Old=CRCW0402200KFKED New=RC0402FR-0724RL
Change Value of Parameter MANUFACTURER # in Part R47 Old=CRCW0402200KFKED New=RC0402FR-0724RL
Change Value of Parameter MANUFACTURER # in Part R48 Old=CRCW0402200KFKED New=RC0402FR-0724RL
Change Value of Parameter DISTRIBUTOR # in Part R61 Old= New=P1.0MJTR-ND
Change Value of Parameter DISTRIBUTOR in Part R61 Old= New=Digikey
Change Value of Parameter Manufacturer in Part R61 Old= New=Panasonic
Change Value of Parameter PART in Part R61 Old= New=1M 5% 0402
Change Value of Parameter Part Description in Part R61 Old= New=1M Ohm ±5% 0.1W, 1/10W Chip Resistor 0402 (1005 Metric) Automotive AEC-Q200 Thick Film
Change Value of Parameter Tolerance in Part R61 Old= New=5%
Change Value of Parameter Voltage in Part R61 Old= New=1/10W
